Vivado Simulator 2019.1
Copyright 1986-1999, 2001-2019 Xilinx, Inc. All Rights Reserved.
Running: C:/Xilinx/Vivado/2019.1/bin/unwrapped/win64.o/xelab.exe -wto 913f1e00fb6b4c169a74523dfe7a378c --incr --debug typical --relax --mt 2 -L xil_defaultlib -L unisims_ver -L unimacro_ver -L secureip --snapshot top_tb_behav xil_defaultlib.top_tb xil_defaultlib.glbl -log elaborate.log 
Using 2 slave threads.
Starting static elaboration
WARNING: [VRFC 10-3091] actual bit length 15 differs from formal bit length 14 for port 'xin' [D:/1111/DCCDL/VIVADO/Lab5/project_1/project_1.srcs/sim_1/new/top_tb.v:21]
WARNING: [VRFC 10-3091] actual bit length 15 differs from formal bit length 14 for port 'xin' [D:/1111/DCCDL/VIVADO/Lab5/project_1/project_1.srcs/sources_1/new/arctan_top.v:43]
Completed static elaboration
Starting simulation data flow analysis
Completed simulation data flow analysis
Time Resolution for simulation is 1ps
Compiling module xil_defaultlib.initial_stage
Compiling module xil_defaultlib.arctangent0
Compiling module xil_defaultlib.arctangent1
Compiling module xil_defaultlib.arctangent2
Compiling module xil_defaultlib.arctangent3
Compiling module xil_defaultlib.arctangent4
Compiling module xil_defaultlib.arctangent5
Compiling module xil_defaultlib.arctangent6
Compiling module xil_defaultlib.arctangent7
Compiling module xil_defaultlib.arctangent8
Compiling module xil_defaultlib.arctangent9
Compiling module xil_defaultlib.arctangent10
Compiling module xil_defaultlib.arctangent11
Compiling module xil_defaultlib.scaling_xin
Compiling module xil_defaultlib.arctan_top
Compiling module xil_defaultlib.top_tb
Compiling module xil_defaultlib.glbl
Built simulation snapshot top_tb_behav
