#
# A fatal error has been detected by the Java Runtime Environment:
#
#  EXCEPTION_ACCESS_VIOLATION (0xc0000005) at pc=0x00007fffc9d52745, pid=4560, tid=3564
#
# JRE version: OpenJDK Runtime Environment (11.0.2+9) (build 11.0.2+9)
# Java VM: OpenJDK 64-Bit Server VM (11.0.2+9, mixed mode, tiered, compressed oops, g1 gc, windows-amd64)
# Problematic frame:
# C  [librdi_common.dll+0x192745]
#
# No core dump will be written. Minidumps are not enabled by default on client versions of Windows
#
# If you would like to submit a bug report, please visit:
#   http://bugreport.java.com/bugreport/crash.jsp
# The crash happened outside the Java Virtual Machine in native code.
# See problematic frame for where to report the bug.
#

---------------  S U M M A R Y ------------

Command Line: -Dsun.java2d.pmoffscreen=false -Dhttps.protocols=TLSv1,TLSv1.1,TLSv1.2 -Dsun.java2d.xrender=false -Dsun.java2d.d3d=false -Dsun.awt.nopixfmt=true -Dsun.java2d.dpiaware=true -Dsun.java2d.uiScale.enabled=false -Xverify:none -Dswing.aatext=true -XX:-UsePerfData -Djdk.map.althashing.threshold=512 -XX:StringTableSize=4072 --add-opens=java.base/java.nio=ALL-UNNAMED --add-opens=java.desktop/sun.swing=ALL-UNNAMED --add-opens=java.desktop/javax.swing=ALL-UNNAMED --add-opens=java.desktop/javax.swing.tree=ALL-UNNAMED --add-opens=java.desktop/javax.swing.plaf.basic=ALL-UNNAMED --add-opens=java.desktop/javax.swing.plaf.synth=ALL-UNNAMED --add-opens=java.desktop/com.sun.awt=ALL-UNNAMED -XX:NewSize=60m -XX:MaxNewSize=60m -Xms128m -Xmx3072m -Xss5m 

Host: Intel(R) Core(TM) i7-7700HQ CPU @ 2.80GHz, 8 cores, 15G,  Windows 10 , 64 bit Build 19041 (10.0.19041.2364)
Time: Sun Jan  1 17:18:46 2023 台北標準時間 elapsed time: 80 seconds (0d 0h 1m 20s)

---------------  T H R E A D  ---------------

Current thread (0x00000217ed41f000):  JavaThread "AWT-EventQueue-0" [_thread_in_native, id=3564, stack(0x000000563d800000,0x000000563dd00000)]

Stack: [0x000000563d800000,0x000000563dd00000],  sp=0x000000563dcfaa40,  free space=5098k
Native frames: (J=compiled Java code, j=interpreted, Vv=VM code, C=native code)
C  [librdi_common.dll+0x192745]
C  [librdi_common.dll+0x187998]
C  [librdi_common.dll+0x15073d]
C  0x00007fff96193750
C  0x00007fff96217ebd
C  0x00007fff962200ab
C  0x00007fff961f159a
C  0x00007fff9622ea98
C  0x0000021787fd5ead

Java frames: (J=compiled Java code, j=interpreted, Vv=VM code)
J 16301  ui.views.waveform.waveformi.WVExecutive_getTooltipTextDelayed(J)Ljava/lang/String; (0 bytes) @ 0x0000021787fd5e11 [0x0000021787fd5dc0+0x0000000000000051]
J 16328 c1 ui.views.waveform.b.a.ca(Ljava/awt/event/MouseEvent;)V (135 bytes) @ 0x000002178111a38c [0x0000021781119e20+0x000000000000056c]
J 16309 c1 ui.views.waveform.b.a.mouseMoved(Ljava/awt/event/MouseEvent;)V (32 bytes) @ 0x0000021780ef7fec [0x0000021780ef7b20+0x00000000000004cc]
J 13462 c1 java.awt.AWTEventMulticaster.mouseMoved(Ljava/awt/event/MouseEvent;)V java.desktop@11.0.2 (27 bytes) @ 0x0000021782344984 [0x0000021782344580+0x0000000000000404]
J 13462 c1 java.awt.AWTEventMulticaster.mouseMoved(Ljava/awt/event/MouseEvent;)V java.desktop@11.0.2 (27 bytes) @ 0x00000217823447ac [0x0000021782344580+0x000000000000022c]
J 13912 c1 java.awt.Component.processMouseMotionEvent(Ljava/awt/event/MouseEvent;)V java.desktop@11.0.2 (58 bytes) @ 0x00000217824cdb04 [0x00000217824cd7e0+0x0000000000000324]
J 13913 c1 javax.swing.JComponent.processMouseMotionEvent(Ljava/awt/event/MouseEvent;)V java.desktop@11.0.2 (46 bytes) @ 0x00000217824ce584 [0x00000217824cdfc0+0x00000000000005c4]
J 16028 c1 ui.frmwork.b.j.processMouseMotionEvent(Ljava/awt/event/MouseEvent;)V (131 bytes) @ 0x000002178067614c [0x0000021780675480+0x0000000000000ccc]
J 14470 c2 java.awt.Container.processEvent(Ljava/awt/AWTEvent;)V java.desktop@11.0.2 (22 bytes) @ 0x00000217886f2d58 [0x00000217886f2ba0+0x00000000000001b8]
J 14925 c1 java.awt.Component.dispatchEventImpl(Ljava/awt/AWTEvent;)V java.desktop@11.0.2 (777 bytes) @ 0x0000021782749dc4 [0x0000021782745e00+0x0000000000003fc4]
J 16910 c2 java.awt.Container.dispatchEventImpl(Ljava/awt/AWTEvent;)V java.desktop@11.0.2 (129 bytes) @ 0x00000217889f1018 [0x00000217889f0fc0+0x0000000000000058]
J 16113 c2 java.awt.LightweightDispatcher.retargetMouseEvent(Ljava/awt/Component;ILjava/awt/event/MouseEvent;)V java.desktop@11.0.2 (372 bytes) @ 0x0000021787d7bc40 [0x0000021787d7b6a0+0x00000000000005a0]
J 13809 c1 java.awt.LightweightDispatcher.processMouseEvent(Ljava/awt/event/MouseEvent;)Z java.desktop@11.0.2 (265 bytes) @ 0x0000021782495244 [0x0000021782494260+0x0000000000000fe4]
J 16910 c2 java.awt.Container.dispatchEventImpl(Ljava/awt/AWTEvent;)V java.desktop@11.0.2 (129 bytes) @ 0x00000217889f12c4 [0x00000217889f0fc0+0x0000000000000304]
J 13403 c1 java.awt.Window.dispatchEventImpl(Ljava/awt/AWTEvent;)V java.desktop@11.0.2 (23 bytes) @ 0x000002178231c94c [0x000002178231c320+0x000000000000062c]
J 14051 c2 java.awt.EventQueue$4.run()Ljava/lang/Object; java.desktop@11.0.2 (5 bytes) @ 0x0000021788682cac [0x0000021788682b60+0x000000000000014c]
v  ~StubRoutines::call_stub
J 4184  java.security.AccessController.doPrivileged(Ljava/security/PrivilegedAction;Ljava/security/AccessControlContext;)Ljava/lang/Object; java.base@11.0.2 (0 bytes) @ 0x0000021787d0cdb6 [0x0000021787d0cd40+0x0000000000000076]
J 17208 c2 java.awt.EventQueue$5.run()Ljava/lang/Object; java.desktop@11.0.2 (5 bytes) @ 0x0000021787e9abf4 [0x0000021787e9a980+0x0000000000000274]
v  ~StubRoutines::call_stub
J 4184  java.security.AccessController.doPrivileged(Ljava/security/PrivilegedAction;Ljava/security/AccessControlContext;)Ljava/lang/Object; java.base@11.0.2 (0 bytes) @ 0x0000021787d0cdb6 [0x0000021787d0cd40+0x0000000000000076]
J 14033 c2 java.awt.EventQueue.dispatchEvent(Ljava/awt/AWTEvent;)V java.desktop@11.0.2 (80 bytes) @ 0x0000021788671b68 [0x00000217886717c0+0x00000000000003a8]
J 14040 c2 java.awt.EventDispatchThread.pumpOneEventForFilters(I)V java.desktop@11.0.2 (113 bytes) @ 0x00000217886749dc [0x0000021788673c40+0x0000000000000d9c]
j  java.awt.EventDispatchThread.pumpEventsForFilter(ILjava/awt/Conditional;Ljava/awt/EventFilter;)V+35 java.desktop@11.0.2
j  java.awt.EventDispatchThread.pumpEventsForHierarchy(ILjava/awt/Conditional;Ljava/awt/Component;)V+11 java.desktop@11.0.2
j  java.awt.EventDispatchThread.pumpEvents(ILjava/awt/Conditional;)V+4 java.desktop@11.0.2
j  java.awt.EventDispatchThread.pumpEvents(Ljava/awt/Conditional;)V+3 java.desktop@11.0.2
j  java.awt.EventDispatchThread.run()V+9 java.desktop@11.0.2
v  ~StubRoutines::call_stub

siginfo: EXCEPTION_ACCESS_VIOLATION (0xc0000005), reading address 0xffffffffffffffff


Register to memory mapping:

RIP=0x00007fffc9d52745 librdi_common.dll
RAX=0x00000217d2be7f01 points into unknown readable memory: 12 c0 d2 17 02 00 00
RBX=0x9003f300fe433657 is an unknown value
RCX=0x00000217d2be7f00 points into unknown readable memory: b0 12 c0 d2 17 02 00 00
RDX=0x9003f300fe433657 is an unknown value
RSP=0x000000563dcfaa40 is pointing into the stack for thread: 0x00000217ed41f000
RBP=0x000000563dcfab70 is pointing into the stack for thread: 0x00000217ed41f000
RSI=0x000002179c5b5770 points into unknown readable memory: b8 e1 3d 96 ff 7f 00 00
RDI=0x000000563dcfae08 is pointing into the stack for thread: 0x00000217ed41f000
R8 =0x000000563dcfac88 is pointing into the stack for thread: 0x00000217ed41f000
R9 =0x0 is NULL
R10=0x00007ff849940000 VCRUNTIME140.dll
R11=0xbddff3b8ffbf877f is an unknown value
R12=0x0 is NULL
R13=0x000000563dcfac88 is pointing into the stack for thread: 0x00000217ed41f000
R14=0x00000217d2951a10 points into unknown readable memory: b0 07 9a d2 17 02 00 00
R15=0x9003f300fe433657 is an unknown value


Registers:
RAX=0x00000217d2be7f01, RBX=0x9003f300fe433657, RCX=0x00000217d2be7f00, RDX=0x9003f300fe433657
RSP=0x000000563dcfaa40, RBP=0x000000563dcfab70, RSI=0x000002179c5b5770, RDI=0x000000563dcfae08
R8 =0x000000563dcfac88, R9 =0x0000000000000000, R10=0x00007ff849940000, R11=0xbddff3b8ffbf877f
R12=0x0000000000000000, R13=0x000000563dcfac88, R14=0x00000217d2951a10, R15=0x9003f300fe433657
RIP=0x00007fffc9d52745, EFLAGS=0x0000000000010202

Top of Stack: (sp=0x000000563dcfaa40)
0x000000563dcfaa40:   00000000000000a8 00007fff00000000
0x000000563dcfaa50:   000000563dcfacd0 9003f300fe433657
0x000000563dcfaa60:   9003f300fe433657 00007fffc9d47998
0x000000563dcfaa70:   0000000000000000 0000000000000000
0x000000563dcfaa80:   0000000000000000 000002179a6c0ab8
0x000000563dcfaa90:   0000000000000000 00007ff863e0fde6
0x000000563dcfaaa0:   0000000000000000 0000000000000018
0x000000563dcfaab0:   000000563dcfabfb 000002179a6c0a68
0x000000563dcfaac0:   00007fffcac72e20 00007ff8426f32c5
0x000000563dcfaad0:   0000000000000000 00007fff961b3712
0x000000563dcfaae0:   0000000000000000 fffffffffffffffe
0x000000563dcfaaf0:   0000000000000000 00007ff8426f365f
0x000000563dcfab00:   0000804a81c3782f 00007ff8426f3598
0x000000563dcfab10:   00000000001026a2 000002179ef08fb0
0x000000563dcfab20:   000002179a6c0a20 00007fffc9db24ce
0x000000563dcfab30:   000002179a6c0ab8 00007fffc9db1908 

Instructions: (pc=0x00007fffc9d52745)
0x00007fffc9d52725:   20 48 8b d9 e8 b2 cc 04 00 48 8b c8 48 8b d3 e8
0x00007fffc9d52735:   27 0f 05 00 84 c0 75 08 33 c0 48 83 c4 20 5b c3
0x00007fffc9d52745:   48 8b 4b 50 48 85 c9 74 0a 48 83 c4 20 5b e9 28
0x00007fffc9d52755:   e9 04 00 48 8b d3 48 8d 0d 66 6a 8f 00 e8 f9 c7 


Stack slot to memory mapping:
stack at sp + 0 slots: 0x00000000000000a8 is an unknown value
stack at sp + 1 slots: 0x00007fff00000000 is an unknown value
stack at sp + 2 slots: 0x000000563dcfacd0 is pointing into the stack for thread: 0x00000217ed41f000
stack at sp + 3 slots: 0x9003f300fe433657 is an unknown value
stack at sp + 4 slots: 0x9003f300fe433657 is an unknown value
stack at sp + 5 slots: 0x00007fffc9d47998 librdi_common.dll
stack at sp + 6 slots: 0x0 is NULL
stack at sp + 7 slots: 0x0 is NULL


---------------  P R O C E S S  ---------------

Threads class SMR info:
_java_thread_list=0x000002179eb26150, length=33, elements={
0x00000217f3aaf800, 0x00000217f6f2d800, 0x00000217f3b79800, 0x00000217f3b10000,
0x00000217f3b11000, 0x00000217fcd8d800, 0x00000217f3b3d800, 0x00000217f3b5c800,
0x00000217fbc28800, 0x00000217fc337000, 0x00000217fd2c8000, 0x00000217fd40d800,
0x00000217f3887800, 0x00000217fdb2c000, 0x00000217ed41f000, 0x00000217eddb4000,
0x00000217ed8be800, 0x00000217ed6f8000, 0x00000217edd84800, 0x00000217f1628800,
0x00000217f1629000, 0x00000217f162f800, 0x00000217f162e000, 0x00000217f162f000,
0x00000217f1630800, 0x00000217f1635800, 0x00000217f1637000, 0x00000217f1632000,
0x00000217f1633000, 0x00000217f162c800, 0x00000217f1636000, 0x00000217edd85000,
0x00000217edd86000
}

Java Threads: ( => current thread )
  0x00000217f3aaf800 JavaThread "main" [_thread_blocked, id=16296, stack(0x0000005637900000,0x0000005637a00000)]
  0x00000217f6f2d800 JavaThread "Reference Handler" daemon [_thread_blocked, id=17556, stack(0x0000005639700000,0x0000005639c00000)]
  0x00000217f3b79800 JavaThread "Finalizer" daemon [_thread_blocked, id=17384, stack(0x0000005639c00000,0x000000563a100000)]
  0x00000217f3b10000 JavaThread "Signal Dispatcher" daemon [_thread_blocked, id=17512, stack(0x000000563a100000,0x000000563a600000)]
  0x00000217f3b11000 JavaThread "Attach Listener" daemon [_thread_blocked, id=5300, stack(0x000000563a600000,0x000000563ab00000)]
  0x00000217fcd8d800 JavaThread "C2 CompilerThread0" daemon [_thread_blocked, id=10652, stack(0x000000563ab00000,0x000000563ac00000)]
  0x00000217f3b3d800 JavaThread "C1 CompilerThread0" daemon [_thread_blocked, id=19124, stack(0x000000563ac00000,0x000000563ad00000)]
  0x00000217f3b5c800 JavaThread "Sweeper thread" daemon [_thread_blocked, id=13760, stack(0x000000563ad00000,0x000000563b200000)]
  0x00000217fbc28800 JavaThread "Common-Cleaner" daemon [_thread_blocked, id=9500, stack(0x000000563b300000,0x000000563b800000)]
  0x00000217fc337000 JavaThread "Service Thread" daemon [_thread_blocked, id=16840, stack(0x000000563b800000,0x000000563bd00000)]
  0x00000217fd2c8000 JavaThread "Java2D Disposer" daemon [_thread_blocked, id=19112, stack(0x000000563be00000,0x000000563c300000)]
  0x00000217fd40d800 JavaThread "AWT-Shutdown" [_thread_blocked, id=14536, stack(0x000000563c300000,0x000000563c800000)]
  0x00000217f3887800 JavaThread "AWT-Windows" daemon [_thread_in_native, id=9768, stack(0x000000563c800000,0x000000563cd00000)]
  0x00000217fdb2c000 JavaThread "TimerQueue" daemon [_thread_blocked, id=10364, stack(0x000000563cd00000,0x000000563d200000)]
=>0x00000217ed41f000 JavaThread "AWT-EventQueue-0" [_thread_in_native, id=3564, stack(0x000000563d800000,0x000000563dd00000)]
  0x00000217eddb4000 JavaThread "Thread-1" [_thread_in_native, id=6816, stack(0x0000005637a00000,0x0000005638e00000)]
  0x00000217ed8be800 JavaThread "Process Messages Thread" [_thread_blocked, id=5456, stack(0x000000563e200000,0x000000563e700000)]
  0x00000217ed6f8000 JavaThread "Batik CleanerThread" daemon [_thread_blocked, id=19528, stack(0x000000563dd00000,0x000000563e200000)]
  0x00000217edd84800 JavaThread "SyntheticaCleanerThread" daemon [_thread_blocked, id=6808, stack(0x000000563f600000,0x000000563fb00000)]
  0x00000217f1628800 JavaThread "Monitor HEventQueue Thread" [_thread_blocked, id=17920, stack(0x000000563fe00000,0x0000005640300000)]
  0x00000217f1629000 JavaThread "SyntheticaAnimation 50" daemon [_thread_blocked, id=16500, stack(0x0000005640300000,0x0000005640800000)]
  0x00000217f162f800 JavaThread "SyntheticaAnimation 25" daemon [_thread_blocked, id=3372, stack(0x0000005640800000,0x0000005640d00000)]
  0x00000217f162e000 JavaThread "SyntheticaAnimation 70" daemon [_thread_blocked, id=19044, stack(0x0000005640d00000,0x0000005641200000)]
  0x00000217f162f000 JavaThread "Refresh Filesets Swing Worker Thread" [_thread_blocked, id=15304, stack(0x000000563f000000,0x000000563f500000)]
  0x00000217f1630800 JavaThread "hw_ila_monitor" [_thread_blocked, id=5088, stack(0x0000005641200000,0x0000005641700000)]
  0x00000217f1635800 JavaThread "pool-2-thread-1" [_thread_blocked, id=10724, stack(0x0000005642100000,0x0000005642600000)]
  0x00000217f1637000 JavaThread "pool-3-thread-1" [_thread_blocked, id=18636, stack(0x0000005642600000,0x0000005642b00000)]
  0x00000217f1632000 JavaThread "pool-4-thread-1" [_thread_blocked, id=16988, stack(0x0000005642b00000,0x0000005643000000)]
  0x00000217f1633000 JavaThread "Update Runs Swing Worker Thread" [_thread_blocked, id=4004, stack(0x0000005643500000,0x0000005643a00000)]
  0x00000217f162c800 JavaThread "SyntheticaAnimation 50" daemon [_thread_blocked, id=13900, stack(0x000000563d300000,0x000000563d800000)]
  0x00000217f1636000 JavaThread "Image Animator 3" daemon [_thread_blocked, id=5384, stack(0x0000005644400000,0x0000005644900000)]
  0x00000217edd85000 JavaThread "Image Animator 0" daemon [_thread_blocked, id=18244, stack(0x0000005644900000,0x0000005644e00000)]
  0x00000217edd86000 JavaThread "Relaunch Simulation Thread" [_thread_blocked, id=3328, stack(0x0000005643a00000,0x0000005643f00000)]

Other Threads:
  0x00000217fc591800 VMThread "VM Thread" [stack: 0x0000005639600000,0x0000005639700000] [id=7496]
  0x00000217fca1e800 WatcherThread [stack: 0x000000563bd00000,0x000000563be00000] [id=20048]
  0x00000217fccd1800 GCTaskThread "GC Thread#0" [stack: 0x0000005639100000,0x0000005639200000] [id=4612]
  0x00000217edc95000 GCTaskThread "GC Thread#1" [stack: 0x000000563e700000,0x000000563e800000] [id=1640]
  0x00000217ede25800 GCTaskThread "GC Thread#2" [stack: 0x000000563e800000,0x000000563e900000] [id=18660]
  0x00000217fdc24800 GCTaskThread "GC Thread#3" [stack: 0x000000563e900000,0x000000563ea00000] [id=19128]
  0x00000217ed4db800 GCTaskThread "GC Thread#4" [stack: 0x000000563ea00000,0x000000563eb00000] [id=15484]
  0x00000217fd21a800 GCTaskThread "GC Thread#5" [stack: 0x000000563eb00000,0x000000563ec00000] [id=2056]
  0x00000217fd217000 GCTaskThread "GC Thread#6" [stack: 0x000000563ec00000,0x000000563ed00000] [id=5340]
  0x00000217fd21b800 GCTaskThread "GC Thread#7" [stack: 0x000000563ed00000,0x000000563ee00000] [id=10120]
  0x00000217f3af9800 ConcurrentGCThread "G1 Main Marker" [stack: 0x0000005639200000,0x0000005639300000] [id=3196]
  0x00000217fbc29800 ConcurrentGCThread "G1 Conc#0" [stack: 0x0000005639300000,0x0000005639400000] [id=17652]
  0x00000217fd21c800 ConcurrentGCThread "G1 Conc#1" [stack: 0x000000563ef00000,0x000000563f000000] [id=9192]
  0x00000217fc9bf800 ConcurrentGCThread "G1 Refine#0" [stack: 0x0000005639400000,0x0000005639500000] [id=13364]
  0x00000217ee0f7000 ConcurrentGCThread "G1 Refine#1" [stack: 0x000000563ee00000,0x000000563ef00000] [id=1140]
  0x00000217eecd6000 ConcurrentGCThread "G1 Refine#2" [stack: 0x000000563f500000,0x000000563f600000] [id=4780]
  0x00000217f8e56800 ConcurrentGCThread "G1 Young RemSet Sampling" [stack: 0x0000005639500000,0x0000005639600000] [id=20376]

Threads with active compile tasks:

VM state:not at safepoint (normal execution)

VM Mutex/Monitor currently owned by a thread: None

Heap address: 0x0000000740000000, size: 3072 MB, Compressed Oops mode: Zero based, Oop shift amount: 3
Narrow klass base: 0x0000000800000000, Narrow klass shift: 0
Compressed class space size: 1073741824 Address: 0x0000000800000000

Heap:
 garbage-first heap   total 201728K, used 140774K [0x0000000740000000, 0x0000000800000000)
  region size 1024K, 60 young (61440K), 4 survivors (4096K)
 Metaspace       used 91586K, capacity 93897K, committed 94036K, reserved 1130496K
  class space    used 12861K, capacity 13914K, committed 13952K, reserved 1048576K
Heap Regions: E=young(eden), S=young(survivor), O=old, HS=humongous(starts), HC=humongous(continues), CS=collection set, F=free, A=archive, TAMS=top-at-mark-start (previous, next)
|   0|0x0000000740000000, 0x0000000740100000, 0x0000000740100000|100%|HS|  |TAMS 0x0000000740000000, 0x0000000740000000| Untracked 
|   1|0x0000000740100000, 0x0000000740200000, 0x0000000740200000|100%|HC|  |TAMS 0x0000000740100000, 0x0000000740100000| Untracked 
|   2|0x0000000740200000, 0x0000000740300000, 0x0000000740300000|100%|HS|  |TAMS 0x0000000740200000, 0x0000000740200000| Untracked 
|   3|0x0000000740300000, 0x00000007403ffff8, 0x0000000740400000| 99%| O|  |TAMS 0x0000000740300000, 0x0000000740300000| Untracked 
|   4|0x0000000740400000, 0x0000000740500000, 0x0000000740500000|100%| O|  |TAMS 0x0000000740400000, 0x0000000740400000| Untracked 
|   5|0x0000000740500000, 0x0000000740600000, 0x0000000740600000|100%| O|  |TAMS 0x0000000740500000, 0x0000000740500000| Untracked 
|   6|0x0000000740600000, 0x00000007406ffff8, 0x0000000740700000| 99%| O|  |TAMS 0x0000000740600000, 0x0000000740600000| Untracked 
|   7|0x0000000740700000, 0x00000007407ffff8, 0x0000000740800000| 99%| O|  |TAMS 0x0000000740700000, 0x0000000740700000| Untracked 
|   8|0x0000000740800000, 0x00000007408fffb8, 0x0000000740900000| 99%| O|  |TAMS 0x0000000740800000, 0x0000000740800000| Untracked 
|   9|0x0000000740900000, 0x0000000740a00000, 0x0000000740a00000|100%| O|  |TAMS 0x0000000740900000, 0x0000000740900000| Untracked 
|  10|0x0000000740a00000, 0x0000000740afffc8, 0x0000000740b00000| 99%| O|  |TAMS 0x0000000740a00000, 0x0000000740a00000| Untracked 
|  11|0x0000000740b00000, 0x0000000740c00000, 0x0000000740c00000|100%| O|  |TAMS 0x0000000740b00000, 0x0000000740b00000| Untracked 
|  12|0x0000000740c00000, 0x0000000740d00000, 0x0000000740d00000|100%| O|  |TAMS 0x0000000740c00000, 0x0000000740c00000| Untracked 
|  13|0x0000000740d00000, 0x0000000740dfffd0, 0x0000000740e00000| 99%| O|  |TAMS 0x0000000740d00000, 0x0000000740d00000| Untracked 
|  14|0x0000000740e00000, 0x0000000740f00000, 0x0000000740f00000|100%| O|  |TAMS 0x0000000740e00000, 0x0000000740e00000| Untracked 
|  15|0x0000000740f00000, 0x0000000741000000, 0x0000000741000000|100%| O|  |TAMS 0x0000000740f00000, 0x0000000740f00000| Untracked 
|  16|0x0000000741000000, 0x0000000741100000, 0x0000000741100000|100%| O|  |TAMS 0x0000000741000000, 0x0000000741000000| Untracked 
|  17|0x0000000741100000, 0x00000007411ffff0, 0x0000000741200000| 99%| O|  |TAMS 0x0000000741100000, 0x0000000741100000| Untracked 
|  18|0x0000000741200000, 0x00000007412ffff8, 0x0000000741300000| 99%| O|  |TAMS 0x0000000741200000, 0x0000000741200000| Untracked 
|  19|0x0000000741300000, 0x00000007413ffff0, 0x0000000741400000| 99%| O|  |TAMS 0x0000000741300000, 0x0000000741300000| Untracked 
|  20|0x0000000741400000, 0x00000007414ffff8, 0x0000000741500000| 99%| O|  |TAMS 0x0000000741400000, 0x0000000741400000| Untracked 
|  21|0x0000000741500000, 0x00000007415ffff8, 0x0000000741600000| 99%| O|  |TAMS 0x0000000741500000, 0x0000000741500000| Untracked 
|  22|0x0000000741600000, 0x0000000741700000, 0x0000000741700000|100%| O|  |TAMS 0x0000000741600000, 0x0000000741600000| Untracked 
|  23|0x0000000741700000, 0x0000000741800000, 0x0000000741800000|100%| O|  |TAMS 0x0000000741700000, 0x0000000741700000| Untracked 
|  24|0x0000000741800000, 0x00000007418fffe8, 0x0000000741900000| 99%| O|  |TAMS 0x0000000741800000, 0x0000000741800000| Untracked 
|  25|0x0000000741900000, 0x00000007419ffff8, 0x0000000741a00000| 99%| O|  |TAMS 0x0000000741900000, 0x0000000741900000| Untracked 
|  26|0x0000000741a00000, 0x0000000741b00000, 0x0000000741b00000|100%| O|  |TAMS 0x0000000741a00000, 0x0000000741a00000| Untracked 
|  27|0x0000000741b00000, 0x0000000741bffff0, 0x0000000741c00000| 99%| O|  |TAMS 0x0000000741b00000, 0x0000000741b00000| Untracked 
|  28|0x0000000741c00000, 0x0000000741d00000, 0x0000000741d00000|100%| O|  |TAMS 0x0000000741c00000, 0x0000000741c00000| Untracked 
|  29|0x0000000741d00000, 0x0000000741e00000, 0x0000000741e00000|100%| O|  |TAMS 0x0000000741d00000, 0x0000000741d00000| Untracked 
|  30|0x0000000741e00000, 0x0000000741effff8, 0x0000000741f00000| 99%| O|  |TAMS 0x0000000741e00000, 0x0000000741e00000| Untracked 
|  31|0x0000000741f00000, 0x0000000741ffffb8, 0x0000000742000000| 99%| O|  |TAMS 0x0000000741f00000, 0x0000000741f00000| Untracked 
|  32|0x0000000742000000, 0x0000000742100000, 0x0000000742100000|100%| O|  |TAMS 0x0000000742000000, 0x0000000742000000| Untracked 
|  33|0x0000000742100000, 0x00000007421fffd0, 0x0000000742200000| 99%| O|  |TAMS 0x0000000742100000, 0x0000000742100000| Untracked 
|  34|0x0000000742200000, 0x00000007422fffd0, 0x0000000742300000| 99%| O|  |TAMS 0x0000000742200000, 0x0000000742200000| Untracked 
|  35|0x0000000742300000, 0x00000007423fffe0, 0x0000000742400000| 99%| O|  |TAMS 0x0000000742300000, 0x0000000742300000| Untracked 
|  36|0x0000000742400000, 0x00000007424ffff8, 0x0000000742500000| 99%| O|  |TAMS 0x0000000742400000, 0x0000000742400000| Untracked 
|  37|0x0000000742500000, 0x0000000742600000, 0x0000000742600000|100%| O|  |TAMS 0x0000000742500000, 0x0000000742500000| Untracked 
|  38|0x0000000742600000, 0x00000007426ffff8, 0x0000000742700000| 99%| O|  |TAMS 0x0000000742600000, 0x0000000742600000| Untracked 
|  39|0x0000000742700000, 0x0000000742800000, 0x0000000742800000|100%|HS|  |TAMS 0x0000000742700000, 0x0000000742700000| Untracked 
|  40|0x0000000742800000, 0x0000000742900000, 0x0000000742900000|100%|HC|  |TAMS 0x0000000742800000, 0x0000000742800000| Untracked 
|  41|0x0000000742900000, 0x0000000742a00000, 0x0000000742a00000|100%|HC|  |TAMS 0x0000000742900000, 0x0000000742900000| Untracked 
|  42|0x0000000742a00000, 0x0000000742b00000, 0x0000000742b00000|100%|HC|  |TAMS 0x0000000742a00000, 0x0000000742a00000| Untracked 
|  43|0x0000000742b00000, 0x0000000742c00000, 0x0000000742c00000|100%|HC|  |TAMS 0x0000000742b00000, 0x0000000742b00000| Untracked 
|  44|0x0000000742c00000, 0x0000000742d00000, 0x0000000742d00000|100%|HC|  |TAMS 0x0000000742c00000, 0x0000000742c00000| Untracked 
|  45|0x0000000742d00000, 0x0000000742e00000, 0x0000000742e00000|100%|HC|  |TAMS 0x0000000742d00000, 0x0000000742d00000| Untracked 
|  46|0x0000000742e00000, 0x0000000742f00000, 0x0000000742f00000|100%|HC|  |TAMS 0x0000000742e00000, 0x0000000742e00000| Untracked 
|  47|0x0000000742f00000, 0x0000000742fffff0, 0x0000000743000000| 99%| O|  |TAMS 0x0000000742f00000, 0x0000000742f00000| Untracked 
|  48|0x0000000743000000, 0x00000007430fffd8, 0x0000000743100000| 99%| O|  |TAMS 0x0000000743000000, 0x0000000743000000| Untracked 
|  49|0x0000000743100000, 0x0000000743200000, 0x0000000743200000|100%| O|  |TAMS 0x0000000743100000, 0x0000000743100000| Untracked 
|  50|0x0000000743200000, 0x0000000743300000, 0x0000000743300000|100%| O|  |TAMS 0x0000000743200000, 0x0000000743200000| Untracked 
|  51|0x0000000743300000, 0x0000000743400000, 0x0000000743400000|100%| O|  |TAMS 0x0000000743300000, 0x0000000743300000| Untracked 
|  52|0x0000000743400000, 0x00000007434fffd0, 0x0000000743500000| 99%| O|  |TAMS 0x0000000743400000, 0x0000000743400000| Untracked 
|  53|0x0000000743500000, 0x00000007435ffff8, 0x0000000743600000| 99%| O|  |TAMS 0x0000000743500000, 0x0000000743500000| Untracked 
|  54|0x0000000743600000, 0x00000007436ffff8, 0x0000000743700000| 99%| O|  |TAMS 0x0000000743600000, 0x0000000743600000| Untracked 
|  55|0x0000000743700000, 0x00000007437ffff0, 0x0000000743800000| 99%| O|  |TAMS 0x0000000743700000, 0x0000000743700000| Untracked 
|  56|0x0000000743800000, 0x00000007438ffff8, 0x0000000743900000| 99%| O|  |TAMS 0x0000000743800000, 0x0000000743800000| Untracked 
|  57|0x0000000743900000, 0x00000007439ffee8, 0x0000000743a00000| 99%| O|  |TAMS 0x0000000743900000, 0x0000000743900000| Untracked 
|  58|0x0000000743a00000, 0x0000000743affff0, 0x0000000743b00000| 99%| O|  |TAMS 0x0000000743a00000, 0x0000000743a00000| Untracked 
|  59|0x0000000743b00000, 0x0000000743c00000, 0x0000000743c00000|100%| O|  |TAMS 0x0000000743b00000, 0x0000000743b00000| Untracked 
|  60|0x0000000743c00000, 0x0000000743cffff8, 0x0000000743d00000| 99%| O|  |TAMS 0x0000000743c00000, 0x0000000743c00000| Untracked 
|  61|0x0000000743d00000, 0x0000000743dffff0, 0x0000000743e00000| 99%| O|  |TAMS 0x0000000743d00000, 0x0000000743d00000| Untracked 
|  62|0x0000000743e00000, 0x0000000743effff0, 0x0000000743f00000| 99%| O|  |TAMS 0x0000000743e00000, 0x0000000743e00000| Untracked 
|  63|0x0000000743f00000, 0x0000000743ffffe0, 0x0000000744000000| 99%| O|  |TAMS 0x0000000743f00000, 0x0000000743f00000| Untracked 
|  64|0x0000000744000000, 0x0000000744100000, 0x0000000744100000|100%| O|  |TAMS 0x0000000744000000, 0x0000000744000000| Untracked 
|  65|0x0000000744100000, 0x00000007441fffe8, 0x0000000744200000| 99%| O|  |TAMS 0x0000000744100000, 0x0000000744100000| Untracked 
|  66|0x0000000744200000, 0x00000007442fffe8, 0x0000000744300000| 99%| O|  |TAMS 0x0000000744200000, 0x0000000744200000| Untracked 
|  67|0x0000000744300000, 0x0000000744400000, 0x0000000744400000|100%| O|  |TAMS 0x0000000744300000, 0x0000000744300000| Untracked 
|  68|0x0000000744400000, 0x0000000744500000, 0x0000000744500000|100%| O|  |TAMS 0x0000000744400000, 0x0000000744400000| Untracked 
|  69|0x0000000744500000, 0x00000007445ffff8, 0x0000000744600000| 99%| O|  |TAMS 0x0000000744500000, 0x0000000744500000| Untracked 
|  70|0x0000000744600000, 0x00000007446ffff8, 0x0000000744700000| 99%| O|  |TAMS 0x0000000744600000, 0x0000000744600000| Untracked 
|  71|0x0000000744700000, 0x00000007447ffff8, 0x0000000744800000| 99%| O|  |TAMS 0x0000000744700000, 0x0000000744700000| Untracked 
|  72|0x0000000744800000, 0x00000007448ffe40, 0x0000000744900000| 99%| O|  |TAMS 0x0000000744800000, 0x0000000744800000| Untracked 
|  73|0x0000000744900000, 0x00000007449ffff8, 0x0000000744a00000| 99%| O|  |TAMS 0x0000000744900000, 0x0000000744900000| Untracked 
|  74|0x0000000744a00000, 0x0000000744affff0, 0x0000000744b00000| 99%| O|  |TAMS 0x0000000744a00000, 0x0000000744a00000| Untracked 
|  75|0x0000000744b00000, 0x0000000744bff850, 0x0000000744c00000| 99%| O|  |TAMS 0x0000000744b00000, 0x0000000744b00000| Untracked 
|  76|0x0000000744c00000, 0x0000000744cf84a8, 0x0000000744d00000| 96%| O|  |TAMS 0x0000000744c00000, 0x0000000744c00000| Untracked 
|  77|0x0000000744d00000, 0x0000000744d48308, 0x0000000744e00000| 28%| O|  |TAMS 0x0000000744d00000, 0x0000000744d00000| Untracked 
|  78|0x0000000744e00000, 0x0000000744e00000, 0x0000000744f00000|  0%| F|  |TAMS 0x0000000744e00000, 0x0000000744e00000| Untracked 
|  79|0x0000000744f00000, 0x0000000744f00000, 0x0000000745000000|  0%| F|  |TAMS 0x0000000744f00000, 0x0000000744f00000| Untracked 
|  80|0x0000000745000000, 0x0000000745000000, 0x0000000745100000|  0%| F|  |TAMS 0x0000000745000000, 0x0000000745000000| Untracked 
|  81|0x0000000745100000, 0x0000000745100000, 0x0000000745200000|  0%| F|  |TAMS 0x0000000745100000, 0x0000000745100000| Untracked 
|  82|0x0000000745200000, 0x0000000745200000, 0x0000000745300000|  0%| F|  |TAMS 0x0000000745200000, 0x0000000745200000| Untracked 
|  83|0x0000000745300000, 0x0000000745400000, 0x0000000745400000|100%|HS|  |TAMS 0x0000000745300000, 0x0000000745300000| Untracked 
|  84|0x0000000745400000, 0x0000000745500000, 0x0000000745500000|100%|HC|  |TAMS 0x0000000745400000, 0x0000000745400000| Untracked 
|  85|0x0000000745500000, 0x0000000745500000, 0x0000000745600000|  0%| F|  |TAMS 0x0000000745500000, 0x0000000745500000| Untracked 
|  86|0x0000000745600000, 0x0000000745600000, 0x0000000745700000|  0%| F|  |TAMS 0x0000000745600000, 0x0000000745600000| Untracked 
|  87|0x0000000745700000, 0x0000000745700000, 0x0000000745800000|  0%| F|  |TAMS 0x0000000745700000, 0x0000000745700000| Untracked 
|  88|0x0000000745800000, 0x0000000745800000, 0x0000000745900000|  0%| F|  |TAMS 0x0000000745800000, 0x0000000745800000| Untracked 
|  89|0x0000000745900000, 0x0000000745900000, 0x0000000745a00000|  0%| F|  |TAMS 0x0000000745900000, 0x0000000745900000| Untracked 
|  90|0x0000000745a00000, 0x0000000745a00000, 0x0000000745b00000|  0%| F|  |TAMS 0x0000000745a00000, 0x0000000745a00000| Untracked 
|  91|0x0000000745b00000, 0x0000000745b00000, 0x0000000745c00000|  0%| F|  |TAMS 0x0000000745b00000, 0x0000000745b00000| Untracked 
|  92|0x0000000745c00000, 0x0000000745c00000, 0x0000000745d00000|  0%| F|  |TAMS 0x0000000745c00000, 0x0000000745c00000| Untracked 
|  93|0x0000000745d00000, 0x0000000745d00000, 0x0000000745e00000|  0%| F|  |TAMS 0x0000000745d00000, 0x0000000745d00000| Untracked 
|  94|0x0000000745e00000, 0x0000000745e00000, 0x0000000745f00000|  0%| F|  |TAMS 0x0000000745e00000, 0x0000000745e00000| Untracked 
|  95|0x0000000745f00000, 0x0000000745f00000, 0x0000000746000000|  0%| F|  |TAMS 0x0000000745f00000, 0x0000000745f00000| Untracked 
|  96|0x0000000746000000, 0x0000000746000000, 0x0000000746100000|  0%| F|  |TAMS 0x0000000746000000, 0x0000000746000000| Untracked 
|  97|0x0000000746100000, 0x0000000746100000, 0x0000000746200000|  0%| F|  |TAMS 0x0000000746100000, 0x0000000746100000| Untracked 
|  98|0x0000000746200000, 0x0000000746200000, 0x0000000746300000|  0%| F|  |TAMS 0x0000000746200000, 0x0000000746200000| Untracked 
|  99|0x0000000746300000, 0x0000000746300000, 0x0000000746400000|  0%| F|  |TAMS 0x0000000746300000, 0x0000000746300000| Untracked 
| 100|0x0000000746400000, 0x0000000746400000, 0x0000000746500000|  0%| F|  |TAMS 0x0000000746400000, 0x0000000746400000| Untracked 
| 101|0x0000000746500000, 0x0000000746500000, 0x0000000746600000|  0%| F|  |TAMS 0x0000000746500000, 0x0000000746500000| Untracked 
| 102|0x0000000746600000, 0x0000000746600000, 0x0000000746700000|  0%| F|  |TAMS 0x0000000746600000, 0x0000000746600000| Untracked 
| 103|0x0000000746700000, 0x0000000746700000, 0x0000000746800000|  0%| F|  |TAMS 0x0000000746700000, 0x0000000746700000| Untracked 
| 104|0x0000000746800000, 0x0000000746800000, 0x0000000746900000|  0%| F|  |TAMS 0x0000000746800000, 0x0000000746800000| Untracked 
| 105|0x0000000746900000, 0x0000000746900000, 0x0000000746a00000|  0%| F|  |TAMS 0x0000000746900000, 0x0000000746900000| Untracked 
| 106|0x0000000746a00000, 0x0000000746a00000, 0x0000000746b00000|  0%| F|  |TAMS 0x0000000746a00000, 0x0000000746a00000| Untracked 
| 107|0x0000000746b00000, 0x0000000746b00000, 0x0000000746c00000|  0%| F|  |TAMS 0x0000000746b00000, 0x0000000746b00000| Untracked 
| 108|0x0000000746c00000, 0x0000000746c00000, 0x0000000746d00000|  0%| F|  |TAMS 0x0000000746c00000, 0x0000000746c00000| Untracked 
| 109|0x0000000746d00000, 0x0000000746d00000, 0x0000000746e00000|  0%| F|  |TAMS 0x0000000746d00000, 0x0000000746d00000| Untracked 
| 110|0x0000000746e00000, 0x0000000746e00000, 0x0000000746f00000|  0%| F|  |TAMS 0x0000000746e00000, 0x0000000746e00000| Untracked 
| 111|0x0000000746f00000, 0x0000000746f00000, 0x0000000747000000|  0%| F|  |TAMS 0x0000000746f00000, 0x0000000746f00000| Untracked 
| 112|0x0000000747000000, 0x0000000747000000, 0x0000000747100000|  0%| F|  |TAMS 0x0000000747000000, 0x0000000747000000| Untracked 
| 113|0x0000000747100000, 0x0000000747100000, 0x0000000747200000|  0%| F|  |TAMS 0x0000000747100000, 0x0000000747100000| Untracked 
| 114|0x0000000747200000, 0x0000000747200000, 0x0000000747300000|  0%| F|  |TAMS 0x0000000747200000, 0x0000000747200000| Untracked 
| 115|0x0000000747300000, 0x0000000747300000, 0x0000000747400000|  0%| F|  |TAMS 0x0000000747300000, 0x0000000747300000| Untracked 
| 116|0x0000000747400000, 0x0000000747400000, 0x0000000747500000|  0%| F|  |TAMS 0x0000000747400000, 0x0000000747400000| Untracked 
| 117|0x0000000747500000, 0x0000000747500000, 0x0000000747600000|  0%| F|  |TAMS 0x0000000747500000, 0x0000000747500000| Untracked 
| 118|0x0000000747600000, 0x0000000747600000, 0x0000000747700000|  0%| F|  |TAMS 0x0000000747600000, 0x0000000747600000| Untracked 
| 119|0x0000000747700000, 0x0000000747700000, 0x0000000747800000|  0%| F|  |TAMS 0x0000000747700000, 0x0000000747700000| Untracked 
| 120|0x0000000747800000, 0x0000000747800000, 0x0000000747900000|  0%| F|  |TAMS 0x0000000747800000, 0x0000000747800000| Untracked 
| 121|0x0000000747900000, 0x0000000747900000, 0x0000000747a00000|  0%| F|  |TAMS 0x0000000747900000, 0x0000000747900000| Untracked 
| 122|0x0000000747a00000, 0x0000000747a00000, 0x0000000747b00000|  0%| F|  |TAMS 0x0000000747a00000, 0x0000000747a00000| Untracked 
| 123|0x0000000747b00000, 0x0000000747b00000, 0x0000000747c00000|  0%| F|  |TAMS 0x0000000747b00000, 0x0000000747b00000| Untracked 
| 124|0x0000000747c00000, 0x0000000747c00000, 0x0000000747d00000|  0%| F|  |TAMS 0x0000000747c00000, 0x0000000747c00000| Untracked 
| 125|0x0000000747d00000, 0x0000000747d00000, 0x0000000747e00000|  0%| F|  |TAMS 0x0000000747d00000, 0x0000000747d00000| Untracked 
| 126|0x0000000747e00000, 0x0000000747e00000, 0x0000000747f00000|  0%| F|  |TAMS 0x0000000747e00000, 0x0000000747e00000| Untracked 
| 127|0x0000000747f00000, 0x0000000747f00000, 0x0000000748000000|  0%| F|  |TAMS 0x0000000747f00000, 0x0000000747f00000| Untracked 
| 128|0x0000000748000000, 0x0000000748000000, 0x0000000748100000|  0%| F|  |TAMS 0x0000000748000000, 0x0000000748000000| Untracked 
| 129|0x0000000748100000, 0x0000000748100000, 0x0000000748200000|  0%| F|  |TAMS 0x0000000748100000, 0x0000000748100000| Untracked 
| 130|0x0000000748200000, 0x0000000748200000, 0x0000000748300000|  0%| F|  |TAMS 0x0000000748200000, 0x0000000748200000| Untracked 
| 131|0x0000000748300000, 0x0000000748300000, 0x0000000748400000|  0%| F|  |TAMS 0x0000000748300000, 0x0000000748300000| Untracked 
| 132|0x0000000748400000, 0x0000000748400000, 0x0000000748500000|  0%| F|  |TAMS 0x0000000748400000, 0x0000000748400000| Untracked 
| 133|0x0000000748500000, 0x0000000748532f10, 0x0000000748600000| 19%| S|CS|TAMS 0x0000000748500000, 0x0000000748500000| Complete 
| 134|0x0000000748600000, 0x0000000748600000, 0x0000000748700000|  0%| F|  |TAMS 0x0000000748600000, 0x0000000748600000| Untracked 
| 135|0x0000000748700000, 0x0000000748700000, 0x0000000748800000|  0%| F|  |TAMS 0x0000000748700000, 0x0000000748700000| Untracked 
| 136|0x0000000748800000, 0x0000000748900000, 0x0000000748900000|100%| S|CS|TAMS 0x0000000748800000, 0x0000000748800000| Complete 
| 137|0x0000000748900000, 0x0000000748a00000, 0x0000000748a00000|100%| S|CS|TAMS 0x0000000748900000, 0x0000000748900000| Complete 
| 138|0x0000000748a00000, 0x0000000748a00000, 0x0000000748b00000|  0%| F|  |TAMS 0x0000000748a00000, 0x0000000748a00000| Untracked 
| 139|0x0000000748b00000, 0x0000000748c00000, 0x0000000748c00000|100%| S|CS|TAMS 0x0000000748b00000, 0x0000000748b00000| Complete 
| 140|0x0000000748c00000, 0x0000000748c261b0, 0x0000000748d00000| 14%| E|  |TAMS 0x0000000748c00000, 0x0000000748c00000| Complete 
| 141|0x0000000748d00000, 0x0000000748e00000, 0x0000000748e00000|100%| E|CS|TAMS 0x0000000748d00000, 0x0000000748d00000| Complete 
| 142|0x0000000748e00000, 0x0000000748f00000, 0x0000000748f00000|100%| E|CS|TAMS 0x0000000748e00000, 0x0000000748e00000| Complete 
| 143|0x0000000748f00000, 0x0000000749000000, 0x0000000749000000|100%| E|CS|TAMS 0x0000000748f00000, 0x0000000748f00000| Complete 
| 144|0x0000000749000000, 0x0000000749100000, 0x0000000749100000|100%| E|CS|TAMS 0x0000000749000000, 0x0000000749000000| Complete 
| 145|0x0000000749100000, 0x0000000749200000, 0x0000000749200000|100%| E|CS|TAMS 0x0000000749100000, 0x0000000749100000| Complete 
| 146|0x0000000749200000, 0x0000000749300000, 0x0000000749300000|100%| E|CS|TAMS 0x0000000749200000, 0x0000000749200000| Complete 
| 147|0x0000000749300000, 0x0000000749400000, 0x0000000749400000|100%| E|CS|TAMS 0x0000000749300000, 0x0000000749300000| Complete 
| 148|0x0000000749400000, 0x0000000749500000, 0x0000000749500000|100%| E|CS|TAMS 0x0000000749400000, 0x0000000749400000| Complete 
| 149|0x0000000749500000, 0x0000000749600000, 0x0000000749600000|100%| E|CS|TAMS 0x0000000749500000, 0x0000000749500000| Complete 
| 150|0x0000000749600000, 0x0000000749700000, 0x0000000749700000|100%| E|CS|TAMS 0x0000000749600000, 0x0000000749600000| Complete 
| 151|0x0000000749700000, 0x0000000749800000, 0x0000000749800000|100%| E|CS|TAMS 0x0000000749700000, 0x0000000749700000| Complete 
| 152|0x0000000749800000, 0x0000000749900000, 0x0000000749900000|100%| E|CS|TAMS 0x0000000749800000, 0x0000000749800000| Complete 
| 153|0x0000000749900000, 0x0000000749a00000, 0x0000000749a00000|100%| E|CS|TAMS 0x0000000749900000, 0x0000000749900000| Complete 
| 154|0x0000000749a00000, 0x0000000749b00000, 0x0000000749b00000|100%| E|CS|TAMS 0x0000000749a00000, 0x0000000749a00000| Complete 
| 155|0x0000000749b00000, 0x0000000749c00000, 0x0000000749c00000|100%| E|CS|TAMS 0x0000000749b00000, 0x0000000749b00000| Complete 
| 156|0x0000000749c00000, 0x0000000749d00000, 0x0000000749d00000|100%| E|CS|TAMS 0x0000000749c00000, 0x0000000749c00000| Complete 
| 157|0x0000000749d00000, 0x0000000749e00000, 0x0000000749e00000|100%| E|CS|TAMS 0x0000000749d00000, 0x0000000749d00000| Complete 
| 158|0x0000000749e00000, 0x0000000749f00000, 0x0000000749f00000|100%| E|CS|TAMS 0x0000000749e00000, 0x0000000749e00000| Complete 
| 159|0x0000000749f00000, 0x000000074a000000, 0x000000074a000000|100%| E|CS|TAMS 0x0000000749f00000, 0x0000000749f00000| Complete 
| 160|0x000000074a000000, 0x000000074a100000, 0x000000074a100000|100%| E|CS|TAMS 0x000000074a000000, 0x000000074a000000| Complete 
| 161|0x000000074a100000, 0x000000074a200000, 0x000000074a200000|100%| E|CS|TAMS 0x000000074a100000, 0x000000074a100000| Complete 
| 162|0x000000074a200000, 0x000000074a300000, 0x000000074a300000|100%| E|CS|TAMS 0x000000074a200000, 0x000000074a200000| Complete 
| 163|0x000000074a300000, 0x000000074a400000, 0x000000074a400000|100%| E|CS|TAMS 0x000000074a300000, 0x000000074a300000| Complete 
| 164|0x000000074a400000, 0x000000074a500000, 0x000000074a500000|100%| E|CS|TAMS 0x000000074a400000, 0x000000074a400000| Complete 
| 165|0x000000074a500000, 0x000000074a600000, 0x000000074a600000|100%| E|CS|TAMS 0x000000074a500000, 0x000000074a500000| Complete 
| 166|0x000000074a600000, 0x000000074a700000, 0x000000074a700000|100%| E|CS|TAMS 0x000000074a600000, 0x000000074a600000| Complete 
| 167|0x000000074a700000, 0x000000074a800000, 0x000000074a800000|100%| E|CS|TAMS 0x000000074a700000, 0x000000074a700000| Complete 
| 168|0x000000074a800000, 0x000000074a900000, 0x000000074a900000|100%| E|CS|TAMS 0x000000074a800000, 0x000000074a800000| Complete 
| 169|0x000000074a900000, 0x000000074aa00000, 0x000000074aa00000|100%| E|CS|TAMS 0x000000074a900000, 0x000000074a900000| Complete 
| 170|0x000000074aa00000, 0x000000074ab00000, 0x000000074ab00000|100%| E|CS|TAMS 0x000000074aa00000, 0x000000074aa00000| Complete 
| 171|0x000000074ab00000, 0x000000074ac00000, 0x000000074ac00000|100%| E|CS|TAMS 0x000000074ab00000, 0x000000074ab00000| Complete 
| 172|0x000000074ac00000, 0x000000074ad00000, 0x000000074ad00000|100%| E|CS|TAMS 0x000000074ac00000, 0x000000074ac00000| Complete 
| 173|0x000000074ad00000, 0x000000074ae00000, 0x000000074ae00000|100%| E|CS|TAMS 0x000000074ad00000, 0x000000074ad00000| Complete 
| 174|0x000000074ae00000, 0x000000074af00000, 0x000000074af00000|100%| E|CS|TAMS 0x000000074ae00000, 0x000000074ae00000| Complete 
| 175|0x000000074af00000, 0x000000074b000000, 0x000000074b000000|100%| E|CS|TAMS 0x000000074af00000, 0x000000074af00000| Complete 
| 176|0x000000074b000000, 0x000000074b100000, 0x000000074b100000|100%| E|CS|TAMS 0x000000074b000000, 0x000000074b000000| Complete 
| 177|0x000000074b100000, 0x000000074b200000, 0x000000074b200000|100%| E|CS|TAMS 0x000000074b100000, 0x000000074b100000| Complete 
| 178|0x000000074b200000, 0x000000074b300000, 0x000000074b300000|100%| E|CS|TAMS 0x000000074b200000, 0x000000074b200000| Complete 
| 179|0x000000074b300000, 0x000000074b400000, 0x000000074b400000|100%| E|CS|TAMS 0x000000074b300000, 0x000000074b300000| Complete 
| 180|0x000000074b400000, 0x000000074b500000, 0x000000074b500000|100%| E|CS|TAMS 0x000000074b400000, 0x000000074b400000| Complete 
| 181|0x000000074b500000, 0x000000074b600000, 0x000000074b600000|100%| E|CS|TAMS 0x000000074b500000, 0x000000074b500000| Complete 
| 182|0x000000074b600000, 0x000000074b700000, 0x000000074b700000|100%| E|CS|TAMS 0x000000074b600000, 0x000000074b600000| Complete 
| 183|0x000000074b700000, 0x000000074b800000, 0x000000074b800000|100%| E|CS|TAMS 0x000000074b700000, 0x000000074b700000| Complete 
| 184|0x000000074b800000, 0x000000074b900000, 0x000000074b900000|100%| E|CS|TAMS 0x000000074b800000, 0x000000074b800000| Complete 
| 185|0x000000074b900000, 0x000000074ba00000, 0x000000074ba00000|100%| E|CS|TAMS 0x000000074b900000, 0x000000074b900000| Complete 
| 186|0x000000074ba00000, 0x000000074bb00000, 0x000000074bb00000|100%| E|CS|TAMS 0x000000074ba00000, 0x000000074ba00000| Complete 
| 187|0x000000074bb00000, 0x000000074bc00000, 0x000000074bc00000|100%| E|CS|TAMS 0x000000074bb00000, 0x000000074bb00000| Complete 
| 188|0x000000074bc00000, 0x000000074bd00000, 0x000000074bd00000|100%| E|CS|TAMS 0x000000074bc00000, 0x000000074bc00000| Complete 
| 189|0x000000074bd00000, 0x000000074be00000, 0x000000074be00000|100%| E|CS|TAMS 0x000000074bd00000, 0x000000074bd00000| Complete 
| 190|0x000000074be00000, 0x000000074bf00000, 0x000000074bf00000|100%| E|CS|TAMS 0x000000074be00000, 0x000000074be00000| Complete 
| 191|0x000000074bf00000, 0x000000074c000000, 0x000000074c000000|100%| E|CS|TAMS 0x000000074bf00000, 0x000000074bf00000| Complete 
| 192|0x000000074c000000, 0x000000074c100000, 0x000000074c100000|100%| E|CS|TAMS 0x000000074c000000, 0x000000074c000000| Complete 
| 193|0x000000074c100000, 0x000000074c200000, 0x000000074c200000|100%| E|CS|TAMS 0x000000074c100000, 0x000000074c100000| Complete 
| 194|0x000000074c200000, 0x000000074c206fb0, 0x000000074c300000|  2%| O|  |TAMS 0x000000074c200000, 0x000000074c200000| Untracked 
| 195|0x000000074c300000, 0x000000074c400000, 0x000000074c400000|100%| E|CS|TAMS 0x000000074c300000, 0x000000074c300000| Complete 
| 196|0x000000074c400000, 0x000000074c500000, 0x000000074c500000|100%| E|CS|TAMS 0x000000074c400000, 0x000000074c400000| Complete 

Card table byte_map: [0x00000217d9ef0000,0x00000217da4f0000] _byte_map_base: 0x00000217d64f0000

Marking Bits (Prev, Next): (CMBitMap*) 0x00000217f6b34f80, (CMBitMap*) 0x00000217f6b34f48
 Prev Bits: [0x00000217e6e00000, 0x00000217e9e00000)
 Next Bits: [0x00000217e3e00000, 0x00000217e6e00000)

Polling page: 0x00000217d4540000

Metaspace:

Usage:
  Non-class:     78.11 MB capacity,    76.88 MB ( 98%) used,   948.25 KB (  1%) free+waste,   310.19 KB ( <1%) overhead. 
      Class:     13.59 MB capacity,    12.56 MB ( 92%) used,   901.05 KB (  6%) free+waste,   151.25 KB (  1%) overhead. 
       Both:     91.70 MB capacity,    89.44 MB ( 98%) used,     1.81 MB (  2%) free+waste,   461.44 KB ( <1%) overhead. 

Virtual space:
  Non-class space:       80.00 MB reserved,      78.21 MB ( 98%) committed 
      Class space:        1.00 GB reserved,      13.63 MB (  1%) committed 
             Both:        1.08 GB reserved,      91.83 MB (  8%) committed 

Chunk freelists:
   Non-Class:  4.63 KB
       Class:  768 bytes
        Both:  5.38 KB

CodeHeap 'non-profiled nmethods': size=120000Kb used=15478Kb max_used=15647Kb free=104521Kb
 bounds [0x0000021787ad0000, 0x0000021788a20000, 0x000002178f000000]
CodeHeap 'profiled nmethods': size=120000Kb used=38484Kb max_used=38632Kb free=81516Kb
 bounds [0x00000217805a0000, 0x0000021782be0000, 0x0000021787ad0000]
CodeHeap 'non-nmethods': size=5760Kb used=1628Kb max_used=1689Kb free=4131Kb
 bounds [0x0000021780000000, 0x0000021780270000, 0x00000217805a0000]
 total_blobs=24853 nmethods=14741 adapters=1077
 compilation: enabled
              stopped_count=0, restarted_count=0
 full_count=0

Compilation events (10 events):
Event: 80.458 Thread 0x00000217f3b3d800 nmethod 17429 0x00000217813b0c10 code [0x00000217813b0de0, 0x00000217813b1058]
Event: 80.465 Thread 0x00000217f3b3d800 17431       3       javax.swing.plaf.synth.SynthInternalFrameTitlePane::updateMenuIcon (117 bytes)
Event: 80.466 Thread 0x00000217f3b3d800 nmethod 17431 0x0000021781604510 code [0x0000021781604840, 0x0000021781605f70]
Event: 80.480 Thread 0x00000217fcd8d800 nmethod 17424 0x0000021788242010 code [0x0000021788242360, 0x0000021788243e88]
Event: 80.480 Thread 0x00000217fcd8d800 17430       4       javax.swing.UIManager::getString (8 bytes)
Event: 80.487 Thread 0x00000217fcd8d800 nmethod 17430 0x0000021788241210 code [0x0000021788241440, 0x0000021788241b10]
Event: 80.487 Thread 0x00000217fcd8d800 17425       4       javax.swing.tree.VariableHeightLayoutCache::getBounds (32 bytes)
Event: 80.506 Thread 0x00000217fcd8d800 nmethod 17425 0x000002178824e710 code [0x000002178824e920, 0x000002178824f9c0]
Event: 80.533 Thread 0x00000217fcd8d800 17432       4       sun.awt.windows.WGlobalCursorManager::nativeUpdateCursor (8 bytes)
Event: 80.546 Thread 0x00000217fcd8d800 nmethod 17432 0x000002178824d210 code [0x000002178824d420, 0x000002178824e248]

GC Heap History (10 events):
Event: 60.885 GC heap before
{Heap before GC invocations=70 (full 21):
 garbage-first heap   total 201728K, used 85213K [0x0000000740000000, 0x0000000800000000)
  region size 1024K, 5 young (5120K), 0 survivors (0K)
 Metaspace       used 88260K, capacity 90338K, committed 90580K, reserved 1126400K
  class space    used 12365K, capacity 13298K, committed 13312K, reserved 1048576K
}
Event: 60.967 GC heap after
{Heap after GC invocations=71 (full 22):
 garbage-first heap   total 201728K, used 81178K [0x0000000740000000, 0x0000000800000000)
  region size 1024K, 0 young (0K), 0 survivors (0K)
 Metaspace       used 88260K, capacity 90338K, committed 90580K, reserved 1126400K
  class space    used 12365K, capacity 13298K, committed 13312K, reserved 1048576K
}
Event: 66.911 GC heap before
{Heap before GC invocations=71 (full 22):
 garbage-first heap   total 201728K, used 142618K [0x0000000740000000, 0x0000000800000000)
  region size 1024K, 60 young (61440K), 0 survivors (0K)
 Metaspace       used 89620K, capacity 91800K, committed 91988K, reserved 1128448K
  class space    used 12581K, capacity 13572K, committed 13696K, reserved 1048576K
}
Event: 66.915 GC heap after
{Heap after GC invocations=72 (full 22):
 garbage-first heap   total 201728K, used 82717K [0x0000000740000000, 0x0000000800000000)
  region size 1024K, 2 young (2048K), 2 survivors (2048K)
 Metaspace       used 89620K, capacity 91800K, committed 91988K, reserved 1128448K
  class space    used 12581K, capacity 13572K, committed 13696K, reserved 1048576K
}
Event: 68.757 GC heap before
{Heap before GC invocations=72 (full 22):
 garbage-first heap   total 201728K, used 142109K [0x0000000740000000, 0x0000000800000000)
  region size 1024K, 60 young (61440K), 2 survivors (2048K)
 Metaspace       used 90685K, capacity 92992K, committed 93268K, reserved 1128448K
  class space    used 12785K, capacity 13847K, committed 13952K, reserved 1048576K
}
Event: 68.760 GC heap after
{Heap after GC invocations=73 (full 22):
 garbage-first heap   total 201728K, used 83792K [0x0000000740000000, 0x0000000800000000)
  region size 1024K, 3 young (3072K), 3 survivors (3072K)
 Metaspace       used 90685K, capacity 92992K, committed 93268K, reserved 1128448K
  class space    used 12785K, capacity 13847K, committed 13952K, reserved 1048576K
}
Event: 78.372 GC heap before
{Heap before GC invocations=73 (full 22):
 garbage-first heap   total 201728K, used 142160K [0x0000000740000000, 0x0000000800000000)
  region size 1024K, 60 young (61440K), 3 survivors (3072K)
 Metaspace       used 91405K, capacity 93769K, committed 94036K, reserved 1130496K
  class space    used 12856K, capacity 13914K, committed 13952K, reserved 1048576K
}
Event: 78.376 GC heap after
{Heap after GC invocations=74 (full 22):
 garbage-first heap   total 201728K, used 84357K [0x0000000740000000, 0x0000000800000000)
  region size 1024K, 4 young (4096K), 4 survivors (4096K)
 Metaspace       used 91405K, capacity 93769K, committed 94036K, reserved 1130496K
  class space    used 12856K, capacity 13914K, committed 13952K, reserved 1048576K
}
Event: 79.537 GC heap before
{Heap before GC invocations=74 (full 22):
 garbage-first heap   total 201728K, used 141701K [0x0000000740000000, 0x0000000800000000)
  region size 1024K, 60 young (61440K), 4 survivors (4096K)
 Metaspace       used 91537K, capacity 93897K, committed 94036K, reserved 1130496K
  class space    used 12861K, capacity 13914K, committed 13952K, reserved 1048576K
}
Event: 79.541 GC heap after
{Heap after GC invocations=75 (full 22):
 garbage-first heap   total 201728K, used 84454K [0x0000000740000000, 0x0000000800000000)
  region size 1024K, 4 young (4096K), 4 survivors (4096K)
 Metaspace       used 91537K, capacity 93897K, committed 94036K, reserved 1130496K
  class space    used 12861K, capacity 13914K, committed 13952K, reserved 1048576K
}

Deoptimization events (10 events):
Event: 75.095 Thread 0x00000217ed41f000 Uncommon trap: reason=class_check action=maybe_recompile pc=0x0000021788114898 method=ui.frmwork.cmd.a.hsQ()Z @ 24 c2
Event: 75.095 Thread 0x00000217ed41f000 Uncommon trap: reason=class_check action=maybe_recompile pc=0x0000021788114898 method=ui.frmwork.cmd.a.hsQ()Z @ 24 c2
Event: 75.095 Thread 0x00000217ed41f000 Uncommon trap: reason=class_check action=maybe_recompile pc=0x0000021788114898 method=ui.frmwork.cmd.a.hsQ()Z @ 24 c2
Event: 75.095 Thread 0x00000217ed41f000 Uncommon trap: reason=class_check action=maybe_recompile pc=0x0000021788114898 method=ui.frmwork.cmd.a.hsQ()Z @ 24 c2
Event: 76.650 Thread 0x00000217ed41f000 Uncommon trap: reason=unstable_if action=reinterpret pc=0x00000217885d33b0 method=java.awt.Component.areInputMethodsEnabled()Z @ 10 c2
Event: 77.172 Thread 0x00000217ed41f000 Uncommon trap: reason=class_check action=maybe_recompile pc=0x00000217884e3dc8 method=java.awt.Component.addNotify()V @ 200 c2
Event: 77.173 Thread 0x00000217ed41f000 Uncommon trap: reason=speculate_class_check action=maybe_recompile pc=0x0000021788413d1c method=java.awt.Component.reshape(IIII)V @ 222 c2
Event: 77.174 Thread 0x00000217ed41f000 Uncommon trap: reason=speculate_class_check action=maybe_recompile pc=0x0000021788413d1c method=java.awt.Component.reshape(IIII)V @ 222 c2
Event: 78.241 Thread 0x00000217fdb2c000 Uncommon trap: reason=unstable_if action=reinterpret pc=0x0000021787f81ad0 method=java.awt.EventQueue.cacheEQItem(Lsun/awt/EventQueueItem;)V @ 23 c2
Event: 79.272 Thread 0x00000217ed41f000 Uncommon trap: reason=unstable_if action=reinterpret pc=0x0000021788942158 method=javax.swing.JComponent._paintImmediately(IIII)V @ 213 c2

Classes redefined (0 events):
No events

Internal exceptions (10 events):
Event: 67.582 Thread 0x00000217ed41f000 Exception <a 'java/lang/NoSuchMethodError'{0x00000007491e5b48}: java.lang.invoke.DirectMethodHandle$Holder.invokeSpecial(Ljava/lang/Object;Ljava/lang/Object;IILjava/lang/Object;Ljava/lang/Object;Ljava/lang/Object;Ljava/lang/Object;Ljava/lang/Object;Ljava/
Event: 67.582 Thread 0x00000217ed41f000 Exception <a 'java/lang/NoSuchMethodError'{0x00000007491ea888}: java.lang.invoke.DelegatingMethodHandle$Holder.reinvoke_L(Ljava/lang/Object;IILjava/lang/Object;Ljava/lang/Object;Ljava/lang/Object;Ljava/lang/Object;Ljava/lang/Object;Ljava/lang/Object;Ljava
Event: 67.585 Thread 0x00000217ed41f000 Exception <a 'java/lang/NoSuchMethodError'{0x00000007490a3bd0}: java.lang.invoke.DirectMethodHandle$Holder.invokeSpecial(Ljava/lang/Object;Ljava/lang/Object;Ljava/lang/Object;Ljava/lang/Object;Ljava/lang/Object;Ljava/lang/Object;Ljava/lang/Object;Ljava/la
Event: 67.585 Thread 0x00000217ed41f000 Exception <a 'java/lang/NoSuchMethodError'{0x00000007490cc740}: java.lang.invoke.Invokers$Holder.linkToTargetMethod(Ljava/lang/Object;Ljava/lang/Object;Ljava/lang/Object;Ljava/lang/Object;Ljava/lang/Object;Ljava/lang/Object;Ljava/lang/Object;Ljava/lang/Ob
Event: 67.713 Thread 0x00000217ed41f000 Exception <a 'java/io/FileNotFoundException'{0x0000000748e6ad00}> (0x0000000748e6ad00) thrown at [t:/workspace/open/src/hotspot/share/prims/jni.cpp, line 615]
Event: 72.714 Thread 0x00000217ed41f000 Exception <a 'java/io/FileNotFoundException'{0x000000074ba7fea8}> (0x000000074ba7fea8) thrown at [t:/workspace/open/src/hotspot/share/prims/jni.cpp, line 615]
Event: 76.218 Thread 0x00000217edd83800 Exception <a 'java/lang/InterruptedException'{0x000000074a3de980}: sleep interrupted> (0x000000074a3de980) thrown at [t:/workspace/open/src/hotspot/share/prims/jvm.cpp, line 3117]
Event: 76.231 Thread 0x00000217f1636000 Exception <a 'java/lang/InterruptedException'{0x000000074a28d940}: sleep interrupted> (0x000000074a28d940) thrown at [t:/workspace/open/src/hotspot/share/prims/jvm.cpp, line 3091]
Event: 76.235 Thread 0x00000217f1636000 Exception <a 'java/lang/InterruptedException'{0x000000074a29b360}: sleep interrupted> (0x000000074a29b360) thrown at [t:/workspace/open/src/hotspot/share/prims/jvm.cpp, line 3091]
Event: 77.714 Thread 0x00000217ed41f000 Exception <a 'java/io/FileNotFoundException'{0x00000007497377f8}> (0x00000007497377f8) thrown at [t:/workspace/open/src/hotspot/share/prims/jni.cpp, line 615]

Events (10 events):
Event: 79.320 Thread 0x00000217edd83800 Thread added: 0x00000217edd83800
Event: 79.498 Thread 0x00000217ed41f000 DEOPT PACKING pc=0x00000217814f00eb sp=0x000000563dcf7140
Event: 79.498 Thread 0x00000217ed41f000 DEOPT UNPACKING pc=0x0000021780028fce sp=0x000000563dcf65f0 mode 0
Event: 79.537 Executing VM operation: G1CollectForAllocation
Event: 79.541 Executing VM operation: G1CollectForAllocation done
Event: 79.842 Thread 0x00000217f162a800 Thread added: 0x00000217f162a800
Event: 79.846 Thread 0x00000217f162a800 Thread exited: 0x00000217f162a800
Event: 79.949 Thread 0x00000217edd83800 Thread exited: 0x00000217edd83800
Event: 79.954 Thread 0x00000217ed41f000 DEOPT PACKING pc=0x000002178184d8cc sp=0x000000563dcf6c50
Event: 79.954 Thread 0x00000217ed41f000 DEOPT UNPACKING pc=0x0000021780028fce sp=0x000000563dcf6098 mode 0


Dynamic libraries:
0x00007ff7ec110000 - 0x00007ff7ec13f000 	C:\Xilinx\Vivado\2020.2\bin\unwrapped\win64.o\vivado.exe
0x00007ff866190000 - 0x00007ff866388000 	C:\Windows\SYSTEM32\ntdll.dll
0x00007ff864d10000 - 0x00007ff864dcf000 	C:\Windows\System32\KERNEL32.DLL
0x00007ff863af0000 - 0x00007ff863dc2000 	C:\Windows\System32\KERNELBASE.dll
0x00007ff863e00000 - 0x00007ff863f00000 	C:\Windows\System32\ucrtbase.dll
0x00007ff8426e0000 - 0x00007ff84276e000 	C:\Windows\SYSTEM32\MSVCP140.dll
0x00007ff849940000 - 0x00007ff84995b000 	C:\Windows\SYSTEM32\VCRUNTIME140.dll
0x00007ff85e1f0000 - 0x00007ff85e203000 	C:\Xilinx\Vivado\2020.2\lib\win64.o\libboost_signals.dll
0x00007fffc9bc0000 - 0x00007fffcad37000 	C:\Xilinx\Vivado\2020.2\lib\win64.o\librdi_common.dll
0x00007ff84b7e0000 - 0x00007ff84b7f8000 	C:\Xilinx\Vivado\2020.2\lib\win64.o\librdi_commonmain.dll
0x00007ff8426a0000 - 0x00007ff8426ac000 	C:\Windows\SYSTEM32\VCRUNTIME140_1.dll
0x00007ff864b60000 - 0x00007ff864d01000 	C:\Windows\System32\USER32.dll
0x00007ff864110000 - 0x00007ff864132000 	C:\Windows\System32\win32u.dll
0x00007ff864480000 - 0x00007ff8644ab000 	C:\Windows\System32\GDI32.dll
0x00007ff863f50000 - 0x00007ff86405f000 	C:\Windows\System32\gdi32full.dll
0x00007ff863880000 - 0x00007ff86391d000 	C:\Windows\System32\msvcp_win.dll
0x00007fffc9850000 - 0x00007fffc9bbe000 	C:\Xilinx\Vivado\2020.2\lib\win64.o\libCOIN-all.dll
0x00007ff849970000 - 0x00007ff849980000 	C:\Xilinx\Vivado\2020.2\lib\win64.o\libboost_date_time.dll
0x00007ff8650f0000 - 0x00007ff86519e000 	C:\Windows\System32\ADVAPI32.dll
0x00007ff840a30000 - 0x00007ff840a52000 	C:\Xilinx\Vivado\2020.2\lib\win64.o\libboost_filesystem.dll
0x00007ff8660b0000 - 0x00007ff86614e000 	C:\Windows\System32\msvcrt.dll
0x00007ff864360000 - 0x00007ff8643fc000 	C:\Windows\System32\sechost.dll
0x00007ff864930000 - 0x00007ff864a55000 	C:\Windows\System32\RPCRT4.dll
0x00007ff865540000 - 0x00007ff865c84000 	C:\Windows\System32\SHELL32.dll
0x00007ff864dd0000 - 0x00007ff864e3b000 	C:\Windows\System32\WS2_32.dll
0x00007ff825b30000 - 0x00007ff825ba3000 	C:\Xilinx\Vivado\2020.2\lib\win64.o\libboost_program_options.dll
0x00007ff823850000 - 0x00007ff823961000 	C:\Xilinx\Vivado\2020.2\lib\win64.o\libboost_regex.dll
0x00007ff863dd0000 - 0x00007ff863df7000 	C:\Windows\System32\bcrypt.dll
0x00007ff85e660000 - 0x00007ff85e669000 	C:\Xilinx\Vivado\2020.2\lib\win64.o\librdi_commonversion.dll
0x00007ff822040000 - 0x00007ff8221d9000 	C:\Xilinx\Vivado\2020.2\lib\win64.o\librdi_commonxillic.dll
0x00007ff852de0000 - 0x00007ff852de9000 	C:\Xilinx\Vivado\2020.2\lib\win64.o\libboost_system.dll
0x0000000052ac0000 - 0x0000000052beb000 	C:\Xilinx\Vivado\2020.2\lib\win64.o\tcl85t.dll
0x00007ff8429a0000 - 0x00007ff8429be000 	C:\Xilinx\Vivado\2020.2\lib\win64.o\libboost_thread.dll
0x00007ff824130000 - 0x00007ff8241b2000 	C:\Xilinx\Vivado\2020.2\lib\win64.o\libhdlpsolve.dll
0x00007ff846da0000 - 0x00007ff846dac000 	C:\Xilinx\Vivado\2020.2\lib\win64.o\libboost_xilinx.dll
0x00007ff823a30000 - 0x00007ff823ad5000 	C:\Xilinx\Vivado\2020.2\lib\win64.o\libhdxml.dll
0x00007fffc8a50000 - 0x00007fffc9842600 	C:\Xilinx\Vivado\2020.2\lib\win64.o\libisl_iostreams.dll
0x00007ff840a00000 - 0x00007ff840a28000 	C:\Xilinx\Vivado\2020.2\lib\win64.o\libisl_sysinfo.dll
0x00007ff825ac0000 - 0x00007ff825b25000 	C:\Xilinx\Vivado\2020.2\lib\win64.o\liblmx6.0.dll
0x00007ff840b90000 - 0x00007ff840baa000 	C:\Xilinx\Vivado\2020.2\lib\win64.o\pthreadVC2.dll
0x00007ff83f900000 - 0x00007ff83f91c000 	C:\Xilinx\Vivado\2020.2\lib\win64.o\librdiconfig.dll
0x00007ff864f80000 - 0x00007ff864fd5000 	C:\Windows\System32\SHLWAPI.dll
0x00007ff83d320000 - 0x00007ff83d341000 	C:\Xilinx\Vivado\2020.2\lib\win64.o\librdizlib.dll
0x0000000012000000 - 0x0000000012270000 	C:\Xilinx\Vivado\2020.2\lib\win64.o\xerces-c_3_1.dll
0x00007ff84dc90000 - 0x00007ff84dca9000 	C:\Windows\SYSTEM32\NETAPI32.dll
0x00007ff84b140000 - 0x00007ff84b619000 	C:\Windows\SYSTEM32\WININET.dll
0x00007ff85a720000 - 0x00007ff85a82c000 	C:\Windows\SYSTEM32\WINHTTP.dll
0x00007ff850360000 - 0x00007ff85054d000 	C:\Windows\SYSTEM32\urlmon.dll
0x00007ff8479d0000 - 0x00007ff8479d9000 	C:\Windows\SYSTEM32\WSOCK32.dll
0x00007fffc6b30000 - 0x00007fffc8a47000 	C:\Xilinx\Vivado\2020.2\lib\win64.o\gurobi90.dll
0x00007ff863990000 - 0x00007ff863ae6000 	C:\Windows\System32\CRYPT32.dll
0x00007ff864fe0000 - 0x00007ff865036000 	C:\Windows\System32\WLDAP32.dll
0x00007ff83ce10000 - 0x00007ff83ce3e000 	C:\Windows\SYSTEM32\VCOMP140.DLL
0x00007ff864920000 - 0x00007ff864928000 	C:\Windows\System32\Normaliz.dll
0x00007ff80fe20000 - 0x00007ff8100fb000 	C:\Xilinx\Vivado\2020.2\lib\win64.o\libXil_lmgr11.dll
0x00007ff865e40000 - 0x00007ff865f1a000 	C:\Windows\System32\COMDLG32.dll
0x00007ff8651a0000 - 0x00007ff8654f5000 	C:\Windows\System32\combase.dll
0x00007ff865040000 - 0x00007ff8650ed000 	C:\Windows\System32\shcore.dll
0x00007ff845dd0000 - 0x00007ff845ddc000 	C:\Xilinx\Vivado\2020.2\lib\win64.o\libboost_chrono.dll
0x00007ff83f5f0000 - 0x00007ff83f606000 	C:\Xilinx\Vivado\2020.2\lib\win64.o\libboost_iostreams.dll
0x00007ff839c90000 - 0x00007ff839cb3000 	C:\Xilinx\Vivado\2020.2\lib\win64.o\libisl_iosutils.dll
0x00007ff864a60000 - 0x00007ff864b2d000 	C:\Windows\System32\OLEAUT32.dll
0x00007ff8641d0000 - 0x00007ff8642fa000 	C:\Windows\System32\ole32.dll
0x00007ff863920000 - 0x00007ff863989000 	C:\Windows\System32\WINTRUST.dll
0x00007ff8507b0000 - 0x00007ff850a61000 	C:\Windows\SYSTEM32\iertutil.dll
0x00007ff850330000 - 0x00007ff850358000 	C:\Windows\SYSTEM32\srvcli.dll
0x00007ff862740000 - 0x00007ff86274c000 	C:\Windows\SYSTEM32\netutils.dll
0x00007ff84db90000 - 0x00007ff84dc40000 	C:\Windows\WinSxS\amd64_microsoft.windows.common-controls_6595b64144ccf1df_5.82.19041.1110_none_792d1c772443f647\COMCTL32.dll
0x00007ff85bac0000 - 0x00007ff85badd000 	C:\Windows\SYSTEM32\dhcpcsvc.DLL
0x00007ff862940000 - 0x00007ff8629aa000 	C:\Windows\SYSTEM32\MSWSOCK.DLL
0x00007ff865500000 - 0x00007ff865532000 	C:\Windows\System32\IMM32.DLL
0x00007ff863030000 - 0x00007ff863042000 	C:\Windows\SYSTEM32\MSASN1.dll
0x00007ff860940000 - 0x00007ff860952000 	C:\Windows\SYSTEM32\kernel.appcore.dll
0x00007fffc6600000 - 0x00007fffc6b22000 	C:\Xilinx\Vivado\2020.2\lib\win64.o\librdi_commontasks.dll
0x00007ff85b9f0000 - 0x00007ff85b9fa000 	C:\Windows\SYSTEM32\VERSION.dll
0x00007fffc5ad0000 - 0x00007fffc65f3000 	C:\Xilinx\Vivado\2020.2\tps\win64\jre11.0.2\bin\server\jvm.dll
0x00007fffc57f0000 - 0x00007fffc5ac5000 	C:\Xilinx\Vivado\2020.2\lib\win64.o\librdi_sio.dll
0x00007ff862630000 - 0x00007ff86266b000 	C:\Windows\SYSTEM32\IPHLPAPI.DLL
0x00007ff8660a0000 - 0x00007ff8660a8000 	C:\Windows\System32\PSAPI.DLL
0x00007ff851d70000 - 0x00007ff851d97000 	C:\Windows\SYSTEM32\WINMM.dll
0x00007ff860c40000 - 0x00007ff8613d2000 	C:\Windows\SYSTEM32\windows.storage.dll
0x00007ff862be0000 - 0x00007ff862c10000 	C:\Windows\SYSTEM32\Wldp.dll
0x00007fffc2d30000 - 0x00007fffc57ee000 	C:\Xilinx\Vivado\2020.2\lib\win64.o\librdi_tcltasks.dll
0x00007fffc2880000 - 0x00007fffc2d26000 	C:\Xilinx\Vivado\2020.2\lib\win64.o\librdi_bitstream.dll
0x00007ff823e00000 - 0x00007ff823e7e000 	C:\Xilinx\Vivado\2020.2\lib\win64.o\librdi_boarddep.dll
0x00007ff821c80000 - 0x00007ff821e33000 	C:\Xilinx\Vivado\2020.2\lib\win64.o\librdi_board.dll
0x00007ff823070000 - 0x00007ff823166000 	C:\Xilinx\Vivado\2020.2\lib\win64.o\librdi_chipscope.dll
0x00007ff821730000 - 0x00007ff82191a000 	C:\Xilinx\Vivado\2020.2\lib\win64.o\librdi_chipscopeimpl.dll
0x00007fffbece0000 - 0x00007fffc0b0c000 	C:\Xilinx\Vivado\2020.2\lib\win64.o\librdi_constraints.dll
0x00007ff8229d0000 - 0x00007ff822b31000 	C:\Xilinx\Vivado\2020.2\lib\win64.o\librdi_containers.dll
0x00007fffbbf50000 - 0x00007fffbe30d000 	C:\Xilinx\Vivado\2020.2\lib\win64.o\librdi_coregen.dll
0x00007fffbb830000 - 0x00007fffbbf48000 	C:\Xilinx\Vivado\2020.2\lib\win64.o\librdi_coregenipxact.dll
0x00007fffc0b10000 - 0x00007fffc2871000 	C:\Xilinx\Vivado\2020.2\lib\win64.o\librdi_designutils.dll
0x00007fffa3250000 - 0x00007fffbb82f000 	C:\Xilinx\Vivado\2020.2\lib\win64.o\librdi_device.dll
0x00007fffbe970000 - 0x00007fffbecd8000 	C:\Xilinx\Vivado\2020.2\lib\win64.o\librdi_dlyest.dll
0x00007fffbe310000 - 0x00007fffbe96d000 	C:\Xilinx\Vivado\2020.2\lib\win64.o\librdi_drc.dll
0x00007fffa2860000 - 0x00007fffa2f22000 	C:\Xilinx\Vivado\2020.2\lib\win64.o\librdi_filemgmt.dll
0x00007ff8213b0000 - 0x00007ff821463000 	C:\Xilinx\Vivado\2020.2\lib\win64.o\librdi_dsp.dll
0x00007fffa2f30000 - 0x00007fffa324d000 	C:\Xilinx\Vivado\2020.2\lib\win64.o\librdi_guitools.dll
0x00007ff8257b0000 - 0x00007ff82581b000 	C:\Xilinx\Vivado\2020.2\lib\win64.o\librdi_hdf.dll
0x00007ff80da50000 - 0x00007ff80dcc7000 	C:\Xilinx\Vivado\2020.2\lib\win64.o\librdi_hip_devdesign.dll
0x00007ff811260000 - 0x00007ff8113a7000 	C:\Xilinx\Vivado\2020.2\lib\win64.o\librdi_hip_perf_analysis.dll
0x00007fffa0630000 - 0x00007fffa2204000 	C:\Xilinx\Vivado\2020.2\lib\win64.o\librdi_implflow.dll
0x00007fffa2210000 - 0x00007fffa285c000 	C:\Xilinx\Vivado\2020.2\lib\win64.o\librdi_memdata.dll
0x00007ff821fc0000 - 0x00007ff822032000 	C:\Xilinx\Vivado\2020.2\lib\win64.o\librdi_memoryarray.dll
0x00007fff9e1e0000 - 0x00007fffa0624000 	C:\Xilinx\Vivado\2020.2\lib\win64.o\librdi_mig.dll
0x00007fff9dab0000 - 0x00007fff9e1dc000 	C:\Xilinx\Vivado\2020.2\lib\win64.o\librdi_netlist.dll
0x00007ff824770000 - 0x00007ff8247c4000 	C:\Xilinx\Vivado\2020.2\lib\win64.o\librdi_pfi.dll
0x00007fff9cef0000 - 0x00007fff9d28e000 	C:\Xilinx\Vivado\2020.2\lib\win64.o\librdi_platform.dll
0x00007fff97f70000 - 0x00007fff9b177000 	C:\Xilinx\Vivado\2020.2\lib\win64.o\librdi_place.dll
0x00007fff9d290000 - 0x00007fff9daa7000 	C:\Xilinx\Vivado\2020.2\lib\win64.o\librdi_power.dll
0x00007fff9c870000 - 0x00007fff9cee4000 	C:\Xilinx\Vivado\2020.2\lib\win64.o\librdi_project.dll
0x00007fff9b930000 - 0x00007fff9c052000 	C:\Xilinx\Vivado\2020.2\lib\win64.o\librdi_psta.dll
0x00007fff9c060000 - 0x00007fff9c86c000 	C:\Xilinx\Vivado\2020.2\lib\win64.o\librdi_rsb.dll
0x00007fff9b400000 - 0x00007fff9b92b000 	C:\Xilinx\Vivado\2020.2\lib\win64.o\librdi_runs.dll
0x00007ff80d3c0000 - 0x00007ff80d4c9000 	C:\Xilinx\Vivado\2020.2\lib\win64.o\librdi_runsbase.dll
0x00007fff9b180000 - 0x00007fff9b3f4000 	C:\Xilinx\Vivado\2020.2\lib\win64.o\librdi_simdata.dll
0x00007fff96fe0000 - 0x00007fff97f61000 	C:\Xilinx\Vivado\2020.2\lib\win64.o\librdi_timing.dll
0x00007fffeb520000 - 0x00007fffeb636000 	C:\Xilinx\Vivado\2020.2\lib\win64.o\librdi_xhub.dll
0x00007ff815980000 - 0x00007ff815a27000 	C:\Xilinx\Vivado\2020.2\lib\win64.o\librdi_xhubtasks.dll
0x00007fff96df0000 - 0x00007fff96fdb000 	C:\Xilinx\Vivado\2020.2\lib\win64.o\librdi_advchipscopeimpl.dll
0x00007ff823f80000 - 0x00007ff823fc7000 	C:\Xilinx\Vivado\2020.2\lib\win64.o\libboost_serialization.dll
0x00007ff80d2d0000 - 0x00007ff80d3bb000 	C:\Xilinx\Vivado\2020.2\lib\win64.o\librdi_ipconfig_readwrite.dll
0x00007ff8216c0000 - 0x00007ff82172a000 	C:\Xilinx\Vivado\2020.2\lib\win64.o\librdi_noc_frameworks.dll
0x00007ff822810000 - 0x00007ff822856000 	C:\Xilinx\Vivado\2020.2\lib\win64.o\libboost_graph.dll
0x00007ff80f400000 - 0x00007ff80f4c6000 	C:\Xilinx\Vivado\2020.2\lib\win64.o\librdi_bda.dll
0x00007fff95860000 - 0x00007fff95fc7000 	C:\Xilinx\Vivado\2020.2\lib\win64.o\librdi_ippcw.dll
0x00007fff94d00000 - 0x00007fff95856000 	C:\Xilinx\Vivado\2020.2\lib\win64.o\libverific.dll

dbghelp: loaded successfully - version: 4.0.5 - missing functions: none
symbol engine: initialized successfully - sym options: 0x614 - pdb path: .;C:\Xilinx\Vivado\2020.2\bin\unwrapped\win64.o;C:\Windows\SYSTEM32;C:\Xilinx\Vivado\2020.2\lib\win64.o;C:\Windows\WinSxS\amd64_microsoft.windows.common-controls_6595b64144ccf1df_5.82.19041.1110_none_792d1c772443f647;C:\Xilinx\Vivado\2020.2\tps\win64\jre11.0.2\bin\server;C:\Xilinx\Vivado\2020.2\tps\win64\python-3.8.3;C:\Xilinx\Vivado\2020.2\tps\win64\jre11.0.2\bin;C:\Windows\WinSxS\amd64_microsoft.windows.common-controls_6595b64144ccf1df_6.0.19041.1110_none_60b5254171f9507e

VM Arguments:
jvm_args: -Dsun.java2d.pmoffscreen=false -Dhttps.protocols=TLSv1,TLSv1.1,TLSv1.2 -Dsun.java2d.xrender=false -Dsun.java2d.d3d=false -Dsun.awt.nopixfmt=true -Dsun.java2d.dpiaware=true -Dsun.java2d.uiScale.enabled=false -Xverify:none -Dswing.aatext=true -XX:-UsePerfData -Djdk.map.althashing.threshold=512 -XX:StringTableSize=4072 --add-opens=java.base/java.nio=ALL-UNNAMED --add-opens=java.desktop/sun.swing=ALL-UNNAMED --add-opens=java.desktop/javax.swing=ALL-UNNAMED --add-opens=java.desktop/javax.swing.tree=ALL-UNNAMED --add-opens=java.desktop/javax.swing.plaf.basic=ALL-UNNAMED --add-opens=java.desktop/javax.swing.plaf.synth=ALL-UNNAMED --add-opens=java.desktop/com.sun.awt=ALL-UNNAMED -XX:NewSize=60m -XX:MaxNewSize=60m -Xms128m -Xmx3072m -Xss5m 
java_command: <unknown>
java_class_path (initial): C:/Xilinx/Vivado/2020.2\lib\classes\alloy.jar;C:/Xilinx/Vivado/2020.2\lib\classes\ArchiveSummary.jar;C:/Xilinx/Vivado/2020.2\lib\classes\autoesl-models.jar;C:/Xilinx/Vivado/2020.2\lib\classes\autopilot.scelaborator.jar;C:/Xilinx/Vivado/2020.2\lib\classes\autopilot.sourceprocessor.jar;C:/Xilinx/Vivado/2020.2\lib\classes\autopilot.tbprocessor.jar;C:/Xilinx/Vivado/2020.2\lib\classes\batik-anim.jar;C:/Xilinx/Vivado/2020.2\lib\classes\batik-awt-util.jar;C:/Xilinx/Vivado/2020.2\lib\classes\batik-bridge.jar;C:/Xilinx/Vivado/2020.2\lib\classes\batik-codec.jar;C:/Xilinx/Vivado/2020.2\lib\classes\batik-css.jar;C:/Xilinx/Vivado/2020.2\lib\classes\batik-dom.jar;C:/Xilinx/Vivado/2020.2\lib\classes\batik-ext.jar;C:/Xilinx/Vivado/2020.2\lib\classes\batik-gui-util.jar;C:/Xilinx/Vivado/2020.2\lib\classes\batik-gvt.jar;C:/Xilinx/Vivado/2020.2\lib\classes\batik-parser.jar;C:/Xilinx/Vivado/2020.2\lib\classes\batik-script.jar;C:/Xilinx/Vivado/2020.2\lib\classes\batik-svg-dom.jar;C:/Xilinx/Vivado/2020.2\lib\classes\batik-swing.jar;C:/Xilinx/Vivado/2020.2\lib\classes\batik-transcoder.jar;C:/Xilinx/Vivado/2020.2\lib\classes\batik-util.jar;C:/Xilinx/Vivado/2020.2\lib\classes\batik-xml.jar;C:/Xilinx/Vivado/2020.2\lib\classes\com.google.gson_2.8.2.v20180104-1110.jar;C:/Xilinx/Vivado/2020.2\lib\classes\com.google.guava_27.1.0.v20190517-1946.jar;C:/Xilinx/Vivado/2020.2\lib\classes\com.ibm.icu_4.4.2.v20110208.jar;C:/Xilinx/Vivado/2020.2\lib\classes\com.sigasi.hdt.connection_4.9.0.202009050929.jar;C:/Xilinx/Vivado/2020.2\lib\classes\com.sigasi.hdt.epl_4.9.0.202009050929.jar;C:/Xilinx/Vivado/2020.2\lib\classes\com.sigasi.hdt.project_4.9.0.202009050929.jar;C:/Xilinx/Vivado/2020.2\lib\classes\com.sigasi.hdt.readonlyfilesystem_4.9.0.202009050929.jar;C:/Xilinx/Vivado/2020.2\lib\classes\com.sigasi.lcm_4.9.0.202009050929.jar;C:/Xilinx/Vivado/2020.2\lib\classes\com.sigasi.sdk.client_4.9.0.202009050929.jar;C:/Xilinx/Vivado/2020.2\lib\classes\com.xilinx.hls.services.jar;C:/Xili
Launcher Type: generic

[Global flags]
     bool BytecodeVerificationLocal                = false                                     {product} {command line}
     bool BytecodeVerificationRemote               = false                                     {product} {command line}
     intx CICompilerCount                          = 4                                         {product} {ergonomic}
     uint ConcGCThreads                            = 2                                         {product} {ergonomic}
     uint G1ConcRefinementThreads                  = 8                                         {product} {ergonomic}
   size_t G1HeapRegionSize                         = 1048576                                   {product} {ergonomic}
    uintx GCDrainStackTargetSize                   = 64                                        {product} {ergonomic}
   size_t InitialHeapSize                          = 134217728                                 {product} {command line}
   size_t MarkStackSize                            = 4194304                                   {product} {ergonomic}
   size_t MaxHeapSize                              = 3221225472                                {product} {command line}
   size_t MaxNewSize                               = 62914560                                  {product} {command line}
   size_t MinHeapDeltaBytes                        = 1048576                                   {product} {ergonomic}
   size_t NewSize                                  = 62914560                                  {product} {command line}
    uintx NonNMethodCodeHeapSize                   = 5835340                                {pd product} {ergonomic}
    uintx NonProfiledCodeHeapSize                  = 122911450                              {pd product} {ergonomic}
    uintx ProfiledCodeHeapSize                     = 122911450                              {pd product} {ergonomic}
    uintx ReservedCodeCacheSize                    = 251658240                              {pd product} {ergonomic}
     bool SegmentedCodeCache                       = true                                      {product} {ergonomic}
    uintx StringTableSize                          = 4072                                      {product} {command line}
     intx ThreadStackSize                          = 5120                                   {pd product} {command line}
     bool UseCompressedClassPointers               = true                                 {lp64_product} {ergonomic}
     bool UseCompressedOops                        = true                                 {lp64_product} {ergonomic}
     bool UseG1GC                                  = true                                      {product} {ergonomic}
     bool UseLargePagesIndividualAllocation        = false                                  {pd product} {ergonomic}
     bool UsePerfData                              = false                                     {product} {command line}

Logging:
Log output configuration:
 #0: stdout all=warning uptime,level,tags
 #1: stderr all=off uptime,level,tags

Environment Variables:
PATH=C:/Xilinx/Vivado/2020.2\gnuwin\bin;C:/Xilinx/Vivado/2020.2\gnu\microblaze\nt\bin;C:/Xilinx/Vivado/2020.2/bin;C:/Xilinx/Vivado/2020.2/tps/win64/javafx-sdk-11.0.2/lib;C:/Xilinx/Vivado/2020.2/tps/win64/javafx-sdk-11.0.2/bin;C:/Xilinx/Vivado/2020.2/lib/win64.o;C:/Xilinx/Vivado/2020.2/tps/win64/jre11.0.2/bin/server;C:/Xilinx/Vivado/2020.2/tps/win64/jre11.0.2/bin;C:/Xilinx/Vivado/2020.2/ids_lite/ISE/bin/nt64;C:/Xilinx/Vivado/2020.2/ids_lite/ISE/lib/nt64;C:/Xilinx/Vitis_HLS/2020.2/bin;C:\synopsys\Hspice_J-2014.09-SP2-2;C:\Program Files\Common Files\Oracle\Java\javapath;C:\Program Files\Java\jre1.8.0_333\bin\;C:\Program Files (x86)\VMware\VMware Workstation\bin\;C:\MinGW;C:\Windows\system32;C:\Windows;C:\Windows\System32\Wbem;C:\Windows\System32\WindowsPowerShell\v1.0\;C:\Windows\System32\OpenSSH\;C:\Program Files (x86)\NVIDIA Corporation\PhysX\Common;C:\Program Files\NVIDIA Corporation\NVIDIA NvDLISR;C:\Program Files\MATLAB\R2022a\runtime\win64;C:\Program Files\MATLAB\R2022a\bin;C:\Users\User\AppData\Local\Microsoft\WindowsApps;C:\Users\User\AppData\Local\Programs\MiKTeX\miktex\bin\x64\;C:\MinGW\bin;;C:\Users\User\AppData\Local\Programs\Microsoft VS Code\bin;C:/Xilinx/Vivado/2020.2\tps\mingw\6.2.0\win64.o\nt\bin;C:/Xilinx/Vivado/2020.2\tps\mingw\6.2.0\win64.o\nt\libexec\gcc\x86_64-w64-mingw32\6.2.0;C:/Xilinx/Vivado/2020.2\tps\win64\python-3.8.3;C:/Xilinx/Vivado/2020.2\tps\win64\python-3.8.3\bin;C:/Xilinx/Vivado/2020.2\tps\win64\python-3.8.3\lib;C:/Xilinx/Vivado/2020.2\tps\win64\python-3.8.3\lib\site-packages
USERNAME=User
OS=Windows_NT
PROCESSOR_IDENTIFIER=Intel64 Family 6 Model 158 Stepping 9, GenuineIntel



---------------  S Y S T E M  ---------------

OS: Windows 10 , 64 bit Build 19041 (10.0.19041.2364)

CPU:total 8 (initial active 8) (4 cores per cpu, 2 threads per core) family 6 model 158 stepping 9, cmov, cx8, fxsr, mmx, sse, sse2, sse3, ssse3, sse4.1, sse4.2, popcnt, avx, avx2, aes, clmul, erms, 3dnowpref, lzcnt, ht, tsc, tscinvbit, bmi1, bmi2, adx, fma

Memory: 4k page, system-wide physical 16268M (8015M free)
TotalPageFile size 19594M (AvailPageFile size 5644M)
current process WorkingSet (physical memory assigned to process): 1024M, peak: 1096M
current process commit charge ("private bytes"): 1030M, peak: 1104M

vm_info: OpenJDK 64-Bit Server VM (11.0.2+9) for windows-amd64 JRE (11.0.2+9), built on Jan 18 2019 05:23:22 by "mach5one" with MS VC++ 15.5 (VS2017)

END.
