INFO: [VRFC 10-2263] Analyzing Verilog file "D:/1111/DCCDL/VIVADO/Lab3/transfer_form_fir/transfer_form_fir.sim/sim_1/impl/timing/xsim/transposed_fir_tb_time_impl.v" into library xil_defaultlib
INFO: [VRFC 10-311] analyzing module s11_16_add
INFO: [VRFC 10-311] analyzing module s11_16_add_0
INFO: [VRFC 10-311] analyzing module s11_16_add_1
INFO: [VRFC 10-311] analyzing module s11_16_add_10
INFO: [VRFC 10-311] analyzing module s11_16_add_11
INFO: [VRFC 10-311] analyzing module s11_16_add_12
INFO: [VRFC 10-311] analyzing module s11_16_add_13
INFO: [VRFC 10-311] analyzing module s11_16_add_14
INFO: [VRFC 10-311] analyzing module s11_16_add_15
INFO: [VRFC 10-311] analyzing module s11_16_add_16
INFO: [VRFC 10-311] analyzing module s11_16_add_17
INFO: [VRFC 10-311] analyzing module s11_16_add_18
INFO: [VRFC 10-311] analyzing module s11_16_add_19
INFO: [VRFC 10-311] analyzing module s11_16_add_2
INFO: [VRFC 10-311] analyzing module s11_16_add_20
INFO: [VRFC 10-311] analyzing module s11_16_add_21
INFO: [VRFC 10-311] analyzing module s11_16_add_22
INFO: [VRFC 10-311] analyzing module s11_16_add_23
INFO: [VRFC 10-311] analyzing module s11_16_add_24
INFO: [VRFC 10-311] analyzing module s11_16_add_25
INFO: [VRFC 10-311] analyzing module s11_16_add_26
INFO: [VRFC 10-311] analyzing module s11_16_add_27
INFO: [VRFC 10-311] analyzing module s11_16_add_28
INFO: [VRFC 10-311] analyzing module s11_16_add_29
INFO: [VRFC 10-311] analyzing module s11_16_add_3
INFO: [VRFC 10-311] analyzing module s11_16_add_30
INFO: [VRFC 10-311] analyzing module s11_16_add_4
INFO: [VRFC 10-311] analyzing module s11_16_add_5
INFO: [VRFC 10-311] analyzing module s11_16_add_6
INFO: [VRFC 10-311] analyzing module s11_16_add_7
INFO: [VRFC 10-311] analyzing module s11_16_add_8
INFO: [VRFC 10-311] analyzing module s11_16_add_9
INFO: [VRFC 10-311] analyzing module s2_15_mult
INFO: [VRFC 10-311] analyzing module s2_15_mult_31
INFO: [VRFC 10-311] analyzing module s2_15_mult_32
INFO: [VRFC 10-311] analyzing module s2_15_mult_33
INFO: [VRFC 10-311] analyzing module s2_15_mult_34
INFO: [VRFC 10-311] analyzing module s2_15_mult_35
INFO: [VRFC 10-311] analyzing module s2_15_mult_36
INFO: [VRFC 10-311] analyzing module s2_15_mult_37
INFO: [VRFC 10-311] analyzing module s2_15_mult_38
INFO: [VRFC 10-311] analyzing module s2_15_mult_39
INFO: [VRFC 10-311] analyzing module s2_15_mult_40
INFO: [VRFC 10-311] analyzing module s2_15_mult_41
INFO: [VRFC 10-311] analyzing module s2_15_mult_42
INFO: [VRFC 10-311] analyzing module s2_15_mult_43
INFO: [VRFC 10-311] analyzing module s2_15_mult_44
INFO: [VRFC 10-311] analyzing module s2_15_mult_45
INFO: [VRFC 10-311] analyzing module s2_15_mult_46
INFO: [VRFC 10-311] analyzing module transposed_form_fir_top
INFO: [VRFC 10-311] analyzing module glbl
INFO: [VRFC 10-2263] Analyzing Verilog file "D:/1111/DCCDL/VIVADO/Lab3/transfer_form_fir/transfer_form_fir.srcs/sim_1/new/transposed_fir_tb.v" into library xil_defaultlib
INFO: [VRFC 10-311] analyzing module transposed_fir_tb
