
*** Running vivado
    with args -log fft32_top.vds -m64 -product Vivado -mode batch -messageDb vivado.pb -notrace -source fft32_top.tcl



****** Vivado v2020.2 (64-bit)
  **** SW Build 3064766 on Wed Nov 18 09:12:45 MST 2020
  **** IP Build 3064653 on Wed Nov 18 14:17:31 MST 2020
    ** Copyright 1986-2020 Xilinx, Inc. All Rights Reserved.

source fft32_top.tcl -notrace
Command: synth_design -top fft32_top -part xc7a200tfbg676-1
Starting synth_design
Attempting to get a license for feature 'Synthesis' and/or device 'xc7a200t'
INFO: [Common 17-349] Got license for feature 'Synthesis' and/or device 'xc7a200t'
INFO: [Synth 8-7079] Multithreading enabled for synth_design using a maximum of 2 processes.
INFO: [Synth 8-7078] Launching helper process for spawning children vivado processes
INFO: [Synth 8-7075] Helper process launched with PID 22724
---------------------------------------------------------------------------------
Starting Synthesize : Time (s): cpu = 00:00:05 ; elapsed = 00:00:06 . Memory (MB): peak = 1109.996 ; gain = 0.000
---------------------------------------------------------------------------------
INFO: [Synth 8-6157] synthesizing module 'fft32_top' [E:/1111/DCCDL/VIVADO/lab6/part2/fft_32points/fft_32points.srcs/sources_1/new/fft32_top.v:4]
INFO: [Synth 8-6157] synthesizing module 'stage_32' [E:/1111/DCCDL/VIVADO/lab6/part2/fft_32points/fft_32points.srcs/sources_1/new/stage_32.v:2]
INFO: [Synth 8-6157] synthesizing module 'commutator_32' [E:/1111/DCCDL/VIVADO/lab6/part2/fft_32points/fft_32points.srcs/sources_1/new/commutator_32.v:2]
INFO: [Synth 8-6155] done synthesizing module 'commutator_32' (1#1) [E:/1111/DCCDL/VIVADO/lab6/part2/fft_32points/fft_32points.srcs/sources_1/new/commutator_32.v:2]
INFO: [Synth 8-6157] synthesizing module 'butterfly_32' [E:/1111/DCCDL/VIVADO/lab6/part2/fft_32points/fft_32points.srcs/sources_1/new/butterfly_32.v:2]
INFO: [Synth 8-6155] done synthesizing module 'butterfly_32' (2#1) [E:/1111/DCCDL/VIVADO/lab6/part2/fft_32points/fft_32points.srcs/sources_1/new/butterfly_32.v:2]
INFO: [Synth 8-6157] synthesizing module 'mult_32' [E:/1111/DCCDL/VIVADO/lab6/part2/fft_32points/fft_32points.srcs/sources_1/new/mult_32.v:2]
INFO: [Synth 8-226] default block is never used [E:/1111/DCCDL/VIVADO/lab6/part2/fft_32points/fft_32points.srcs/sources_1/new/mult_32.v:126]
INFO: [Synth 8-6155] done synthesizing module 'mult_32' (3#1) [E:/1111/DCCDL/VIVADO/lab6/part2/fft_32points/fft_32points.srcs/sources_1/new/mult_32.v:2]
INFO: [Synth 8-6155] done synthesizing module 'stage_32' (4#1) [E:/1111/DCCDL/VIVADO/lab6/part2/fft_32points/fft_32points.srcs/sources_1/new/stage_32.v:2]
INFO: [Synth 8-6155] done synthesizing module 'fft32_top' (5#1) [E:/1111/DCCDL/VIVADO/lab6/part2/fft_32points/fft_32points.srcs/sources_1/new/fft32_top.v:4]
---------------------------------------------------------------------------------
Finished Synthesize : Time (s): cpu = 00:00:06 ; elapsed = 00:00:07 . Memory (MB): peak = 1109.996 ; gain = 0.000
---------------------------------------------------------------------------------
---------------------------------------------------------------------------------
Finished Constraint Validation : Time (s): cpu = 00:00:07 ; elapsed = 00:00:07 . Memory (MB): peak = 1109.996 ; gain = 0.000
---------------------------------------------------------------------------------
---------------------------------------------------------------------------------
Start Loading Part and Timing Information
---------------------------------------------------------------------------------
Loading part: xc7a200tfbg676-1
---------------------------------------------------------------------------------
Finished Loading Part and Timing Information : Time (s): cpu = 00:00:07 ; elapsed = 00:00:07 . Memory (MB): peak = 1109.996 ; gain = 0.000
---------------------------------------------------------------------------------
INFO: [Device 21-403] Loading part xc7a200tfbg676-1
---------------------------------------------------------------------------------
Finished RTL Optimization Phase 2 : Time (s): cpu = 00:00:08 ; elapsed = 00:00:08 . Memory (MB): peak = 1109.996 ; gain = 0.000
---------------------------------------------------------------------------------
No constraint files found.
---------------------------------------------------------------------------------
Start RTL Component Statistics 
---------------------------------------------------------------------------------
Detailed RTL Component Info : 
+---Adders : 
	   3 Input   12 Bit       Adders := 3     
	   2 Input   12 Bit       Adders := 3     
	   2 Input    5 Bit       Adders := 1     
+---Registers : 
	               16 Bit    Registers := 2     
	               12 Bit    Registers := 11    
	               11 Bit    Registers := 32    
	                5 Bit    Registers := 1     
+---Muxes : 
	   2 Input   12 Bit        Muxes := 6     
	  16 Input   12 Bit        Muxes := 2     
	   8 Input   12 Bit        Muxes := 1     
	   2 Input   11 Bit        Muxes := 8     
	   2 Input    5 Bit        Muxes := 1     
	  16 Input    3 Bit        Muxes := 1     
---------------------------------------------------------------------------------
Finished RTL Component Statistics 
---------------------------------------------------------------------------------
---------------------------------------------------------------------------------
Start Part Resource Summary
---------------------------------------------------------------------------------
Part Resources:
DSPs: 740 (col length:100)
BRAMs: 730 (col length: RAMB18 100 RAMB36 50)
---------------------------------------------------------------------------------
Finished Part Resource Summary
---------------------------------------------------------------------------------
No constraint files found.
---------------------------------------------------------------------------------
Start Cross Boundary and Area Optimization
---------------------------------------------------------------------------------
DSP Report: Generating DSP dft32/mult32/real_mult_buff1[1], operation Mode is: A*(B:0x3ec).
DSP Report: operator dft32/mult32/real_mult_buff1[1] is absorbed into DSP dft32/mult32/real_mult_buff1[1].
DSP Report: Generating DSP dft32/mult32/real_mult_buff1[2], operation Mode is: A*(B:0x3b2).
DSP Report: operator dft32/mult32/real_mult_buff1[2] is absorbed into DSP dft32/mult32/real_mult_buff1[2].
DSP Report: Generating DSP dft32/mult32/real_mult_buff1[3], operation Mode is: A*(B:0x353).
DSP Report: operator dft32/mult32/real_mult_buff1[3] is absorbed into DSP dft32/mult32/real_mult_buff1[3].
DSP Report: Generating DSP dft32/mult32/real_mult_buff1[4], operation Mode is: A*(B:0x2d4).
DSP Report: operator dft32/mult32/real_mult_buff1[4] is absorbed into DSP dft32/mult32/real_mult_buff1[4].
DSP Report: Generating DSP dft32/mult32/real_mult_buff1[5], operation Mode is: A*(B:0x238).
DSP Report: operator dft32/mult32/real_mult_buff1[5] is absorbed into DSP dft32/mult32/real_mult_buff1[5].
DSP Report: Generating DSP dft32/mult32/real_mult_buff1[6], operation Mode is: A*(B:0x187).
DSP Report: operator dft32/mult32/real_mult_buff1[6] is absorbed into DSP dft32/mult32/real_mult_buff1[6].
DSP Report: Generating DSP dft32/mult32/real_mult_buff1[7], operation Mode is: A*(B:0xc7).
DSP Report: operator dft32/mult32/real_mult_buff1[7] is absorbed into DSP dft32/mult32/real_mult_buff1[7].
DSP Report: Generating DSP dft32/mult32/real_mult_buff2[7], operation Mode is: A*(B:0x3fc14).
DSP Report: operator dft32/mult32/real_mult_buff2[7] is absorbed into DSP dft32/mult32/real_mult_buff2[7].
DSP Report: Generating DSP dft32/mult32/real_mult_buff1[10], operation Mode is: A*(B:0x3fe78).
DSP Report: operator dft32/mult32/real_mult_buff1[10] is absorbed into DSP dft32/mult32/real_mult_buff1[10].
DSP Report: Generating DSP dft32/mult32/real_mult_buff1[11], operation Mode is: A*(B:0x3fdc7).
DSP Report: operator dft32/mult32/real_mult_buff1[11] is absorbed into DSP dft32/mult32/real_mult_buff1[11].
DSP Report: Generating DSP dft32/mult32/real_mult_buff1[12], operation Mode is: A*(B:0x3fd2b).
DSP Report: operator dft32/mult32/real_mult_buff1[12] is absorbed into DSP dft32/mult32/real_mult_buff1[12].
DSP Report: Generating DSP dft32/mult32/real_mult_buff1[13], operation Mode is: A*(B:0x3fcac).
DSP Report: operator dft32/mult32/real_mult_buff1[13] is absorbed into DSP dft32/mult32/real_mult_buff1[13].
DSP Report: Generating DSP dft32/mult32/real_mult_buff1[14], operation Mode is: A*(B:0x3fc4d).
DSP Report: operator dft32/mult32/real_mult_buff1[14] is absorbed into DSP dft32/mult32/real_mult_buff1[14].
DSP Report: Generating DSP dft32/mult32/real_mult_buff1[15], operation Mode is: A*(B:0x3fc13).
DSP Report: operator dft32/mult32/real_mult_buff1[15] is absorbed into DSP dft32/mult32/real_mult_buff1[15].
DSP Report: Generating DSP dft32/mult32/real_mult_buff2[1], operation Mode is: A*(B:0x3ff39).
DSP Report: operator dft32/mult32/real_mult_buff2[1] is absorbed into DSP dft32/mult32/real_mult_buff2[1].
DSP Report: Generating DSP dft32/mult32/real_mult_buff2[2], operation Mode is: A*(B:0x3fe79).
DSP Report: operator dft32/mult32/real_mult_buff2[2] is absorbed into DSP dft32/mult32/real_mult_buff2[2].
DSP Report: Generating DSP dft32/mult32/real_mult_buff2[3], operation Mode is: A*(B:0x3fdc8).
DSP Report: operator dft32/mult32/real_mult_buff2[3] is absorbed into DSP dft32/mult32/real_mult_buff2[3].
DSP Report: Generating DSP dft32/mult32/real_mult_buff2[4], operation Mode is: A*(B:0x3fd2c).
DSP Report: operator dft32/mult32/real_mult_buff2[4] is absorbed into DSP dft32/mult32/real_mult_buff2[4].
DSP Report: Generating DSP dft32/mult32/real_mult_buff2[5], operation Mode is: A*(B:0x3fcad).
DSP Report: operator dft32/mult32/real_mult_buff2[5] is absorbed into DSP dft32/mult32/real_mult_buff2[5].
DSP Report: Generating DSP dft32/mult32/real_mult_buff2[6], operation Mode is: A*(B:0x3fc4e).
DSP Report: operator dft32/mult32/real_mult_buff2[6] is absorbed into DSP dft32/mult32/real_mult_buff2[6].
DSP Report: Generating DSP dft32/mult32/real_mult_buff1[9], operation Mode is: A*(B:0x3ff38).
DSP Report: operator dft32/mult32/real_mult_buff1[9] is absorbed into DSP dft32/mult32/real_mult_buff1[9].
DSP Report: Generating DSP dft32/mult32/imag_mult_buff1[1], operation Mode is: A*(B:0x3ec).
DSP Report: operator dft32/mult32/imag_mult_buff1[1] is absorbed into DSP dft32/mult32/imag_mult_buff1[1].
DSP Report: Generating DSP dft32/mult32/imag_mult_buff1[2], operation Mode is: A*(B:0x3b2).
DSP Report: operator dft32/mult32/imag_mult_buff1[2] is absorbed into DSP dft32/mult32/imag_mult_buff1[2].
DSP Report: Generating DSP dft32/mult32/imag_mult_buff1[3], operation Mode is: A*(B:0x353).
DSP Report: operator dft32/mult32/imag_mult_buff1[3] is absorbed into DSP dft32/mult32/imag_mult_buff1[3].
DSP Report: Generating DSP dft32/mult32/imag_mult_buff1[4], operation Mode is: A*(B:0x2d4).
DSP Report: operator dft32/mult32/imag_mult_buff1[4] is absorbed into DSP dft32/mult32/imag_mult_buff1[4].
DSP Report: Generating DSP dft32/mult32/imag_mult_buff1[5], operation Mode is: A*(B:0x238).
DSP Report: operator dft32/mult32/imag_mult_buff1[5] is absorbed into DSP dft32/mult32/imag_mult_buff1[5].
DSP Report: Generating DSP dft32/mult32/imag_mult_buff1[6], operation Mode is: A*(B:0x187).
DSP Report: operator dft32/mult32/imag_mult_buff1[6] is absorbed into DSP dft32/mult32/imag_mult_buff1[6].
DSP Report: Generating DSP dft32/mult32/imag_mult_buff1[7], operation Mode is: A*(B:0xc7).
DSP Report: operator dft32/mult32/imag_mult_buff1[7] is absorbed into DSP dft32/mult32/imag_mult_buff1[7].
DSP Report: Generating DSP dft32/mult32/imag_mult_buff1[9], operation Mode is: A*(B:0x3ff38).
DSP Report: operator dft32/mult32/imag_mult_buff1[9] is absorbed into DSP dft32/mult32/imag_mult_buff1[9].
DSP Report: Generating DSP dft32/mult32/imag_mult_buff1[10], operation Mode is: A*(B:0x3fe78).
DSP Report: operator dft32/mult32/imag_mult_buff1[10] is absorbed into DSP dft32/mult32/imag_mult_buff1[10].
DSP Report: Generating DSP dft32/mult32/imag_mult_buff1[11], operation Mode is: A*(B:0x3fdc7).
DSP Report: operator dft32/mult32/imag_mult_buff1[11] is absorbed into DSP dft32/mult32/imag_mult_buff1[11].
DSP Report: Generating DSP dft32/mult32/imag_mult_buff1[12], operation Mode is: A*(B:0x3fd2b).
DSP Report: operator dft32/mult32/imag_mult_buff1[12] is absorbed into DSP dft32/mult32/imag_mult_buff1[12].
DSP Report: Generating DSP dft32/mult32/imag_mult_buff1[13], operation Mode is: A*(B:0x3fcac).
DSP Report: operator dft32/mult32/imag_mult_buff1[13] is absorbed into DSP dft32/mult32/imag_mult_buff1[13].
DSP Report: Generating DSP dft32/mult32/imag_mult_buff1[14], operation Mode is: A*(B:0x3fc4d).
DSP Report: operator dft32/mult32/imag_mult_buff1[14] is absorbed into DSP dft32/mult32/imag_mult_buff1[14].
DSP Report: Generating DSP dft32/mult32/imag_mult_buff1[15], operation Mode is: A*(B:0x3fc13).
DSP Report: operator dft32/mult32/imag_mult_buff1[15] is absorbed into DSP dft32/mult32/imag_mult_buff1[15].
DSP Report: Generating DSP dft32/mult32/imag_mult_buff2[1], operation Mode is: A*(B:0x3ff39).
DSP Report: operator dft32/mult32/imag_mult_buff2[1] is absorbed into DSP dft32/mult32/imag_mult_buff2[1].
DSP Report: Generating DSP dft32/mult32/imag_mult_buff2[2], operation Mode is: A*(B:0x3fe79).
DSP Report: operator dft32/mult32/imag_mult_buff2[2] is absorbed into DSP dft32/mult32/imag_mult_buff2[2].
DSP Report: Generating DSP dft32/mult32/imag_mult_buff2[3], operation Mode is: A*(B:0x3fdc8).
DSP Report: operator dft32/mult32/imag_mult_buff2[3] is absorbed into DSP dft32/mult32/imag_mult_buff2[3].
DSP Report: Generating DSP dft32/mult32/imag_mult_buff2[4], operation Mode is: A*(B:0x3fd2c).
DSP Report: operator dft32/mult32/imag_mult_buff2[4] is absorbed into DSP dft32/mult32/imag_mult_buff2[4].
DSP Report: Generating DSP dft32/mult32/imag_mult_buff2[5], operation Mode is: A*(B:0x3fcad).
DSP Report: operator dft32/mult32/imag_mult_buff2[5] is absorbed into DSP dft32/mult32/imag_mult_buff2[5].
DSP Report: Generating DSP dft32/mult32/imag_mult_buff2[6], operation Mode is: A*(B:0x3fc4e).
DSP Report: operator dft32/mult32/imag_mult_buff2[6] is absorbed into DSP dft32/mult32/imag_mult_buff2[6].
DSP Report: Generating DSP dft32/mult32/imag_mult_buff2[7], operation Mode is: A*(B:0x3fc14).
DSP Report: operator dft32/mult32/imag_mult_buff2[7] is absorbed into DSP dft32/mult32/imag_mult_buff2[7].
---------------------------------------------------------------------------------
Finished Cross Boundary and Area Optimization : Time (s): cpu = 00:00:17 ; elapsed = 00:00:18 . Memory (MB): peak = 1144.562 ; gain = 34.566
---------------------------------------------------------------------------------
---------------------------------------------------------------------------------
Start ROM, RAM, DSP, Shift Register and Retiming Reporting
---------------------------------------------------------------------------------

DSP: Preliminary Mapping	Report (see note below)
+------------+---------------+--------+--------+--------+--------+--------+------+------+------+------+-------+------+------+
|Module Name | DSP Mapping   | A Size | B Size | C Size | D Size | P Size | AREG | BREG | CREG | DREG | ADREG | MREG | PREG | 
+------------+---------------+--------+--------+--------+--------+--------+------+------+------+------+-------+------+------+
|mult_32     | A*(B:0x3ec)   | 12     | 11     | -      | -      | 23     | 0    | 0    | -    | -    | -     | 0    | 0    | 
|mult_32     | A*(B:0x3b2)   | 12     | 11     | -      | -      | 23     | 0    | 0    | -    | -    | -     | 0    | 0    | 
|mult_32     | A*(B:0x353)   | 12     | 11     | -      | -      | 23     | 0    | 0    | -    | -    | -     | 0    | 0    | 
|mult_32     | A*(B:0x2d4)   | 12     | 11     | -      | -      | 23     | 0    | 0    | -    | -    | -     | 0    | 0    | 
|mult_32     | A*(B:0x238)   | 12     | 11     | -      | -      | 23     | 0    | 0    | -    | -    | -     | 0    | 0    | 
|mult_32     | A*(B:0x187)   | 12     | 10     | -      | -      | 22     | 0    | 0    | -    | -    | -     | 0    | 0    | 
|mult_32     | A*(B:0xc7)    | 12     | 9      | -      | -      | 21     | 0    | 0    | -    | -    | -     | 0    | 0    | 
|mult_32     | A*(B:0x3fc14) | 12     | 11     | -      | -      | 23     | 0    | 0    | -    | -    | -     | 0    | 0    | 
|mult_32     | A*(B:0x3fe78) | 12     | 10     | -      | -      | 22     | 0    | 0    | -    | -    | -     | 0    | 0    | 
|mult_32     | A*(B:0x3fdc7) | 12     | 11     | -      | -      | 23     | 0    | 0    | -    | -    | -     | 0    | 0    | 
|mult_32     | A*(B:0x3fd2b) | 12     | 11     | -      | -      | 23     | 0    | 0    | -    | -    | -     | 0    | 0    | 
|mult_32     | A*(B:0x3fcac) | 12     | 11     | -      | -      | 23     | 0    | 0    | -    | -    | -     | 0    | 0    | 
|mult_32     | A*(B:0x3fc4d) | 12     | 11     | -      | -      | 23     | 0    | 0    | -    | -    | -     | 0    | 0    | 
|mult_32     | A*(B:0x3fc13) | 12     | 11     | -      | -      | 23     | 0    | 0    | -    | -    | -     | 0    | 0    | 
|mult_32     | A*(B:0x3ff39) | 12     | 9      | -      | -      | 21     | 0    | 0    | -    | -    | -     | 0    | 0    | 
|mult_32     | A*(B:0x3fe79) | 12     | 10     | -      | -      | 22     | 0    | 0    | -    | -    | -     | 0    | 0    | 
|mult_32     | A*(B:0x3fdc8) | 12     | 11     | -      | -      | 23     | 0    | 0    | -    | -    | -     | 0    | 0    | 
|mult_32     | A*(B:0x3fd2c) | 12     | 11     | -      | -      | 23     | 0    | 0    | -    | -    | -     | 0    | 0    | 
|mult_32     | A*(B:0x3fcad) | 12     | 11     | -      | -      | 23     | 0    | 0    | -    | -    | -     | 0    | 0    | 
|mult_32     | A*(B:0x3fc4e) | 12     | 11     | -      | -      | 23     | 0    | 0    | -    | -    | -     | 0    | 0    | 
|mult_32     | A*(B:0x3ff38) | 12     | 9      | -      | -      | 21     | 0    | 0    | -    | -    | -     | 0    | 0    | 
|mult_32     | A*(B:0x3ec)   | 12     | 11     | -      | -      | 23     | 0    | 0    | -    | -    | -     | 0    | 0    | 
|mult_32     | A*(B:0x3b2)   | 12     | 11     | -      | -      | 23     | 0    | 0    | -    | -    | -     | 0    | 0    | 
|mult_32     | A*(B:0x353)   | 12     | 11     | -      | -      | 23     | 0    | 0    | -    | -    | -     | 0    | 0    | 
|mult_32     | A*(B:0x2d4)   | 12     | 11     | -      | -      | 23     | 0    | 0    | -    | -    | -     | 0    | 0    | 
|mult_32     | A*(B:0x238)   | 12     | 11     | -      | -      | 23     | 0    | 0    | -    | -    | -     | 0    | 0    | 
|mult_32     | A*(B:0x187)   | 12     | 10     | -      | -      | 22     | 0    | 0    | -    | -    | -     | 0    | 0    | 
|mult_32     | A*(B:0xc7)    | 12     | 9      | -      | -      | 21     | 0    | 0    | -    | -    | -     | 0    | 0    | 
|mult_32     | A*(B:0x3ff38) | 12     | 9      | -      | -      | 21     | 0    | 0    | -    | -    | -     | 0    | 0    | 
|mult_32     | A*(B:0x3fe78) | 12     | 10     | -      | -      | 22     | 0    | 0    | -    | -    | -     | 0    | 0    | 
|mult_32     | A*(B:0x3fdc7) | 12     | 11     | -      | -      | 23     | 0    | 0    | -    | -    | -     | 0    | 0    | 
|mult_32     | A*(B:0x3fd2b) | 12     | 11     | -      | -      | 23     | 0    | 0    | -    | -    | -     | 0    | 0    | 
|mult_32     | A*(B:0x3fcac) | 12     | 11     | -      | -      | 23     | 0    | 0    | -    | -    | -     | 0    | 0    | 
|mult_32     | A*(B:0x3fc4d) | 12     | 11     | -      | -      | 23     | 0    | 0    | -    | -    | -     | 0    | 0    | 
|mult_32     | A*(B:0x3fc13) | 12     | 11     | -      | -      | 23     | 0    | 0    | -    | -    | -     | 0    | 0    | 
|mult_32     | A*(B:0x3ff39) | 12     | 9      | -      | -      | 21     | 0    | 0    | -    | -    | -     | 0    | 0    | 
|mult_32     | A*(B:0x3fe79) | 12     | 10     | -      | -      | 22     | 0    | 0    | -    | -    | -     | 0    | 0    | 
|mult_32     | A*(B:0x3fdc8) | 12     | 11     | -      | -      | 23     | 0    | 0    | -    | -    | -     | 0    | 0    | 
|mult_32     | A*(B:0x3fd2c) | 12     | 11     | -      | -      | 23     | 0    | 0    | -    | -    | -     | 0    | 0    | 
|mult_32     | A*(B:0x3fcad) | 12     | 11     | -      | -      | 23     | 0    | 0    | -    | -    | -     | 0    | 0    | 
|mult_32     | A*(B:0x3fc4e) | 12     | 11     | -      | -      | 23     | 0    | 0    | -    | -    | -     | 0    | 0    | 
|mult_32     | A*(B:0x3fc14) | 12     | 11     | -      | -      | 23     | 0    | 0    | -    | -    | -     | 0    | 0    | 
+------------+---------------+--------+--------+--------+--------+--------+------+------+------+------+-------+------+------+

Note: The table above is a preliminary report that shows the DSPs inferred at the current stage of the synthesis flow. Some DSP may be reimplemented as non DSP primitives later in the synthesis flow. Multiple instantiated DSPs are reported only once.
---------------------------------------------------------------------------------
Finished ROM, RAM, DSP, Shift Register and Retiming Reporting
---------------------------------------------------------------------------------
No constraint files found.
---------------------------------------------------------------------------------
Start Timing Optimization
---------------------------------------------------------------------------------
---------------------------------------------------------------------------------
Finished Timing Optimization : Time (s): cpu = 00:00:17 ; elapsed = 00:00:18 . Memory (MB): peak = 1145.418 ; gain = 35.422
---------------------------------------------------------------------------------
---------------------------------------------------------------------------------
Start Technology Mapping
---------------------------------------------------------------------------------
---------------------------------------------------------------------------------
Finished Technology Mapping : Time (s): cpu = 00:00:18 ; elapsed = 00:00:18 . Memory (MB): peak = 1145.609 ; gain = 35.613
---------------------------------------------------------------------------------
---------------------------------------------------------------------------------
Start IO Insertion
---------------------------------------------------------------------------------
---------------------------------------------------------------------------------
Start Flattening Before IO Insertion
---------------------------------------------------------------------------------
---------------------------------------------------------------------------------
Finished Flattening Before IO Insertion
---------------------------------------------------------------------------------
---------------------------------------------------------------------------------
Start Final Netlist Cleanup
---------------------------------------------------------------------------------
---------------------------------------------------------------------------------
Finished Final Netlist Cleanup
---------------------------------------------------------------------------------
---------------------------------------------------------------------------------
Finished IO Insertion : Time (s): cpu = 00:00:22 ; elapsed = 00:00:23 . Memory (MB): peak = 1145.609 ; gain = 35.613
---------------------------------------------------------------------------------
---------------------------------------------------------------------------------
Start Renaming Generated Instances
---------------------------------------------------------------------------------
---------------------------------------------------------------------------------
Finished Renaming Generated Instances : Time (s): cpu = 00:00:22 ; elapsed = 00:00:23 . Memory (MB): peak = 1145.609 ; gain = 35.613
---------------------------------------------------------------------------------
---------------------------------------------------------------------------------
Start Rebuilding User Hierarchy
---------------------------------------------------------------------------------
---------------------------------------------------------------------------------
Finished Rebuilding User Hierarchy : Time (s): cpu = 00:00:22 ; elapsed = 00:00:23 . Memory (MB): peak = 1145.609 ; gain = 35.613
---------------------------------------------------------------------------------
---------------------------------------------------------------------------------
Start Renaming Generated Ports
---------------------------------------------------------------------------------
---------------------------------------------------------------------------------
Finished Renaming Generated Ports : Time (s): cpu = 00:00:22 ; elapsed = 00:00:23 . Memory (MB): peak = 1145.609 ; gain = 35.613
---------------------------------------------------------------------------------
---------------------------------------------------------------------------------
Start Handling Custom Attributes
---------------------------------------------------------------------------------
---------------------------------------------------------------------------------
Finished Handling Custom Attributes : Time (s): cpu = 00:00:22 ; elapsed = 00:00:23 . Memory (MB): peak = 1145.609 ; gain = 35.613
---------------------------------------------------------------------------------
---------------------------------------------------------------------------------
Start Renaming Generated Nets
---------------------------------------------------------------------------------
---------------------------------------------------------------------------------
Finished Renaming Generated Nets : Time (s): cpu = 00:00:22 ; elapsed = 00:00:23 . Memory (MB): peak = 1145.609 ; gain = 35.613
---------------------------------------------------------------------------------
---------------------------------------------------------------------------------
Start ROM, RAM, DSP, Shift Register and Retiming Reporting
---------------------------------------------------------------------------------

Static Shift Register Report:
+------------+---------------------------+--------+-------+--------------+--------------------+-------------------+--------+---------+
|Module Name | RTL Name                  | Length | Width | Reset Signal | Pull out first Reg | Pull out last Reg | SRL16E | SRLC32E | 
+------------+---------------------------+--------+-------+--------------+--------------------+-------------------+--------+---------+
|fft32_top   | dft32/dff_real_reg[0][10] | 15     | 11    | YES          | NO                 | YES               | 11     | 0       | 
|fft32_top   | dft32/dff_imag_reg[0][10] | 15     | 11    | YES          | NO                 | YES               | 11     | 0       | 
+------------+---------------------------+--------+-------+--------------+--------------------+-------------------+--------+---------+

---------------------------------------------------------------------------------
Finished ROM, RAM, DSP, Shift Register and Retiming Reporting
---------------------------------------------------------------------------------
---------------------------------------------------------------------------------
Start Writing Synthesis Report
---------------------------------------------------------------------------------

Report BlackBoxes: 
+-+--------------+----------+
| |BlackBox name |Instances |
+-+--------------+----------+
+-+--------------+----------+

Report Cell Usage: 
+------+--------+------+
|      |Cell    |Count |
+------+--------+------+
|1     |BUFG    |     1|
|2     |CARRY4  |    30|
|3     |DSP48E1 |    42|
|4     |LUT1    |    24|
|5     |LUT2    |   140|
|6     |LUT3    |    11|
|7     |LUT4    |    72|
|8     |LUT5    |    27|
|9     |LUT6    |   203|
|10    |MUXF7   |    12|
|11    |SRL16E  |    22|
|12    |FDCE    |    89|
|13    |FDRE    |   117|
|14    |IBUF    |    24|
|15    |OBUF    |   164|
+------+--------+------+

Report Instance Areas: 
+------+----------------+-------------+------+
|      |Instance        |Module       |Cells |
+------+----------------+-------------+------+
|1     |top             |             |   978|
|2     |  dft32         |stage_32     |   741|
|3     |    butterfly32 |butterfly_32 |    52|
|4     |    mult32      |mult_32      |   398|
+------+----------------+-------------+------+
---------------------------------------------------------------------------------
Finished Writing Synthesis Report : Time (s): cpu = 00:00:22 ; elapsed = 00:00:23 . Memory (MB): peak = 1145.609 ; gain = 35.613
---------------------------------------------------------------------------------
Synthesis finished with 0 errors, 0 critical warnings and 0 warnings.
Synthesis Optimization Runtime : Time (s): cpu = 00:00:22 ; elapsed = 00:00:23 . Memory (MB): peak = 1145.609 ; gain = 35.613
Synthesis Optimization Complete : Time (s): cpu = 00:00:22 ; elapsed = 00:00:23 . Memory (MB): peak = 1145.609 ; gain = 35.613
INFO: [Project 1-571] Translating synthesized netlist
Netlist sorting complete. Time (s): cpu = 00:00:00 ; elapsed = 00:00:00.032 . Memory (MB): peak = 1157.703 ; gain = 0.000
INFO: [Netlist 29-17] Analyzing 84 Unisim elements for replacement
INFO: [Netlist 29-28] Unisim Transformation completed in 0 CPU seconds
INFO: [Project 1-570] Preparing netlist for logic optimization
INFO: [Opt 31-138] Pushed 0 inverter(s) to 0 load pin(s).
Netlist sorting complete. Time (s): cpu = 00:00:00 ; elapsed = 00:00:00 . Memory (MB): peak = 1237.246 ; gain = 0.000
INFO: [Project 1-111] Unisim Transformation Summary:
No Unisim elements were transformed.

INFO: [Common 17-83] Releasing license: Synthesis
23 Infos, 0 Warnings, 0 Critical Warnings and 0 Errors encountered.
synth_design completed successfully
synth_design: Time (s): cpu = 00:00:29 ; elapsed = 00:00:39 . Memory (MB): peak = 1237.246 ; gain = 127.250
INFO: [Common 17-1381] The checkpoint 'E:/1111/DCCDL/VIVADO/lab6/part2/fft_32points/fft_32points.runs/synth_1/fft32_top.dcp' has been generated.
INFO: [runtcl-4] Executing : report_utilization -file fft32_top_utilization_synth.rpt -pb fft32_top_utilization_synth.pb
INFO: [Common 17-206] Exiting Vivado at Tue Dec 13 00:45:17 2022...
