#-----------------------------------------------------------
# Vivado v2019.1 (64-bit)
# SW Build 2552052 on Fri May 24 14:49:42 MDT 2019
# IP Build 2548770 on Fri May 24 18:01:18 MDT 2019
# Start of session at: Mon Dec  5 11:22:31 2022
# Process ID: 23628
# Current directory: D:/1111/DCCDL/lab_data/VIVADO/lab6/fft_pm6
# Command line: vivado.exe -gui_launcher_event rodinguilauncherevent13896 D:\1111\DCCDL\lab_data\VIVADO\lab6\fft_pm6\fft.xpr
# Log file: D:/1111/DCCDL/lab_data/VIVADO/lab6/fft_pm6/vivado.log
# Journal file: D:/1111/DCCDL/lab_data/VIVADO/lab6/fft_pm6\vivado.jou
#-----------------------------------------------------------
start_gui
open_project D:/1111/DCCDL/lab_data/VIVADO/lab6/fft_pm6/fft.xpr
INFO: [Project 1-313] Project file moved from 'D:/1111/DCCDL/VIVADO/lab6/fft_pm6' since last save.
WARNING: [Project 1-312] File not found as 'D:/1111/DCCDL/lab_data/VIVADO/lab6/fft_pm6/fft.srcs/sources_1/new/butterfly4.v'; using path 'D:/1111/DCCDL/VIVADO/lab6/fft_pm6/fft.srcs/sources_1/new/butterfly4.v' instead.
WARNING: [Project 1-312] File not found as 'D:/1111/DCCDL/lab_data/VIVADO/lab6/fft_pm6/fft.srcs/sources_1/new/butterfly_2.v'; using path 'D:/1111/DCCDL/VIVADO/lab6/fft_pm6/fft.srcs/sources_1/new/butterfly_2.v' instead.
WARNING: [Project 1-312] File not found as 'D:/1111/DCCDL/lab_data/VIVADO/lab6/fft_pm6/fft.srcs/sources_1/new/commutator4.v'; using path 'D:/1111/DCCDL/VIVADO/lab6/fft_pm6/fft.srcs/sources_1/new/commutator4.v' instead.
WARNING: [Project 1-312] File not found as 'D:/1111/DCCDL/lab_data/VIVADO/lab6/fft_pm6/fft.srcs/sources_1/new/commutator_2.v'; using path 'D:/1111/DCCDL/VIVADO/lab6/fft_pm6/fft.srcs/sources_1/new/commutator_2.v' instead.
WARNING: [Project 1-312] File not found as 'D:/1111/DCCDL/lab_data/VIVADO/lab6/fft_pm6/fft.srcs/sources_1/new/commutator_8.v'; using path 'D:/1111/DCCDL/VIVADO/lab6/fft_pm6/fft.srcs/sources_1/new/commutator_8.v' instead.
Scanning sources...
Finished scanning sources
WARNING: [Project 1-312] File not found as 'D:/1111/DCCDL/lab_data/VIVADO/lab6/fft_pm6/fft.srcs/sources_1/new/butterfly4.v'; using path 'D:/1111/DCCDL/VIVADO/lab6/fft_pm6/fft.srcs/sources_1/new/butterfly4.v' instead.
WARNING: [Project 1-312] File not found as 'D:/1111/DCCDL/lab_data/VIVADO/lab6/fft_pm6/fft.srcs/sources_1/new/butterfly_2.v'; using path 'D:/1111/DCCDL/VIVADO/lab6/fft_pm6/fft.srcs/sources_1/new/butterfly_2.v' instead.
WARNING: [Project 1-312] File not found as 'D:/1111/DCCDL/lab_data/VIVADO/lab6/fft_pm6/fft.srcs/sources_1/new/commutator4.v'; using path 'D:/1111/DCCDL/VIVADO/lab6/fft_pm6/fft.srcs/sources_1/new/commutator4.v' instead.
WARNING: [Project 1-312] File not found as 'D:/1111/DCCDL/lab_data/VIVADO/lab6/fft_pm6/fft.srcs/sources_1/new/commutator_2.v'; using path 'D:/1111/DCCDL/VIVADO/lab6/fft_pm6/fft.srcs/sources_1/new/commutator_2.v' instead.
WARNING: [Project 1-312] File not found as 'D:/1111/DCCDL/lab_data/VIVADO/lab6/fft_pm6/fft.srcs/sources_1/new/commutator_8.v'; using path 'D:/1111/DCCDL/VIVADO/lab6/fft_pm6/fft.srcs/sources_1/new/commutator_8.v' instead.
WARNING: [Project 1-312] File not found as 'D:/1111/DCCDL/lab_data/VIVADO/lab6/fft_pm6/fft.srcs/sources_1/new/butterfly4.v'; using path 'D:/1111/DCCDL/VIVADO/lab6/fft_pm6/fft.srcs/sources_1/new/butterfly4.v' instead.
WARNING: [Project 1-312] File not found as 'D:/1111/DCCDL/lab_data/VIVADO/lab6/fft_pm6/fft.srcs/sources_1/new/butterfly_2.v'; using path 'D:/1111/DCCDL/VIVADO/lab6/fft_pm6/fft.srcs/sources_1/new/butterfly_2.v' instead.
WARNING: [Project 1-312] File not found as 'D:/1111/DCCDL/lab_data/VIVADO/lab6/fft_pm6/fft.srcs/sources_1/new/commutator4.v'; using path 'D:/1111/DCCDL/VIVADO/lab6/fft_pm6/fft.srcs/sources_1/new/commutator4.v' instead.
WARNING: [Project 1-312] File not found as 'D:/1111/DCCDL/lab_data/VIVADO/lab6/fft_pm6/fft.srcs/sources_1/new/commutator_2.v'; using path 'D:/1111/DCCDL/VIVADO/lab6/fft_pm6/fft.srcs/sources_1/new/commutator_2.v' instead.
WARNING: [Project 1-312] File not found as 'D:/1111/DCCDL/lab_data/VIVADO/lab6/fft_pm6/fft.srcs/sources_1/new/commutator_8.v'; using path 'D:/1111/DCCDL/VIVADO/lab6/fft_pm6/fft.srcs/sources_1/new/commutator_8.v' instead.
INFO: [IP_Flow 19-234] Refreshing IP repositories
INFO: [IP_Flow 19-1704] No user IP repositories specified
INFO: [IP_Flow 19-2313] Loaded Vivado IP repository 'C:/Xilinx/Vivado/2019.1/data/ip'.
open_project: Time (s): cpu = 00:00:17 ; elapsed = 00:00:08 . Memory (MB): peak = 817.309 ; gain = 138.961
update_compile_order -fileset sources_1
launch_simulation -mode post-implementation -type timing
INFO: [Vivado 12-5682] Launching post-implementation timing simulation in 'D:/1111/DCCDL/lab_data/VIVADO/lab6/fft_pm6/fft.sim/sim_1/impl/timing/xsim'
INFO: [SIM-utils-51] Simulation object is 'sim_1'
INFO: [Device 21-403] Loading part xc7a200tfbg676-1
INFO: [Netlist 29-17] Analyzing 91 Unisim elements for replacement
INFO: [Netlist 29-28] Unisim Transformation completed in 0 CPU seconds
INFO: [Project 1-479] Netlist was created with Vivado 2019.1
INFO: [Project 1-570] Preparing netlist for logic optimization
Reading XDEF placement.
Reading placer database...
Reading XDEF routing.
Read XDEF File: Time (s): cpu = 00:00:00 ; elapsed = 00:00:00.269 . Memory (MB): peak = 1195.465 ; gain = 2.117
Restored from archive | CPU: 0.000000 secs | Memory: 0.000000 MB |
Finished XDEF File Restore: Time (s): cpu = 00:00:00 ; elapsed = 00:00:00.270 . Memory (MB): peak = 1195.465 ; gain = 2.117
Netlist sorting complete. Time (s): cpu = 00:00:00 ; elapsed = 00:00:00.001 . Memory (MB): peak = 1195.492 ; gain = 0.000
INFO: [Project 1-111] Unisim Transformation Summary:
No Unisim elements were transformed.

open_run: Time (s): cpu = 00:00:26 ; elapsed = 00:00:18 . Memory (MB): peak = 1338.270 ; gain = 491.801
INFO: [SIM-utils-31] Writing simulation netlist file for design 'impl_1'...
INFO: [SIM-utils-32] write_verilog -mode timesim -nolib -sdf_anno true -force -file "D:/1111/DCCDL/lab_data/VIVADO/lab6/fft_pm6/fft.sim/sim_1/impl/timing/xsim/stage1_tb_time_impl.v"
write_verilog: Time (s): cpu = 00:00:08 ; elapsed = 00:00:07 . Memory (MB): peak = 1394.512 ; gain = 53.754
INFO: [SIM-utils-34] Writing SDF file...
INFO: [SIM-utils-35] write_sdf -mode timesim -process_corner slow -force -file "D:/1111/DCCDL/lab_data/VIVADO/lab6/fft_pm6/fft.sim/sim_1/impl/timing/xsim/stage1_tb_time_impl.sdf"
write_sdf: Time (s): cpu = 00:00:07 ; elapsed = 00:00:07 . Memory (MB): peak = 1784.414 ; gain = 389.902
INFO: [SIM-utils-36] Netlist generated:D:/1111/DCCDL/lab_data/VIVADO/lab6/fft_pm6/fft.sim/sim_1/impl/timing/xsim/stage1_tb_time_impl.v
INFO: [SIM-utils-37] SDF generated:D:/1111/DCCDL/lab_data/VIVADO/lab6/fft_pm6/fft.sim/sim_1/impl/timing/xsim/stage1_tb_time_impl.sdf
INFO: [SIM-utils-54] Inspecting design source files for 'stage1_tb' in fileset 'sim_1'...
INFO: [USF-XSim-2] XSim::Compile design
INFO: [USF-XSim-61] Executing 'COMPILE and ANALYZE' step in 'D:/1111/DCCDL/lab_data/VIVADO/lab6/fft_pm6/fft.sim/sim_1/impl/timing/xsim'
"xvlog --incr --relax -prj stage1_tb_vlog.prj"
INFO: [VRFC 10-2263] Analyzing Verilog file "D:/1111/DCCDL/lab_data/VIVADO/lab6/fft_pm6/fft.sim/sim_1/impl/timing/xsim/stage1_tb_time_impl.v" into library xil_defaultlib
INFO: [VRFC 10-311] analyzing module butterfly_4
INFO: [VRFC 10-311] analyzing module butterfly_8
INFO: [VRFC 10-311] analyzing module fft_top
INFO: [VRFC 10-311] analyzing module mult_4
INFO: [VRFC 10-311] analyzing module mult_8
INFO: [VRFC 10-311] analyzing module ping_pong_access
INFO: [VRFC 10-311] analyzing module stage_2
INFO: [VRFC 10-311] analyzing module stage_4
INFO: [VRFC 10-311] analyzing module stage_8
INFO: [VRFC 10-311] analyzing module glbl
INFO: [VRFC 10-2263] Analyzing Verilog file "D:/1111/DCCDL/lab_data/VIVADO/lab6/fft_pm6/fft.srcs/sim_1/new/stage1_tb.v" into library xil_defaultlib
INFO: [VRFC 10-311] analyzing module stage1_tb
INFO: [USF-XSim-69] 'compile' step finished in '2' seconds
INFO: [USF-XSim-3] XSim::Elaborate design
INFO: [USF-XSim-61] Executing 'ELABORATE' step in 'D:/1111/DCCDL/lab_data/VIVADO/lab6/fft_pm6/fft.sim/sim_1/impl/timing/xsim'
"xelab -wto 2394abec491d48f08ebb807feb281ab5 --incr --debug typical --relax --mt 2 --maxdelay -L xil_defaultlib -L simprims_ver -L secureip --snapshot stage1_tb_time_impl -transport_int_delays -pulse_r 0 -pulse_int_r 0 -pulse_e 0 -pulse_int_e 0 xil_defaultlib.stage1_tb xil_defaultlib.glbl -log elaborate.log"
Vivado Simulator 2019.1
Copyright 1986-1999, 2001-2019 Xilinx, Inc. All Rights Reserved.
Running: C:/Xilinx/Vivado/2019.1/bin/unwrapped/win64.o/xelab.exe -wto 2394abec491d48f08ebb807feb281ab5 --incr --debug typical --relax --mt 2 --maxdelay -L xil_defaultlib -L simprims_ver -L secureip --snapshot stage1_tb_time_impl -transport_int_delays -pulse_r 0 -pulse_int_r 0 -pulse_e 0 -pulse_int_e 0 xil_defaultlib.stage1_tb xil_defaultlib.glbl -log elaborate.log 
Using 2 slave threads.
Starting static elaboration
Completed static elaboration
Starting simulation data flow analysis
Completed simulation data flow analysis
INFO: [XSIM 43-3451] SDF backannotation process started with SDF file "stage1_tb_time_impl.sdf", for root module "stage1_tb/dft1".
INFO: [XSIM 43-3452] SDF backannotation was successful for SDF file "stage1_tb_time_impl.sdf", for root module "stage1_tb/dft1".
Time Resolution for simulation is 1ps
Compiling module simprims_ver.IBUF
Compiling module simprims_ver.OBUF
Compiling module simprims_ver.FDCE_default
Compiling module simprims_ver.FDRE_default
Compiling module simprims_ver.SRL16E_default
Compiling module simprims_ver.BUFG
Compiling module simprims_ver.x_lut3_mux8
Compiling module simprims_ver.LUT3
Compiling module simprims_ver.LUT4
Compiling module simprims_ver.CARRY4
Compiling module simprims_ver.x_lut1_mux2
Compiling module simprims_ver.LUT1
Compiling module simprims_ver.x_lut2_mux4
Compiling module simprims_ver.LUT2
Compiling module simprims_ver.LUT5
Compiling module xil_defaultlib.butterfly_8
Compiling module simprims_ver.FDPE_default
Compiling module simprims_ver.DSP48E1(ACASCREG=0,ALUMODEREG=0,...
Compiling module simprims_ver.LUT6
Compiling module simprims_ver.DSP48E1(ACASCREG=0,ALUMODEREG=0,...
Compiling module xil_defaultlib.mult_8
Compiling module xil_defaultlib.stage_8
Compiling module xil_defaultlib.butterfly_4
Compiling module xil_defaultlib.mult_4
Compiling module xil_defaultlib.stage_4
Compiling module xil_defaultlib.stage_2
Compiling module xil_defaultlib.ping_pong_access
Compiling module xil_defaultlib.fft_top
Compiling module xil_defaultlib.stage1_tb
Compiling module xil_defaultlib.glbl
Built simulation snapshot stage1_tb_time_impl
run_program: Time (s): cpu = 00:00:09 ; elapsed = 00:00:26 . Memory (MB): peak = 1817.164 ; gain = 26.957
INFO: [USF-XSim-69] 'elaborate' step finished in '26' seconds
INFO: [USF-XSim-4] XSim::Simulate design
INFO: [USF-XSim-61] Executing 'SIMULATE' step in 'D:/1111/DCCDL/lab_data/VIVADO/lab6/fft_pm6/fft.sim/sim_1/impl/timing/xsim'
INFO: [USF-XSim-98] *** Running xsim
   with args "stage1_tb_time_impl -key {Post-Implementation:sim_1:Timing:stage1_tb} -tclbatch {stage1_tb.tcl} -view {D:/1111/DCCDL/lab_data/VIVADO/lab6/fft_pm6/stage1_tb_behav.wcfg} -log {simulate.log}"
INFO: [USF-XSim-8] Loading simulator feature
Vivado Simulator 2019.1
Time resolution is 1 ps
open_wave_config D:/1111/DCCDL/lab_data/VIVADO/lab6/fft_pm6/stage1_tb_behav.wcfg
source stage1_tb.tcl
# set curr_wave [current_wave_config]
# if { [string length $curr_wave] == 0 } {
#   if { [llength [get_objects]] > 0} {
#     add_wave /
#     set_property needs_save false [current_wave_config]
#   } else {
#      send_msg_id Add_Wave-1 WARNING "No top level signals found. Simulator will start without a wave window. If you want to open a wave window go to 'File->New Waveform Configuration' or type 'create_wave_config' in the TCL console."
#   }
# }
# run 1000ns
xsim: Time (s): cpu = 00:00:12 ; elapsed = 00:00:06 . Memory (MB): peak = 1842.578 ; gain = 11.449
INFO: [USF-XSim-96] XSim completed. Design snapshot 'stage1_tb_time_impl' loaded.
INFO: [USF-XSim-97] XSim simulation ran for 1000ns
launch_simulation: Time (s): cpu = 00:01:13 ; elapsed = 00:01:10 . Memory (MB): peak = 1842.578 ; gain = 996.109
close_sim
INFO: [Simtcl 6-16] Simulation closed
exit
INFO: [Common 17-206] Exiting Vivado at Mon Dec  5 11:24:35 2022...
