INFO: [VRFC 10-2263] Analyzing Verilog file "D:/1111/DCCDL/VIVADO/lab6/part2/lab/lab.sim/sim_1/impl/timing/xsim/top_tb_time_impl.v" into library xil_defaultlib
INFO: [VRFC 10-311] analyzing module butterfly_16
INFO: [VRFC 10-311] analyzing module butterfly_2
INFO: [VRFC 10-311] analyzing module butterfly_32
INFO: [VRFC 10-311] analyzing module butterfly_4
INFO: [VRFC 10-311] analyzing module butterfly_8
INFO: [VRFC 10-311] analyzing module delay1
INFO: [VRFC 10-311] analyzing module fft32_top
INFO: [VRFC 10-311] analyzing module mult_16
INFO: [VRFC 10-311] analyzing module mult_32
INFO: [VRFC 10-311] analyzing module mult_4
INFO: [VRFC 10-311] analyzing module mult_8
INFO: [VRFC 10-311] analyzing module ping_pong_access2
INFO: [VRFC 10-311] analyzing module stage_16
INFO: [VRFC 10-311] analyzing module stage_2
INFO: [VRFC 10-311] analyzing module stage_32
INFO: [VRFC 10-311] analyzing module stage_4
INFO: [VRFC 10-311] analyzing module stage_8
INFO: [VRFC 10-311] analyzing module top_top
INFO: [VRFC 10-311] analyzing module glbl
INFO: [VRFC 10-2263] Analyzing Verilog file "D:/1111/DCCDL/VIVADO/lab6/part2/lab/lab.srcs/sim_1/new/top_tb.v" into library xil_defaultlib
INFO: [VRFC 10-311] analyzing module top_tb
WARNING: [VRFC 10-2096] empty statement in sequential block [D:/1111/DCCDL/VIVADO/lab6/part2/lab/lab.srcs/sim_1/new/top_tb.v:64]
