#-----------------------------------------------------------
# Vivado v2019.1 (64-bit)
# SW Build 2552052 on Fri May 24 14:49:42 MDT 2019
# IP Build 2548770 on Fri May 24 18:01:18 MDT 2019
# Start of session at: Wed Nov  9 17:59:40 2022
# Process ID: 16828
# Current directory: D:/1111/DCCDL/VIVADO/Lab4/interpolator
# Command line: vivado.exe -gui_launcher_event rodinguilauncherevent19544 D:\1111\DCCDL\VIVADO\Lab4\interpolator\interpolator.xpr
# Log file: D:/1111/DCCDL/VIVADO/Lab4/interpolator/vivado.log
# Journal file: D:/1111/DCCDL/VIVADO/Lab4/interpolator\vivado.jou
#-----------------------------------------------------------
start_gui
open_project D:/1111/DCCDL/VIVADO/Lab4/interpolator/interpolator.xpr
Scanning sources...
Finished scanning sources
INFO: [IP_Flow 19-234] Refreshing IP repositories
INFO: [IP_Flow 19-1704] No user IP repositories specified
INFO: [IP_Flow 19-2313] Loaded Vivado IP repository 'C:/Xilinx/Vivado/2019.1/data/ip'.
open_project: Time (s): cpu = 00:00:18 ; elapsed = 00:00:08 . Memory (MB): peak = 814.082 ; gain = 163.500
update_compile_order -fileset sources_1
exit
INFO: [Common 17-206] Exiting Vivado at Wed Nov  9 18:00:14 2022...
