#
# A fatal error has been detected by the Java Runtime Environment:
#
#  EXCEPTION_ACCESS_VIOLATION (0xc0000005) at pc=0x00007fffc9d52745, pid=2344, tid=1340
#
# JRE version: OpenJDK Runtime Environment (11.0.2+9) (build 11.0.2+9)
# Java VM: OpenJDK 64-Bit Server VM (11.0.2+9, mixed mode, tiered, compressed oops, g1 gc, windows-amd64)
# Problematic frame:
# C  [librdi_common.dll+0x192745]
#
# No core dump will be written. Minidumps are not enabled by default on client versions of Windows
#
# If you would like to submit a bug report, please visit:
#   http://bugreport.java.com/bugreport/crash.jsp
# The crash happened outside the Java Virtual Machine in native code.
# See problematic frame for where to report the bug.
#

---------------  S U M M A R Y ------------

Command Line: -Dsun.java2d.pmoffscreen=false -Dhttps.protocols=TLSv1,TLSv1.1,TLSv1.2 -Dsun.java2d.xrender=false -Dsun.java2d.d3d=false -Dsun.awt.nopixfmt=true -Dsun.java2d.dpiaware=true -Dsun.java2d.uiScale.enabled=false -Xverify:none -Dswing.aatext=true -XX:-UsePerfData -Djdk.map.althashing.threshold=512 -XX:StringTableSize=4072 --add-opens=java.base/java.nio=ALL-UNNAMED --add-opens=java.desktop/sun.swing=ALL-UNNAMED --add-opens=java.desktop/javax.swing=ALL-UNNAMED --add-opens=java.desktop/javax.swing.tree=ALL-UNNAMED --add-opens=java.desktop/javax.swing.plaf.basic=ALL-UNNAMED --add-opens=java.desktop/javax.swing.plaf.synth=ALL-UNNAMED --add-opens=java.desktop/com.sun.awt=ALL-UNNAMED -XX:NewSize=60m -XX:MaxNewSize=60m -Xms128m -Xmx3072m -Xss5m 

Host: Intel(R) Core(TM) i7-7700HQ CPU @ 2.80GHz, 8 cores, 15G,  Windows 10 , 64 bit Build 19041 (10.0.19041.2364)
Time: Sat Dec 31 14:57:50 2022 台北標準時間 elapsed time: 39667 seconds (0d 11h 1m 7s)

---------------  T H R E A D  ---------------

Current thread (0x000001c704e00000):  JavaThread "AWT-EventQueue-0" [_thread_in_native, id=1340, stack(0x000000a064800000,0x000000a064d00000)]

Stack: [0x000000a064800000,0x000000a064d00000],  sp=0x000000a064cfac70,  free space=5099k
Native frames: (J=compiled Java code, j=interpreted, Vv=VM code, C=native code)
C  [librdi_common.dll+0x192745]
C  [librdi_common.dll+0x187998]
C  [librdi_common.dll+0x15073d]
C  0x00007fff96193750
C  0x00007fff96217ebd
C  0x00007fff962200ab
C  0x00007fff961f159a
C  0x00007fff9622ea98
C  0x000001c728ebb2ad

Java frames: (J=compiled Java code, j=interpreted, Vv=VM code)
J 20228  ui.views.waveform.waveformi.WVExecutive_getTooltipTextDelayed(J)Ljava/lang/String; (0 bytes) @ 0x000001c728ebb211 [0x000001c728ebb1c0+0x0000000000000051]
J 27978 c2 ui.views.waveform.b.a.ca(Ljava/awt/event/MouseEvent;)V (135 bytes) @ 0x000001c728cae6b4 [0x000001c728cad440+0x0000000000001274]
J 27996 c2 ui.views.waveform.b.a.mouseMoved(Ljava/awt/event/MouseEvent;)V (32 bytes) @ 0x000001c7285d5034 [0x000001c7285d4f60+0x00000000000000d4]
J 17987 c2 java.awt.AWTEventMulticaster.mouseMoved(Ljava/awt/event/MouseEvent;)V java.desktop@11.0.2 (27 bytes) @ 0x000001c728ca5d74 [0x000001c728ca5cc0+0x00000000000000b4]
J 17987 c2 java.awt.AWTEventMulticaster.mouseMoved(Ljava/awt/event/MouseEvent;)V java.desktop@11.0.2 (27 bytes) @ 0x000001c728ca5d34 [0x000001c728ca5cc0+0x0000000000000074]
J 27218 c2 ui.frmwork.b.j.processMouseMotionEvent(Ljava/awt/event/MouseEvent;)V (131 bytes) @ 0x000001c72986fa38 [0x000001c72986f6a0+0x0000000000000398]
J 13664 c2 java.awt.Container.processEvent(Ljava/awt/AWTEvent;)V java.desktop@11.0.2 (22 bytes) @ 0x000001c7286eeb58 [0x000001c7286ee9a0+0x00000000000001b8]
J 26349 c2 java.awt.Component.dispatchEventImpl(Ljava/awt/AWTEvent;)V java.desktop@11.0.2 (777 bytes) @ 0x000001c729676af0 [0x000001c729674b20+0x0000000000001fd0]
J 19223 c2 java.awt.Container.dispatchEventImpl(Ljava/awt/AWTEvent;)V java.desktop@11.0.2 (129 bytes) @ 0x000001c728d6f268 [0x000001c728d6eb40+0x0000000000000728]
J 23993 c2 java.awt.LightweightDispatcher.retargetMouseEvent(Ljava/awt/Component;ILjava/awt/event/MouseEvent;)V java.desktop@11.0.2 (372 bytes) @ 0x000001c7292b9600 [0x000001c7292b8d80+0x0000000000000880]
J 19223 c2 java.awt.Container.dispatchEventImpl(Ljava/awt/AWTEvent;)V java.desktop@11.0.2 (129 bytes) @ 0x000001c728d6f8e0 [0x000001c728d6eb40+0x0000000000000da0]
J 17993 c2 java.awt.Window.dispatchEventImpl(Ljava/awt/AWTEvent;)V java.desktop@11.0.2 (23 bytes) @ 0x000001c728cb540c [0x000001c728cb53c0+0x000000000000004c]
J 13873 c2 java.awt.EventQueue$4.run()Ljava/lang/Object; java.desktop@11.0.2 (5 bytes) @ 0x000001c72876bdb0 [0x000001c72876bc60+0x0000000000000150]
v  ~StubRoutines::call_stub
J 4221  java.security.AccessController.doPrivileged(Ljava/security/PrivilegedAction;Ljava/security/AccessControlContext;)Ljava/lang/Object; java.base@11.0.2 (0 bytes) @ 0x000001c727e3b0b6 [0x000001c727e3b040+0x0000000000000076]
J 16063 c2 java.awt.EventQueue$5.run()Ljava/lang/Object; java.desktop@11.0.2 (5 bytes) @ 0x000001c7281c62f4 [0x000001c7281c6080+0x0000000000000274]
v  ~StubRoutines::call_stub
J 4221  java.security.AccessController.doPrivileged(Ljava/security/PrivilegedAction;Ljava/security/AccessControlContext;)Ljava/lang/Object; java.base@11.0.2 (0 bytes) @ 0x000001c727e3b0b6 [0x000001c727e3b040+0x0000000000000076]
J 18269 c2 java.awt.EventQueue.dispatchEvent(Ljava/awt/AWTEvent;)V java.desktop@11.0.2 (80 bytes) @ 0x000001c728d05d68 [0x000001c728d059c0+0x00000000000003a8]
J 18777 c2 ui.frmwork.a.d.dispatchEvent(Ljava/awt/AWTEvent;)V (42 bytes) @ 0x000001c728410554 [0x000001c728410380+0x00000000000001d4]
J 22036% c2 java.awt.EventDispatchThread.pumpEventsForFilter(ILjava/awt/Conditional;Ljava/awt/EventFilter;)V java.desktop@11.0.2 (47 bytes) @ 0x000001c728785940 [0x000001c728785780+0x00000000000001c0]
j  java.awt.EventDispatchThread.pumpEventsForHierarchy(ILjava/awt/Conditional;Ljava/awt/Component;)V+11 java.desktop@11.0.2
j  java.awt.EventDispatchThread.pumpEvents(ILjava/awt/Conditional;)V+4 java.desktop@11.0.2
j  java.awt.EventDispatchThread.pumpEvents(Ljava/awt/Conditional;)V+3 java.desktop@11.0.2
j  java.awt.EventDispatchThread.run()V+9 java.desktop@11.0.2
v  ~StubRoutines::call_stub

siginfo: EXCEPTION_ACCESS_VIOLATION (0xc0000005), reading address 0xffffffffffffffff


Register to memory mapping:

RIP=0x00007fffc9d52745 librdi_common.dll
RAX=0x000001c760f0a401 points into unknown readable memory: 00 00 00 00 00 00 00
RBX=0x9005fd008a97495a is an unknown value
RCX=0x000001c760f0a410 points into unknown readable memory: 70 bf f3 60 c7 01 00 00
RDX=0x9005fd008a97495a is an unknown value
RSP=0x000000a064cfac70 is pointing into the stack for thread: 0x000001c704e00000
RBP=0x000000a064cfada0 is pointing into the stack for thread: 0x000001c704e00000
RSI=0x000001c776746770 points into unknown readable memory: b8 e1 3d 96 ff 7f 00 00
RDI=0x000000a064cfb038 is pointing into the stack for thread: 0x000001c704e00000
R8 =0x000000a064cfaeb8 is pointing into the stack for thread: 0x000001c704e00000
R9 =0x0 is NULL
R10=0x00007ff849940000 VCRUNTIME140.dll
R11=0xcffffff4ffbffdff is an unknown value
R12=0x0 is NULL
R13=0x000000a064cfaeb8 is pointing into the stack for thread: 0x000001c704e00000
R14=0x000001c75e276ef0 points into unknown readable memory: 30 01 26 5e c7 01 00 00
R15=0x9005fd008a97495a is an unknown value


Registers:
RAX=0x000001c760f0a401, RBX=0x9005fd008a97495a, RCX=0x000001c760f0a410, RDX=0x9005fd008a97495a
RSP=0x000000a064cfac70, RBP=0x000000a064cfada0, RSI=0x000001c776746770, RDI=0x000000a064cfb038
R8 =0x000000a064cfaeb8, R9 =0x0000000000000000, R10=0x00007ff849940000, R11=0xcffffff4ffbffdff
R12=0x0000000000000000, R13=0x000000a064cfaeb8, R14=0x000001c75e276ef0, R15=0x9005fd008a97495a
RIP=0x00007fffc9d52745, EFLAGS=0x0000000000010202

Top of Stack: (sp=0x000000a064cfac70)
0x000000a064cfac70:   00000000000000a8 00007fff00000000
0x000000a064cfac80:   000000a064cfaf00 9005fd008a97495a
0x000000a064cfac90:   9005fd008a97495a 00007fffc9d47998
0x000000a064cfaca0:   0000000000000000 0000000000000000
0x000000a064cfacb0:   0000000000000000 000001c777ca5748
0x000000a064cfacc0:   0000000000000000 00007ff863e0fde6
0x000000a064cfacd0:   0000000000000000 0000000000000018
0x000000a064cface0:   000000a064cfae2b 000001c777ca56f8
0x000000a064cfacf0:   00007fffcac72e20 00007ff8426f32c5
0x000000a064cfad00:   0000000000000000 00007fff961b3712
0x000000a064cfad10:   0000000000000000 fffffffffffffffe
0x000000a064cfad20:   0000000000000000 00007ff8426f365f
0x000000a064cfad30:   0000dbf488a44e31 00007ff8426f3598
0x000000a064cfad40:   00000000001296ca 000001c750a5da20
0x000000a064cfad50:   000001c777ca56b0 00007fffc9db24ce
0x000000a064cfad60:   000001c777ca5748 00007fffc9db1908 

Instructions: (pc=0x00007fffc9d52745)
0x00007fffc9d52725:   20 48 8b d9 e8 b2 cc 04 00 48 8b c8 48 8b d3 e8
0x00007fffc9d52735:   27 0f 05 00 84 c0 75 08 33 c0 48 83 c4 20 5b c3
0x00007fffc9d52745:   48 8b 4b 50 48 85 c9 74 0a 48 83 c4 20 5b e9 28
0x00007fffc9d52755:   e9 04 00 48 8b d3 48 8d 0d 66 6a 8f 00 e8 f9 c7 


Stack slot to memory mapping:
stack at sp + 0 slots: 0x00000000000000a8 is an unknown value
stack at sp + 1 slots: 0x00007fff00000000 is an unknown value
stack at sp + 2 slots: 0x000000a064cfaf00 is pointing into the stack for thread: 0x000001c704e00000
stack at sp + 3 slots: 0x9005fd008a97495a is an unknown value
stack at sp + 4 slots: 0x9005fd008a97495a is an unknown value
stack at sp + 5 slots: 0x00007fffc9d47998 librdi_common.dll
stack at sp + 6 slots: 0x0 is NULL
stack at sp + 7 slots: 0x0 is NULL


---------------  P R O C E S S  ---------------

Threads class SMR info:
_java_thread_list=0x000001c76dffa100, length=39, elements={
0x000001c764523800, 0x000001c702cb9800, 0x000001c702cba000, 0x000001c702900800,
0x000001c702901800, 0x000001c71f864000, 0x000001c7013e6800, 0x000001c70240c000,
0x000001c702c0a800, 0x000001c7014ee000, 0x000001c704974000, 0x000001c704a51000,
0x000001c704a1c800, 0x000001c718452800, 0x000001c704e00000, 0x000001c718fae800,
0x000001c7180bc000, 0x000001c718378800, 0x000001c7013e9000, 0x000001c7013e6000,
0x000001c7013e8800, 0x000001c7013e4800, 0x000001c718c06000, 0x000001c718c07000,
0x000001c7013e7800, 0x000001c7013ea000, 0x000001c7013e5000, 0x000001c74177b000,
0x000001c741775800, 0x000001c74177a000, 0x000001c74177e800, 0x000001c74177c000,
0x000001c74177f000, 0x000001c741779800, 0x000001c741778800, 0x000001c741776000,
0x000001c741777000, 0x000001c75bfba800, 0x000001c75bfbb000
}

Java Threads: ( => current thread )
  0x000001c764523800 JavaThread "main" [_thread_blocked, id=18476, stack(0x000000a05fc00000,0x000000a05fd00000)]
  0x000001c702cb9800 JavaThread "Reference Handler" daemon [_thread_blocked, id=19940, stack(0x000000a060300000,0x000000a060800000)]
  0x000001c702cba000 JavaThread "Finalizer" daemon [_thread_blocked, id=17720, stack(0x000000a060800000,0x000000a060d00000)]
  0x000001c702900800 JavaThread "Signal Dispatcher" daemon [_thread_blocked, id=17016, stack(0x000000a060d00000,0x000000a061200000)]
  0x000001c702901800 JavaThread "Attach Listener" daemon [_thread_blocked, id=17736, stack(0x000000a061200000,0x000000a061700000)]
  0x000001c71f864000 JavaThread "C2 CompilerThread0" daemon [_thread_blocked, id=16836, stack(0x000000a061700000,0x000000a061800000)]
  0x000001c7013e6800 JavaThread "C1 CompilerThread0" daemon [_thread_blocked, id=1896, stack(0x000000a061800000,0x000000a061900000)]
  0x000001c70240c000 JavaThread "Sweeper thread" daemon [_thread_blocked, id=17432, stack(0x000000a061900000,0x000000a061e00000)]
  0x000001c702c0a800 JavaThread "Common-Cleaner" daemon [_thread_blocked, id=15844, stack(0x000000a061e00000,0x000000a062300000)]
  0x000001c7014ee000 JavaThread "Service Thread" daemon [_thread_blocked, id=2004, stack(0x000000a062300000,0x000000a062800000)]
  0x000001c704974000 JavaThread "Java2D Disposer" daemon [_thread_blocked, id=7632, stack(0x000000a062900000,0x000000a062e00000)]
  0x000001c704a51000 JavaThread "AWT-Windows" daemon [_thread_in_native, id=8872, stack(0x000000a063300000,0x000000a063800000)]
  0x000001c704a1c800 JavaThread "TimerQueue" daemon [_thread_blocked, id=284, stack(0x000000a063800000,0x000000a063d00000)]
  0x000001c718452800 JavaThread "AWT-Shutdown" [_thread_blocked, id=12628, stack(0x000000a064300000,0x000000a064800000)]
=>0x000001c704e00000 JavaThread "AWT-EventQueue-0" [_thread_in_native, id=1340, stack(0x000000a064800000,0x000000a064d00000)]
  0x000001c718fae800 JavaThread "Thread-1" [_thread_in_native, id=12248, stack(0x000000a05e600000,0x000000a05fa00000)]
  0x000001c7180bc000 JavaThread "Process Messages Thread" [_thread_blocked, id=16752, stack(0x000000a065200000,0x000000a065700000)]
  0x000001c718378800 JavaThread "Batik CleanerThread" daemon [_thread_blocked, id=18440, stack(0x000000a064d00000,0x000000a065200000)]
  0x000001c7013e9000 JavaThread "SyntheticaCleanerThread" daemon [_thread_blocked, id=16388, stack(0x000000a066200000,0x000000a066700000)]
  0x000001c7013e6000 JavaThread "Monitor HEventQueue Thread" [_thread_blocked, id=18780, stack(0x000000a066a00000,0x000000a066f00000)]
  0x000001c7013e8800 JavaThread "SyntheticaAnimation 50" daemon [_thread_blocked, id=3600, stack(0x000000a066f00000,0x000000a067400000)]
  0x000001c7013e4800 JavaThread "SyntheticaAnimation 25" daemon [_thread_blocked, id=17772, stack(0x000000a065c00000,0x000000a066100000)]
  0x000001c718c06000 JavaThread "SyntheticaAnimation 70" daemon [_thread_blocked, id=12044, stack(0x000000a068300000,0x000000a068800000)]
  0x000001c718c07000 JavaThread "hw_ila_monitor" [_thread_blocked, id=616, stack(0x000000a067900000,0x000000a067e00000)]
  0x000001c7013e7800 JavaThread "pool-2-thread-1" [_thread_blocked, id=1856, stack(0x000000a068d00000,0x000000a069200000)]
  0x000001c7013ea000 JavaThread "pool-3-thread-1" [_thread_blocked, id=11908, stack(0x000000a069200000,0x000000a069700000)]
  0x000001c7013e5000 JavaThread "pool-4-thread-1" [_thread_blocked, id=13796, stack(0x000000a069700000,0x000000a069c00000)]
  0x000001c74177b000 JavaThread "Update Runs Swing Worker Thread" [_thread_blocked, id=7928, stack(0x000000a06a100000,0x000000a06a600000)]
  0x000001c741775800 JavaThread "SyntheticaAnimation 50" daemon [_thread_blocked, id=19168, stack(0x000000a063e00000,0x000000a064300000)]
  0x000001c74177a000 JavaThread "SyntheticaAnimation 50" daemon [_thread_blocked, id=19312, stack(0x000000a067e00000,0x000000a068300000)]
  0x000001c74177e800 JavaThread "Refresh Filesets Swing Worker Thread" [_thread_blocked, id=17612, stack(0x000000a067400000,0x000000a067900000)]
  0x000001c74177c000 JavaThread "pool-5-thread-1" [_thread_blocked, id=18776, stack(0x000000a06a600000,0x000000a06ab00000)]
  0x000001c74177f000 JavaThread "pool-6-thread-1" [_thread_blocked, id=18088, stack(0x000000a06ab00000,0x000000a06b000000)]
  0x000001c741779800 JavaThread "pool-7-thread-1" [_thread_blocked, id=8052, stack(0x000000a06b000000,0x000000a06b500000)]
  0x000001c741778800 JavaThread "Image Animator 0" daemon [_thread_blocked, id=3656, stack(0x000000a06c900000,0x000000a06ce00000)]
  0x000001c741776000 JavaThread "Timer-2" [_thread_blocked, id=3088, stack(0x000000a068800000,0x000000a068d00000)]
  0x000001c741777000 JavaThread "Monitor File Timestamp Swing Worker Thread" [_thread_blocked, id=9772, stack(0x000000a069c00000,0x000000a06a100000)]
  0x000001c75bfba800 JavaThread "Relaunch Simulation Thread" [_thread_blocked, id=17420, stack(0x000000a06be00000,0x000000a06c300000)]
  0x000001c75bfbb000 JavaThread "Image Animator 0" daemon [_thread_blocked, id=10084, stack(0x000000a06c300000,0x000000a06c800000)]

Other Threads:
  0x000001c702a77800 VMThread "VM Thread" [stack: 0x000000a060200000,0x000000a060300000] [id=2108]
  0x000001c7012f2800 WatcherThread [stack: 0x000000a062800000,0x000000a062900000] [id=18908]
  0x000001c701c2b800 GCTaskThread "GC Thread#0" [stack: 0x000000a05fd00000,0x000000a05fe00000] [id=19656]
  0x000001c7180ba000 GCTaskThread "GC Thread#1" [stack: 0x000000a062f00000,0x000000a063000000] [id=15168]
  0x000001c7180bb000 GCTaskThread "GC Thread#2" [stack: 0x000000a063000000,0x000000a063100000] [id=4968]
  0x000001c71870a800 GCTaskThread "GC Thread#3" [stack: 0x000000a063100000,0x000000a063200000] [id=16392]
  0x000001c71870b800 GCTaskThread "GC Thread#4" [stack: 0x000000a063200000,0x000000a063300000] [id=896]
  0x000001c71870c000 GCTaskThread "GC Thread#5" [stack: 0x000000a065700000,0x000000a065800000] [id=7372]
  0x000001c7180eb800 GCTaskThread "GC Thread#6" [stack: 0x000000a065800000,0x000000a065900000] [id=16548]
  0x000001c7180ec000 GCTaskThread "GC Thread#7" [stack: 0x000000a065900000,0x000000a065a00000] [id=18224]
  0x000001c702bff000 ConcurrentGCThread "G1 Main Marker" [stack: 0x000000a05fe00000,0x000000a05ff00000] [id=6488]
  0x000001c700e05800 ConcurrentGCThread "G1 Conc#0" [stack: 0x000000a05ff00000,0x000000a060000000] [id=2588]
  0x000001c7180ad800 ConcurrentGCThread "G1 Conc#1" [stack: 0x000000a065b00000,0x000000a065c00000] [id=1216]
  0x000001c700e9d800 ConcurrentGCThread "G1 Refine#0" [stack: 0x000000a060000000,0x000000a060100000] [id=16444]
  0x000001c71807c800 ConcurrentGCThread "G1 Refine#1" [stack: 0x000000a065a00000,0x000000a065b00000] [id=7132]
  0x000001c718b01000 ConcurrentGCThread "G1 Refine#2" [stack: 0x000000a066100000,0x000000a066200000] [id=4396]
  0x000001c71e196800 ConcurrentGCThread "G1 Young RemSet Sampling" [stack: 0x000000a060100000,0x000000a060200000] [id=5448]

Threads with active compile tasks:

VM state:not at safepoint (normal execution)

VM Mutex/Monitor currently owned by a thread: None

Heap address: 0x0000000740000000, size: 3072 MB, Compressed Oops mode: Zero based, Oop shift amount: 3
Narrow klass base: 0x0000000800000000, Narrow klass shift: 0
Compressed class space size: 1073741824 Address: 0x0000000800000000

Heap:
 garbage-first heap   total 270336K, used 140999K [0x0000000740000000, 0x0000000800000000)
  region size 1024K, 49 young (50176K), 1 survivors (1024K)
 Metaspace       used 107012K, capacity 108307K, committed 113104K, reserved 1146880K
  class space    used 14270K, capacity 14774K, committed 16512K, reserved 1048576K
Heap Regions: E=young(eden), S=young(survivor), O=old, HS=humongous(starts), HC=humongous(continues), CS=collection set, F=free, A=archive, TAMS=top-at-mark-start (previous, next)
|   0|0x0000000740000000, 0x0000000740100000, 0x0000000740100000|100%|HS|  |TAMS 0x0000000740000000, 0x0000000740000000| Untracked 
|   1|0x0000000740100000, 0x0000000740200000, 0x0000000740200000|100%|HC|  |TAMS 0x0000000740100000, 0x0000000740100000| Untracked 
|   2|0x0000000740200000, 0x0000000740300000, 0x0000000740300000|100%|HS|  |TAMS 0x0000000740200000, 0x0000000740200000| Untracked 
|   3|0x0000000740300000, 0x00000007403ffff0, 0x0000000740400000| 99%| O|  |TAMS 0x0000000740300000, 0x0000000740300000| Untracked 
|   4|0x0000000740400000, 0x00000007404ffff8, 0x0000000740500000| 99%| O|  |TAMS 0x0000000740400000, 0x0000000740400000| Untracked 
|   5|0x0000000740500000, 0x00000007405ffff8, 0x0000000740600000| 99%| O|  |TAMS 0x0000000740500000, 0x0000000740500000| Untracked 
|   6|0x0000000740600000, 0x00000007406fffe8, 0x0000000740700000| 99%| O|  |TAMS 0x0000000740600000, 0x0000000740600000| Untracked 
|   7|0x0000000740700000, 0x0000000740800000, 0x0000000740800000|100%| O|  |TAMS 0x0000000740700000, 0x0000000740700000| Untracked 
|   8|0x0000000740800000, 0x00000007408ffff8, 0x0000000740900000| 99%| O|  |TAMS 0x0000000740800000, 0x0000000740800000| Untracked 
|   9|0x0000000740900000, 0x00000007409ffff8, 0x0000000740a00000| 99%| O|  |TAMS 0x0000000740900000, 0x0000000740900000| Untracked 
|  10|0x0000000740a00000, 0x0000000740b00000, 0x0000000740b00000|100%| O|  |TAMS 0x0000000740a00000, 0x0000000740a00000| Untracked 
|  11|0x0000000740b00000, 0x0000000740c00000, 0x0000000740c00000|100%| O|  |TAMS 0x0000000740b00000, 0x0000000740b00000| Untracked 
|  12|0x0000000740c00000, 0x0000000740cff998, 0x0000000740d00000| 99%| O|  |TAMS 0x0000000740c00000, 0x0000000740c00000| Untracked 
|  13|0x0000000740d00000, 0x0000000740dffff0, 0x0000000740e00000| 99%| O|  |TAMS 0x0000000740d00000, 0x0000000740d00000| Untracked 
|  14|0x0000000740e00000, 0x0000000740effff0, 0x0000000740f00000| 99%| O|  |TAMS 0x0000000740e00000, 0x0000000740e00000| Untracked 
|  15|0x0000000740f00000, 0x0000000741000000, 0x0000000741000000|100%| O|  |TAMS 0x0000000740f00000, 0x0000000740f00000| Untracked 
|  16|0x0000000741000000, 0x00000007410ffff0, 0x0000000741100000| 99%| O|  |TAMS 0x0000000741000000, 0x0000000741000000| Untracked 
|  17|0x0000000741100000, 0x0000000741200000, 0x0000000741200000|100%| O|  |TAMS 0x0000000741100000, 0x0000000741100000| Untracked 
|  18|0x0000000741200000, 0x00000007412fffe8, 0x0000000741300000| 99%| O|  |TAMS 0x0000000741200000, 0x0000000741200000| Untracked 
|  19|0x0000000741300000, 0x00000007413ffff8, 0x0000000741400000| 99%| O|  |TAMS 0x0000000741300000, 0x0000000741300000| Untracked 
|  20|0x0000000741400000, 0x00000007414ffff8, 0x0000000741500000| 99%| O|  |TAMS 0x0000000741400000, 0x0000000741400000| Untracked 
|  21|0x0000000741500000, 0x0000000741600000, 0x0000000741600000|100%| O|  |TAMS 0x0000000741500000, 0x0000000741500000| Untracked 
|  22|0x0000000741600000, 0x00000007416ffff0, 0x0000000741700000| 99%| O|  |TAMS 0x0000000741600000, 0x0000000741600000| Untracked 
|  23|0x0000000741700000, 0x0000000741800000, 0x0000000741800000|100%| O|  |TAMS 0x0000000741700000, 0x0000000741700000| Untracked 
|  24|0x0000000741800000, 0x00000007418ffff0, 0x0000000741900000| 99%| O|  |TAMS 0x0000000741800000, 0x0000000741800000| Untracked 
|  25|0x0000000741900000, 0x0000000741a00000, 0x0000000741a00000|100%| O|  |TAMS 0x0000000741900000, 0x0000000741900000| Untracked 
|  26|0x0000000741a00000, 0x0000000741b00000, 0x0000000741b00000|100%| O|  |TAMS 0x0000000741a00000, 0x0000000741a00000| Untracked 
|  27|0x0000000741b00000, 0x0000000741bffff8, 0x0000000741c00000| 99%| O|  |TAMS 0x0000000741b00000, 0x0000000741b00000| Untracked 
|  28|0x0000000741c00000, 0x0000000741cffff0, 0x0000000741d00000| 99%| O|  |TAMS 0x0000000741c00000, 0x0000000741c00000| Untracked 
|  29|0x0000000741d00000, 0x0000000741dffff0, 0x0000000741e00000| 99%| O|  |TAMS 0x0000000741d00000, 0x0000000741d00000| Untracked 
|  30|0x0000000741e00000, 0x0000000741f00000, 0x0000000741f00000|100%| O|  |TAMS 0x0000000741e00000, 0x0000000741e00000| Untracked 
|  31|0x0000000741f00000, 0x0000000742000000, 0x0000000742000000|100%| O|  |TAMS 0x0000000741f00000, 0x0000000741f00000| Untracked 
|  32|0x0000000742000000, 0x0000000742100000, 0x0000000742100000|100%| O|  |TAMS 0x0000000742000000, 0x0000000742000000| Untracked 
|  33|0x0000000742100000, 0x00000007421fffd8, 0x0000000742200000| 99%| O|  |TAMS 0x0000000742100000, 0x0000000742100000| Untracked 
|  34|0x0000000742200000, 0x00000007422ffff8, 0x0000000742300000| 99%| O|  |TAMS 0x0000000742200000, 0x0000000742200000| Untracked 
|  35|0x0000000742300000, 0x0000000742400000, 0x0000000742400000|100%| O|  |TAMS 0x0000000742300000, 0x0000000742300000| Untracked 
|  36|0x0000000742400000, 0x0000000742500000, 0x0000000742500000|100%| O|  |TAMS 0x0000000742400000, 0x0000000742400000| Untracked 
|  37|0x0000000742500000, 0x00000007425fffe8, 0x0000000742600000| 99%| O|  |TAMS 0x0000000742500000, 0x0000000742500000| Untracked 
|  38|0x0000000742600000, 0x0000000742700000, 0x0000000742700000|100%|HS|  |TAMS 0x0000000742600000, 0x0000000742600000| Untracked 
|  39|0x0000000742700000, 0x0000000742800000, 0x0000000742800000|100%|HC|  |TAMS 0x0000000742700000, 0x0000000742700000| Untracked 
|  40|0x0000000742800000, 0x0000000742900000, 0x0000000742900000|100%|HC|  |TAMS 0x0000000742800000, 0x0000000742800000| Untracked 
|  41|0x0000000742900000, 0x0000000742a00000, 0x0000000742a00000|100%|HC|  |TAMS 0x0000000742900000, 0x0000000742900000| Untracked 
|  42|0x0000000742a00000, 0x0000000742b00000, 0x0000000742b00000|100%|HC|  |TAMS 0x0000000742a00000, 0x0000000742a00000| Untracked 
|  43|0x0000000742b00000, 0x0000000742c00000, 0x0000000742c00000|100%|HC|  |TAMS 0x0000000742b00000, 0x0000000742b00000| Untracked 
|  44|0x0000000742c00000, 0x0000000742d00000, 0x0000000742d00000|100%|HC|  |TAMS 0x0000000742c00000, 0x0000000742c00000| Untracked 
|  45|0x0000000742d00000, 0x0000000742e00000, 0x0000000742e00000|100%|HC|  |TAMS 0x0000000742d00000, 0x0000000742d00000| Untracked 
|  46|0x0000000742e00000, 0x0000000742f00000, 0x0000000742f00000|100%| O|  |TAMS 0x0000000742e00000, 0x0000000742e00000| Untracked 
|  47|0x0000000742f00000, 0x0000000743000000, 0x0000000743000000|100%| O|  |TAMS 0x0000000742f00000, 0x0000000742f00000| Untracked 
|  48|0x0000000743000000, 0x00000007430ffff8, 0x0000000743100000| 99%| O|  |TAMS 0x0000000743000000, 0x0000000743000000| Untracked 
|  49|0x0000000743100000, 0x00000007431ffff8, 0x0000000743200000| 99%| O|  |TAMS 0x0000000743100000, 0x0000000743100000| Untracked 
|  50|0x0000000743200000, 0x0000000743300000, 0x0000000743300000|100%| O|  |TAMS 0x0000000743200000, 0x0000000743200000| Untracked 
|  51|0x0000000743300000, 0x00000007433ffff0, 0x0000000743400000| 99%| O|  |TAMS 0x0000000743300000, 0x0000000743300000| Untracked 
|  52|0x0000000743400000, 0x0000000743500000, 0x0000000743500000|100%| O|  |TAMS 0x0000000743400000, 0x0000000743400000| Untracked 
|  53|0x0000000743500000, 0x0000000743600000, 0x0000000743600000|100%| O|  |TAMS 0x0000000743500000, 0x0000000743500000| Untracked 
|  54|0x0000000743600000, 0x0000000743700000, 0x0000000743700000|100%| O|  |TAMS 0x0000000743600000, 0x0000000743600000| Untracked 
|  55|0x0000000743700000, 0x00000007437ffff8, 0x0000000743800000| 99%| O|  |TAMS 0x0000000743700000, 0x0000000743700000| Untracked 
|  56|0x0000000743800000, 0x00000007438ffff8, 0x0000000743900000| 99%| O|  |TAMS 0x0000000743800000, 0x0000000743800000| Untracked 
|  57|0x0000000743900000, 0x0000000743a00000, 0x0000000743a00000|100%| O|  |TAMS 0x0000000743900000, 0x0000000743900000| Untracked 
|  58|0x0000000743a00000, 0x0000000743b00000, 0x0000000743b00000|100%| O|  |TAMS 0x0000000743a00000, 0x0000000743a00000| Untracked 
|  59|0x0000000743b00000, 0x0000000743bfffe8, 0x0000000743c00000| 99%| O|  |TAMS 0x0000000743b00000, 0x0000000743b00000| Untracked 
|  60|0x0000000743c00000, 0x0000000743cfffd8, 0x0000000743d00000| 99%| O|  |TAMS 0x0000000743c00000, 0x0000000743c00000| Untracked 
|  61|0x0000000743d00000, 0x0000000743dfffe0, 0x0000000743e00000| 99%| O|  |TAMS 0x0000000743d00000, 0x0000000743d00000| Untracked 
|  62|0x0000000743e00000, 0x0000000743efffa0, 0x0000000743f00000| 99%| O|  |TAMS 0x0000000743e00000, 0x0000000743e00000| Untracked 
|  63|0x0000000743f00000, 0x0000000743ffff98, 0x0000000744000000| 99%| O|  |TAMS 0x0000000743f00000, 0x0000000743f00000| Untracked 
|  64|0x0000000744000000, 0x00000007440fffb8, 0x0000000744100000| 99%| O|  |TAMS 0x0000000744000000, 0x0000000744000000| Untracked 
|  65|0x0000000744100000, 0x00000007441ffff0, 0x0000000744200000| 99%| O|  |TAMS 0x0000000744100000, 0x0000000744100000| Untracked 
|  66|0x0000000744200000, 0x00000007442fffe8, 0x0000000744300000| 99%| O|  |TAMS 0x0000000744200000, 0x0000000744200000| Untracked 
|  67|0x0000000744300000, 0x0000000744400000, 0x0000000744400000|100%| O|  |TAMS 0x0000000744300000, 0x0000000744300000| Untracked 
|  68|0x0000000744400000, 0x0000000744500000, 0x0000000744500000|100%| O|  |TAMS 0x0000000744400000, 0x0000000744400000| Untracked 
|  69|0x0000000744500000, 0x0000000744600000, 0x0000000744600000|100%| O|  |TAMS 0x0000000744500000, 0x0000000744500000| Untracked 
|  70|0x0000000744600000, 0x00000007446ffff8, 0x0000000744700000| 99%| O|  |TAMS 0x0000000744600000, 0x0000000744600000| Untracked 
|  71|0x0000000744700000, 0x00000007447fffd0, 0x0000000744800000| 99%| O|  |TAMS 0x0000000744700000, 0x0000000744700000| Untracked 
|  72|0x0000000744800000, 0x00000007448fff60, 0x0000000744900000| 99%| O|  |TAMS 0x0000000744800000, 0x0000000744800000| Untracked 
|  73|0x0000000744900000, 0x00000007449ffff8, 0x0000000744a00000| 99%| O|  |TAMS 0x0000000744900000, 0x0000000744900000| Untracked 
|  74|0x0000000744a00000, 0x0000000744b00000, 0x0000000744b00000|100%| O|  |TAMS 0x0000000744a00000, 0x0000000744a00000| Untracked 
|  75|0x0000000744b00000, 0x0000000744c00000, 0x0000000744c00000|100%| O|  |TAMS 0x0000000744b00000, 0x0000000744b00000| Untracked 
|  76|0x0000000744c00000, 0x0000000744d00000, 0x0000000744d00000|100%| O|  |TAMS 0x0000000744c00000, 0x0000000744c00000| Untracked 
|  77|0x0000000744d00000, 0x0000000744dffff0, 0x0000000744e00000| 99%| O|  |TAMS 0x0000000744d00000, 0x0000000744d00000| Untracked 
|  78|0x0000000744e00000, 0x0000000744f00000, 0x0000000744f00000|100%| O|  |TAMS 0x0000000744e00000, 0x0000000744e00000| Untracked 
|  79|0x0000000744f00000, 0x0000000744ffffe0, 0x0000000745000000| 99%| O|  |TAMS 0x0000000744f00000, 0x0000000744f00000| Untracked 
|  80|0x0000000745000000, 0x00000007450ffff8, 0x0000000745100000| 99%| O|  |TAMS 0x0000000745000000, 0x0000000745000000| Untracked 
|  81|0x0000000745100000, 0x00000007451ffff8, 0x0000000745200000| 99%| O|  |TAMS 0x0000000745100000, 0x0000000745100000| Untracked 
|  82|0x0000000745200000, 0x00000007452fffe8, 0x0000000745300000| 99%| O|  |TAMS 0x0000000745200000, 0x0000000745200000| Untracked 
|  83|0x0000000745300000, 0x0000000745400000, 0x0000000745400000|100%| O|  |TAMS 0x0000000745300000, 0x0000000745300000| Untracked 
|  84|0x0000000745400000, 0x00000007454f7ad0, 0x0000000745500000| 96%| O|  |TAMS 0x0000000745400000, 0x0000000745400000| Untracked 
|  85|0x0000000745500000, 0x00000007455f5848, 0x0000000745600000| 95%| O|  |TAMS 0x0000000745500000, 0x0000000745500000| Untracked 
|  86|0x0000000745600000, 0x00000007456b6040, 0x0000000745700000| 71%| O|  |TAMS 0x0000000745600000, 0x0000000745600000| Untracked 
|  87|0x0000000745700000, 0x00000007457db3f8, 0x0000000745800000| 85%| O|  |TAMS 0x0000000745700000, 0x0000000745700000| Untracked 
|  88|0x0000000745800000, 0x0000000745835ec8, 0x0000000745900000| 21%| O|  |TAMS 0x0000000745800000, 0x0000000745800000| Untracked 
|  89|0x0000000745900000, 0x0000000745900000, 0x0000000745a00000|  0%| F|  |TAMS 0x0000000745900000, 0x0000000745900000| Untracked 
|  90|0x0000000745a00000, 0x0000000745a00000, 0x0000000745b00000|  0%| F|  |TAMS 0x0000000745a00000, 0x0000000745a00000| Untracked 
|  91|0x0000000745b00000, 0x0000000745b00000, 0x0000000745c00000|  0%| F|  |TAMS 0x0000000745b00000, 0x0000000745b00000| Untracked 
|  92|0x0000000745c00000, 0x0000000745d00000, 0x0000000745d00000|100%|HS|  |TAMS 0x0000000745c00000, 0x0000000745c00000| Untracked 
|  93|0x0000000745d00000, 0x0000000745e00000, 0x0000000745e00000|100%|HC|  |TAMS 0x0000000745d00000, 0x0000000745d00000| Untracked 
|  94|0x0000000745e00000, 0x0000000745e00000, 0x0000000745f00000|  0%| F|  |TAMS 0x0000000745e00000, 0x0000000745e00000| Untracked 
|  95|0x0000000745f00000, 0x0000000745f00000, 0x0000000746000000|  0%| F|  |TAMS 0x0000000745f00000, 0x0000000745f00000| Untracked 
|  96|0x0000000746000000, 0x0000000746000000, 0x0000000746100000|  0%| F|  |TAMS 0x0000000746000000, 0x0000000746000000| Untracked 
|  97|0x0000000746100000, 0x0000000746100000, 0x0000000746200000|  0%| F|  |TAMS 0x0000000746100000, 0x0000000746100000| Untracked 
|  98|0x0000000746200000, 0x0000000746200000, 0x0000000746300000|  0%| F|  |TAMS 0x0000000746200000, 0x0000000746200000| Untracked 
|  99|0x0000000746300000, 0x0000000746300000, 0x0000000746400000|  0%| F|  |TAMS 0x0000000746300000, 0x0000000746300000| Untracked 
| 100|0x0000000746400000, 0x0000000746400000, 0x0000000746500000|  0%| F|  |TAMS 0x0000000746400000, 0x0000000746400000| Untracked 
| 101|0x0000000746500000, 0x0000000746500000, 0x0000000746600000|  0%| F|  |TAMS 0x0000000746500000, 0x0000000746500000| Untracked 
| 102|0x0000000746600000, 0x0000000746600000, 0x0000000746700000|  0%| F|  |TAMS 0x0000000746600000, 0x0000000746600000| Untracked 
| 103|0x0000000746700000, 0x0000000746700000, 0x0000000746800000|  0%| F|  |TAMS 0x0000000746700000, 0x0000000746700000| Untracked 
| 104|0x0000000746800000, 0x0000000746800000, 0x0000000746900000|  0%| F|  |TAMS 0x0000000746800000, 0x0000000746800000| Untracked 
| 105|0x0000000746900000, 0x0000000746900000, 0x0000000746a00000|  0%| F|  |TAMS 0x0000000746900000, 0x0000000746900000| Untracked 
| 106|0x0000000746a00000, 0x0000000746a00000, 0x0000000746b00000|  0%| F|  |TAMS 0x0000000746a00000, 0x0000000746a00000| Untracked 
| 107|0x0000000746b00000, 0x0000000746b00000, 0x0000000746c00000|  0%| F|  |TAMS 0x0000000746b00000, 0x0000000746b00000| Untracked 
| 108|0x0000000746c00000, 0x0000000746c00000, 0x0000000746d00000|  0%| F|  |TAMS 0x0000000746c00000, 0x0000000746c00000| Untracked 
| 109|0x0000000746d00000, 0x0000000746d00000, 0x0000000746e00000|  0%| F|  |TAMS 0x0000000746d00000, 0x0000000746d00000| Untracked 
| 110|0x0000000746e00000, 0x0000000746e00000, 0x0000000746f00000|  0%| F|  |TAMS 0x0000000746e00000, 0x0000000746e00000| Untracked 
| 111|0x0000000746f00000, 0x0000000746f00000, 0x0000000747000000|  0%| F|  |TAMS 0x0000000746f00000, 0x0000000746f00000| Untracked 
| 112|0x0000000747000000, 0x0000000747000000, 0x0000000747100000|  0%| F|  |TAMS 0x0000000747000000, 0x0000000747000000| Untracked 
| 113|0x0000000747100000, 0x0000000747100000, 0x0000000747200000|  0%| F|  |TAMS 0x0000000747100000, 0x0000000747100000| Untracked 
| 114|0x0000000747200000, 0x0000000747200000, 0x0000000747300000|  0%| F|  |TAMS 0x0000000747200000, 0x0000000747200000| Untracked 
| 115|0x0000000747300000, 0x0000000747300000, 0x0000000747400000|  0%| F|  |TAMS 0x0000000747300000, 0x0000000747300000| Untracked 
| 116|0x0000000747400000, 0x0000000747400000, 0x0000000747500000|  0%| F|  |TAMS 0x0000000747400000, 0x0000000747400000| Untracked 
| 117|0x0000000747500000, 0x0000000747500000, 0x0000000747600000|  0%| F|  |TAMS 0x0000000747500000, 0x0000000747500000| Untracked 
| 118|0x0000000747600000, 0x0000000747600000, 0x0000000747700000|  0%| F|  |TAMS 0x0000000747600000, 0x0000000747600000| Untracked 
| 119|0x0000000747700000, 0x0000000747700000, 0x0000000747800000|  0%| F|  |TAMS 0x0000000747700000, 0x0000000747700000| Untracked 
| 120|0x0000000747800000, 0x0000000747800000, 0x0000000747900000|  0%| F|  |TAMS 0x0000000747800000, 0x0000000747800000| Untracked 
| 121|0x0000000747900000, 0x0000000747900000, 0x0000000747a00000|  0%| F|  |TAMS 0x0000000747900000, 0x0000000747900000| Untracked 
| 122|0x0000000747a00000, 0x0000000747a00000, 0x0000000747b00000|  0%| F|  |TAMS 0x0000000747a00000, 0x0000000747a00000| Untracked 
| 123|0x0000000747b00000, 0x0000000747b00000, 0x0000000747c00000|  0%| F|  |TAMS 0x0000000747b00000, 0x0000000747b00000| Untracked 
| 124|0x0000000747c00000, 0x0000000747c00000, 0x0000000747d00000|  0%| F|  |TAMS 0x0000000747c00000, 0x0000000747c00000| Untracked 
| 125|0x0000000747d00000, 0x0000000747d00000, 0x0000000747e00000|  0%| F|  |TAMS 0x0000000747d00000, 0x0000000747d00000| Untracked 
| 126|0x0000000747e00000, 0x0000000747e00000, 0x0000000747f00000|  0%| F|  |TAMS 0x0000000747e00000, 0x0000000747e00000| Untracked 
| 127|0x0000000747f00000, 0x0000000747f00000, 0x0000000748000000|  0%| F|  |TAMS 0x0000000747f00000, 0x0000000747f00000| Untracked 
| 128|0x0000000748000000, 0x0000000748000000, 0x0000000748100000|  0%| F|  |TAMS 0x0000000748000000, 0x0000000748000000| Untracked 
| 129|0x0000000748100000, 0x0000000748100000, 0x0000000748200000|  0%| F|  |TAMS 0x0000000748100000, 0x0000000748100000| Untracked 
| 130|0x0000000748200000, 0x0000000748200000, 0x0000000748300000|  0%| F|  |TAMS 0x0000000748200000, 0x0000000748200000| Untracked 
| 131|0x0000000748300000, 0x0000000748300000, 0x0000000748400000|  0%| F|  |TAMS 0x0000000748300000, 0x0000000748300000| Untracked 
| 132|0x0000000748400000, 0x0000000748400000, 0x0000000748500000|  0%| F|  |TAMS 0x0000000748400000, 0x0000000748400000| Untracked 
| 133|0x0000000748500000, 0x0000000748500000, 0x0000000748600000|  0%| F|  |TAMS 0x0000000748500000, 0x0000000748500000| Untracked 
| 134|0x0000000748600000, 0x0000000748600000, 0x0000000748700000|  0%| F|  |TAMS 0x0000000748600000, 0x0000000748600000| Untracked 
| 135|0x0000000748700000, 0x0000000748700000, 0x0000000748800000|  0%| F|  |TAMS 0x0000000748700000, 0x0000000748700000| Untracked 
| 136|0x0000000748800000, 0x0000000748800000, 0x0000000748900000|  0%| F|  |TAMS 0x0000000748800000, 0x0000000748800000| Untracked 
| 137|0x0000000748900000, 0x0000000748900000, 0x0000000748a00000|  0%| F|  |TAMS 0x0000000748900000, 0x0000000748900000| Untracked 
| 138|0x0000000748a00000, 0x0000000748a00000, 0x0000000748b00000|  0%| F|  |TAMS 0x0000000748a00000, 0x0000000748a00000| Untracked 
| 139|0x0000000748b00000, 0x0000000748b00000, 0x0000000748c00000|  0%| F|  |TAMS 0x0000000748b00000, 0x0000000748b00000| Untracked 
| 140|0x0000000748c00000, 0x0000000748c00000, 0x0000000748d00000|  0%| F|  |TAMS 0x0000000748c00000, 0x0000000748c00000| Untracked 
| 141|0x0000000748d00000, 0x0000000748d00000, 0x0000000748e00000|  0%| F|  |TAMS 0x0000000748d00000, 0x0000000748d00000| Untracked 
| 142|0x0000000748e00000, 0x0000000748e00000, 0x0000000748f00000|  0%| F|  |TAMS 0x0000000748e00000, 0x0000000748e00000| Untracked 
| 143|0x0000000748f00000, 0x0000000748f00000, 0x0000000749000000|  0%| F|  |TAMS 0x0000000748f00000, 0x0000000748f00000| Untracked 
| 144|0x0000000749000000, 0x0000000749000000, 0x0000000749100000|  0%| F|  |TAMS 0x0000000749000000, 0x0000000749000000| Untracked 
| 145|0x0000000749100000, 0x0000000749100000, 0x0000000749200000|  0%| F|  |TAMS 0x0000000749100000, 0x0000000749100000| Untracked 
| 146|0x0000000749200000, 0x0000000749200000, 0x0000000749300000|  0%| F|  |TAMS 0x0000000749200000, 0x0000000749200000| Untracked 
| 147|0x0000000749300000, 0x0000000749300000, 0x0000000749400000|  0%| F|  |TAMS 0x0000000749300000, 0x0000000749300000| Untracked 
| 148|0x0000000749400000, 0x0000000749400000, 0x0000000749500000|  0%| F|  |TAMS 0x0000000749400000, 0x0000000749400000| Untracked 
| 149|0x0000000749500000, 0x0000000749500000, 0x0000000749600000|  0%| F|  |TAMS 0x0000000749500000, 0x0000000749500000| Untracked 
| 150|0x0000000749600000, 0x0000000749600000, 0x0000000749700000|  0%| F|  |TAMS 0x0000000749600000, 0x0000000749600000| Untracked 
| 151|0x0000000749700000, 0x0000000749700000, 0x0000000749800000|  0%| F|  |TAMS 0x0000000749700000, 0x0000000749700000| Untracked 
| 152|0x0000000749800000, 0x0000000749800000, 0x0000000749900000|  0%| F|  |TAMS 0x0000000749800000, 0x0000000749800000| Untracked 
| 153|0x0000000749900000, 0x0000000749900000, 0x0000000749a00000|  0%| F|  |TAMS 0x0000000749900000, 0x0000000749900000| Untracked 
| 154|0x0000000749a00000, 0x0000000749a00000, 0x0000000749b00000|  0%| F|  |TAMS 0x0000000749a00000, 0x0000000749a00000| Untracked 
| 155|0x0000000749b00000, 0x0000000749b00000, 0x0000000749c00000|  0%| F|  |TAMS 0x0000000749b00000, 0x0000000749b00000| Untracked 
| 156|0x0000000749c00000, 0x0000000749c00000, 0x0000000749d00000|  0%| F|  |TAMS 0x0000000749c00000, 0x0000000749c00000| Untracked 
| 157|0x0000000749d00000, 0x0000000749d00000, 0x0000000749e00000|  0%| F|  |TAMS 0x0000000749d00000, 0x0000000749d00000| Untracked 
| 158|0x0000000749e00000, 0x0000000749e00000, 0x0000000749f00000|  0%| F|  |TAMS 0x0000000749e00000, 0x0000000749e00000| Untracked 
| 159|0x0000000749f00000, 0x0000000749f3d600, 0x000000074a000000| 23%| O|  |TAMS 0x0000000749f00000, 0x0000000749f00000| Untracked 
| 160|0x000000074a000000, 0x000000074a000000, 0x000000074a100000|  0%| F|  |TAMS 0x000000074a000000, 0x000000074a000000| Untracked 
| 161|0x000000074a100000, 0x000000074a100000, 0x000000074a200000|  0%| F|  |TAMS 0x000000074a100000, 0x000000074a100000| Untracked 
| 162|0x000000074a200000, 0x000000074a200000, 0x000000074a300000|  0%| F|  |TAMS 0x000000074a200000, 0x000000074a200000| Untracked 
| 163|0x000000074a300000, 0x000000074a300000, 0x000000074a400000|  0%| F|  |TAMS 0x000000074a300000, 0x000000074a300000| Untracked 
| 164|0x000000074a400000, 0x000000074a400000, 0x000000074a500000|  0%| F|  |TAMS 0x000000074a400000, 0x000000074a400000| Untracked 
| 165|0x000000074a500000, 0x000000074a500000, 0x000000074a600000|  0%| F|  |TAMS 0x000000074a500000, 0x000000074a500000| Untracked 
| 166|0x000000074a600000, 0x000000074a600000, 0x000000074a700000|  0%| F|  |TAMS 0x000000074a600000, 0x000000074a600000| Untracked 
| 167|0x000000074a700000, 0x000000074a700000, 0x000000074a800000|  0%| F|  |TAMS 0x000000074a700000, 0x000000074a700000| Untracked 
| 168|0x000000074a800000, 0x000000074a800000, 0x000000074a900000|  0%| F|  |TAMS 0x000000074a800000, 0x000000074a800000| Untracked 
| 169|0x000000074a900000, 0x000000074a900000, 0x000000074aa00000|  0%| F|  |TAMS 0x000000074a900000, 0x000000074a900000| Untracked 
| 170|0x000000074aa00000, 0x000000074aa00000, 0x000000074ab00000|  0%| F|  |TAMS 0x000000074aa00000, 0x000000074aa00000| Untracked 
| 171|0x000000074ab00000, 0x000000074ab00000, 0x000000074ac00000|  0%| F|  |TAMS 0x000000074ab00000, 0x000000074ab00000| Untracked 
| 172|0x000000074ac00000, 0x000000074ac00000, 0x000000074ad00000|  0%| F|  |TAMS 0x000000074ac00000, 0x000000074ac00000| Untracked 
| 173|0x000000074ad00000, 0x000000074ad00000, 0x000000074ae00000|  0%| F|  |TAMS 0x000000074ad00000, 0x000000074ad00000| Untracked 
| 174|0x000000074ae00000, 0x000000074ae00000, 0x000000074af00000|  0%| F|  |TAMS 0x000000074ae00000, 0x000000074ae00000| Untracked 
| 175|0x000000074af00000, 0x000000074af00000, 0x000000074b000000|  0%| F|  |TAMS 0x000000074af00000, 0x000000074af00000| Untracked 
| 176|0x000000074b000000, 0x000000074b000000, 0x000000074b100000|  0%| F|  |TAMS 0x000000074b000000, 0x000000074b000000| Untracked 
| 177|0x000000074b100000, 0x000000074b100000, 0x000000074b200000|  0%| F|  |TAMS 0x000000074b100000, 0x000000074b100000| Untracked 
| 178|0x000000074b200000, 0x000000074b200000, 0x000000074b300000|  0%| F|  |TAMS 0x000000074b200000, 0x000000074b200000| Untracked 
| 179|0x000000074b300000, 0x000000074b300000, 0x000000074b400000|  0%| F|  |TAMS 0x000000074b300000, 0x000000074b300000| Untracked 
| 180|0x000000074b400000, 0x000000074b400000, 0x000000074b500000|  0%| F|  |TAMS 0x000000074b400000, 0x000000074b400000| Untracked 
| 181|0x000000074b500000, 0x000000074b500000, 0x000000074b600000|  0%| F|  |TAMS 0x000000074b500000, 0x000000074b500000| Untracked 
| 182|0x000000074b600000, 0x000000074b600000, 0x000000074b700000|  0%| F|  |TAMS 0x000000074b600000, 0x000000074b600000| Untracked 
| 183|0x000000074b700000, 0x000000074b700000, 0x000000074b800000|  0%| F|  |TAMS 0x000000074b700000, 0x000000074b700000| Untracked 
| 184|0x000000074b800000, 0x000000074b800000, 0x000000074b900000|  0%| F|  |TAMS 0x000000074b800000, 0x000000074b800000| Untracked 
| 185|0x000000074b900000, 0x000000074b900000, 0x000000074ba00000|  0%| F|  |TAMS 0x000000074b900000, 0x000000074b900000| Untracked 
| 186|0x000000074ba00000, 0x000000074ba00000, 0x000000074bb00000|  0%| F|  |TAMS 0x000000074ba00000, 0x000000074ba00000| Untracked 
| 187|0x000000074bb00000, 0x000000074bb00000, 0x000000074bc00000|  0%| F|  |TAMS 0x000000074bb00000, 0x000000074bb00000| Untracked 
| 188|0x000000074bc00000, 0x000000074bc00000, 0x000000074bd00000|  0%| F|  |TAMS 0x000000074bc00000, 0x000000074bc00000| Untracked 
| 189|0x000000074bd00000, 0x000000074bd00000, 0x000000074be00000|  0%| F|  |TAMS 0x000000074bd00000, 0x000000074bd00000| Untracked 
| 190|0x000000074be00000, 0x000000074be00000, 0x000000074bf00000|  0%| F|  |TAMS 0x000000074be00000, 0x000000074be00000| Untracked 
| 191|0x000000074bf00000, 0x000000074bf00000, 0x000000074c000000|  0%| F|  |TAMS 0x000000074bf00000, 0x000000074bf00000| Untracked 
| 192|0x000000074c000000, 0x000000074c000000, 0x000000074c100000|  0%| F|  |TAMS 0x000000074c000000, 0x000000074c000000| Untracked 
| 193|0x000000074c100000, 0x000000074c100000, 0x000000074c200000|  0%| F|  |TAMS 0x000000074c100000, 0x000000074c100000| Untracked 
| 194|0x000000074c200000, 0x000000074c200000, 0x000000074c300000|  0%| F|  |TAMS 0x000000074c200000, 0x000000074c200000| Untracked 
| 195|0x000000074c300000, 0x000000074c300000, 0x000000074c400000|  0%| F|  |TAMS 0x000000074c300000, 0x000000074c300000| Untracked 
| 196|0x000000074c400000, 0x000000074c400000, 0x000000074c500000|  0%| F|  |TAMS 0x000000074c400000, 0x000000074c400000| Untracked 
| 197|0x000000074c500000, 0x000000074c500000, 0x000000074c600000|  0%| F|  |TAMS 0x000000074c500000, 0x000000074c500000| Untracked 
| 198|0x000000074c600000, 0x000000074c600000, 0x000000074c700000|  0%| F|  |TAMS 0x000000074c600000, 0x000000074c600000| Untracked 
| 199|0x000000074c700000, 0x000000074c700000, 0x000000074c800000|  0%| F|  |TAMS 0x000000074c700000, 0x000000074c700000| Untracked 
| 200|0x000000074c800000, 0x000000074c800000, 0x000000074c900000|  0%| F|  |TAMS 0x000000074c800000, 0x000000074c800000| Untracked 
| 201|0x000000074c900000, 0x000000074c900000, 0x000000074ca00000|  0%| F|  |TAMS 0x000000074c900000, 0x000000074c900000| Untracked 
| 202|0x000000074ca00000, 0x000000074ca00000, 0x000000074cb00000|  0%| F|  |TAMS 0x000000074ca00000, 0x000000074ca00000| Untracked 
| 203|0x000000074cb00000, 0x000000074cb00000, 0x000000074cc00000|  0%| F|  |TAMS 0x000000074cb00000, 0x000000074cb00000| Untracked 
| 204|0x000000074cc00000, 0x000000074ccc0c58, 0x000000074cd00000| 75%| S|CS|TAMS 0x000000074cc00000, 0x000000074cc00000| Complete 
| 205|0x000000074cd00000, 0x000000074cd00000, 0x000000074ce00000|  0%| F|  |TAMS 0x000000074cd00000, 0x000000074cd00000| Untracked 
| 206|0x000000074ce00000, 0x000000074ce00000, 0x000000074cf00000|  0%| F|  |TAMS 0x000000074ce00000, 0x000000074ce00000| Untracked 
| 207|0x000000074cf00000, 0x000000074cf00000, 0x000000074d000000|  0%| F|  |TAMS 0x000000074cf00000, 0x000000074cf00000| Untracked 
| 208|0x000000074d000000, 0x000000074d000000, 0x000000074d100000|  0%| F|  |TAMS 0x000000074d000000, 0x000000074d000000| Untracked 
| 209|0x000000074d100000, 0x000000074d100000, 0x000000074d200000|  0%| F|  |TAMS 0x000000074d100000, 0x000000074d100000| Untracked 
| 210|0x000000074d200000, 0x000000074d200000, 0x000000074d300000|  0%| F|  |TAMS 0x000000074d200000, 0x000000074d200000| Untracked 
| 211|0x000000074d300000, 0x000000074d300000, 0x000000074d400000|  0%| F|  |TAMS 0x000000074d300000, 0x000000074d300000| Untracked 
| 212|0x000000074d400000, 0x000000074d400000, 0x000000074d500000|  0%| F|  |TAMS 0x000000074d400000, 0x000000074d400000| Untracked 
| 213|0x000000074d500000, 0x000000074d500000, 0x000000074d600000|  0%| F|  |TAMS 0x000000074d500000, 0x000000074d500000| Untracked 
| 214|0x000000074d600000, 0x000000074d600000, 0x000000074d700000|  0%| F|  |TAMS 0x000000074d600000, 0x000000074d600000| Untracked 
| 215|0x000000074d700000, 0x000000074d700000, 0x000000074d800000|  0%| F|  |TAMS 0x000000074d700000, 0x000000074d700000| Untracked 
| 216|0x000000074d800000, 0x000000074d840cc0, 0x000000074d900000| 25%| E|  |TAMS 0x000000074d800000, 0x000000074d800000| Complete 
| 217|0x000000074d900000, 0x000000074da00000, 0x000000074da00000|100%| E|CS|TAMS 0x000000074d900000, 0x000000074d900000| Complete 
| 218|0x000000074da00000, 0x000000074db00000, 0x000000074db00000|100%| E|CS|TAMS 0x000000074da00000, 0x000000074da00000| Complete 
| 219|0x000000074db00000, 0x000000074dc00000, 0x000000074dc00000|100%| E|CS|TAMS 0x000000074db00000, 0x000000074db00000| Complete 
| 220|0x000000074dc00000, 0x000000074dd00000, 0x000000074dd00000|100%| E|CS|TAMS 0x000000074dc00000, 0x000000074dc00000| Complete 
| 221|0x000000074dd00000, 0x000000074de00000, 0x000000074de00000|100%| E|CS|TAMS 0x000000074dd00000, 0x000000074dd00000| Complete 
| 222|0x000000074de00000, 0x000000074df00000, 0x000000074df00000|100%| E|CS|TAMS 0x000000074de00000, 0x000000074de00000| Complete 
| 223|0x000000074df00000, 0x000000074e000000, 0x000000074e000000|100%| E|CS|TAMS 0x000000074df00000, 0x000000074df00000| Complete 
| 224|0x000000074e000000, 0x000000074e100000, 0x000000074e100000|100%| E|CS|TAMS 0x000000074e000000, 0x000000074e000000| Complete 
| 225|0x000000074e100000, 0x000000074e200000, 0x000000074e200000|100%| E|CS|TAMS 0x000000074e100000, 0x000000074e100000| Complete 
| 226|0x000000074e200000, 0x000000074e300000, 0x000000074e300000|100%| E|CS|TAMS 0x000000074e200000, 0x000000074e200000| Complete 
| 227|0x000000074e300000, 0x000000074e400000, 0x000000074e400000|100%| E|CS|TAMS 0x000000074e300000, 0x000000074e300000| Complete 
| 228|0x000000074e400000, 0x000000074e500000, 0x000000074e500000|100%| E|CS|TAMS 0x000000074e400000, 0x000000074e400000| Complete 
| 229|0x000000074e500000, 0x000000074e600000, 0x000000074e600000|100%| E|CS|TAMS 0x000000074e500000, 0x000000074e500000| Complete 
| 230|0x000000074e600000, 0x000000074e700000, 0x000000074e700000|100%| E|CS|TAMS 0x000000074e600000, 0x000000074e600000| Complete 
| 231|0x000000074e700000, 0x000000074e800000, 0x000000074e800000|100%| E|CS|TAMS 0x000000074e700000, 0x000000074e700000| Complete 
| 232|0x000000074e800000, 0x000000074e900000, 0x000000074e900000|100%| E|CS|TAMS 0x000000074e800000, 0x000000074e800000| Complete 
| 233|0x000000074e900000, 0x000000074ea00000, 0x000000074ea00000|100%| E|CS|TAMS 0x000000074e900000, 0x000000074e900000| Complete 
| 234|0x000000074ea00000, 0x000000074eb00000, 0x000000074eb00000|100%| E|CS|TAMS 0x000000074ea00000, 0x000000074ea00000| Complete 
| 235|0x000000074eb00000, 0x000000074ec00000, 0x000000074ec00000|100%| E|CS|TAMS 0x000000074eb00000, 0x000000074eb00000| Complete 
| 236|0x000000074ec00000, 0x000000074ed00000, 0x000000074ed00000|100%| E|CS|TAMS 0x000000074ec00000, 0x000000074ec00000| Complete 
| 237|0x000000074ed00000, 0x000000074ee00000, 0x000000074ee00000|100%| E|CS|TAMS 0x000000074ed00000, 0x000000074ed00000| Complete 
| 238|0x000000074ee00000, 0x000000074ef00000, 0x000000074ef00000|100%| E|CS|TAMS 0x000000074ee00000, 0x000000074ee00000| Complete 
| 239|0x000000074ef00000, 0x000000074f000000, 0x000000074f000000|100%| E|CS|TAMS 0x000000074ef00000, 0x000000074ef00000| Complete 
| 240|0x000000074f000000, 0x000000074f100000, 0x000000074f100000|100%| E|CS|TAMS 0x000000074f000000, 0x000000074f000000| Complete 
| 241|0x000000074f100000, 0x000000074f200000, 0x000000074f200000|100%| E|CS|TAMS 0x000000074f100000, 0x000000074f100000| Complete 
| 242|0x000000074f200000, 0x000000074f300000, 0x000000074f300000|100%| E|CS|TAMS 0x000000074f200000, 0x000000074f200000| Complete 
| 243|0x000000074f300000, 0x000000074f400000, 0x000000074f400000|100%| E|CS|TAMS 0x000000074f300000, 0x000000074f300000| Complete 
| 244|0x000000074f400000, 0x000000074f500000, 0x000000074f500000|100%| E|CS|TAMS 0x000000074f400000, 0x000000074f400000| Complete 
| 245|0x000000074f500000, 0x000000074f600000, 0x000000074f600000|100%| E|CS|TAMS 0x000000074f500000, 0x000000074f500000| Complete 
| 246|0x000000074f600000, 0x000000074f700000, 0x000000074f700000|100%| E|CS|TAMS 0x000000074f600000, 0x000000074f600000| Complete 
| 247|0x000000074f700000, 0x000000074f800000, 0x000000074f800000|100%| E|CS|TAMS 0x000000074f700000, 0x000000074f700000| Complete 
| 248|0x000000074f800000, 0x000000074f900000, 0x000000074f900000|100%| E|CS|TAMS 0x000000074f800000, 0x000000074f800000| Complete 
| 249|0x000000074f900000, 0x000000074fa00000, 0x000000074fa00000|100%| E|CS|TAMS 0x000000074f900000, 0x000000074f900000| Complete 
| 250|0x000000074fa00000, 0x000000074fb00000, 0x000000074fb00000|100%| E|CS|TAMS 0x000000074fa00000, 0x000000074fa00000| Complete 
| 251|0x000000074fb00000, 0x000000074fc00000, 0x000000074fc00000|100%| E|CS|TAMS 0x000000074fb00000, 0x000000074fb00000| Complete 
| 252|0x000000074fc00000, 0x000000074fd00000, 0x000000074fd00000|100%| E|CS|TAMS 0x000000074fc00000, 0x000000074fc00000| Complete 
| 253|0x000000074fd00000, 0x000000074fe00000, 0x000000074fe00000|100%| E|CS|TAMS 0x000000074fd00000, 0x000000074fd00000| Complete 
| 254|0x000000074fe00000, 0x000000074ff00000, 0x000000074ff00000|100%| E|CS|TAMS 0x000000074fe00000, 0x000000074fe00000| Complete 
| 255|0x000000074ff00000, 0x0000000750000000, 0x0000000750000000|100%| E|CS|TAMS 0x000000074ff00000, 0x000000074ff00000| Complete 
| 256|0x0000000750000000, 0x0000000750100000, 0x0000000750100000|100%| E|CS|TAMS 0x0000000750000000, 0x0000000750000000| Complete 
| 257|0x0000000750100000, 0x0000000750200000, 0x0000000750200000|100%| E|CS|TAMS 0x0000000750100000, 0x0000000750100000| Complete 
| 258|0x0000000750200000, 0x0000000750300000, 0x0000000750300000|100%| E|CS|TAMS 0x0000000750200000, 0x0000000750200000| Complete 
| 259|0x0000000750300000, 0x0000000750400000, 0x0000000750400000|100%| E|CS|TAMS 0x0000000750300000, 0x0000000750300000| Complete 
| 260|0x0000000750400000, 0x0000000750500000, 0x0000000750500000|100%| E|CS|TAMS 0x0000000750400000, 0x0000000750400000| Complete 
| 261|0x0000000750500000, 0x0000000750600000, 0x0000000750600000|100%| E|CS|TAMS 0x0000000750500000, 0x0000000750500000| Complete 
| 262|0x0000000750600000, 0x0000000750700000, 0x0000000750700000|100%| E|CS|TAMS 0x0000000750600000, 0x0000000750600000| Complete 
| 263|0x0000000750700000, 0x0000000750800000, 0x0000000750800000|100%| E|CS|TAMS 0x0000000750700000, 0x0000000750700000| Complete 

Card table byte_map: [0x000001c70dd40000,0x000001c70e340000] _byte_map_base: 0x000001c70a340000

Marking Bits (Prev, Next): (CMBitMap*) 0x000001c701045f80, (CMBitMap*) 0x000001c701045f48
 Prev Bits: [0x000001c711940000, 0x000001c714940000)
 Next Bits: [0x000001c70e940000, 0x000001c711940000)

Polling page: 0x000001c700110000

Metaspace:

Usage:
  Non-class:     91.34 MB capacity,    90.57 MB (>99%) used,   590.52 KB ( <1%) free+waste,   200.63 KB ( <1%) overhead. 
      Class:     14.43 MB capacity,    13.94 MB ( 97%) used,   416.34 KB (  3%) free+waste,    86.81 KB ( <1%) overhead. 
       Both:    105.77 MB capacity,   104.50 MB ( 99%) used,  1006.86 KB ( <1%) free+waste,   287.44 KB ( <1%) overhead. 

Virtual space:
  Non-class space:       96.00 MB reserved,      94.33 MB ( 98%) committed 
      Class space:        1.00 GB reserved,      16.13 MB (  2%) committed 
             Both:        1.09 GB reserved,     110.45 MB ( 10%) committed 

Chunk freelists:
   Non-Class:  374.38 KB
       Class:  205.25 KB
        Both:  579.63 KB

CodeHeap 'non-profiled nmethods': size=120000Kb used=27773Kb max_used=30193Kb free=92226Kb
 bounds [0x000001c727c10000, 0x000001c7299a0000, 0x000001c72f140000]
CodeHeap 'profiled nmethods': size=120000Kb used=46089Kb max_used=51545Kb free=73910Kb
 bounds [0x000001c7206e0000, 0x000001c7239a0000, 0x000001c727c10000]
CodeHeap 'non-nmethods': size=5760Kb used=1778Kb max_used=1850Kb free=3981Kb
 bounds [0x000001c720140000, 0x000001c7203b0000, 0x000001c7206e0000]
 total_blobs=42732 nmethods=20405 adapters=1283
 compilation: enabled
              stopped_count=0, restarted_count=0
 full_count=0

Compilation events (10 events):
Event: 39664.534 Thread 0x000001c71f864000 28521       4       javax.swing.plaf.synth.SynthProgressBarUI::paint (616 bytes)
Event: 39664.545 Thread 0x000001c71f864000 nmethod 28521 0x000001c72857ef10 code [0x000001c72857f160, 0x000001c72857fab0]
Event: 39665.173 Thread 0x000001c7013e6800 28522       3       java.awt.LightweightDispatcher::stopListeningForOtherDrags (13 bytes)
Event: 39665.173 Thread 0x000001c7013e6800 nmethod 28522 0x000001c720968010 code [0x000001c7209681e0, 0x000001c7209684f0]
Event: 39665.173 Thread 0x000001c7013e6800 28523       3       java.awt.LightweightDispatcher$2::<init> (10 bytes)
Event: 39665.174 Thread 0x000001c7013e6800 nmethod 28523 0x000001c720825290 code [0x000001c720825440, 0x000001c720825658]
Event: 39666.247 Thread 0x000001c7013e6800 28524       3       javax.swing.JTabbedPane::setIconAt (74 bytes)
Event: 39666.248 Thread 0x000001c7013e6800 nmethod 28524 0x000001c720bce190 code [0x000001c720bce3c0, 0x000001c720bcede0]
Event: 39666.328 Thread 0x000001c71f864000 28525       4       ui.views.Q.b.l::aZu (14 bytes)
Event: 39666.329 Thread 0x000001c71f864000 nmethod 28525 0x000001c727d8a310 code [0x000001c727d8a4a0, 0x000001c727d8a518]

GC Heap History (10 events):
Event: 39656.550 GC heap before
{Heap before GC invocations=1944 (full 949):
 garbage-first heap   total 270336K, used 105977K [0x0000000740000000, 0x0000000800000000)
  region size 1024K, 11 young (11264K), 1 survivors (1024K)
 Metaspace       used 107008K, capacity 108307K, committed 113104K, reserved 1146880K
  class space    used 14270K, capacity 14774K, committed 16512K, reserved 1048576K
}
Event: 39656.632 GC heap after
{Heap after GC invocations=1945 (full 950):
 garbage-first heap   total 270336K, used 91978K [0x0000000740000000, 0x0000000800000000)
  region size 1024K, 0 young (0K), 0 survivors (0K)
 Metaspace       used 107008K, capacity 108307K, committed 113104K, reserved 1146880K
  class space    used 14270K, capacity 14774K, committed 16512K, reserved 1048576K
}
Event: 39656.931 GC heap before
{Heap before GC invocations=1945 (full 950):
 garbage-first heap   total 270336K, used 95050K [0x0000000740000000, 0x0000000800000000)
  region size 1024K, 4 young (4096K), 0 survivors (0K)
 Metaspace       used 107008K, capacity 108307K, committed 113104K, reserved 1146880K
  class space    used 14270K, capacity 14774K, committed 16512K, reserved 1048576K
}
Event: 39657.018 GC heap after
{Heap after GC invocations=1946 (full 951):
 garbage-first heap   total 270336K, used 92050K [0x0000000740000000, 0x0000000800000000)
  region size 1024K, 0 young (0K), 0 survivors (0K)
 Metaspace       used 107008K, capacity 108307K, committed 113104K, reserved 1146880K
  class space    used 14270K, capacity 14774K, committed 16512K, reserved 1048576K
}
Event: 39657.876 GC heap before
{Heap before GC invocations=1946 (full 951):
 garbage-first heap   total 270336K, used 96146K [0x0000000740000000, 0x0000000800000000)
  region size 1024K, 5 young (5120K), 0 survivors (0K)
 Metaspace       used 107008K, capacity 108307K, committed 113104K, reserved 1146880K
  class space    used 14270K, capacity 14774K, committed 16512K, reserved 1048576K
}
Event: 39657.963 GC heap after
{Heap after GC invocations=1947 (full 952):
 garbage-first heap   total 270336K, used 92100K [0x0000000740000000, 0x0000000800000000)
  region size 1024K, 0 young (0K), 0 survivors (0K)
 Metaspace       used 107008K, capacity 108307K, committed 113104K, reserved 1146880K
  class space    used 14270K, capacity 14774K, committed 16512K, reserved 1048576K
}
Event: 39663.812 GC heap before
{Heap before GC invocations=1947 (full 952):
 garbage-first heap   total 270336K, used 153540K [0x0000000740000000, 0x0000000800000000)
  region size 1024K, 60 young (61440K), 0 survivors (0K)
 Metaspace       used 107012K, capacity 108307K, committed 113104K, reserved 1146880K
  class space    used 14270K, capacity 14774K, committed 16512K, reserved 1048576K
}
Event: 39663.815 GC heap after
{Heap after GC invocations=1948 (full 952):
 garbage-first heap   total 270336K, used 92859K [0x0000000740000000, 0x0000000800000000)
  region size 1024K, 1 young (1024K), 1 survivors (1024K)
 Metaspace       used 107012K, capacity 108307K, committed 113104K, reserved 1146880K
  class space    used 14270K, capacity 14774K, committed 16512K, reserved 1048576K
}
Event: 39666.329 GC heap before
{Heap before GC invocations=1948 (full 952):
 garbage-first heap   total 270336K, used 153275K [0x0000000740000000, 0x0000000800000000)
  region size 1024K, 60 young (61440K), 1 survivors (1024K)
 Metaspace       used 107012K, capacity 108307K, committed 113104K, reserved 1146880K
  class space    used 14270K, capacity 14774K, committed 16512K, reserved 1048576K
}
Event: 39666.331 GC heap after
{Heap after GC invocations=1949 (full 952):
 garbage-first heap   total 270336K, used 92871K [0x0000000740000000, 0x0000000800000000)
  region size 1024K, 1 young (1024K), 1 survivors (1024K)
 Metaspace       used 107012K, capacity 108307K, committed 113104K, reserved 1146880K
  class space    used 14270K, capacity 14774K, committed 16512K, reserved 1048576K
}

Deoptimization events (10 events):
Event: 39122.949 Thread 0x000001c704e00000 Uncommon trap: reason=predicate action=maybe_recompile pc=0x000001c72913bd2c method=javax.swing.ListSelectionModel.getSelectedIndices()[I @ 43 c2
Event: 39123.046 Thread 0x000001c718c06000 Uncommon trap: reason=unstable_if action=reinterpret pc=0x000001c728cf1614 method=de.javasoft.plaf.synthetica.painter.AnimationThreadFactory$AnimationThread.run()V @ 379 c2
Event: 39123.047 Thread 0x000001c704e00000 Uncommon trap: reason=unstable_if action=reinterpret pc=0x000001c728d8f328 method=de.javasoft.plaf.synthetica.SyntheticaLookAndFeel.popupHasIcons(Ljavax/swing/JPopupMenu;)Z @ 21 c2
Event: 39123.047 Thread 0x000001c704e00000 Uncommon trap: reason=unstable_if action=reinterpret pc=0x000001c72870f250 method=de.javasoft.plaf.synthetica.SyntheticaLookAndFeel.popupHasCheckRadio(Ljavax/swing/JPopupMenu;)Z @ 21 c2
Event: 39123.047 Thread 0x000001c704e00000 Uncommon trap: reason=bimorphic_or_optimized_type_check action=maybe_recompile pc=0x000001c728ba9204 method=javax.swing.plaf.basic.BasicListUI.paintCell(Ljava/awt/Graphics;ILjava/awt/Rectangle;Ljavax/swing/ListCellRenderer;Ljavax/swing/ListModel;Ljavax/sw
Event: 39123.047 Thread 0x000001c704e00000 Uncommon trap: reason=bimorphic_or_optimized_type_check action=maybe_recompile pc=0x000001c728ba9204 method=javax.swing.plaf.basic.BasicListUI.paintCell(Ljava/awt/Graphics;ILjava/awt/Rectangle;Ljavax/swing/ListCellRenderer;Ljavax/swing/ListModel;Ljavax/sw
Event: 39123.047 Thread 0x000001c704e00000 Uncommon trap: reason=bimorphic_or_optimized_type_check action=maybe_recompile pc=0x000001c728ba9204 method=javax.swing.plaf.basic.BasicListUI.paintCell(Ljava/awt/Graphics;ILjava/awt/Rectangle;Ljavax/swing/ListCellRenderer;Ljavax/swing/ListModel;Ljavax/sw
Event: 39123.047 Thread 0x000001c704e00000 Uncommon trap: reason=bimorphic_or_optimized_type_check action=maybe_recompile pc=0x000001c728ba9204 method=javax.swing.plaf.basic.BasicListUI.paintCell(Ljava/awt/Graphics;ILjava/awt/Rectangle;Ljavax/swing/ListCellRenderer;Ljavax/swing/ListModel;Ljavax/sw
Event: 39128.235 Thread 0x000001c718c06000 Uncommon trap: reason=unstable_if action=reinterpret pc=0x000001c729846a08 method=de.javasoft.plaf.synthetica.painter.AnimationThreadFactory$AnimationThread.run()V @ 379 c2
Event: 39162.867 Thread 0x000001c704e00000 Uncommon trap: reason=unstable_if action=reinterpret pc=0x000001c7297d9634 method=ui.data.p.b.c.l.g(Lui/data/p/a;II)V @ 122 c2

Classes redefined (0 events):
No events

Internal exceptions (10 events):
Event: 39618.057 Thread 0x000001c704e00000 Exception <a 'java/io/FileNotFoundException'{0x00000007502786a8}> (0x00000007502786a8) thrown at [t:/workspace/open/src/hotspot/share/prims/jni.cpp, line 615]
Event: 39623.059 Thread 0x000001c704e00000 Exception <a 'java/io/FileNotFoundException'{0x000000075061e768}> (0x000000075061e768) thrown at [t:/workspace/open/src/hotspot/share/prims/jni.cpp, line 615]
Event: 39628.060 Thread 0x000001c704e00000 Exception <a 'java/io/FileNotFoundException'{0x000000074fa7cbd8}> (0x000000074fa7cbd8) thrown at [t:/workspace/open/src/hotspot/share/prims/jni.cpp, line 615]
Event: 39633.059 Thread 0x000001c704e00000 Exception <a 'java/io/FileNotFoundException'{0x000000074f151b50}> (0x000000074f151b50) thrown at [t:/workspace/open/src/hotspot/share/prims/jni.cpp, line 615]
Event: 39638.060 Thread 0x000001c704e00000 Exception <a 'java/io/FileNotFoundException'{0x000000074f1754b0}> (0x000000074f1754b0) thrown at [t:/workspace/open/src/hotspot/share/prims/jni.cpp, line 615]
Event: 39643.061 Thread 0x000001c704e00000 Exception <a 'java/io/FileNotFoundException'{0x000000074e94b5d8}> (0x000000074e94b5d8) thrown at [t:/workspace/open/src/hotspot/share/prims/jni.cpp, line 615]
Event: 39648.063 Thread 0x000001c704e00000 Exception <a 'java/io/FileNotFoundException'{0x000000074db64678}> (0x000000074db64678) thrown at [t:/workspace/open/src/hotspot/share/prims/jni.cpp, line 615]
Event: 39653.063 Thread 0x000001c704e00000 Exception <a 'java/io/FileNotFoundException'{0x0000000750372598}> (0x0000000750372598) thrown at [t:/workspace/open/src/hotspot/share/prims/jni.cpp, line 615]
Event: 39658.063 Thread 0x000001c704e00000 Exception <a 'java/io/FileNotFoundException'{0x0000000750745250}> (0x0000000750745250) thrown at [t:/workspace/open/src/hotspot/share/prims/jni.cpp, line 615]
Event: 39663.064 Thread 0x000001c704e00000 Exception <a 'java/io/FileNotFoundException'{0x000000074d1e2b30}> (0x000000074d1e2b30) thrown at [t:/workspace/open/src/hotspot/share/prims/jni.cpp, line 615]

Events (10 events):
Event: 39665.543 Thread 0x000001c75bfbc000 Thread added: 0x000001c75bfbc000
Event: 39665.547 Thread 0x000001c75bfbc000 Thread exited: 0x000001c75bfbc000
Event: 39665.635 Thread 0x000001c75bfbc000 Thread added: 0x000001c75bfbc000
Event: 39665.640 Executing VM operation: RevokeBias
Event: 39665.640 Executing VM operation: RevokeBias done
Event: 39665.640 Thread 0x000001c75bfbc000 Thread exited: 0x000001c75bfbc000
Event: 39666.329 Executing VM operation: G1CollectForAllocation
Event: 39666.331 Executing VM operation: G1CollectForAllocation done
Event: 39666.579 Thread 0x000001c75bfbc000 Thread added: 0x000001c75bfbc000
Event: 39666.583 Thread 0x000001c75bfbc000 Thread exited: 0x000001c75bfbc000


Dynamic libraries:
0x00007ff7ec110000 - 0x00007ff7ec13f000 	C:\Xilinx\Vivado\2020.2\bin\unwrapped\win64.o\vivado.exe
0x00007ff866190000 - 0x00007ff866388000 	C:\Windows\SYSTEM32\ntdll.dll
0x00007ff864d10000 - 0x00007ff864dcf000 	C:\Windows\System32\KERNEL32.DLL
0x00007ff863af0000 - 0x00007ff863dc2000 	C:\Windows\System32\KERNELBASE.dll
0x00007ff8603f0000 - 0x00007ff860481000 	C:\Windows\SYSTEM32\apphelp.dll
0x00007ff863e00000 - 0x00007ff863f00000 	C:\Windows\System32\ucrtbase.dll
0x00007ff8426e0000 - 0x00007ff84276e000 	C:\Windows\SYSTEM32\MSVCP140.dll
0x00007ff849940000 - 0x00007ff84995b000 	C:\Windows\SYSTEM32\VCRUNTIME140.dll
0x00007ff8426a0000 - 0x00007ff8426ac000 	C:\Windows\SYSTEM32\VCRUNTIME140_1.dll
0x00007ff85e1f0000 - 0x00007ff85e203000 	C:\Xilinx\Vivado\2020.2\lib\win64.o\libboost_signals.dll
0x00007ff84b7e0000 - 0x00007ff84b7f8000 	C:\Xilinx\Vivado\2020.2\lib\win64.o\librdi_commonmain.dll
0x00007ff840a30000 - 0x00007ff840a52000 	C:\Xilinx\Vivado\2020.2\lib\win64.o\libboost_filesystem.dll
0x00007ff8650f0000 - 0x00007ff86519e000 	C:\Windows\System32\ADVAPI32.dll
0x00007ff8660b0000 - 0x00007ff86614e000 	C:\Windows\System32\msvcrt.dll
0x00007ff864360000 - 0x00007ff8643fc000 	C:\Windows\System32\sechost.dll
0x00007ff864930000 - 0x00007ff864a55000 	C:\Windows\System32\RPCRT4.dll
0x00007ff85e660000 - 0x00007ff85e669000 	C:\Xilinx\Vivado\2020.2\lib\win64.o\librdi_commonversion.dll
0x00007ff822040000 - 0x00007ff8221d9000 	C:\Xilinx\Vivado\2020.2\lib\win64.o\librdi_commonxillic.dll
0x00007ff864b60000 - 0x00007ff864d01000 	C:\Windows\System32\USER32.dll
0x00007ff864110000 - 0x00007ff864132000 	C:\Windows\System32\win32u.dll
0x00007ff864480000 - 0x00007ff8644ab000 	C:\Windows\System32\GDI32.dll
0x00007ff863f50000 - 0x00007ff86405f000 	C:\Windows\System32\gdi32full.dll
0x00007ff863880000 - 0x00007ff86391d000 	C:\Windows\System32\msvcp_win.dll
0x00007ff864dd0000 - 0x00007ff864e3b000 	C:\Windows\System32\WS2_32.dll
0x00007ff863dd0000 - 0x00007ff863df7000 	C:\Windows\System32\bcrypt.dll
0x0000000052ac0000 - 0x0000000052beb000 	C:\Xilinx\Vivado\2020.2\lib\win64.o\tcl85t.dll
0x00007ff852de0000 - 0x00007ff852de9000 	C:\Xilinx\Vivado\2020.2\lib\win64.o\libboost_system.dll
0x00007fffc9bc0000 - 0x00007fffcad37000 	C:\Xilinx\Vivado\2020.2\lib\win64.o\librdi_common.dll
0x00007ff865540000 - 0x00007ff865c84000 	C:\Windows\System32\SHELL32.dll
0x00007ff823850000 - 0x00007ff823961000 	C:\Xilinx\Vivado\2020.2\lib\win64.o\libboost_regex.dll
0x00007ff80fe20000 - 0x00007ff8100fb000 	C:\Xilinx\Vivado\2020.2\lib\win64.o\libXil_lmgr11.dll
0x00007ff865e40000 - 0x00007ff865f1a000 	C:\Windows\System32\COMDLG32.dll
0x00007ff8651a0000 - 0x00007ff8654f5000 	C:\Windows\System32\combase.dll
0x00007ff865040000 - 0x00007ff8650ed000 	C:\Windows\System32\shcore.dll
0x00007ff864f80000 - 0x00007ff864fd5000 	C:\Windows\System32\SHLWAPI.dll
0x00007ff864a60000 - 0x00007ff864b2d000 	C:\Windows\System32\OLEAUT32.dll
0x00007ff8641d0000 - 0x00007ff8642fa000 	C:\Windows\System32\ole32.dll
0x00007ff863920000 - 0x00007ff863989000 	C:\Windows\System32\WINTRUST.dll
0x00007ff863990000 - 0x00007ff863ae6000 	C:\Windows\System32\CRYPT32.dll
0x00007ff849970000 - 0x00007ff849980000 	C:\Xilinx\Vivado\2020.2\lib\win64.o\libboost_date_time.dll
0x00007fffc9850000 - 0x00007fffc9bbe000 	C:\Xilinx\Vivado\2020.2\lib\win64.o\libCOIN-all.dll
0x00007ff8429a0000 - 0x00007ff8429be000 	C:\Xilinx\Vivado\2020.2\lib\win64.o\libboost_thread.dll
0x00007ff825b30000 - 0x00007ff825ba3000 	C:\Xilinx\Vivado\2020.2\lib\win64.o\libboost_program_options.dll
0x00007ff846da0000 - 0x00007ff846dac000 	C:\Xilinx\Vivado\2020.2\lib\win64.o\libboost_xilinx.dll
0x00007ff824130000 - 0x00007ff8241b2000 	C:\Xilinx\Vivado\2020.2\lib\win64.o\libhdlpsolve.dll
0x00007ff823a30000 - 0x00007ff823ad5000 	C:\Xilinx\Vivado\2020.2\lib\win64.o\libhdxml.dll
0x00007ff840a00000 - 0x00007ff840a28000 	C:\Xilinx\Vivado\2020.2\lib\win64.o\libisl_sysinfo.dll
0x00007ff825ac0000 - 0x00007ff825b25000 	C:\Xilinx\Vivado\2020.2\lib\win64.o\liblmx6.0.dll
0x00007ff840b90000 - 0x00007ff840baa000 	C:\Xilinx\Vivado\2020.2\lib\win64.o\pthreadVC2.dll
0x00007ff83f900000 - 0x00007ff83f91c000 	C:\Xilinx\Vivado\2020.2\lib\win64.o\librdiconfig.dll
0x00007ff83d320000 - 0x00007ff83d341000 	C:\Xilinx\Vivado\2020.2\lib\win64.o\librdizlib.dll
0x00007fffc8a50000 - 0x00007fffc9842600 	C:\Xilinx\Vivado\2020.2\lib\win64.o\libisl_iostreams.dll
0x00007ff84dc90000 - 0x00007ff84dca9000 	C:\Windows\SYSTEM32\NETAPI32.dll
0x00007ff84b140000 - 0x00007ff84b619000 	C:\Windows\SYSTEM32\WININET.dll
0x00007ff85a720000 - 0x00007ff85a82c000 	C:\Windows\SYSTEM32\WINHTTP.dll
0x00007ff850360000 - 0x00007ff85054d000 	C:\Windows\SYSTEM32\urlmon.dll
0x00007ff8479d0000 - 0x00007ff8479d9000 	C:\Windows\SYSTEM32\WSOCK32.dll
0x00007ff83ce10000 - 0x00007ff83ce3e000 	C:\Windows\SYSTEM32\VCOMP140.DLL
0x00007ff84db90000 - 0x00007ff84dc40000 	C:\Windows\WinSxS\amd64_microsoft.windows.common-controls_6595b64144ccf1df_5.82.19041.1110_none_792d1c772443f647\COMCTL32.dll
0x00007ff85bac0000 - 0x00007ff85badd000 	C:\Windows\SYSTEM32\dhcpcsvc.DLL
0x0000000012000000 - 0x0000000012270000 	C:\Xilinx\Vivado\2020.2\lib\win64.o\xerces-c_3_1.dll
0x00007ff845dd0000 - 0x00007ff845ddc000 	C:\Xilinx\Vivado\2020.2\lib\win64.o\libboost_chrono.dll
0x00007ff83f5f0000 - 0x00007ff83f606000 	C:\Xilinx\Vivado\2020.2\lib\win64.o\libboost_iostreams.dll
0x00007ff8507b0000 - 0x00007ff850a61000 	C:\Windows\SYSTEM32\iertutil.dll
0x00007ff850330000 - 0x00007ff850358000 	C:\Windows\SYSTEM32\srvcli.dll
0x00007ff862740000 - 0x00007ff86274c000 	C:\Windows\SYSTEM32\netutils.dll
0x00007ff839c90000 - 0x00007ff839cb3000 	C:\Xilinx\Vivado\2020.2\lib\win64.o\libisl_iosutils.dll
0x00007fffc6b30000 - 0x00007fffc8a47000 	C:\Xilinx\Vivado\2020.2\lib\win64.o\gurobi90.dll
0x00007ff864fe0000 - 0x00007ff865036000 	C:\Windows\System32\WLDAP32.dll
0x00007ff864920000 - 0x00007ff864928000 	C:\Windows\System32\Normaliz.dll
0x00007ff862940000 - 0x00007ff8629aa000 	C:\Windows\SYSTEM32\MSWSOCK.DLL
0x00007ff865500000 - 0x00007ff865532000 	C:\Windows\System32\IMM32.DLL
0x00007ff863030000 - 0x00007ff863042000 	C:\Windows\SYSTEM32\MSASN1.dll
0x00007ff860940000 - 0x00007ff860952000 	C:\Windows\SYSTEM32\kernel.appcore.dll
0x00007fffc6600000 - 0x00007fffc6b22000 	C:\Xilinx\Vivado\2020.2\lib\win64.o\librdi_commontasks.dll
0x00007ff85b9f0000 - 0x00007ff85b9fa000 	C:\Windows\SYSTEM32\VERSION.dll
0x00007fffc5ad0000 - 0x00007fffc65f3000 	C:\Xilinx\Vivado\2020.2\tps\win64\jre11.0.2\bin\server\jvm.dll
0x00007ff8660a0000 - 0x00007ff8660a8000 	C:\Windows\System32\PSAPI.DLL
0x00007ff851d70000 - 0x00007ff851d97000 	C:\Windows\SYSTEM32\WINMM.dll
0x00007fffc57f0000 - 0x00007fffc5ac5000 	C:\Xilinx\Vivado\2020.2\lib\win64.o\librdi_sio.dll
0x00007ff862630000 - 0x00007ff86266b000 	C:\Windows\SYSTEM32\IPHLPAPI.DLL
0x00007ff860c40000 - 0x00007ff8613d2000 	C:\Windows\SYSTEM32\windows.storage.dll
0x00007ff862be0000 - 0x00007ff862c10000 	C:\Windows\SYSTEM32\Wldp.dll
0x00007fffc2d30000 - 0x00007fffc57ee000 	C:\Xilinx\Vivado\2020.2\lib\win64.o\librdi_tcltasks.dll
0x00007ff823e00000 - 0x00007ff823e7e000 	C:\Xilinx\Vivado\2020.2\lib\win64.o\librdi_boarddep.dll
0x00007ff821c80000 - 0x00007ff821e33000 	C:\Xilinx\Vivado\2020.2\lib\win64.o\librdi_board.dll
0x00007fffc2880000 - 0x00007fffc2d26000 	C:\Xilinx\Vivado\2020.2\lib\win64.o\librdi_bitstream.dll
0x00007ff823070000 - 0x00007ff823166000 	C:\Xilinx\Vivado\2020.2\lib\win64.o\librdi_chipscope.dll
0x00007ff821730000 - 0x00007ff82191a000 	C:\Xilinx\Vivado\2020.2\lib\win64.o\librdi_chipscopeimpl.dll
0x00007ff8229d0000 - 0x00007ff822b31000 	C:\Xilinx\Vivado\2020.2\lib\win64.o\librdi_containers.dll
0x00007fffc0b10000 - 0x00007fffc2871000 	C:\Xilinx\Vivado\2020.2\lib\win64.o\librdi_designutils.dll
0x00007fffbece0000 - 0x00007fffc0b0c000 	C:\Xilinx\Vivado\2020.2\lib\win64.o\librdi_constraints.dll
0x00007fffbe970000 - 0x00007fffbecd8000 	C:\Xilinx\Vivado\2020.2\lib\win64.o\librdi_dlyest.dll
0x00007fffbe310000 - 0x00007fffbe96d000 	C:\Xilinx\Vivado\2020.2\lib\win64.o\librdi_drc.dll
0x00007ff8213b0000 - 0x00007ff821463000 	C:\Xilinx\Vivado\2020.2\lib\win64.o\librdi_dsp.dll
0x00007fffbbf50000 - 0x00007fffbe30d000 	C:\Xilinx\Vivado\2020.2\lib\win64.o\librdi_coregen.dll
0x00007fffbb830000 - 0x00007fffbbf48000 	C:\Xilinx\Vivado\2020.2\lib\win64.o\librdi_coregenipxact.dll
0x00007fffa2f30000 - 0x00007fffa324d000 	C:\Xilinx\Vivado\2020.2\lib\win64.o\librdi_guitools.dll
0x00007fffa3250000 - 0x00007fffbb82f000 	C:\Xilinx\Vivado\2020.2\lib\win64.o\librdi_device.dll
0x00007ff8257b0000 - 0x00007ff82581b000 	C:\Xilinx\Vivado\2020.2\lib\win64.o\librdi_hdf.dll
0x00007fffa2860000 - 0x00007fffa2f22000 	C:\Xilinx\Vivado\2020.2\lib\win64.o\librdi_filemgmt.dll
0x00007ff80da50000 - 0x00007ff80dcc7000 	C:\Xilinx\Vivado\2020.2\lib\win64.o\librdi_hip_devdesign.dll
0x00007ff811260000 - 0x00007ff8113a7000 	C:\Xilinx\Vivado\2020.2\lib\win64.o\librdi_hip_perf_analysis.dll
0x00007ff821fc0000 - 0x00007ff822032000 	C:\Xilinx\Vivado\2020.2\lib\win64.o\librdi_memoryarray.dll
0x00007fffa2210000 - 0x00007fffa285c000 	C:\Xilinx\Vivado\2020.2\lib\win64.o\librdi_memdata.dll
0x00007fffa0630000 - 0x00007fffa2204000 	C:\Xilinx\Vivado\2020.2\lib\win64.o\librdi_implflow.dll
0x00007ff824770000 - 0x00007ff8247c4000 	C:\Xilinx\Vivado\2020.2\lib\win64.o\librdi_pfi.dll
0x00007fff9e1e0000 - 0x00007fffa0624000 	C:\Xilinx\Vivado\2020.2\lib\win64.o\librdi_mig.dll
0x00007fff9dab0000 - 0x00007fff9e1dc000 	C:\Xilinx\Vivado\2020.2\lib\win64.o\librdi_netlist.dll
0x00007fff9d290000 - 0x00007fff9daa7000 	C:\Xilinx\Vivado\2020.2\lib\win64.o\librdi_power.dll
0x00007fff9cef0000 - 0x00007fff9d28e000 	C:\Xilinx\Vivado\2020.2\lib\win64.o\librdi_platform.dll
0x00007fff9c870000 - 0x00007fff9cee4000 	C:\Xilinx\Vivado\2020.2\lib\win64.o\librdi_project.dll
0x00007fff9c060000 - 0x00007fff9c86c000 	C:\Xilinx\Vivado\2020.2\lib\win64.o\librdi_rsb.dll
0x00007fff9b930000 - 0x00007fff9c052000 	C:\Xilinx\Vivado\2020.2\lib\win64.o\librdi_psta.dll
0x00007fff9b400000 - 0x00007fff9b92b000 	C:\Xilinx\Vivado\2020.2\lib\win64.o\librdi_runs.dll
0x00007ff80d3c0000 - 0x00007ff80d4c9000 	C:\Xilinx\Vivado\2020.2\lib\win64.o\librdi_runsbase.dll
0x00007fff9b180000 - 0x00007fff9b3f4000 	C:\Xilinx\Vivado\2020.2\lib\win64.o\librdi_simdata.dll
0x00007fffeb520000 - 0x00007fffeb636000 	C:\Xilinx\Vivado\2020.2\lib\win64.o\librdi_xhub.dll
0x00007ff815980000 - 0x00007ff815a27000 	C:\Xilinx\Vivado\2020.2\lib\win64.o\librdi_xhubtasks.dll
0x00007fff97f70000 - 0x00007fff9b177000 	C:\Xilinx\Vivado\2020.2\lib\win64.o\librdi_place.dll
0x00007fff96fe0000 - 0x00007fff97f61000 	C:\Xilinx\Vivado\2020.2\lib\win64.o\librdi_timing.dll
0x00007fff96df0000 - 0x00007fff96fdb000 	C:\Xilinx\Vivado\2020.2\lib\win64.o\librdi_advchipscopeimpl.dll
0x00007ff823f80000 - 0x00007ff823fc7000 	C:\Xilinx\Vivado\2020.2\lib\win64.o\libboost_serialization.dll
0x00007ff80d2d0000 - 0x00007ff80d3bb000 	C:\Xilinx\Vivado\2020.2\lib\win64.o\librdi_ipconfig_readwrite.dll
0x00007ff8216c0000 - 0x00007ff82172a000 	C:\Xilinx\Vivado\2020.2\lib\win64.o\librdi_noc_frameworks.dll
0x00007fff96af0000 - 0x00007fff96deb000 	C:\Xilinx\Vivado\2020.2\lib\win64.o\librdi_hip_config.dll
0x00007fff965a0000 - 0x00007fff96aee000 	C:\Xilinx\Vivado\2020.2\lib\win64.o\librdi_xdm.dll
0x00007ff8113e0000 - 0x00007ff81147e000 	C:\Xilinx\Vivado\2020.2\lib\win64.o\libise.dll

dbghelp: loaded successfully - version: 4.0.5 - missing functions: none
symbol engine: initialized successfully - sym options: 0x614 - pdb path: .;C:\Xilinx\Vivado\2020.2\bin\unwrapped\win64.o;C:\Windows\SYSTEM32;C:\Xilinx\Vivado\2020.2\lib\win64.o;C:\Windows\WinSxS\amd64_microsoft.windows.common-controls_6595b64144ccf1df_5.82.19041.1110_none_792d1c772443f647;C:\Xilinx\Vivado\2020.2\tps\win64\jre11.0.2\bin\server;C:\Xilinx\Vivado\2020.2\tps\win64\python-3.8.3;C:\Xilinx\Vivado\2020.2\tps\win64\jre11.0.2\bin;C:\Windows\WinSxS\amd64_microsoft.windows.common-controls_6595b64144ccf1df_6.0.19041.1110_none_60b5254171f9507e

VM Arguments:
jvm_args: -Dsun.java2d.pmoffscreen=false -Dhttps.protocols=TLSv1,TLSv1.1,TLSv1.2 -Dsun.java2d.xrender=false -Dsun.java2d.d3d=false -Dsun.awt.nopixfmt=true -Dsun.java2d.dpiaware=true -Dsun.java2d.uiScale.enabled=false -Xverify:none -Dswing.aatext=true -XX:-UsePerfData -Djdk.map.althashing.threshold=512 -XX:StringTableSize=4072 --add-opens=java.base/java.nio=ALL-UNNAMED --add-opens=java.desktop/sun.swing=ALL-UNNAMED --add-opens=java.desktop/javax.swing=ALL-UNNAMED --add-opens=java.desktop/javax.swing.tree=ALL-UNNAMED --add-opens=java.desktop/javax.swing.plaf.basic=ALL-UNNAMED --add-opens=java.desktop/javax.swing.plaf.synth=ALL-UNNAMED --add-opens=java.desktop/com.sun.awt=ALL-UNNAMED -XX:NewSize=60m -XX:MaxNewSize=60m -Xms128m -Xmx3072m -Xss5m 
java_command: <unknown>
java_class_path (initial): C:/Xilinx/Vivado/2020.2\lib\classes\alloy.jar;C:/Xilinx/Vivado/2020.2\lib\classes\ArchiveSummary.jar;C:/Xilinx/Vivado/2020.2\lib\classes\autoesl-models.jar;C:/Xilinx/Vivado/2020.2\lib\classes\autopilot.scelaborator.jar;C:/Xilinx/Vivado/2020.2\lib\classes\autopilot.sourceprocessor.jar;C:/Xilinx/Vivado/2020.2\lib\classes\autopilot.tbprocessor.jar;C:/Xilinx/Vivado/2020.2\lib\classes\batik-anim.jar;C:/Xilinx/Vivado/2020.2\lib\classes\batik-awt-util.jar;C:/Xilinx/Vivado/2020.2\lib\classes\batik-bridge.jar;C:/Xilinx/Vivado/2020.2\lib\classes\batik-codec.jar;C:/Xilinx/Vivado/2020.2\lib\classes\batik-css.jar;C:/Xilinx/Vivado/2020.2\lib\classes\batik-dom.jar;C:/Xilinx/Vivado/2020.2\lib\classes\batik-ext.jar;C:/Xilinx/Vivado/2020.2\lib\classes\batik-gui-util.jar;C:/Xilinx/Vivado/2020.2\lib\classes\batik-gvt.jar;C:/Xilinx/Vivado/2020.2\lib\classes\batik-parser.jar;C:/Xilinx/Vivado/2020.2\lib\classes\batik-script.jar;C:/Xilinx/Vivado/2020.2\lib\classes\batik-svg-dom.jar;C:/Xilinx/Vivado/2020.2\lib\classes\batik-swing.jar;C:/Xilinx/Vivado/2020.2\lib\classes\batik-transcoder.jar;C:/Xilinx/Vivado/2020.2\lib\classes\batik-util.jar;C:/Xilinx/Vivado/2020.2\lib\classes\batik-xml.jar;C:/Xilinx/Vivado/2020.2\lib\classes\com.google.gson_2.8.2.v20180104-1110.jar;C:/Xilinx/Vivado/2020.2\lib\classes\com.google.guava_27.1.0.v20190517-1946.jar;C:/Xilinx/Vivado/2020.2\lib\classes\com.ibm.icu_4.4.2.v20110208.jar;C:/Xilinx/Vivado/2020.2\lib\classes\com.sigasi.hdt.connection_4.9.0.202009050929.jar;C:/Xilinx/Vivado/2020.2\lib\classes\com.sigasi.hdt.epl_4.9.0.202009050929.jar;C:/Xilinx/Vivado/2020.2\lib\classes\com.sigasi.hdt.project_4.9.0.202009050929.jar;C:/Xilinx/Vivado/2020.2\lib\classes\com.sigasi.hdt.readonlyfilesystem_4.9.0.202009050929.jar;C:/Xilinx/Vivado/2020.2\lib\classes\com.sigasi.lcm_4.9.0.202009050929.jar;C:/Xilinx/Vivado/2020.2\lib\classes\com.sigasi.sdk.client_4.9.0.202009050929.jar;C:/Xilinx/Vivado/2020.2\lib\classes\com.xilinx.hls.services.jar;C:/Xili
Launcher Type: generic

[Global flags]
     bool BytecodeVerificationLocal                = false                                     {product} {command line}
     bool BytecodeVerificationRemote               = false                                     {product} {command line}
     intx CICompilerCount                          = 4                                         {product} {ergonomic}
     uint ConcGCThreads                            = 2                                         {product} {ergonomic}
     uint G1ConcRefinementThreads                  = 8                                         {product} {ergonomic}
   size_t G1HeapRegionSize                         = 1048576                                   {product} {ergonomic}
    uintx GCDrainStackTargetSize                   = 64                                        {product} {ergonomic}
   size_t InitialHeapSize                          = 134217728                                 {product} {command line}
   size_t MarkStackSize                            = 4194304                                   {product} {ergonomic}
   size_t MaxHeapSize                              = 3221225472                                {product} {command line}
   size_t MaxNewSize                               = 62914560                                  {product} {command line}
   size_t MinHeapDeltaBytes                        = 1048576                                   {product} {ergonomic}
   size_t NewSize                                  = 62914560                                  {product} {command line}
    uintx NonNMethodCodeHeapSize                   = 5835340                                {pd product} {ergonomic}
    uintx NonProfiledCodeHeapSize                  = 122911450                              {pd product} {ergonomic}
    uintx ProfiledCodeHeapSize                     = 122911450                              {pd product} {ergonomic}
    uintx ReservedCodeCacheSize                    = 251658240                              {pd product} {ergonomic}
     bool SegmentedCodeCache                       = true                                      {product} {ergonomic}
    uintx StringTableSize                          = 4072                                      {product} {command line}
     intx ThreadStackSize                          = 5120                                   {pd product} {command line}
     bool UseCompressedClassPointers               = true                                 {lp64_product} {ergonomic}
     bool UseCompressedOops                        = true                                 {lp64_product} {ergonomic}
     bool UseG1GC                                  = true                                      {product} {ergonomic}
     bool UseLargePagesIndividualAllocation        = false                                  {pd product} {ergonomic}
     bool UsePerfData                              = false                                     {product} {command line}

Logging:
Log output configuration:
 #0: stdout all=warning uptime,level,tags
 #1: stderr all=off uptime,level,tags

Environment Variables:
PATH=C:/Xilinx/Vivado/2020.2\gnuwin\bin;C:/Xilinx/Vivado/2020.2\gnu\microblaze\nt\bin;C:/Xilinx/Vivado/2020.2/bin;C:/Xilinx/Vivado/2020.2/tps/win64/javafx-sdk-11.0.2/lib;C:/Xilinx/Vivado/2020.2/tps/win64/javafx-sdk-11.0.2/bin;C:/Xilinx/Vivado/2020.2/lib/win64.o;C:/Xilinx/Vivado/2020.2/tps/win64/jre11.0.2/bin/server;C:/Xilinx/Vivado/2020.2/tps/win64/jre11.0.2/bin;C:/Xilinx/Vivado/2020.2/ids_lite/ISE/bin/nt64;C:/Xilinx/Vivado/2020.2/ids_lite/ISE/lib/nt64;C:/Xilinx/Vitis_HLS/2020.2/bin;C:\synopsys\Hspice_J-2014.09-SP2-2;C:\Program Files\Common Files\Oracle\Java\javapath;C:\Program Files\Java\jre1.8.0_333\bin\;C:\Program Files (x86)\VMware\VMware Workstation\bin\;C:\MinGW;C:\Windows\system32;C:\Windows;C:\Windows\System32\Wbem;C:\Windows\System32\WindowsPowerShell\v1.0\;C:\Windows\System32\OpenSSH\;C:\Program Files (x86)\NVIDIA Corporation\PhysX\Common;C:\Program Files\NVIDIA Corporation\NVIDIA NvDLISR;C:\Program Files\MATLAB\R2022a\runtime\win64;C:\Program Files\MATLAB\R2022a\bin;C:\Users\User\AppData\Local\Microsoft\WindowsApps;C:\Users\User\AppData\Local\Programs\MiKTeX\miktex\bin\x64\;C:\MinGW\bin;;C:\Users\User\AppData\Local\Programs\Microsoft VS Code\bin;C:/Xilinx/Vivado/2020.2\tps\mingw\6.2.0\win64.o\nt\bin;C:/Xilinx/Vivado/2020.2\tps\mingw\6.2.0\win64.o\nt\libexec\gcc\x86_64-w64-mingw32\6.2.0;C:/Xilinx/Vivado/2020.2\tps\win64\python-3.8.3;C:/Xilinx/Vivado/2020.2\tps\win64\python-3.8.3\bin;C:/Xilinx/Vivado/2020.2\tps\win64\python-3.8.3\lib;C:/Xilinx/Vivado/2020.2\tps\win64\python-3.8.3\lib\site-packages
USERNAME=User
OS=Windows_NT
PROCESSOR_IDENTIFIER=Intel64 Family 6 Model 158 Stepping 9, GenuineIntel



---------------  S Y S T E M  ---------------

OS: Windows 10 , 64 bit Build 19041 (10.0.19041.2364)

CPU:total 8 (initial active 8) (4 cores per cpu, 2 threads per core) family 6 model 158 stepping 9, cmov, cx8, fxsr, mmx, sse, sse2, sse3, ssse3, sse4.1, sse4.2, popcnt, avx, avx2, aes, clmul, erms, 3dnowpref, lzcnt, ht, tsc, tscinvbit, bmi1, bmi2, adx, fma

Memory: 4k page, system-wide physical 16268M (8813M free)
TotalPageFile size 18700M (AvailPageFile size 6931M)
current process WorkingSet (physical memory assigned to process): 1893M, peak: 2119M
current process commit charge ("private bytes"): 2200M, peak: 2315M

vm_info: OpenJDK 64-Bit Server VM (11.0.2+9) for windows-amd64 JRE (11.0.2+9), built on Jan 18 2019 05:23:22 by "mach5one" with MS VC++ 15.5 (VS2017)

END.
