#-----------------------------------------------------------
# Vivado v2019.1 (64-bit)
# SW Build 2552052 on Fri May 24 14:49:42 MDT 2019
# IP Build 2548770 on Fri May 24 18:01:18 MDT 2019
# Start of session at: Mon Sep 26 20:13:07 2022
# Process ID: 11452
# Current directory: D:/1111/DCCL/VIVADO/Lab1/Gold_code
# Command line: vivado.exe -gui_launcher_event rodinguilauncherevent8372 D:\1111\DCCL\VIVADO\Lab1\Gold_code\Gold_code.xpr
# Log file: D:/1111/DCCL/VIVADO/Lab1/Gold_code/vivado.log
# Journal file: D:/1111/DCCL/VIVADO/Lab1/Gold_code\vivado.jou
#-----------------------------------------------------------
start_gui
open_project D:/1111/DCCL/VIVADO/Lab1/Gold_code/Gold_code.xpr
CRITICAL WARNING: [Project 1-19] Could not find the file 'D:/1111/DCCL/VIVADO/Lab1/Gold_code/Gold_code.srcs/sources_1/new/LFSR_133.v'.
CRITICAL WARNING: [Project 1-19] Could not find the file 'D:/1111/DCCL/VIVADO/Lab1/Gold_code/Gold_code.srcs/sim_1/new/GD_code_tb.v'.
Scanning sources...
Finished scanning sources
INFO: [IP_Flow 19-234] Refreshing IP repositories
INFO: [IP_Flow 19-1704] No user IP repositories specified
INFO: [IP_Flow 19-2313] Loaded Vivado IP repository 'C:/Xilinx/Vivado/2019.1/data/ip'.
open_project: Time (s): cpu = 00:00:13 ; elapsed = 00:00:06 . Memory (MB): peak = 852.680 ; gain = 196.086
update_compile_order -fileset sources_1
add_files -norecurse D:/1111/DCCL/VIVADO/Lab1/Gold_code/Gold_code.srcs/sources_1/new/LFSR133.v
update_compile_order -fileset sources_1
set_property SOURCE_SET sources_1 [get_filesets sim_1]
add_files -fileset sim_1 -norecurse {D:/1111/DCCL/VIVADO/Lab1/Gold_code/Gold_code.srcs/sim_1/new/LFSR133_tb.v D:/1111/DCCL/VIVADO/Lab1/Gold_code/Gold_code.srcs/sim_1/new/LFSR103_tb.v}
WARNING: [filemgmt 56-12] File 'D:/1111/DCCL/VIVADO/Lab1/Gold_code/Gold_code.srcs/sim_1/new/LFSR133_tb.v' cannot be added to the project because it already exists in the project, skipping this file
update_compile_order -fileset sim_1
export_ip_user_files -of_objects  [get_files D:/1111/DCCL/VIVADO/Lab1/Gold_code/Gold_code.srcs/sim_1/new/GD_code_tb.v] -no_script -reset -force -quiet
remove_files  -fileset sim_1 D:/1111/DCCL/VIVADO/Lab1/Gold_code/Gold_code.srcs/sim_1/new/GD_code_tb.v
export_ip_user_files -of_objects  [get_files D:/1111/DCCL/VIVADO/Lab1/Gold_code/Gold_code.srcs/sources_1/new/LFSR_133.v] -no_script -reset -force -quiet
remove_files  D:/1111/DCCL/VIVADO/Lab1/Gold_code/Gold_code.srcs/sources_1/new/LFSR_133.v
set_property top Gold_top [get_filesets sim_1]
set_property top_lib xil_defaultlib [get_filesets sim_1]
update_compile_order -fileset sim_1
reset_run synth_1
launch_runs synth_1 -jobs 4
[Mon Sep 26 20:19:39 2022] Launched synth_1...
Run output will be captured here: D:/1111/DCCL/VIVADO/Lab1/Gold_code/Gold_code.runs/synth_1/runme.log
reset_run synth_1
launch_runs synth_1 -jobs 4
[Mon Sep 26 20:21:01 2022] Launched synth_1...
Run output will be captured here: D:/1111/DCCL/VIVADO/Lab1/Gold_code/Gold_code.runs/synth_1/runme.log
reset_run synth_1
launch_runs synth_1 -jobs 4
[Mon Sep 26 20:21:38 2022] Launched synth_1...
Run output will be captured here: D:/1111/DCCL/VIVADO/Lab1/Gold_code/Gold_code.runs/synth_1/runme.log
reset_run synth_1
launch_runs synth_1 -jobs 4
[Mon Sep 26 20:22:47 2022] Launched synth_1...
Run output will be captured here: D:/1111/DCCL/VIVADO/Lab1/Gold_code/Gold_code.runs/synth_1/runme.log
launch_runs impl_1 -jobs 4
[Mon Sep 26 20:23:27 2022] Launched impl_1...
Run output will be captured here: D:/1111/DCCL/VIVADO/Lab1/Gold_code/Gold_code.runs/impl_1/runme.log
open_run impl_1
INFO: [Device 21-403] Loading part xc7a200tfbv676-1
INFO: [Common 17-41] Interrupt caught. Command should exit soon.
INFO: [Project 1-479] Netlist was created with Vivado 2019.1
open_run: Time (s): cpu = 00:00:07 ; elapsed = 00:00:16 . Memory (MB): peak = 1158.828 ; gain = 268.320
INFO: [Common 17-344] 'open_run' was cancelled
open_run impl_1
INFO: [Project 1-479] Netlist was created with Vivado 2019.1
INFO: [Project 1-570] Preparing netlist for logic optimization
Reading XDEF placement.
Reading placer database...
Reading XDEF routing.
Read XDEF File: Time (s): cpu = 00:00:00 ; elapsed = 00:00:00.034 . Memory (MB): peak = 1242.301 ; gain = 0.000
Restored from archive | CPU: 0.000000 secs | Memory: 0.000000 MB |
Finished XDEF File Restore: Time (s): cpu = 00:00:00 ; elapsed = 00:00:00.034 . Memory (MB): peak = 1242.301 ; gain = 0.000
Netlist sorting complete. Time (s): cpu = 00:00:00 ; elapsed = 00:00:00 . Memory (MB): peak = 1242.770 ; gain = 0.000
INFO: [Project 1-111] Unisim Transformation Summary:
No Unisim elements were transformed.

open_run: Time (s): cpu = 00:00:13 ; elapsed = 00:00:06 . Memory (MB): peak = 1422.172 ; gain = 263.344
WARNING: [Timing 38-313] There are no user specified timing constraints. Timing constraints are needed for proper timing analysis.
exit
INFO: [Common 17-206] Exiting Vivado at Mon Sep 26 20:27:28 2022...
