#-----------------------------------------------------------
# Vivado v2020.2 (64-bit)
# SW Build 3064766 on Wed Nov 18 09:12:45 MST 2020
# IP Build 3064653 on Wed Nov 18 14:17:31 MST 2020
# Start of session at: Tue Dec 13 00:58:02 2022
# Process ID: 22488
# Current directory: E:/1111/DCCDL/VIVADO/lab6/part2/fft_32points
# Command line: vivado.exe -gui_launcher_event rodinguilauncherevent5884 E:\1111\DCCDL\VIVADO\lab6\part2\fft_32points\fft_32points.xpr
# Log file: E:/1111/DCCDL/VIVADO/lab6/part2/fft_32points/vivado.log
# Journal file: E:/1111/DCCDL/VIVADO/lab6/part2/fft_32points\vivado.jou
#-----------------------------------------------------------
start_gui
open_project E:/1111/DCCDL/VIVADO/lab6/part2/fft_32points/fft_32points.xpr
Scanning sources...
Finished scanning sources
INFO: [IP_Flow 19-234] Refreshing IP repositories
INFO: [IP_Flow 19-1704] No user IP repositories specified
INFO: [IP_Flow 19-2313] Loaded Vivado IP repository 'C:/Xilinx/Vivado/2020.2/data/ip'.
open_project: Time (s): cpu = 00:00:18 ; elapsed = 00:00:09 . Memory (MB): peak = 1088.852 ; gain = 0.000
update_compile_order -fileset sources_1
launch_simulation
Command: launch_simulation 
INFO: [Vivado 12-5682] Launching behavioral simulation in 'E:/1111/DCCDL/VIVADO/lab6/part2/fft_32points/fft_32points.sim/sim_1/behav/xsim'
INFO: [SIM-utils-51] Simulation object is 'sim_1'
INFO: [SIM-utils-54] Inspecting design source files for 'top_tb' in fileset 'sim_1'...
INFO: [USF-XSim-97] Finding global include files...
INFO: [USF-XSim-98] Fetching design files from 'sim_1'...
INFO: [USF-XSim-2] XSim::Compile design
INFO: [USF-XSim-61] Executing 'COMPILE and ANALYZE' step in 'E:/1111/DCCDL/VIVADO/lab6/part2/fft_32points/fft_32points.sim/sim_1/behav/xsim'
"xvlog --incr --relax -prj top_tb_vlog.prj"
INFO: [VRFC 10-2263] Analyzing Verilog file "E:/1111/DCCDL/VIVADO/lab6/part2/fft_32points/fft_32points.srcs/sources_1/new/butterfly_32.v" into library xil_defaultlib
INFO: [VRFC 10-311] analyzing module butterfly_32
INFO: [VRFC 10-2263] Analyzing Verilog file "E:/1111/DCCDL/VIVADO/lab6/part2/fft_32points/fft_32points.srcs/sources_1/new/commutator_32.v" into library xil_defaultlib
INFO: [VRFC 10-311] analyzing module commutator_32
INFO: [VRFC 10-2263] Analyzing Verilog file "E:/1111/DCCDL/VIVADO/lab6/part2/fft_32points/fft_32points.srcs/sources_1/new/fft32_top.v" into library xil_defaultlib
INFO: [VRFC 10-311] analyzing module fft32_top
INFO: [VRFC 10-2263] Analyzing Verilog file "E:/1111/DCCDL/VIVADO/lab6/part2/fft_32points/fft_32points.srcs/sources_1/new/mult_32.v" into library xil_defaultlib
INFO: [VRFC 10-311] analyzing module mult_32
INFO: [VRFC 10-2263] Analyzing Verilog file "E:/1111/DCCDL/VIVADO/lab6/part2/fft_32points/fft_32points.srcs/sources_1/new/stage_32.v" into library xil_defaultlib
INFO: [VRFC 10-311] analyzing module stage_32
INFO: [VRFC 10-2263] Analyzing Verilog file "E:/1111/DCCDL/VIVADO/lab6/part2/fft_32points/fft_32points.srcs/sim_1/new/top_tb.v" into library xil_defaultlib
INFO: [VRFC 10-311] analyzing module top_tb
INFO: [USF-XSim-69] 'compile' step finished in '2' seconds
INFO: [USF-XSim-3] XSim::Elaborate design
INFO: [USF-XSim-61] Executing 'ELABORATE' step in 'E:/1111/DCCDL/VIVADO/lab6/part2/fft_32points/fft_32points.sim/sim_1/behav/xsim'
"xelab -wto 74bde391642841b69ef8ea50c46baf0c --incr --debug typical --relax --mt 2 -L xil_defaultlib -L unisims_ver -L unimacro_ver -L secureip --snapshot top_tb_behav xil_defaultlib.top_tb xil_defaultlib.glbl -log elaborate.log"
Vivado Simulator 2020.2
Copyright 1986-1999, 2001-2020 Xilinx, Inc. All Rights Reserved.
Running: C:/Xilinx/Vivado/2020.2/bin/unwrapped/win64.o/xelab.exe -wto 74bde391642841b69ef8ea50c46baf0c --incr --debug typical --relax --mt 2 -L xil_defaultlib -L unisims_ver -L unimacro_ver -L secureip --snapshot top_tb_behav xil_defaultlib.top_tb xil_defaultlib.glbl -log elaborate.log 
Using 2 slave threads.
Starting static elaboration
Pass Through NonSizing Optimizer
WARNING: [VRFC 10-3091] actual bit length 12 differs from formal bit length 16 for port 'p_real' [E:/1111/DCCDL/VIVADO/lab6/part2/fft_32points/fft_32points.srcs/sim_1/new/top_tb.v:22]
Completed static elaboration
Starting simulation data flow analysis
Completed simulation data flow analysis
Time Resolution for simulation is 1ps
Compiling module xil_defaultlib.commutator_32
Compiling module xil_defaultlib.butterfly_32
Compiling module xil_defaultlib.mult_32
Compiling module xil_defaultlib.stage_32
Compiling module xil_defaultlib.fft32_top
Compiling module xil_defaultlib.top_tb
Compiling module xil_defaultlib.glbl
Built simulation snapshot top_tb_behav
run_program: Time (s): cpu = 00:00:00 ; elapsed = 00:00:05 . Memory (MB): peak = 1088.852 ; gain = 0.000
INFO: [USF-XSim-69] 'elaborate' step finished in '5' seconds
INFO: [USF-XSim-4] XSim::Simulate design
INFO: [USF-XSim-61] Executing 'SIMULATE' step in 'E:/1111/DCCDL/VIVADO/lab6/part2/fft_32points/fft_32points.sim/sim_1/behav/xsim'
INFO: [USF-XSim-98] *** Running xsim
   with args "top_tb_behav -key {Behavioral:sim_1:Functional:top_tb} -tclbatch {top_tb.tcl} -log {simulate.log}"
INFO: [USF-XSim-8] Loading simulator feature
Vivado Simulator 2020.2
Time resolution is 1 ps
source top_tb.tcl
# set curr_wave [current_wave_config]
# if { [string length $curr_wave] == 0 } {
#   if { [llength [get_objects]] > 0} {
#     add_wave /
#     set_property needs_save false [current_wave_config]
#   } else {
#      send_msg_id Add_Wave-1 WARNING "No top level signals found. Simulator will start without a wave window. If you want to open a wave window go to 'File->New Waveform Configuration' or type 'create_wave_config' in the TCL console."
#   }
# }
# run 1000ns
INFO: [USF-XSim-96] XSim completed. Design snapshot 'top_tb_behav' loaded.
INFO: [USF-XSim-97] XSim simulation ran for 1000ns
launch_simulation: Time (s): cpu = 00:00:13 ; elapsed = 00:00:12 . Memory (MB): peak = 1088.852 ; gain = 0.000
relaunch_sim
Command: launch_simulation -simset sim_1 -mode behavioral
INFO: [Vivado 12-5682] Launching behavioral simulation in 'E:/1111/DCCDL/VIVADO/lab6/part2/fft_32points/fft_32points.sim/sim_1/behav/xsim'
INFO: [SIM-utils-51] Simulation object is 'sim_1'
INFO: [SIM-utils-54] Inspecting design source files for 'top_tb' in fileset 'sim_1'...
INFO: [USF-XSim-97] Finding global include files...
INFO: [USF-XSim-98] Fetching design files from 'sim_1'...
INFO: [USF-XSim-2] XSim::Compile design
INFO: [USF-XSim-61] Executing 'COMPILE and ANALYZE' step in 'E:/1111/DCCDL/VIVADO/lab6/part2/fft_32points/fft_32points.sim/sim_1/behav/xsim'
"xvlog --incr --relax -prj top_tb_vlog.prj"
INFO: [VRFC 10-2263] Analyzing Verilog file "E:/1111/DCCDL/VIVADO/lab6/part2/fft_32points/fft_32points.srcs/sources_1/new/butterfly_32.v" into library xil_defaultlib
INFO: [VRFC 10-311] analyzing module butterfly_32
INFO: [VRFC 10-2263] Analyzing Verilog file "E:/1111/DCCDL/VIVADO/lab6/part2/fft_32points/fft_32points.srcs/sources_1/new/commutator_32.v" into library xil_defaultlib
INFO: [VRFC 10-311] analyzing module commutator_32
INFO: [VRFC 10-2263] Analyzing Verilog file "E:/1111/DCCDL/VIVADO/lab6/part2/fft_32points/fft_32points.srcs/sources_1/new/fft32_top.v" into library xil_defaultlib
INFO: [VRFC 10-311] analyzing module fft32_top
INFO: [VRFC 10-2263] Analyzing Verilog file "E:/1111/DCCDL/VIVADO/lab6/part2/fft_32points/fft_32points.srcs/sources_1/new/mult_32.v" into library xil_defaultlib
INFO: [VRFC 10-311] analyzing module mult_32
INFO: [VRFC 10-2263] Analyzing Verilog file "E:/1111/DCCDL/VIVADO/lab6/part2/fft_32points/fft_32points.srcs/sources_1/new/stage_32.v" into library xil_defaultlib
INFO: [VRFC 10-311] analyzing module stage_32
INFO: [VRFC 10-2263] Analyzing Verilog file "E:/1111/DCCDL/VIVADO/lab6/part2/fft_32points/fft_32points.srcs/sim_1/new/top_tb.v" into library xil_defaultlib
INFO: [VRFC 10-311] analyzing module top_tb
INFO: [USF-XSim-69] 'compile' step finished in '1' seconds
Command: launch_simulation -simset sim_1 -mode behavioral
INFO: [Vivado 12-5682] Launching behavioral simulation in 'E:/1111/DCCDL/VIVADO/lab6/part2/fft_32points/fft_32points.sim/sim_1/behav/xsim'
INFO: [USF-XSim-3] XSim::Elaborate design
INFO: [USF-XSim-61] Executing 'ELABORATE' step in 'E:/1111/DCCDL/VIVADO/lab6/part2/fft_32points/fft_32points.sim/sim_1/behav/xsim'
"xelab -wto 74bde391642841b69ef8ea50c46baf0c --incr --debug typical --relax --mt 2 -L xil_defaultlib -L unisims_ver -L unimacro_ver -L secureip --snapshot top_tb_behav xil_defaultlib.top_tb xil_defaultlib.glbl -log elaborate.log"
Vivado Simulator 2020.2
Copyright 1986-1999, 2001-2020 Xilinx, Inc. All Rights Reserved.
Running: C:/Xilinx/Vivado/2020.2/bin/unwrapped/win64.o/xelab.exe -wto 74bde391642841b69ef8ea50c46baf0c --incr --debug typical --relax --mt 2 -L xil_defaultlib -L unisims_ver -L unimacro_ver -L secureip --snapshot top_tb_behav xil_defaultlib.top_tb xil_defaultlib.glbl -log elaborate.log 
Using 2 slave threads.
Starting static elaboration
Pass Through NonSizing Optimizer
WARNING: [VRFC 10-3091] actual bit length 12 differs from formal bit length 16 for port 'p_real' [E:/1111/DCCDL/VIVADO/lab6/part2/fft_32points/fft_32points.srcs/sim_1/new/top_tb.v:22]
Completed static elaboration
Starting simulation data flow analysis
Completed simulation data flow analysis
Time Resolution for simulation is 1ps
Compiling module xil_defaultlib.commutator_32
Compiling module xil_defaultlib.butterfly_32
Compiling module xil_defaultlib.mult_32
Compiling module xil_defaultlib.stage_32
Compiling module xil_defaultlib.fft32_top
Compiling module xil_defaultlib.top_tb
Compiling module xil_defaultlib.glbl
Built simulation snapshot top_tb_behav
run_program: Time (s): cpu = 00:00:00 ; elapsed = 00:00:05 . Memory (MB): peak = 1088.852 ; gain = 0.000
INFO: [USF-XSim-69] 'elaborate' step finished in '5' seconds
launch_simulation: Time (s): cpu = 00:00:00 ; elapsed = 00:00:05 . Memory (MB): peak = 1088.852 ; gain = 0.000
Vivado Simulator 2020.2
Time resolution is 1 ps
relaunch_sim: Time (s): cpu = 00:00:03 ; elapsed = 00:00:13 . Memory (MB): peak = 1088.852 ; gain = 0.000
relaunch_sim
Command: launch_simulation -simset sim_1 -mode behavioral
INFO: [Vivado 12-5682] Launching behavioral simulation in 'E:/1111/DCCDL/VIVADO/lab6/part2/fft_32points/fft_32points.sim/sim_1/behav/xsim'
INFO: [SIM-utils-51] Simulation object is 'sim_1'
INFO: [SIM-utils-54] Inspecting design source files for 'top_tb' in fileset 'sim_1'...
INFO: [USF-XSim-97] Finding global include files...
INFO: [USF-XSim-98] Fetching design files from 'sim_1'...
INFO: [USF-XSim-2] XSim::Compile design
INFO: [USF-XSim-61] Executing 'COMPILE and ANALYZE' step in 'E:/1111/DCCDL/VIVADO/lab6/part2/fft_32points/fft_32points.sim/sim_1/behav/xsim'
"xvlog --incr --relax -prj top_tb_vlog.prj"
INFO: [VRFC 10-2263] Analyzing Verilog file "E:/1111/DCCDL/VIVADO/lab6/part2/fft_32points/fft_32points.srcs/sources_1/new/butterfly_32.v" into library xil_defaultlib
INFO: [VRFC 10-311] analyzing module butterfly_32
INFO: [VRFC 10-2263] Analyzing Verilog file "E:/1111/DCCDL/VIVADO/lab6/part2/fft_32points/fft_32points.srcs/sources_1/new/commutator_32.v" into library xil_defaultlib
INFO: [VRFC 10-311] analyzing module commutator_32
INFO: [VRFC 10-2263] Analyzing Verilog file "E:/1111/DCCDL/VIVADO/lab6/part2/fft_32points/fft_32points.srcs/sources_1/new/fft32_top.v" into library xil_defaultlib
INFO: [VRFC 10-311] analyzing module fft32_top
INFO: [VRFC 10-2263] Analyzing Verilog file "E:/1111/DCCDL/VIVADO/lab6/part2/fft_32points/fft_32points.srcs/sources_1/new/mult_32.v" into library xil_defaultlib
INFO: [VRFC 10-311] analyzing module mult_32
INFO: [VRFC 10-2263] Analyzing Verilog file "E:/1111/DCCDL/VIVADO/lab6/part2/fft_32points/fft_32points.srcs/sources_1/new/stage_32.v" into library xil_defaultlib
INFO: [VRFC 10-311] analyzing module stage_32
ERROR: [VRFC 10-2989] 'test7' is not declared [E:/1111/DCCDL/VIVADO/lab6/part2/fft_32points/fft_32points.srcs/sources_1/new/stage_32.v:100]
ERROR: [VRFC 10-2865] module 'stage_32' ignored due to previous errors [E:/1111/DCCDL/VIVADO/lab6/part2/fft_32points/fft_32points.srcs/sources_1/new/stage_32.v:2]
INFO: [USF-XSim-69] 'compile' step finished in '1' seconds
INFO: [USF-XSim-99] Step results log file:'E:/1111/DCCDL/VIVADO/lab6/part2/fft_32points/fft_32points.sim/sim_1/behav/xsim/xvlog.log'
ERROR: [USF-XSim-62] 'compile' step failed with error(s). Please check the Tcl console output or 'E:/1111/DCCDL/VIVADO/lab6/part2/fft_32points/fft_32points.sim/sim_1/behav/xsim/xvlog.log' file for more information.
ERROR: [Vivado 12-4473] Detected error while running simulation. Please correct the issue and retry this operation.
ERROR: [Common 17-39] 'launch_simulation' failed due to earlier errors.
ERROR: [Common 17-69] Command failed: ERROR: [Common 17-39] 'launch_simulation' failed due to earlier errors.

save_wave_config {E:/1111/DCCDL/VIVADO/lab6/part2/fft_32points/top_tb_behav.wcfg}
add_files -fileset sim_1 -norecurse E:/1111/DCCDL/VIVADO/lab6/part2/fft_32points/top_tb_behav.wcfg
set_property xsim.view E:/1111/DCCDL/VIVADO/lab6/part2/fft_32points/top_tb_behav.wcfg [get_filesets sim_1]
close_sim
INFO: [Simtcl 6-16] Simulation closed
launch_simulation
Command: launch_simulation 
INFO: [Vivado 12-5682] Launching behavioral simulation in 'E:/1111/DCCDL/VIVADO/lab6/part2/fft_32points/fft_32points.sim/sim_1/behav/xsim'
INFO: [SIM-utils-51] Simulation object is 'sim_1'
INFO: [SIM-utils-54] Inspecting design source files for 'top_tb' in fileset 'sim_1'...
INFO: [USF-XSim-97] Finding global include files...
INFO: [USF-XSim-98] Fetching design files from 'sim_1'...
INFO: [USF-XSim-2] XSim::Compile design
INFO: [USF-XSim-61] Executing 'COMPILE and ANALYZE' step in 'E:/1111/DCCDL/VIVADO/lab6/part2/fft_32points/fft_32points.sim/sim_1/behav/xsim'
"xvlog --incr --relax -prj top_tb_vlog.prj"
INFO: [VRFC 10-2263] Analyzing Verilog file "E:/1111/DCCDL/VIVADO/lab6/part2/fft_32points/fft_32points.srcs/sources_1/new/butterfly_32.v" into library xil_defaultlib
INFO: [VRFC 10-311] analyzing module butterfly_32
INFO: [VRFC 10-2263] Analyzing Verilog file "E:/1111/DCCDL/VIVADO/lab6/part2/fft_32points/fft_32points.srcs/sources_1/new/commutator_32.v" into library xil_defaultlib
INFO: [VRFC 10-311] analyzing module commutator_32
INFO: [VRFC 10-2263] Analyzing Verilog file "E:/1111/DCCDL/VIVADO/lab6/part2/fft_32points/fft_32points.srcs/sources_1/new/fft32_top.v" into library xil_defaultlib
INFO: [VRFC 10-311] analyzing module fft32_top
INFO: [VRFC 10-2263] Analyzing Verilog file "E:/1111/DCCDL/VIVADO/lab6/part2/fft_32points/fft_32points.srcs/sources_1/new/mult_32.v" into library xil_defaultlib
INFO: [VRFC 10-311] analyzing module mult_32
INFO: [VRFC 10-2263] Analyzing Verilog file "E:/1111/DCCDL/VIVADO/lab6/part2/fft_32points/fft_32points.srcs/sources_1/new/stage_32.v" into library xil_defaultlib
INFO: [VRFC 10-311] analyzing module stage_32
INFO: [VRFC 10-2263] Analyzing Verilog file "E:/1111/DCCDL/VIVADO/lab6/part2/fft_32points/fft_32points.srcs/sim_1/new/top_tb.v" into library xil_defaultlib
INFO: [VRFC 10-311] analyzing module top_tb
INFO: [USF-XSim-69] 'compile' step finished in '2' seconds
INFO: [USF-XSim-3] XSim::Elaborate design
INFO: [USF-XSim-61] Executing 'ELABORATE' step in 'E:/1111/DCCDL/VIVADO/lab6/part2/fft_32points/fft_32points.sim/sim_1/behav/xsim'
"xelab -wto 74bde391642841b69ef8ea50c46baf0c --incr --debug typical --relax --mt 2 -L xil_defaultlib -L unisims_ver -L unimacro_ver -L secureip --snapshot top_tb_behav xil_defaultlib.top_tb xil_defaultlib.glbl -log elaborate.log"
Vivado Simulator 2020.2
Copyright 1986-1999, 2001-2020 Xilinx, Inc. All Rights Reserved.
Running: C:/Xilinx/Vivado/2020.2/bin/unwrapped/win64.o/xelab.exe -wto 74bde391642841b69ef8ea50c46baf0c --incr --debug typical --relax --mt 2 -L xil_defaultlib -L unisims_ver -L unimacro_ver -L secureip --snapshot top_tb_behav xil_defaultlib.top_tb xil_defaultlib.glbl -log elaborate.log 
Using 2 slave threads.
Starting static elaboration
Pass Through NonSizing Optimizer
WARNING: [VRFC 10-3091] actual bit length 12 differs from formal bit length 16 for port 'p_real' [E:/1111/DCCDL/VIVADO/lab6/part2/fft_32points/fft_32points.srcs/sim_1/new/top_tb.v:22]
WARNING: [VRFC 10-3091] actual bit length 12 differs from formal bit length 5 for port 'cnt' [E:/1111/DCCDL/VIVADO/lab6/part2/fft_32points/fft_32points.srcs/sources_1/new/fft32_top.v:28]
Completed static elaboration
Starting simulation data flow analysis
Completed simulation data flow analysis
Time Resolution for simulation is 1ps
Compiling module xil_defaultlib.commutator_32
Compiling module xil_defaultlib.butterfly_32
Compiling module xil_defaultlib.mult_32
Compiling module xil_defaultlib.stage_32
Compiling module xil_defaultlib.fft32_top
Compiling module xil_defaultlib.top_tb
Compiling module xil_defaultlib.glbl
Built simulation snapshot top_tb_behav
run_program: Time (s): cpu = 00:00:00 ; elapsed = 00:00:05 . Memory (MB): peak = 1088.852 ; gain = 0.000
INFO: [USF-XSim-69] 'elaborate' step finished in '5' seconds
INFO: [USF-XSim-4] XSim::Simulate design
INFO: [USF-XSim-61] Executing 'SIMULATE' step in 'E:/1111/DCCDL/VIVADO/lab6/part2/fft_32points/fft_32points.sim/sim_1/behav/xsim'
INFO: [USF-XSim-98] *** Running xsim
   with args "top_tb_behav -key {Behavioral:sim_1:Functional:top_tb} -tclbatch {top_tb.tcl} -view {E:/1111/DCCDL/VIVADO/lab6/part2/fft_32points/top_tb_behav.wcfg} -log {simulate.log}"
INFO: [USF-XSim-8] Loading simulator feature
Vivado Simulator 2020.2
Time resolution is 1 ps
open_wave_config E:/1111/DCCDL/VIVADO/lab6/part2/fft_32points/top_tb_behav.wcfg
source top_tb.tcl
# set curr_wave [current_wave_config]
# if { [string length $curr_wave] == 0 } {
#   if { [llength [get_objects]] > 0} {
#     add_wave /
#     set_property needs_save false [current_wave_config]
#   } else {
#      send_msg_id Add_Wave-1 WARNING "No top level signals found. Simulator will start without a wave window. If you want to open a wave window go to 'File->New Waveform Configuration' or type 'create_wave_config' in the TCL console."
#   }
# }
# run 1000ns
INFO: [USF-XSim-96] XSim completed. Design snapshot 'top_tb_behav' loaded.
INFO: [USF-XSim-97] XSim simulation ran for 1000ns
launch_simulation: Time (s): cpu = 00:00:09 ; elapsed = 00:00:12 . Memory (MB): peak = 1088.852 ; gain = 0.000
relaunch_sim
Command: launch_simulation -simset sim_1 -mode behavioral
INFO: [Vivado 12-5682] Launching behavioral simulation in 'E:/1111/DCCDL/VIVADO/lab6/part2/fft_32points/fft_32points.sim/sim_1/behav/xsim'
INFO: [SIM-utils-51] Simulation object is 'sim_1'
INFO: [SIM-utils-54] Inspecting design source files for 'top_tb' in fileset 'sim_1'...
INFO: [USF-XSim-97] Finding global include files...
INFO: [USF-XSim-98] Fetching design files from 'sim_1'...
INFO: [USF-XSim-2] XSim::Compile design
INFO: [USF-XSim-61] Executing 'COMPILE and ANALYZE' step in 'E:/1111/DCCDL/VIVADO/lab6/part2/fft_32points/fft_32points.sim/sim_1/behav/xsim'
"xvlog --incr --relax -prj top_tb_vlog.prj"
INFO: [VRFC 10-2263] Analyzing Verilog file "E:/1111/DCCDL/VIVADO/lab6/part2/fft_32points/fft_32points.srcs/sources_1/new/butterfly_32.v" into library xil_defaultlib
INFO: [VRFC 10-311] analyzing module butterfly_32
INFO: [VRFC 10-2263] Analyzing Verilog file "E:/1111/DCCDL/VIVADO/lab6/part2/fft_32points/fft_32points.srcs/sources_1/new/commutator_32.v" into library xil_defaultlib
INFO: [VRFC 10-311] analyzing module commutator_32
INFO: [VRFC 10-2263] Analyzing Verilog file "E:/1111/DCCDL/VIVADO/lab6/part2/fft_32points/fft_32points.srcs/sources_1/new/fft32_top.v" into library xil_defaultlib
INFO: [VRFC 10-311] analyzing module fft32_top
INFO: [VRFC 10-2263] Analyzing Verilog file "E:/1111/DCCDL/VIVADO/lab6/part2/fft_32points/fft_32points.srcs/sources_1/new/mult_32.v" into library xil_defaultlib
INFO: [VRFC 10-311] analyzing module mult_32
INFO: [VRFC 10-2263] Analyzing Verilog file "E:/1111/DCCDL/VIVADO/lab6/part2/fft_32points/fft_32points.srcs/sources_1/new/stage_32.v" into library xil_defaultlib
INFO: [VRFC 10-311] analyzing module stage_32
INFO: [VRFC 10-2263] Analyzing Verilog file "E:/1111/DCCDL/VIVADO/lab6/part2/fft_32points/fft_32points.srcs/sim_1/new/top_tb.v" into library xil_defaultlib
INFO: [VRFC 10-311] analyzing module top_tb
INFO: [USF-XSim-69] 'compile' step finished in '2' seconds
Command: launch_simulation -simset sim_1 -mode behavioral
INFO: [Vivado 12-5682] Launching behavioral simulation in 'E:/1111/DCCDL/VIVADO/lab6/part2/fft_32points/fft_32points.sim/sim_1/behav/xsim'
INFO: [USF-XSim-3] XSim::Elaborate design
INFO: [USF-XSim-61] Executing 'ELABORATE' step in 'E:/1111/DCCDL/VIVADO/lab6/part2/fft_32points/fft_32points.sim/sim_1/behav/xsim'
"xelab -wto 74bde391642841b69ef8ea50c46baf0c --incr --debug typical --relax --mt 2 -L xil_defaultlib -L unisims_ver -L unimacro_ver -L secureip --snapshot top_tb_behav xil_defaultlib.top_tb xil_defaultlib.glbl -log elaborate.log"
Vivado Simulator 2020.2
Copyright 1986-1999, 2001-2020 Xilinx, Inc. All Rights Reserved.
Running: C:/Xilinx/Vivado/2020.2/bin/unwrapped/win64.o/xelab.exe -wto 74bde391642841b69ef8ea50c46baf0c --incr --debug typical --relax --mt 2 -L xil_defaultlib -L unisims_ver -L unimacro_ver -L secureip --snapshot top_tb_behav xil_defaultlib.top_tb xil_defaultlib.glbl -log elaborate.log 
Using 2 slave threads.
Starting static elaboration
Pass Through NonSizing Optimizer
WARNING: [VRFC 10-3091] actual bit length 12 differs from formal bit length 16 for port 'p_real' [E:/1111/DCCDL/VIVADO/lab6/part2/fft_32points/fft_32points.srcs/sim_1/new/top_tb.v:23]
Completed static elaboration
Starting simulation data flow analysis
Completed simulation data flow analysis
Time Resolution for simulation is 1ps
Compiling module xil_defaultlib.commutator_32
Compiling module xil_defaultlib.butterfly_32
Compiling module xil_defaultlib.mult_32
Compiling module xil_defaultlib.stage_32
Compiling module xil_defaultlib.fft32_top
Compiling module xil_defaultlib.top_tb
Compiling module xil_defaultlib.glbl
Built simulation snapshot top_tb_behav
run_program: Time (s): cpu = 00:00:00 ; elapsed = 00:00:06 . Memory (MB): peak = 1088.852 ; gain = 0.000
INFO: [USF-XSim-69] 'elaborate' step finished in '6' seconds
launch_simulation: Time (s): cpu = 00:00:00 ; elapsed = 00:00:06 . Memory (MB): peak = 1088.852 ; gain = 0.000
Vivado Simulator 2020.2
Time resolution is 1 ps
relaunch_sim: Time (s): cpu = 00:00:02 ; elapsed = 00:00:14 . Memory (MB): peak = 1088.852 ; gain = 0.000
relaunch_sim
Command: launch_simulation -simset sim_1 -mode behavioral
INFO: [Vivado 12-5682] Launching behavioral simulation in 'E:/1111/DCCDL/VIVADO/lab6/part2/fft_32points/fft_32points.sim/sim_1/behav/xsim'
INFO: [SIM-utils-51] Simulation object is 'sim_1'
INFO: [SIM-utils-54] Inspecting design source files for 'top_tb' in fileset 'sim_1'...
INFO: [USF-XSim-97] Finding global include files...
INFO: [USF-XSim-98] Fetching design files from 'sim_1'...
INFO: [USF-XSim-2] XSim::Compile design
INFO: [USF-XSim-61] Executing 'COMPILE and ANALYZE' step in 'E:/1111/DCCDL/VIVADO/lab6/part2/fft_32points/fft_32points.sim/sim_1/behav/xsim'
"xvlog --incr --relax -prj top_tb_vlog.prj"
INFO: [VRFC 10-2263] Analyzing Verilog file "E:/1111/DCCDL/VIVADO/lab6/part2/fft_32points/fft_32points.srcs/sources_1/new/butterfly_32.v" into library xil_defaultlib
INFO: [VRFC 10-311] analyzing module butterfly_32
INFO: [VRFC 10-2263] Analyzing Verilog file "E:/1111/DCCDL/VIVADO/lab6/part2/fft_32points/fft_32points.srcs/sources_1/new/commutator_32.v" into library xil_defaultlib
INFO: [VRFC 10-311] analyzing module commutator_32
INFO: [VRFC 10-2263] Analyzing Verilog file "E:/1111/DCCDL/VIVADO/lab6/part2/fft_32points/fft_32points.srcs/sources_1/new/fft32_top.v" into library xil_defaultlib
INFO: [VRFC 10-311] analyzing module fft32_top
INFO: [VRFC 10-2263] Analyzing Verilog file "E:/1111/DCCDL/VIVADO/lab6/part2/fft_32points/fft_32points.srcs/sources_1/new/mult_32.v" into library xil_defaultlib
INFO: [VRFC 10-311] analyzing module mult_32
INFO: [VRFC 10-2263] Analyzing Verilog file "E:/1111/DCCDL/VIVADO/lab6/part2/fft_32points/fft_32points.srcs/sources_1/new/stage_32.v" into library xil_defaultlib
INFO: [VRFC 10-311] analyzing module stage_32
INFO: [VRFC 10-2263] Analyzing Verilog file "E:/1111/DCCDL/VIVADO/lab6/part2/fft_32points/fft_32points.srcs/sim_1/new/top_tb.v" into library xil_defaultlib
INFO: [VRFC 10-311] analyzing module top_tb
INFO: [USF-XSim-69] 'compile' step finished in '2' seconds
Command: launch_simulation -simset sim_1 -mode behavioral
INFO: [Vivado 12-5682] Launching behavioral simulation in 'E:/1111/DCCDL/VIVADO/lab6/part2/fft_32points/fft_32points.sim/sim_1/behav/xsim'
INFO: [USF-XSim-3] XSim::Elaborate design
INFO: [USF-XSim-61] Executing 'ELABORATE' step in 'E:/1111/DCCDL/VIVADO/lab6/part2/fft_32points/fft_32points.sim/sim_1/behav/xsim'
"xelab -wto 74bde391642841b69ef8ea50c46baf0c --incr --debug typical --relax --mt 2 -L xil_defaultlib -L unisims_ver -L unimacro_ver -L secureip --snapshot top_tb_behav xil_defaultlib.top_tb xil_defaultlib.glbl -log elaborate.log"
Vivado Simulator 2020.2
Copyright 1986-1999, 2001-2020 Xilinx, Inc. All Rights Reserved.
Running: C:/Xilinx/Vivado/2020.2/bin/unwrapped/win64.o/xelab.exe -wto 74bde391642841b69ef8ea50c46baf0c --incr --debug typical --relax --mt 2 -L xil_defaultlib -L unisims_ver -L unimacro_ver -L secureip --snapshot top_tb_behav xil_defaultlib.top_tb xil_defaultlib.glbl -log elaborate.log 
Using 2 slave threads.
Starting static elaboration
Pass Through NonSizing Optimizer
WARNING: [VRFC 10-3091] actual bit length 12 differs from formal bit length 16 for port 'p_real' [E:/1111/DCCDL/VIVADO/lab6/part2/fft_32points/fft_32points.srcs/sim_1/new/top_tb.v:23]
Completed static elaboration
Starting simulation data flow analysis
Completed simulation data flow analysis
Time Resolution for simulation is 1ps
Compiling module xil_defaultlib.commutator_32
Compiling module xil_defaultlib.butterfly_32
Compiling module xil_defaultlib.mult_32
Compiling module xil_defaultlib.stage_32
Compiling module xil_defaultlib.fft32_top
Compiling module xil_defaultlib.top_tb
Compiling module xil_defaultlib.glbl
Built simulation snapshot top_tb_behav
run_program: Time (s): cpu = 00:00:00 ; elapsed = 00:00:05 . Memory (MB): peak = 1393.918 ; gain = 0.000
INFO: [USF-XSim-69] 'elaborate' step finished in '5' seconds
launch_simulation: Time (s): cpu = 00:00:00 ; elapsed = 00:00:05 . Memory (MB): peak = 1393.918 ; gain = 0.000
Vivado Simulator 2020.2
Time resolution is 1 ps
relaunch_sim: Time (s): cpu = 00:00:04 ; elapsed = 00:00:15 . Memory (MB): peak = 1393.918 ; gain = 0.000
save_wave_config {E:/1111/DCCDL/VIVADO/lab6/part2/fft_32points/top_tb_behav.wcfg}
