
*** Running vivado
    with args -log interpolator_top.vds -m64 -product Vivado -mode batch -messageDb vivado.pb -notrace -source interpolator_top.tcl


****** Vivado v2019.1 (64-bit)
  **** SW Build 2552052 on Fri May 24 14:49:42 MDT 2019
  **** IP Build 2548770 on Fri May 24 18:01:18 MDT 2019
    ** Copyright 1986-2019 Xilinx, Inc. All Rights Reserved.

source interpolator_top.tcl -notrace
Command: synth_design -top interpolator_top -part xc7a200tfbg676-1
Starting synth_design
Attempting to get a license for feature 'Synthesis' and/or device 'xc7a200t'
INFO: [Common 17-349] Got license for feature 'Synthesis' and/or device 'xc7a200t'
INFO: [Device 21-403] Loading part xc7a200tfbg676-1
INFO: Launching helper process for spawning children vivado processes
INFO: Helper process launched with PID 16524 
---------------------------------------------------------------------------------
Starting RTL Elaboration : Time (s): cpu = 00:00:03 ; elapsed = 00:00:04 . Memory (MB): peak = 848.391 ; gain = 180.004
---------------------------------------------------------------------------------
INFO: [Synth 8-6157] synthesizing module 'interpolator_top' [D:/1111/DCCDL/VIVADO/Lab4/interpolator/interpolator.srcs/sources_1/new/interpolator_top.v:3]
	Parameter in_length bound to: 15 - type: integer 
	Parameter out_length bound to: 18 - type: integer 
INFO: [Synth 8-6157] synthesizing module 'v1' [D:/1111/DCCDL/VIVADO/Lab4/interpolator/interpolator.srcs/sources_1/new/v1.v:3]
	Parameter in_length bound to: 15 - type: integer 
	Parameter out_length bound to: 18 - type: integer 
INFO: [Synth 8-6155] done synthesizing module 'v1' (1#1) [D:/1111/DCCDL/VIVADO/Lab4/interpolator/interpolator.srcs/sources_1/new/v1.v:3]
INFO: [Synth 8-6157] synthesizing module 'v2' [D:/1111/DCCDL/VIVADO/Lab4/interpolator/v2.v:3]
	Parameter in_length bound to: 15 - type: integer 
	Parameter out_length bound to: 18 - type: integer 
INFO: [Synth 8-6155] done synthesizing module 'v2' (2#1) [D:/1111/DCCDL/VIVADO/Lab4/interpolator/v2.v:3]
WARNING: [Synth 8-324] index 2 out of range [D:/1111/DCCDL/VIVADO/Lab4/interpolator/interpolator.srcs/sources_1/new/interpolator_top.v:120]
INFO: [Synth 8-6155] done synthesizing module 'interpolator_top' (3#1) [D:/1111/DCCDL/VIVADO/Lab4/interpolator/interpolator.srcs/sources_1/new/interpolator_top.v:3]
---------------------------------------------------------------------------------
Finished RTL Elaboration : Time (s): cpu = 00:00:04 ; elapsed = 00:00:05 . Memory (MB): peak = 912.051 ; gain = 243.664
---------------------------------------------------------------------------------

Report Check Netlist: 
+------+------------------+-------+---------+-------+------------------+
|      |Item              |Errors |Warnings |Status |Description       |
+------+------------------+-------+---------+-------+------------------+
|1     |multi_driven_nets |      0|        0|Passed |Multi driven nets |
+------+------------------+-------+---------+-------+------------------+
---------------------------------------------------------------------------------
Start Handling Custom Attributes
---------------------------------------------------------------------------------
---------------------------------------------------------------------------------
Finished Handling Custom Attributes : Time (s): cpu = 00:00:04 ; elapsed = 00:00:05 . Memory (MB): peak = 912.051 ; gain = 243.664
---------------------------------------------------------------------------------
---------------------------------------------------------------------------------
Finished RTL Optimization Phase 1 : Time (s): cpu = 00:00:04 ; elapsed = 00:00:05 . Memory (MB): peak = 912.051 ; gain = 243.664
---------------------------------------------------------------------------------
INFO: [Project 1-570] Preparing netlist for logic optimization

Processing XDC Constraints
Initializing timing engine
Parsing XDC File [D:/1111/DCCDL/VIVADO/Lab4/interpolator/interpolator.srcs/constrs_1/new/interpolator.xdc]
Finished Parsing XDC File [D:/1111/DCCDL/VIVADO/Lab4/interpolator/interpolator.srcs/constrs_1/new/interpolator.xdc]
Completed Processing XDC Constraints

Netlist sorting complete. Time (s): cpu = 00:00:00 ; elapsed = 00:00:00 . Memory (MB): peak = 1032.336 ; gain = 0.000
INFO: [Project 1-111] Unisim Transformation Summary:
No Unisim elements were transformed.

Constraint Validation Runtime : Time (s): cpu = 00:00:00 ; elapsed = 00:00:00.008 . Memory (MB): peak = 1032.336 ; gain = 0.000
---------------------------------------------------------------------------------
Finished Constraint Validation : Time (s): cpu = 00:00:11 ; elapsed = 00:00:12 . Memory (MB): peak = 1032.336 ; gain = 363.949
---------------------------------------------------------------------------------
---------------------------------------------------------------------------------
Start Loading Part and Timing Information
---------------------------------------------------------------------------------
Loading part: xc7a200tfbg676-1
---------------------------------------------------------------------------------
Finished Loading Part and Timing Information : Time (s): cpu = 00:00:11 ; elapsed = 00:00:12 . Memory (MB): peak = 1032.336 ; gain = 363.949
---------------------------------------------------------------------------------
---------------------------------------------------------------------------------
Start Applying 'set_property' XDC Constraints
---------------------------------------------------------------------------------
---------------------------------------------------------------------------------
Finished applying 'set_property' XDC Constraints : Time (s): cpu = 00:00:11 ; elapsed = 00:00:12 . Memory (MB): peak = 1032.336 ; gain = 363.949
---------------------------------------------------------------------------------
---------------------------------------------------------------------------------
Finished RTL Optimization Phase 2 : Time (s): cpu = 00:00:11 ; elapsed = 00:00:12 . Memory (MB): peak = 1032.336 ; gain = 363.949
---------------------------------------------------------------------------------

Report RTL Partitions: 
+-+--------------+------------+----------+
| |RTL Partition |Replication |Instances |
+-+--------------+------------+----------+
+-+--------------+------------+----------+
---------------------------------------------------------------------------------
Start RTL Component Statistics 
---------------------------------------------------------------------------------
Detailed RTL Component Info : 
+---Adders : 
	   2 Input     25 Bit       Adders := 2     
	   5 Input     18 Bit       Adders := 1     
	   4 Input     18 Bit       Adders := 1     
	   2 Input      4 Bit       Adders := 1     
	   2 Input      3 Bit       Adders := 1     
+---Registers : 
	               24 Bit    Registers := 1     
	               18 Bit    Registers := 2     
	               15 Bit    Registers := 11    
	                4 Bit    Registers := 1     
	                3 Bit    Registers := 1     
	                1 Bit    Registers := 1     
+---Muxes : 
	   2 Input     15 Bit        Muxes := 1     
	   2 Input      3 Bit        Muxes := 1     
---------------------------------------------------------------------------------
Finished RTL Component Statistics 
---------------------------------------------------------------------------------
---------------------------------------------------------------------------------
Start RTL Hierarchical Component Statistics 
---------------------------------------------------------------------------------
Hierarchical RTL Component report 
Module interpolator_top 
Detailed RTL Component Info : 
+---Adders : 
	   2 Input     25 Bit       Adders := 2     
	   2 Input      4 Bit       Adders := 1     
	   2 Input      3 Bit       Adders := 1     
+---Registers : 
	               24 Bit    Registers := 1     
	               18 Bit    Registers := 2     
	               15 Bit    Registers := 4     
	                4 Bit    Registers := 1     
	                3 Bit    Registers := 1     
	                1 Bit    Registers := 1     
+---Muxes : 
	   2 Input     15 Bit        Muxes := 1     
	   2 Input      3 Bit        Muxes := 1     
Module v1 
Detailed RTL Component Info : 
+---Adders : 
	   5 Input     18 Bit       Adders := 1     
+---Registers : 
	               15 Bit    Registers := 4     
Module v2 
Detailed RTL Component Info : 
+---Adders : 
	   4 Input     18 Bit       Adders := 1     
+---Registers : 
	               15 Bit    Registers := 3     
---------------------------------------------------------------------------------
Finished RTL Hierarchical Component Statistics
---------------------------------------------------------------------------------
---------------------------------------------------------------------------------
Start Part Resource Summary
---------------------------------------------------------------------------------
Part Resources:
DSPs: 740 (col length:100)
BRAMs: 730 (col length: RAMB18 100 RAMB36 50)
---------------------------------------------------------------------------------
Finished Part Resource Summary
---------------------------------------------------------------------------------
---------------------------------------------------------------------------------
Start Cross Boundary and Area Optimization
---------------------------------------------------------------------------------
Warning: Parallel synthesis criteria is not met 
INFO: [Synth 8-4471] merging register 'dft1/dff_reg[0][0:14]' into 'dft1/dff_reg[0][0:14]' [D:/1111/DCCDL/VIVADO/Lab4/interpolator/interpolator.srcs/sources_1/new/v1.v:20]
INFO: [Synth 8-4471] merging register 'dft2/dff_reg[0][0:14]' into 'dft1/dff_reg[0][0:14]' [D:/1111/DCCDL/VIVADO/Lab4/interpolator/v2.v:23]
INFO: [Synth 8-4471] merging register 'dft2/dff_reg[1][0:14]' into 'dft1/dff_reg[1][0:14]' [D:/1111/DCCDL/VIVADO/Lab4/interpolator/v2.v:23]
INFO: [Synth 8-4471] merging register 'dft1/dff_reg[2][0:14]' into 'dft2/dff_reg[2][0:14]' [D:/1111/DCCDL/VIVADO/Lab4/interpolator/interpolator.srcs/sources_1/new/v1.v:20]
INFO: [Synth 8-4471] merging register 'dff_reg[0][0:14]' into 'dft1/dff_reg[0][0:14]' [D:/1111/DCCDL/VIVADO/Lab4/interpolator/interpolator.srcs/sources_1/new/interpolator_top.v:113]
INFO: [Synth 8-3886] merging instance 'v1_out_result_reg[1]' (FD) to 'v1_out_result_reg[0]'
INFO: [Synth 8-3886] merging instance 'v2_out_result_reg[2]' (FD) to 'v2_out_result_reg[1]'
INFO: [Synth 8-3886] merging instance 'v2_out_result_reg[1]' (FD) to 'v2_out_result_reg[0]'
INFO: [Synth 8-3886] merging instance 'final_buff1_reg[2]' (FD) to 'final_buff1_reg[0]'
INFO: [Synth 8-3886] merging instance 'final_buff1_reg[1]' (FD) to 'final_buff1_reg[0]'
---------------------------------------------------------------------------------
Finished Cross Boundary and Area Optimization : Time (s): cpu = 00:00:13 ; elapsed = 00:00:14 . Memory (MB): peak = 1032.336 ; gain = 363.949
---------------------------------------------------------------------------------

Report RTL Partitions: 
+-+--------------+------------+----------+
| |RTL Partition |Replication |Instances |
+-+--------------+------------+----------+
+-+--------------+------------+----------+
---------------------------------------------------------------------------------
Start Applying XDC Timing Constraints
---------------------------------------------------------------------------------
---------------------------------------------------------------------------------
Finished Applying XDC Timing Constraints : Time (s): cpu = 00:00:20 ; elapsed = 00:00:21 . Memory (MB): peak = 1032.336 ; gain = 363.949
---------------------------------------------------------------------------------
---------------------------------------------------------------------------------
Start Timing Optimization
---------------------------------------------------------------------------------
---------------------------------------------------------------------------------
Finished Timing Optimization : Time (s): cpu = 00:00:20 ; elapsed = 00:00:21 . Memory (MB): peak = 1032.336 ; gain = 363.949
---------------------------------------------------------------------------------

Report RTL Partitions: 
+-+--------------+------------+----------+
| |RTL Partition |Replication |Instances |
+-+--------------+------------+----------+
+-+--------------+------------+----------+
---------------------------------------------------------------------------------
Start Technology Mapping
---------------------------------------------------------------------------------
---------------------------------------------------------------------------------
Finished Technology Mapping : Time (s): cpu = 00:00:20 ; elapsed = 00:00:21 . Memory (MB): peak = 1032.336 ; gain = 363.949
---------------------------------------------------------------------------------

Report RTL Partitions: 
+-+--------------+------------+----------+
| |RTL Partition |Replication |Instances |
+-+--------------+------------+----------+
+-+--------------+------------+----------+
---------------------------------------------------------------------------------
Start IO Insertion
---------------------------------------------------------------------------------
---------------------------------------------------------------------------------
Start Flattening Before IO Insertion
---------------------------------------------------------------------------------
---------------------------------------------------------------------------------
Finished Flattening Before IO Insertion
---------------------------------------------------------------------------------
---------------------------------------------------------------------------------
Start Final Netlist Cleanup
---------------------------------------------------------------------------------
---------------------------------------------------------------------------------
Finished Final Netlist Cleanup
---------------------------------------------------------------------------------
---------------------------------------------------------------------------------
Finished IO Insertion : Time (s): cpu = 00:00:22 ; elapsed = 00:00:23 . Memory (MB): peak = 1038.785 ; gain = 370.398
---------------------------------------------------------------------------------

Report Check Netlist: 
+------+------------------+-------+---------+-------+------------------+
|      |Item              |Errors |Warnings |Status |Description       |
+------+------------------+-------+---------+-------+------------------+
|1     |multi_driven_nets |      0|        0|Passed |Multi driven nets |
+------+------------------+-------+---------+-------+------------------+
---------------------------------------------------------------------------------
Start Renaming Generated Instances
---------------------------------------------------------------------------------
---------------------------------------------------------------------------------
Finished Renaming Generated Instances : Time (s): cpu = 00:00:22 ; elapsed = 00:00:23 . Memory (MB): peak = 1038.785 ; gain = 370.398
---------------------------------------------------------------------------------

Report RTL Partitions: 
+-+--------------+------------+----------+
| |RTL Partition |Replication |Instances |
+-+--------------+------------+----------+
+-+--------------+------------+----------+
---------------------------------------------------------------------------------
Start Rebuilding User Hierarchy
---------------------------------------------------------------------------------
---------------------------------------------------------------------------------
Finished Rebuilding User Hierarchy : Time (s): cpu = 00:00:22 ; elapsed = 00:00:23 . Memory (MB): peak = 1038.785 ; gain = 370.398
---------------------------------------------------------------------------------
---------------------------------------------------------------------------------
Start Renaming Generated Ports
---------------------------------------------------------------------------------
---------------------------------------------------------------------------------
Finished Renaming Generated Ports : Time (s): cpu = 00:00:22 ; elapsed = 00:00:23 . Memory (MB): peak = 1038.785 ; gain = 370.398
---------------------------------------------------------------------------------
---------------------------------------------------------------------------------
Start Handling Custom Attributes
---------------------------------------------------------------------------------
---------------------------------------------------------------------------------
Finished Handling Custom Attributes : Time (s): cpu = 00:00:22 ; elapsed = 00:00:23 . Memory (MB): peak = 1038.785 ; gain = 370.398
---------------------------------------------------------------------------------
---------------------------------------------------------------------------------
Start Renaming Generated Nets
---------------------------------------------------------------------------------
---------------------------------------------------------------------------------
Finished Renaming Generated Nets : Time (s): cpu = 00:00:22 ; elapsed = 00:00:23 . Memory (MB): peak = 1038.785 ; gain = 370.398
---------------------------------------------------------------------------------
---------------------------------------------------------------------------------
Start Writing Synthesis Report
---------------------------------------------------------------------------------

Report BlackBoxes: 
+-+--------------+----------+
| |BlackBox name |Instances |
+-+--------------+----------+
+-+--------------+----------+

Report Cell Usage: 
+------+-------+------+
|      |Cell   |Count |
+------+-------+------+
|1     |BUFG   |     2|
|2     |CARRY4 |    56|
|3     |LUT1   |    36|
|4     |LUT2   |    93|
|5     |LUT3   |    78|
|6     |LUT4   |    31|
|7     |LUT5   |    55|
|8     |LUT6   |   106|
|9     |FDCE   |     4|
|10    |FDRE   |   144|
|11    |FDSE   |     4|
|12    |IBUF   |    18|
|13    |OBUF   |   145|
+------+-------+------+

Report Instance Areas: 
+------+---------+-------+------+
|      |Instance |Module |Cells |
+------+---------+-------+------+
|1     |top      |       |   772|
|2     |  dft1   |v1     |   156|
|3     |  dft2   |v2     |    63|
+------+---------+-------+------+
---------------------------------------------------------------------------------
Finished Writing Synthesis Report : Time (s): cpu = 00:00:22 ; elapsed = 00:00:23 . Memory (MB): peak = 1038.785 ; gain = 370.398
---------------------------------------------------------------------------------
Synthesis finished with 0 errors, 0 critical warnings and 0 warnings.
Synthesis Optimization Runtime : Time (s): cpu = 00:00:15 ; elapsed = 00:00:21 . Memory (MB): peak = 1038.785 ; gain = 250.113
Synthesis Optimization Complete : Time (s): cpu = 00:00:22 ; elapsed = 00:00:23 . Memory (MB): peak = 1038.785 ; gain = 370.398
INFO: [Project 1-571] Translating synthesized netlist
INFO: [Netlist 29-17] Analyzing 56 Unisim elements for replacement
INFO: [Netlist 29-28] Unisim Transformation completed in 0 CPU seconds
INFO: [Project 1-570] Preparing netlist for logic optimization
INFO: [Opt 31-138] Pushed 0 inverter(s) to 0 load pin(s).
Netlist sorting complete. Time (s): cpu = 00:00:00 ; elapsed = 00:00:00 . Memory (MB): peak = 1056.480 ; gain = 0.000
INFO: [Project 1-111] Unisim Transformation Summary:
No Unisim elements were transformed.

INFO: [Common 17-83] Releasing license: Synthesis
27 Infos, 1 Warnings, 0 Critical Warnings and 0 Errors encountered.
synth_design completed successfully
synth_design: Time (s): cpu = 00:00:28 ; elapsed = 00:00:39 . Memory (MB): peak = 1056.480 ; gain = 702.426
Netlist sorting complete. Time (s): cpu = 00:00:00 ; elapsed = 00:00:00 . Memory (MB): peak = 1056.480 ; gain = 0.000
WARNING: [Constraints 18-5210] No constraints selected for write.
Resolution: This message can indicate that there are no constraints for the design, or it can indicate that the used_in flags are set such that the constraints are ignored. This later case is used when running synth_design to not write synthesis constraints to the resulting checkpoint. Instead, project constraints are read when the synthesized design is opened.
INFO: [Common 17-1381] The checkpoint 'D:/1111/DCCDL/VIVADO/Lab4/interpolator/interpolator.runs/synth_1/interpolator_top.dcp' has been generated.
INFO: [runtcl-4] Executing : report_utilization -file interpolator_top_utilization_synth.rpt -pb interpolator_top_utilization_synth.pb
INFO: [Common 17-206] Exiting Vivado at Fri Nov 11 00:02:43 2022...
