Vivado Simulator 2019.1
Copyright 1986-1999, 2001-2019 Xilinx, Inc. All Rights Reserved.
Running: C:/Xilinx/Vivado/2019.1/bin/unwrapped/win64.o/xelab.exe -wto b4dc410c802c46f9b83daae10550e7cc --incr --debug typical --relax --mt 2 -L xil_defaultlib -L unisims_ver -L unimacro_ver -L secureip --snapshot top_tb_behav xil_defaultlib.top_tb xil_defaultlib.glbl -log elaborate.log 
Using 2 slave threads.
Starting static elaboration
Completed static elaboration
Starting simulation data flow analysis
Completed simulation data flow analysis
Time Resolution for simulation is 1ps
Compiling module xil_defaultlib.commutator_32
Compiling module xil_defaultlib.butterfly_32
Compiling module xil_defaultlib.mult_32
Compiling module xil_defaultlib.stage_32
Compiling module xil_defaultlib.commutator_16
Compiling module xil_defaultlib.butterfly_16
Compiling module xil_defaultlib.mult_16
Compiling module xil_defaultlib.stage_16
Compiling module xil_defaultlib.commutator_8
Compiling module xil_defaultlib.butterfly_8
Compiling module xil_defaultlib.mult_8
Compiling module xil_defaultlib.stage_8
Compiling module xil_defaultlib.fft32_top
Compiling module xil_defaultlib.top_tb
Compiling module xil_defaultlib.glbl
Built simulation snapshot top_tb_behav
