#-----------------------------------------------------------
# Vivado v2019.1 (64-bit)
# SW Build 2552052 on Fri May 24 14:49:42 MDT 2019
# IP Build 2548770 on Fri May 24 18:01:18 MDT 2019
# Start of session at: Wed Dec 14 20:12:45 2022
# Process ID: 9720
# Current directory: D:/1111/DCCDL/VIVADO/lab6/part2/lab
# Command line: vivado.exe -gui_launcher_event rodinguilauncherevent37552 D:\1111\DCCDL\VIVADO\lab6\part2\lab\lab.xpr
# Log file: D:/1111/DCCDL/VIVADO/lab6/part2/lab/vivado.log
# Journal file: D:/1111/DCCDL/VIVADO/lab6/part2/lab\vivado.jou
#-----------------------------------------------------------
start_gui
open_project D:/1111/DCCDL/VIVADO/lab6/part2/lab/lab.xpr
Scanning sources...
Finished scanning sources
INFO: [IP_Flow 19-234] Refreshing IP repositories
INFO: [IP_Flow 19-1704] No user IP repositories specified
INFO: [IP_Flow 19-2313] Loaded Vivado IP repository 'C:/Xilinx/Vivado/2019.1/data/ip'.
open_project: Time (s): cpu = 00:00:16 ; elapsed = 00:00:07 . Memory (MB): peak = 798.902 ; gain = 146.160
update_compile_order -fileset sources_1
update_compile_order -fileset sources_1
update_compile_order -fileset sources_1
launch_simulation
INFO: [Vivado 12-5682] Launching behavioral simulation in 'D:/1111/DCCDL/VIVADO/lab6/part2/lab/lab.sim/sim_1/behav/xsim'
INFO: [SIM-utils-51] Simulation object is 'sim_1'
INFO: [SIM-utils-54] Inspecting design source files for 'top_tb' in fileset 'sim_1'...
INFO: [USF-XSim-97] Finding global include files...
INFO: [USF-XSim-98] Fetching design files from 'sim_1'...
INFO: [USF-XSim-2] XSim::Compile design
INFO: [USF-XSim-61] Executing 'COMPILE and ANALYZE' step in 'D:/1111/DCCDL/VIVADO/lab6/part2/lab/lab.sim/sim_1/behav/xsim'
"xvlog --incr --relax -prj top_tb_vlog.prj"
INFO: [VRFC 10-2263] Analyzing Verilog file "D:/1111/DCCDL/VIVADO/lab6/part2/lab/lab.srcs/sources_1/imports/part2/butterfly4.v" into library xil_defaultlib
INFO: [VRFC 10-311] analyzing module butterfly_4
INFO: [VRFC 10-2263] Analyzing Verilog file "D:/1111/DCCDL/VIVADO/lab6/part2/lab/lab.srcs/sources_1/new/butterfly_16.v" into library xil_defaultlib
INFO: [VRFC 10-311] analyzing module butterfly_16
INFO: [VRFC 10-2263] Analyzing Verilog file "D:/1111/DCCDL/VIVADO/lab6/part2/lab/lab.srcs/sources_1/new/butterfly_32.v" into library xil_defaultlib
INFO: [VRFC 10-311] analyzing module butterfly_32
INFO: [VRFC 10-2263] Analyzing Verilog file "D:/1111/DCCDL/VIVADO/lab6/part2/lab/lab.srcs/sources_1/imports/part2/butterfly_8.v" into library xil_defaultlib
INFO: [VRFC 10-311] analyzing module butterfly_8
INFO: [VRFC 10-2263] Analyzing Verilog file "D:/1111/DCCDL/VIVADO/lab6/part2/lab/lab.srcs/sources_1/new/commutator_16.v" into library xil_defaultlib
INFO: [VRFC 10-311] analyzing module commutator_16
INFO: [VRFC 10-2263] Analyzing Verilog file "D:/1111/DCCDL/VIVADO/lab6/part2/lab/lab.srcs/sources_1/new/commutator_32.v" into library xil_defaultlib
INFO: [VRFC 10-311] analyzing module commutator_32
INFO: [VRFC 10-2263] Analyzing Verilog file "D:/1111/DCCDL/VIVADO/lab6/part2/lab/lab.srcs/sources_1/imports/part2/commutator_4.v" into library xil_defaultlib
INFO: [VRFC 10-311] analyzing module commutator_4
INFO: [VRFC 10-2263] Analyzing Verilog file "D:/1111/DCCDL/VIVADO/lab6/part2/lab/lab.srcs/sources_1/imports/part2/commutator_8.v" into library xil_defaultlib
INFO: [VRFC 10-311] analyzing module commutator_8
INFO: [VRFC 10-2263] Analyzing Verilog file "D:/1111/DCCDL/VIVADO/lab6/part2/lab/lab.srcs/sources_1/new/fft32_top.v" into library xil_defaultlib
INFO: [VRFC 10-311] analyzing module fft32_top
INFO: [VRFC 10-2263] Analyzing Verilog file "D:/1111/DCCDL/VIVADO/lab6/part2/lab/lab.srcs/sources_1/imports/part2/mult4.v" into library xil_defaultlib
INFO: [VRFC 10-311] analyzing module mult_4
INFO: [VRFC 10-2263] Analyzing Verilog file "D:/1111/DCCDL/VIVADO/lab6/part2/lab/lab.srcs/sources_1/new/mult_16.v" into library xil_defaultlib
INFO: [VRFC 10-311] analyzing module mult_16
INFO: [VRFC 10-2263] Analyzing Verilog file "D:/1111/DCCDL/VIVADO/lab6/part2/lab/lab.srcs/sources_1/new/mult_32.v" into library xil_defaultlib
INFO: [VRFC 10-311] analyzing module mult_32
INFO: [VRFC 10-2263] Analyzing Verilog file "D:/1111/DCCDL/VIVADO/lab6/part2/lab/lab.srcs/sources_1/imports/part2/mult_8.v" into library xil_defaultlib
INFO: [VRFC 10-311] analyzing module mult_8
INFO: [VRFC 10-2263] Analyzing Verilog file "D:/1111/DCCDL/VIVADO/lab6/part2/lab/lab.srcs/sources_1/new/stage_16.v" into library xil_defaultlib
INFO: [VRFC 10-311] analyzing module stage_16
INFO: [VRFC 10-2263] Analyzing Verilog file "D:/1111/DCCDL/VIVADO/lab6/part2/lab/lab.srcs/sources_1/new/stage_32.v" into library xil_defaultlib
INFO: [VRFC 10-311] analyzing module stage_32
INFO: [VRFC 10-2263] Analyzing Verilog file "D:/1111/DCCDL/VIVADO/lab6/part2/lab/lab.srcs/sources_1/imports/part2/stage_4.v" into library xil_defaultlib
INFO: [VRFC 10-311] analyzing module stage_4
INFO: [VRFC 10-2263] Analyzing Verilog file "D:/1111/DCCDL/VIVADO/lab6/part2/lab/lab.srcs/sources_1/imports/part2/stage_8.v" into library xil_defaultlib
INFO: [VRFC 10-311] analyzing module stage_8
INFO: [VRFC 10-2263] Analyzing Verilog file "D:/1111/DCCDL/VIVADO/lab6/part2/lab/lab.srcs/sim_1/new/top_tb.v" into library xil_defaultlib
INFO: [VRFC 10-311] analyzing module top_tb
INFO: [USF-XSim-69] 'compile' step finished in '1' seconds
INFO: [USF-XSim-3] XSim::Elaborate design
INFO: [USF-XSim-61] Executing 'ELABORATE' step in 'D:/1111/DCCDL/VIVADO/lab6/part2/lab/lab.sim/sim_1/behav/xsim'
"xelab -wto b4dc410c802c46f9b83daae10550e7cc --incr --debug typical --relax --mt 2 -L xil_defaultlib -L unisims_ver -L unimacro_ver -L secureip --snapshot top_tb_behav xil_defaultlib.top_tb xil_defaultlib.glbl -log elaborate.log"
Vivado Simulator 2019.1
Copyright 1986-1999, 2001-2019 Xilinx, Inc. All Rights Reserved.
Running: C:/Xilinx/Vivado/2019.1/bin/unwrapped/win64.o/xelab.exe -wto b4dc410c802c46f9b83daae10550e7cc --incr --debug typical --relax --mt 2 -L xil_defaultlib -L unisims_ver -L unimacro_ver -L secureip --snapshot top_tb_behav xil_defaultlib.top_tb xil_defaultlib.glbl -log elaborate.log 
Using 2 slave threads.
Starting static elaboration
Completed static elaboration
Starting simulation data flow analysis
Completed simulation data flow analysis
Time Resolution for simulation is 1ps
Compiling module xil_defaultlib.commutator_32
Compiling module xil_defaultlib.butterfly_32
Compiling module xil_defaultlib.mult_32
Compiling module xil_defaultlib.stage_32
Compiling module xil_defaultlib.commutator_16
Compiling module xil_defaultlib.butterfly_16
Compiling module xil_defaultlib.mult_16
Compiling module xil_defaultlib.stage_16
Compiling module xil_defaultlib.commutator_8
Compiling module xil_defaultlib.butterfly_8
Compiling module xil_defaultlib.mult_8
Compiling module xil_defaultlib.stage_8
Compiling module xil_defaultlib.commutator_4
Compiling module xil_defaultlib.butterfly_4
Compiling module xil_defaultlib.mult_4
Compiling module xil_defaultlib.stage_4
Compiling module xil_defaultlib.fft32_top
Compiling module xil_defaultlib.top_tb
Compiling module xil_defaultlib.glbl
Built simulation snapshot top_tb_behav

****** Webtalk v2019.1 (64-bit)
  **** SW Build 2552052 on Fri May 24 14:49:42 MDT 2019
  **** IP Build 2548770 on Fri May 24 18:01:18 MDT 2019
    ** Copyright 1986-2019 Xilinx, Inc. All Rights Reserved.

source D:/1111/DCCDL/VIVADO/lab6/part2/lab/lab.sim/sim_1/behav/xsim/xsim.dir/top_tb_behav/webtalk/xsim_webtalk.tcl -notrace
INFO: [Common 17-186] 'D:/1111/DCCDL/VIVADO/lab6/part2/lab/lab.sim/sim_1/behav/xsim/xsim.dir/top_tb_behav/webtalk/usage_statistics_ext_xsim.xml' has been successfully sent to Xilinx on Wed Dec 14 20:15:21 2022. For additional details about this file, please refer to the WebTalk help file at C:/Xilinx/Vivado/2019.1/doc/webtalk_introduction.html.
INFO: [Common 17-206] Exiting Webtalk at Wed Dec 14 20:15:21 2022...
run_program: Time (s): cpu = 00:00:02 ; elapsed = 00:00:06 . Memory (MB): peak = 874.906 ; gain = 0.000
INFO: [USF-XSim-69] 'elaborate' step finished in '7' seconds
INFO: [USF-XSim-4] XSim::Simulate design
INFO: [USF-XSim-61] Executing 'SIMULATE' step in 'D:/1111/DCCDL/VIVADO/lab6/part2/lab/lab.sim/sim_1/behav/xsim'
INFO: [USF-XSim-98] *** Running xsim
   with args "top_tb_behav -key {Behavioral:sim_1:Functional:top_tb} -tclbatch {top_tb.tcl} -view {D:/1111/DCCDL/VIVADO/lab6/part2/lab/lab.srcs/sim_1/imports/fft_32points/top_tb_behav.wcfg} -log {simulate.log}"
INFO: [USF-XSim-8] Loading simulator feature
Vivado Simulator 2019.1
Time resolution is 1 ps
open_wave_config D:/1111/DCCDL/VIVADO/lab6/part2/lab/lab.srcs/sim_1/imports/fft_32points/top_tb_behav.wcfg
source top_tb.tcl
# set curr_wave [current_wave_config]
# if { [string length $curr_wave] == 0 } {
#   if { [llength [get_objects]] > 0} {
#     add_wave /
#     set_property needs_save false [current_wave_config]
#   } else {
#      send_msg_id Add_Wave-1 WARNING "No top level signals found. Simulator will start without a wave window. If you want to open a wave window go to 'File->New Waveform Configuration' or type 'create_wave_config' in the TCL console."
#   }
# }
# run 1000ns
xsim: Time (s): cpu = 00:00:12 ; elapsed = 00:00:06 . Memory (MB): peak = 901.586 ; gain = 18.387
INFO: [USF-XSim-96] XSim completed. Design snapshot 'top_tb_behav' loaded.
INFO: [USF-XSim-97] XSim simulation ran for 1000ns
launch_simulation: Time (s): cpu = 00:00:15 ; elapsed = 00:00:14 . Memory (MB): peak = 901.586 ; gain = 26.680
run all
close_sim
INFO: [Simtcl 6-16] Simulation closed
close_sim: Time (s): cpu = 00:00:05 ; elapsed = 00:00:10 . Memory (MB): peak = 1095.012 ; gain = 3.887
reset_run synth_1
launch_runs impl_1 -jobs 4
[Wed Dec 14 20:19:06 2022] Launched synth_1...
Run output will be captured here: D:/1111/DCCDL/VIVADO/lab6/part2/lab/lab.runs/synth_1/runme.log
[Wed Dec 14 20:19:06 2022] Launched impl_1...
Run output will be captured here: D:/1111/DCCDL/VIVADO/lab6/part2/lab/lab.runs/impl_1/runme.log
launch_simulation -mode post-implementation -type timing
INFO: [Vivado 12-5682] Launching post-implementation timing simulation in 'D:/1111/DCCDL/VIVADO/lab6/part2/lab/lab.sim/sim_1/impl/timing/xsim'
INFO: [SIM-utils-51] Simulation object is 'sim_1'
INFO: [Device 21-403] Loading part xc7a200tfbg676-1
INFO: [Netlist 29-17] Analyzing 217 Unisim elements for replacement
INFO: [Netlist 29-28] Unisim Transformation completed in 1 CPU seconds
INFO: [Project 1-479] Netlist was created with Vivado 2019.1
INFO: [Project 1-570] Preparing netlist for logic optimization
Reading XDEF placement.
Reading placer database...
Reading XDEF routing.
Read XDEF File: Time (s): cpu = 00:00:01 ; elapsed = 00:00:00.446 . Memory (MB): peak = 1317.863 ; gain = 5.906
Restored from archive | CPU: 1.000000 secs | Memory: 0.000000 MB |
Finished XDEF File Restore: Time (s): cpu = 00:00:01 ; elapsed = 00:00:00.447 . Memory (MB): peak = 1317.863 ; gain = 5.906
Netlist sorting complete. Time (s): cpu = 00:00:00 ; elapsed = 00:00:00.001 . Memory (MB): peak = 1317.945 ; gain = 0.000
INFO: [Project 1-111] Unisim Transformation Summary:
No Unisim elements were transformed.

open_run: Time (s): cpu = 00:00:31 ; elapsed = 00:00:18 . Memory (MB): peak = 1503.863 ; gain = 408.852
INFO: [SIM-utils-31] Writing simulation netlist file for design 'impl_1'...
INFO: [SIM-utils-32] write_verilog -mode timesim -nolib -sdf_anno true -force -file "D:/1111/DCCDL/VIVADO/lab6/part2/lab/lab.sim/sim_1/impl/timing/xsim/top_tb_time_impl.v"
write_verilog: Time (s): cpu = 00:00:09 ; elapsed = 00:00:07 . Memory (MB): peak = 1625.668 ; gain = 104.066
INFO: [SIM-utils-34] Writing SDF file...
INFO: [SIM-utils-35] write_sdf -mode timesim -process_corner slow -force -file "D:/1111/DCCDL/VIVADO/lab6/part2/lab/lab.sim/sim_1/impl/timing/xsim/top_tb_time_impl.sdf"
write_sdf: Time (s): cpu = 00:00:25 ; elapsed = 00:00:20 . Memory (MB): peak = 2088.902 ; gain = 463.234
INFO: [SIM-utils-36] Netlist generated:D:/1111/DCCDL/VIVADO/lab6/part2/lab/lab.sim/sim_1/impl/timing/xsim/top_tb_time_impl.v
INFO: [SIM-utils-37] SDF generated:D:/1111/DCCDL/VIVADO/lab6/part2/lab/lab.sim/sim_1/impl/timing/xsim/top_tb_time_impl.sdf
INFO: [SIM-utils-54] Inspecting design source files for 'top_tb' in fileset 'sim_1'...
INFO: [USF-XSim-2] XSim::Compile design
INFO: [USF-XSim-61] Executing 'COMPILE and ANALYZE' step in 'D:/1111/DCCDL/VIVADO/lab6/part2/lab/lab.sim/sim_1/impl/timing/xsim'
"xvlog --incr --relax -prj top_tb_vlog.prj"
INFO: [VRFC 10-2263] Analyzing Verilog file "D:/1111/DCCDL/VIVADO/lab6/part2/lab/lab.sim/sim_1/impl/timing/xsim/top_tb_time_impl.v" into library xil_defaultlib
INFO: [VRFC 10-311] analyzing module butterfly_16
INFO: [VRFC 10-311] analyzing module butterfly_32
INFO: [VRFC 10-311] analyzing module butterfly_4
INFO: [VRFC 10-311] analyzing module butterfly_8
INFO: [VRFC 10-311] analyzing module fft32_top
INFO: [VRFC 10-311] analyzing module mult_16
INFO: [VRFC 10-311] analyzing module mult_32
INFO: [VRFC 10-311] analyzing module mult_4
INFO: [VRFC 10-311] analyzing module mult_8
INFO: [VRFC 10-311] analyzing module stage_16
INFO: [VRFC 10-311] analyzing module stage_32
INFO: [VRFC 10-311] analyzing module stage_4
INFO: [VRFC 10-311] analyzing module stage_8
INFO: [VRFC 10-311] analyzing module glbl
INFO: [VRFC 10-2263] Analyzing Verilog file "D:/1111/DCCDL/VIVADO/lab6/part2/lab/lab.srcs/sim_1/new/top_tb.v" into library xil_defaultlib
INFO: [VRFC 10-311] analyzing module top_tb
INFO: [USF-XSim-69] 'compile' step finished in '2' seconds
INFO: [USF-XSim-3] XSim::Elaborate design
INFO: [USF-XSim-61] Executing 'ELABORATE' step in 'D:/1111/DCCDL/VIVADO/lab6/part2/lab/lab.sim/sim_1/impl/timing/xsim'
"xelab -wto b4dc410c802c46f9b83daae10550e7cc --incr --debug typical --relax --mt 2 --maxdelay -L xil_defaultlib -L simprims_ver -L secureip --snapshot top_tb_time_impl -transport_int_delays -pulse_r 0 -pulse_int_r 0 -pulse_e 0 -pulse_int_e 0 xil_defaultlib.top_tb xil_defaultlib.glbl -log elaborate.log"
Vivado Simulator 2019.1
Copyright 1986-1999, 2001-2019 Xilinx, Inc. All Rights Reserved.
Running: C:/Xilinx/Vivado/2019.1/bin/unwrapped/win64.o/xelab.exe -wto b4dc410c802c46f9b83daae10550e7cc --incr --debug typical --relax --mt 2 --maxdelay -L xil_defaultlib -L simprims_ver -L secureip --snapshot top_tb_time_impl -transport_int_delays -pulse_r 0 -pulse_int_r 0 -pulse_e 0 -pulse_int_e 0 xil_defaultlib.top_tb xil_defaultlib.glbl -log elaborate.log 
Using 2 slave threads.
Starting static elaboration
Completed static elaboration
Starting simulation data flow analysis
Completed simulation data flow analysis
INFO: [XSIM 43-3451] SDF backannotation process started with SDF file "top_tb_time_impl.sdf", for root module "top_tb/dft1".
INFO: [XSIM 43-3452] SDF backannotation was successful for SDF file "top_tb_time_impl.sdf", for root module "top_tb/dft1".
Time Resolution for simulation is 1ps
Compiling module simprims_ver.IBUF
Compiling module simprims_ver.OBUF
Compiling module simprims_ver.FDCE_default
Compiling module simprims_ver.BUFG
Compiling module simprims_ver.x_lut2_mux4
Compiling module simprims_ver.LUT2
Compiling module simprims_ver.CARRY4
Compiling module simprims_ver.LUT5
Compiling module simprims_ver.x_lut1_mux2
Compiling module simprims_ver.LUT1
Compiling module xil_defaultlib.butterfly_16
Compiling module simprims_ver.x_lut3_mux8
Compiling module simprims_ver.LUT3
Compiling module simprims_ver.LUT4
Compiling module simprims_ver.FDPE_default
Compiling module simprims_ver.FDRE_default
Compiling module simprims_ver.SRL16E_default
Compiling module simprims_ver.LUT6
Compiling module simprims_ver.DSP48E1(ACASCREG=0,ALUMODEREG=0,...
Compiling module simprims_ver.MUXF7
Compiling module xil_defaultlib.mult_16
Compiling module xil_defaultlib.stage_16
Compiling module xil_defaultlib.butterfly_32
Compiling module xil_defaultlib.mult_32
Compiling module xil_defaultlib.stage_32
Compiling module xil_defaultlib.butterfly_4
Compiling module xil_defaultlib.mult_4
Compiling module xil_defaultlib.stage_4
Compiling module xil_defaultlib.butterfly_8
Compiling module simprims_ver.DSP48E1(ACASCREG=0,ALUMODEREG=0,...
Compiling module xil_defaultlib.mult_8
Compiling module xil_defaultlib.stage_8
Compiling module xil_defaultlib.fft32_top
Compiling module xil_defaultlib.top_tb
Compiling module xil_defaultlib.glbl
Built simulation snapshot top_tb_time_impl

****** Webtalk v2019.1 (64-bit)
  **** SW Build 2552052 on Fri May 24 14:49:42 MDT 2019
  **** IP Build 2548770 on Fri May 24 18:01:18 MDT 2019
    ** Copyright 1986-2019 Xilinx, Inc. All Rights Reserved.

source D:/1111/DCCDL/VIVADO/lab6/part2/lab/lab.sim/sim_1/impl/timing/xsim/xsim.dir/top_tb_time_impl/webtalk/xsim_webtalk.tcl -notrace
INFO: [Common 17-186] 'D:/1111/DCCDL/VIVADO/lab6/part2/lab/lab.sim/sim_1/impl/timing/xsim/xsim.dir/top_tb_time_impl/webtalk/usage_statistics_ext_xsim.xml' has been successfully sent to Xilinx on Wed Dec 14 20:23:35 2022. For additional details about this file, please refer to the WebTalk help file at C:/Xilinx/Vivado/2019.1/doc/webtalk_introduction.html.
INFO: [Common 17-206] Exiting Webtalk at Wed Dec 14 20:23:35 2022...
run_program: Time (s): cpu = 00:00:01 ; elapsed = 00:00:31 . Memory (MB): peak = 2088.902 ; gain = 0.000
INFO: [USF-XSim-69] 'elaborate' step finished in '32' seconds
INFO: [USF-XSim-4] XSim::Simulate design
INFO: [USF-XSim-61] Executing 'SIMULATE' step in 'D:/1111/DCCDL/VIVADO/lab6/part2/lab/lab.sim/sim_1/impl/timing/xsim'
INFO: [USF-XSim-98] *** Running xsim
   with args "top_tb_time_impl -key {Post-Implementation:sim_1:Timing:top_tb} -tclbatch {top_tb.tcl} -view {D:/1111/DCCDL/VIVADO/lab6/part2/lab/lab.srcs/sim_1/imports/fft_32points/top_tb_behav.wcfg} -log {simulate.log}"
INFO: [USF-XSim-8] Loading simulator feature
Vivado Simulator 2019.1
Time resolution is 1 ps
open_wave_config D:/1111/DCCDL/VIVADO/lab6/part2/lab/lab.srcs/sim_1/imports/fft_32points/top_tb_behav.wcfg
source top_tb.tcl
# set curr_wave [current_wave_config]
# if { [string length $curr_wave] == 0 } {
#   if { [llength [get_objects]] > 0} {
#     add_wave /
#     set_property needs_save false [current_wave_config]
#   } else {
#      send_msg_id Add_Wave-1 WARNING "No top level signals found. Simulator will start without a wave window. If you want to open a wave window go to 'File->New Waveform Configuration' or type 'create_wave_config' in the TCL console."
#   }
# }
# run 1000ns
WARNING: "C:\Xilinx\Vivado\2019.1\data/verilog/src/unisims/FDCE.v" Line 170: Timing violation in scope /top_tb/dft1/dft32/LI_imag_in_reg[3]/TChk170_8267 at time 145134 ps $setuphold (posedge C,posedge D,(0:0:0),(0:0:0),notifier,in_clk_enable_p,in_clk_enable_p,C_dly,D_dly) 
WARNING: "C:\Xilinx\Vivado\2019.1\data/verilog/src/unisims/FDCE.v" Line 170: Timing violation in scope /top_tb/dft1/dft32/LI_imag_in_reg[9]/TChk170_8267 at time 145163 ps $setuphold (posedge C,posedge D,(0:0:0),(0:0:0),notifier,in_clk_enable_p,in_clk_enable_p,C_dly,D_dly) 
WARNING: "C:\Xilinx\Vivado\2019.1\data/verilog/src/unisims/FDCE.v" Line 170: Timing violation in scope /top_tb/dft1/dft32/LI_imag_in_reg[8]/TChk170_8267 at time 145229 ps $setuphold (posedge C,posedge D,(0:0:0),(0:0:0),notifier,in_clk_enable_p,in_clk_enable_p,C_dly,D_dly) 
WARNING: "C:\Xilinx\Vivado\2019.1\data/verilog/src/unisims/FDCE.v" Line 170: Timing violation in scope /top_tb/dft1/dft32/LI_real_in_reg[0]/TChk170_8267 at time 165112 ps $setuphold (posedge C,posedge D,(0:0:0),(0:0:0),notifier,in_clk_enable_p,in_clk_enable_p,C_dly,D_dly) 
WARNING: "C:\Xilinx\Vivado\2019.1\data/verilog/src/unisims/FDCE.v" Line 170: Timing violation in scope /top_tb/dft1/dft32/LI_imag_in_reg[5]/TChk170_8267 at time 165148 ps $setuphold (posedge C,posedge D,(0:0:0),(0:0:0),notifier,in_clk_enable_p,in_clk_enable_p,C_dly,D_dly) 
WARNING: "C:\Xilinx\Vivado\2019.1\data/verilog/src/unisims/FDCE.v" Line 168: Timing violation in scope /top_tb/dft1/dft32/LI_imag_in_reg[3]/TChk168_8265 at time 165183 ps $setuphold (posedge C,negedge D,(0:0:0),(0:0:0),notifier,in_clk_enable_p,in_clk_enable_p,C_dly,D_dly) 
WARNING: "C:\Xilinx\Vivado\2019.1\data/verilog/src/unisims/FDCE.v" Line 170: Timing violation in scope /top_tb/dft1/dft32/LI_real_in_reg[4]/TChk170_8267 at time 165261 ps $setuphold (posedge C,posedge D,(0:0:0),(0:0:0),notifier,in_clk_enable_p,in_clk_enable_p,C_dly,D_dly) 
WARNING: "C:\Xilinx\Vivado\2019.1\data/verilog/src/unisims/FDCE.v" Line 168: Timing violation in scope /top_tb/dft1/dft32/LI_imag_in_reg[5]/TChk168_8265 at time 205099 ps $setuphold (posedge C,negedge D,(0:0:0),(0:0:0),notifier,in_clk_enable_p,in_clk_enable_p,C_dly,D_dly) 
WARNING: "C:\Xilinx\Vivado\2019.1\data/verilog/src/unisims/FDCE.v" Line 168: Timing violation in scope /top_tb/dft1/dft32/LI_real_in_reg[2]/TChk168_8265 at time 205109 ps $setuphold (posedge C,negedge D,(0:0:0),(0:0:0),notifier,in_clk_enable_p,in_clk_enable_p,C_dly,D_dly) 
WARNING: "C:\Xilinx\Vivado\2019.1\data/verilog/src/unisims/FDCE.v" Line 168: Timing violation in scope /top_tb/dft1/dft32/LI_imag_in_reg[9]/TChk168_8265 at time 205163 ps $setuphold (posedge C,negedge D,(0:0:0),(0:0:0),notifier,in_clk_enable_p,in_clk_enable_p,C_dly,D_dly) 
WARNING: "C:\Xilinx\Vivado\2019.1\data/verilog/src/unisims/FDCE.v" Line 168: Timing violation in scope /top_tb/dft1/dft32/LI_imag_in_reg[8]/TChk168_8265 at time 205229 ps $setuphold (posedge C,negedge D,(0:0:0),(0:0:0),notifier,in_clk_enable_p,in_clk_enable_p,C_dly,D_dly) 
WARNING: "C:\Xilinx\Vivado\2019.1\data/verilog/src/unisims/FDCE.v" Line 170: Timing violation in scope /top_tb/dft1/dft32/LI_imag_in_reg[5]/TChk170_8267 at time 225099 ps $setuphold (posedge C,posedge D,(0:0:0),(0:0:0),notifier,in_clk_enable_p,in_clk_enable_p,C_dly,D_dly) 
WARNING: "C:\Xilinx\Vivado\2019.1\data/verilog/src/unisims/FDCE.v" Line 168: Timing violation in scope /top_tb/dft1/dft32/LI_real_in_reg[0]/TChk168_8265 at time 225112 ps $setuphold (posedge C,negedge D,(0:0:0),(0:0:0),notifier,in_clk_enable_p,in_clk_enable_p,C_dly,D_dly) 
WARNING: "C:\Xilinx\Vivado\2019.1\data/verilog/src/unisims/FDCE.v" Line 170: Timing violation in scope /top_tb/dft1/dft32/LI_imag_in_reg[9]/TChk170_8267 at time 225163 ps $setuphold (posedge C,posedge D,(0:0:0),(0:0:0),notifier,in_clk_enable_p,in_clk_enable_p,C_dly,D_dly) 
WARNING: "C:\Xilinx\Vivado\2019.1\data/verilog/src/unisims/FDCE.v" Line 170: Timing violation in scope /top_tb/dft1/dft32/LI_imag_in_reg[8]/TChk170_8267 at time 225229 ps $setuphold (posedge C,posedge D,(0:0:0),(0:0:0),notifier,in_clk_enable_p,in_clk_enable_p,C_dly,D_dly) 
WARNING: "C:\Xilinx\Vivado\2019.1\data/verilog/src/unisims/FDCE.v" Line 170: Timing violation in scope /top_tb/dft1/dft32/LI_real_in_reg[4]/TChk170_8267 at time 225261 ps $setuphold (posedge C,posedge D,(0:0:0),(0:0:0),notifier,in_clk_enable_p,in_clk_enable_p,C_dly,D_dly) 
WARNING: "C:\Xilinx\Vivado\2019.1\data/verilog/src/unisims/FDCE.v" Line 168: Timing violation in scope /top_tb/dft1/dft32/LI_real_in_reg[2]/TChk168_8265 at time 245109 ps $setuphold (posedge C,negedge D,(0:0:0),(0:0:0),notifier,in_clk_enable_p,in_clk_enable_p,C_dly,D_dly) 
WARNING: "C:\Xilinx\Vivado\2019.1\data/verilog/src/unisims/FDCE.v" Line 170: Timing violation in scope /top_tb/dft1/dft32/LI_real_in_reg[0]/TChk170_8267 at time 265112 ps $setuphold (posedge C,posedge D,(0:0:0),(0:0:0),notifier,in_clk_enable_p,in_clk_enable_p,C_dly,D_dly) 
WARNING: "C:\Xilinx\Vivado\2019.1\data/verilog/src/unisims/FDCE.v" Line 170: Timing violation in scope /top_tb/dft1/dft32/LI_imag_in_reg[7]/TChk170_8267 at time 265130 ps $setuphold (posedge C,posedge D,(0:0:0),(0:0:0),notifier,in_clk_enable_p,in_clk_enable_p,C_dly,D_dly) 
WARNING: "C:\Xilinx\Vivado\2019.1\data/verilog/src/unisims/FDCE.v" Line 168: Timing violation in scope /top_tb/dft1/dft32/LI_imag_in_reg[10]/TChk168_8265 at time 285097 ps $setuphold (posedge C,negedge D,(0:0:0),(0:0:0),notifier,in_clk_enable_p,in_clk_enable_p,C_dly,D_dly) 
WARNING: "C:\Xilinx\Vivado\2019.1\data/verilog/src/unisims/FDCE.v" Line 168: Timing violation in scope /top_tb/dft1/dft32/LI_imag_in_reg[7]/TChk168_8265 at time 285100 ps $setuphold (posedge C,negedge D,(0:0:0),(0:0:0),notifier,in_clk_enable_p,in_clk_enable_p,C_dly,D_dly) 
WARNING: "C:\Xilinx\Vivado\2019.1\data/verilog/src/unisims/FDCE.v" Line 168: Timing violation in scope /top_tb/dft1/dft32/LI_real_in_reg[2]/TChk168_8265 at time 285109 ps $setuphold (posedge C,negedge D,(0:0:0),(0:0:0),notifier,in_clk_enable_p,in_clk_enable_p,C_dly,D_dly) 
WARNING: "C:\Xilinx\Vivado\2019.1\data/verilog/src/unisims/FDCE.v" Line 168: Timing violation in scope /top_tb/dft1/dft32/LI_real_in_reg[0]/TChk168_8265 at time 285154 ps $setuphold (posedge C,negedge D,(0:0:0),(0:0:0),notifier,in_clk_enable_p,in_clk_enable_p,C_dly,D_dly) 
WARNING: "C:\Xilinx\Vivado\2019.1\data/verilog/src/unisims/FDCE.v" Line 168: Timing violation in scope /top_tb/dft1/dft32/LI_imag_in_reg[9]/TChk168_8265 at time 285212 ps $setuphold (posedge C,negedge D,(0:0:0),(0:0:0),notifier,in_clk_enable_p,in_clk_enable_p,C_dly,D_dly) 
WARNING: "C:\Xilinx\Vivado\2019.1\data/verilog/src/unisims/FDCE.v" Line 168: Timing violation in scope /top_tb/dft1/dft32/LI_imag_in_reg[5]/TChk168_8265 at time 305154 ps $setuphold (posedge C,negedge D,(0:0:0),(0:0:0),notifier,in_clk_enable_p,in_clk_enable_p,C_dly,D_dly) 
WARNING: "C:\Xilinx\Vivado\2019.1\data/verilog/src/unisims/FDCE.v" Line 170: Timing violation in scope /top_tb/dft1/dft32/LI_imag_in_reg[3]/TChk170_8267 at time 305189 ps $setuphold (posedge C,posedge D,(0:0:0),(0:0:0),notifier,in_clk_enable_p,in_clk_enable_p,C_dly,D_dly) 
WARNING: "C:\Xilinx\Vivado\2019.1\data/verilog/src/unisims/FDCE.v" Line 170: Timing violation in scope /top_tb/dft1/dft32/LI_real_in_reg[0]/TChk170_8267 at time 325112 ps $setuphold (posedge C,posedge D,(0:0:0),(0:0:0),notifier,in_clk_enable_p,in_clk_enable_p,C_dly,D_dly) 
WARNING: "C:\Xilinx\Vivado\2019.1\data/verilog/src/unisims/FDCE.v" Line 168: Timing violation in scope /top_tb/dft1/dft32/LI_imag_in_reg[3]/TChk168_8265 at time 325134 ps $setuphold (posedge C,negedge D,(0:0:0),(0:0:0),notifier,in_clk_enable_p,in_clk_enable_p,C_dly,D_dly) 
WARNING: "C:\Xilinx\Vivado\2019.1\data/verilog/src/unisims/FDCE.v" Line 170: Timing violation in scope /top_tb/dft1/dft32/LI_real_in_reg[4]/TChk170_8267 at time 325261 ps $setuphold (posedge C,posedge D,(0:0:0),(0:0:0),notifier,in_clk_enable_p,in_clk_enable_p,C_dly,D_dly) 
WARNING: "C:\Xilinx\Vivado\2019.1\data/verilog/src/unisims/FDCE.v" Line 170: Timing violation in scope /top_tb/dft1/dft32/LI_imag_in_reg[10]/TChk170_8267 at time 345127 ps $setuphold (posedge C,posedge D,(0:0:0),(0:0:0),notifier,in_clk_enable_p,in_clk_enable_p,C_dly,D_dly) 
WARNING: "C:\Xilinx\Vivado\2019.1\data/verilog/src/unisims/FDCE.v" Line 170: Timing violation in scope /top_tb/dft1/dft32/LI_imag_in_reg[9]/TChk170_8267 at time 345242 ps $setuphold (posedge C,posedge D,(0:0:0),(0:0:0),notifier,in_clk_enable_p,in_clk_enable_p,C_dly,D_dly) 
WARNING: "C:\Xilinx\Vivado\2019.1\data/verilog/src/unisims/FDCE.v" Line 168: Timing violation in scope /top_tb/dft1/dft32/LI_imag_in_reg[10]/TChk168_8265 at time 365107 ps $setuphold (posedge C,negedge D,(0:0:0),(0:0:0),notifier,in_clk_enable_p,in_clk_enable_p,C_dly,D_dly) 
WARNING: "C:\Xilinx\Vivado\2019.1\data/verilog/src/unisims/FDCE.v" Line 168: Timing violation in scope /top_tb/dft1/dft32/LI_imag_in_reg[7]/TChk168_8265 at time 365110 ps $setuphold (posedge C,negedge D,(0:0:0),(0:0:0),notifier,in_clk_enable_p,in_clk_enable_p,C_dly,D_dly) 
WARNING: "C:\Xilinx\Vivado\2019.1\data/verilog/src/unisims/FDCE.v" Line 170: Timing violation in scope /top_tb/dft1/dft32/LI_imag_in_reg[5]/TChk170_8267 at time 365158 ps $setuphold (posedge C,posedge D,(0:0:0),(0:0:0),notifier,in_clk_enable_p,in_clk_enable_p,C_dly,D_dly) 
WARNING: "C:\Xilinx\Vivado\2019.1\data/verilog/src/unisims/FDCE.v" Line 170: Timing violation in scope /top_tb/dft1/dft32/LI_imag_in_reg[3]/TChk170_8267 at time 365193 ps $setuphold (posedge C,posedge D,(0:0:0),(0:0:0),notifier,in_clk_enable_p,in_clk_enable_p,C_dly,D_dly) 
WARNING: "C:\Xilinx\Vivado\2019.1\data/verilog/src/unisims/FDCE.v" Line 168: Timing violation in scope /top_tb/dft1/dft32/LI_imag_in_reg[9]/TChk168_8265 at time 365222 ps $setuphold (posedge C,negedge D,(0:0:0),(0:0:0),notifier,in_clk_enable_p,in_clk_enable_p,C_dly,D_dly) 
WARNING: "C:\Xilinx\Vivado\2019.1\data/verilog/src/unisims/FDCE.v" Line 168: Timing violation in scope /top_tb/dft1/dft32/LI_imag_in_reg[5]/TChk168_8265 at time 385099 ps $setuphold (posedge C,negedge D,(0:0:0),(0:0:0),notifier,in_clk_enable_p,in_clk_enable_p,C_dly,D_dly) 
WARNING: "C:\Xilinx\Vivado\2019.1\data/verilog/src/unisims/FDCE.v" Line 170: Timing violation in scope /top_tb/dft1/dft32/LI_real_in_reg[4]/TChk170_8267 at time 405261 ps $setuphold (posedge C,posedge D,(0:0:0),(0:0:0),notifier,in_clk_enable_p,in_clk_enable_p,C_dly,D_dly) 
WARNING: "C:\Xilinx\Vivado\2019.1\data/verilog/src/unisims/FDCE.v" Line 168: Timing violation in scope /top_tb/dft1/dft32/LI_real_in_reg[0]/TChk168_8265 at time 425112 ps $setuphold (posedge C,negedge D,(0:0:0),(0:0:0),notifier,in_clk_enable_p,in_clk_enable_p,C_dly,D_dly) 
WARNING: "C:\Xilinx\Vivado\2019.1\data/verilog/src/unisims/FDCE.v" Line 170: Timing violation in scope /top_tb/dft1/dft32/LI_imag_in_reg[5]/TChk170_8267 at time 425154 ps $setuphold (posedge C,posedge D,(0:0:0),(0:0:0),notifier,in_clk_enable_p,in_clk_enable_p,C_dly,D_dly) 
WARNING: "C:\Xilinx\Vivado\2019.1\data/verilog/src/unisims/FDCE.v" Line 168: Timing violation in scope /top_tb/dft1/dft32/LI_real_in_reg[4]/TChk168_8265 at time 425261 ps $setuphold (posedge C,negedge D,(0:0:0),(0:0:0),notifier,in_clk_enable_p,in_clk_enable_p,C_dly,D_dly) 
WARNING: "C:\Xilinx\Vivado\2019.1\data/verilog/src/unisims/FDCE.v" Line 168: Timing violation in scope /top_tb/dft1/dft32/LI_imag_in_reg[5]/TChk168_8265 at time 445099 ps $setuphold (posedge C,negedge D,(0:0:0),(0:0:0),notifier,in_clk_enable_p,in_clk_enable_p,C_dly,D_dly) 
WARNING: "C:\Xilinx\Vivado\2019.1\data/verilog/src/unisims/FDCE.v" Line 168: Timing violation in scope /top_tb/dft1/dft32/LI_real_in_reg[2]/TChk168_8265 at time 445105 ps $setuphold (posedge C,negedge D,(0:0:0),(0:0:0),notifier,in_clk_enable_p,in_clk_enable_p,C_dly,D_dly) 
WARNING: "C:\Xilinx\Vivado\2019.1\data/verilog/src/unisims/FDCE.v" Line 168: Timing violation in scope /top_tb/dft1/dft32/LI_imag_in_reg[3]/TChk168_8265 at time 445134 ps $setuphold (posedge C,negedge D,(0:0:0),(0:0:0),notifier,in_clk_enable_p,in_clk_enable_p,C_dly,D_dly) 
WARNING: "C:\Xilinx\Vivado\2019.1\data/verilog/src/unisims/FDCE.v" Line 170: Timing violation in scope /top_tb/dft1/dft32/LI_imag_in_reg[9]/TChk170_8267 at time 445163 ps $setuphold (posedge C,posedge D,(0:0:0),(0:0:0),notifier,in_clk_enable_p,in_clk_enable_p,C_dly,D_dly) 
WARNING: "C:\Xilinx\Vivado\2019.1\data/verilog/src/unisims/FDCE.v" Line 170: Timing violation in scope /top_tb/dft1/dft32/LI_imag_in_reg[8]/TChk170_8267 at time 445229 ps $setuphold (posedge C,posedge D,(0:0:0),(0:0:0),notifier,in_clk_enable_p,in_clk_enable_p,C_dly,D_dly) 
WARNING: "C:\Xilinx\Vivado\2019.1\data/verilog/src/unisims/FDCE.v" Line 170: Timing violation in scope /top_tb/dft1/dft32/LI_imag_in_reg[5]/TChk170_8267 at time 465099 ps $setuphold (posedge C,posedge D,(0:0:0),(0:0:0),notifier,in_clk_enable_p,in_clk_enable_p,C_dly,D_dly) 
WARNING: "C:\Xilinx\Vivado\2019.1\data/verilog/src/unisims/FDCE.v" Line 170: Timing violation in scope /top_tb/dft1/dft32/LI_real_in_reg[2]/TChk170_8267 at time 465109 ps $setuphold (posedge C,posedge D,(0:0:0),(0:0:0),notifier,in_clk_enable_p,in_clk_enable_p,C_dly,D_dly) 
WARNING: "C:\Xilinx\Vivado\2019.1\data/verilog/src/unisims/FDCE.v" Line 170: Timing violation in scope /top_tb/dft1/dft32/LI_imag_in_reg[3]/TChk170_8267 at time 465134 ps $setuphold (posedge C,posedge D,(0:0:0),(0:0:0),notifier,in_clk_enable_p,in_clk_enable_p,C_dly,D_dly) 
WARNING: "C:\Xilinx\Vivado\2019.1\data/verilog/src/unisims/FDCE.v" Line 168: Timing violation in scope /top_tb/dft1/dft32/LI_imag_in_reg[9]/TChk168_8265 at time 465163 ps $setuphold (posedge C,negedge D,(0:0:0),(0:0:0),notifier,in_clk_enable_p,in_clk_enable_p,C_dly,D_dly) 
WARNING: "C:\Xilinx\Vivado\2019.1\data/verilog/src/unisims/FDCE.v" Line 168: Timing violation in scope /top_tb/dft1/dft32/LI_imag_in_reg[8]/TChk168_8265 at time 465229 ps $setuphold (posedge C,negedge D,(0:0:0),(0:0:0),notifier,in_clk_enable_p,in_clk_enable_p,C_dly,D_dly) 
WARNING: "C:\Xilinx\Vivado\2019.1\data/verilog/src/unisims/FDCE.v" Line 170: Timing violation in scope /top_tb/dft1/dft32/LI_real_in_reg[0]/TChk170_8267 at time 485156 ps $setuphold (posedge C,posedge D,(0:0:0),(0:0:0),notifier,in_clk_enable_p,in_clk_enable_p,C_dly,D_dly) 
WARNING: "C:\Xilinx\Vivado\2019.1\data/verilog/src/unisims/FDCE.v" Line 168: Timing violation in scope /top_tb/dft1/dft32/LI_imag_in_reg[3]/TChk168_8265 at time 485183 ps $setuphold (posedge C,negedge D,(0:0:0),(0:0:0),notifier,in_clk_enable_p,in_clk_enable_p,C_dly,D_dly) 
WARNING: "C:\Xilinx\Vivado\2019.1\data/verilog/src/unisims/FDCE.v" Line 170: Timing violation in scope /top_tb/dft1/dft32/LI_imag_in_reg[10]/TChk170_8267 at time 505097 ps $setuphold (posedge C,posedge D,(0:0:0),(0:0:0),notifier,in_clk_enable_p,in_clk_enable_p,C_dly,D_dly) 
WARNING: "C:\Xilinx\Vivado\2019.1\data/verilog/src/unisims/FDCE.v" Line 168: Timing violation in scope /top_tb/dft1/dft32/LI_real_in_reg[0]/TChk168_8265 at time 505150 ps $setuphold (posedge C,negedge D,(0:0:0),(0:0:0),notifier,in_clk_enable_p,in_clk_enable_p,C_dly,D_dly) 
WARNING: "C:\Xilinx\Vivado\2019.1\data/verilog/src/unisims/FDCE.v" Line 170: Timing violation in scope /top_tb/dft1/dft32/LI_imag_in_reg[3]/TChk170_8267 at time 505183 ps $setuphold (posedge C,posedge D,(0:0:0),(0:0:0),notifier,in_clk_enable_p,in_clk_enable_p,C_dly,D_dly) 
WARNING: "C:\Xilinx\Vivado\2019.1\data/verilog/src/unisims/FDCE.v" Line 170: Timing violation in scope /top_tb/dft1/dft32/LI_imag_in_reg[9]/TChk170_8267 at time 505212 ps $setuphold (posedge C,posedge D,(0:0:0),(0:0:0),notifier,in_clk_enable_p,in_clk_enable_p,C_dly,D_dly) 
WARNING: "C:\Xilinx\Vivado\2019.1\data/verilog/src/unisims/FDCE.v" Line 170: Timing violation in scope /top_tb/dft1/dft32/LI_imag_in_reg[7]/TChk170_8267 at time 525100 ps $setuphold (posedge C,posedge D,(0:0:0),(0:0:0),notifier,in_clk_enable_p,in_clk_enable_p,C_dly,D_dly) 
WARNING: "C:\Xilinx\Vivado\2019.1\data/verilog/src/unisims/FDCE.v" Line 168: Timing violation in scope /top_tb/dft1/dft32/LI_imag_in_reg[5]/TChk168_8265 at time 545099 ps $setuphold (posedge C,negedge D,(0:0:0),(0:0:0),notifier,in_clk_enable_p,in_clk_enable_p,C_dly,D_dly) 
WARNING: "C:\Xilinx\Vivado\2019.1\data/verilog/src/unisims/FDCE.v" Line 168: Timing violation in scope /top_tb/dft1/dft32/LI_imag_in_reg[3]/TChk168_8265 at time 545134 ps $setuphold (posedge C,negedge D,(0:0:0),(0:0:0),notifier,in_clk_enable_p,in_clk_enable_p,C_dly,D_dly) 
WARNING: "C:\Xilinx\Vivado\2019.1\data/verilog/src/unisims/FDCE.v" Line 168: Timing violation in scope /top_tb/dft1/dft32/LI_imag_in_reg[9]/TChk168_8265 at time 545163 ps $setuphold (posedge C,negedge D,(0:0:0),(0:0:0),notifier,in_clk_enable_p,in_clk_enable_p,C_dly,D_dly) 
WARNING: "C:\Xilinx\Vivado\2019.1\data/verilog/src/unisims/FDCE.v" Line 168: Timing violation in scope /top_tb/dft1/dft32/LI_imag_in_reg[8]/TChk168_8265 at time 545229 ps $setuphold (posedge C,negedge D,(0:0:0),(0:0:0),notifier,in_clk_enable_p,in_clk_enable_p,C_dly,D_dly) 
WARNING: "C:\Xilinx\Vivado\2019.1\data/verilog/src/unisims/FDCE.v" Line 168: Timing violation in scope /top_tb/dft1/dft32/LI_real_in_reg[4]/TChk168_8265 at time 545261 ps $setuphold (posedge C,negedge D,(0:0:0),(0:0:0),notifier,in_clk_enable_p,in_clk_enable_p,C_dly,D_dly) 
WARNING: "C:\Xilinx\Vivado\2019.1\data/verilog/src/unisims/FDCE.v" Line 170: Timing violation in scope /top_tb/dft1/dft32/LI_imag_in_reg[10]/TChk170_8267 at time 565097 ps $setuphold (posedge C,posedge D,(0:0:0),(0:0:0),notifier,in_clk_enable_p,in_clk_enable_p,C_dly,D_dly) 
WARNING: "C:\Xilinx\Vivado\2019.1\data/verilog/src/unisims/FDCE.v" Line 170: Timing violation in scope /top_tb/dft1/dft32/LI_imag_in_reg[7]/TChk170_8267 at time 565100 ps $setuphold (posedge C,posedge D,(0:0:0),(0:0:0),notifier,in_clk_enable_p,in_clk_enable_p,C_dly,D_dly) 
WARNING: "C:\Xilinx\Vivado\2019.1\data/verilog/src/unisims/FDCE.v" Line 170: Timing violation in scope /top_tb/dft1/dft32/LI_imag_in_reg[5]/TChk170_8267 at time 565148 ps $setuphold (posedge C,posedge D,(0:0:0),(0:0:0),notifier,in_clk_enable_p,in_clk_enable_p,C_dly,D_dly) 
WARNING: "C:\Xilinx\Vivado\2019.1\data/verilog/src/unisims/FDCE.v" Line 170: Timing violation in scope /top_tb/dft1/dft32/LI_imag_in_reg[3]/TChk170_8267 at time 565183 ps $setuphold (posedge C,posedge D,(0:0:0),(0:0:0),notifier,in_clk_enable_p,in_clk_enable_p,C_dly,D_dly) 
WARNING: "C:\Xilinx\Vivado\2019.1\data/verilog/src/unisims/FDCE.v" Line 170: Timing violation in scope /top_tb/dft1/dft32/LI_imag_in_reg[9]/TChk170_8267 at time 565212 ps $setuphold (posedge C,posedge D,(0:0:0),(0:0:0),notifier,in_clk_enable_p,in_clk_enable_p,C_dly,D_dly) 
WARNING: "C:\Xilinx\Vivado\2019.1\data/verilog/src/unisims/FDCE.v" Line 170: Timing violation in scope /top_tb/dft1/dft32/LI_real_in_reg[4]/TChk170_8267 at time 585261 ps $setuphold (posedge C,posedge D,(0:0:0),(0:0:0),notifier,in_clk_enable_p,in_clk_enable_p,C_dly,D_dly) 
WARNING: "C:\Xilinx\Vivado\2019.1\data/verilog/src/unisims/FDCE.v" Line 168: Timing violation in scope /top_tb/dft1/dft32/LI_imag_in_reg[3]/TChk168_8265 at time 605134 ps $setuphold (posedge C,negedge D,(0:0:0),(0:0:0),notifier,in_clk_enable_p,in_clk_enable_p,C_dly,D_dly) 
WARNING: "C:\Xilinx\Vivado\2019.1\data/verilog/src/unisims/FDCE.v" Line 168: Timing violation in scope /top_tb/dft1/dft32/LI_imag_in_reg[9]/TChk168_8265 at time 605163 ps $setuphold (posedge C,negedge D,(0:0:0),(0:0:0),notifier,in_clk_enable_p,in_clk_enable_p,C_dly,D_dly) 
WARNING: "C:\Xilinx\Vivado\2019.1\data/verilog/src/unisims/FDCE.v" Line 168: Timing violation in scope /top_tb/dft1/dft32/LI_imag_in_reg[8]/TChk168_8265 at time 605229 ps $setuphold (posedge C,negedge D,(0:0:0),(0:0:0),notifier,in_clk_enable_p,in_clk_enable_p,C_dly,D_dly) 
WARNING: "C:\Xilinx\Vivado\2019.1\data/verilog/src/unisims/FDCE.v" Line 168: Timing violation in scope /top_tb/dft1/dft32/LI_real_in_reg[4]/TChk168_8265 at time 605261 ps $setuphold (posedge C,negedge D,(0:0:0),(0:0:0),notifier,in_clk_enable_p,in_clk_enable_p,C_dly,D_dly) 
WARNING: "C:\Xilinx\Vivado\2019.1\data/verilog/src/unisims/FDCE.v" Line 170: Timing violation in scope /top_tb/dft1/dft32/LI_imag_in_reg[10]/TChk170_8267 at time 625103 ps $setuphold (posedge C,posedge D,(0:0:0),(0:0:0),notifier,in_clk_enable_p,in_clk_enable_p,C_dly,D_dly) 
WARNING: "C:\Xilinx\Vivado\2019.1\data/verilog/src/unisims/FDCE.v" Line 170: Timing violation in scope /top_tb/dft1/dft32/LI_real_in_reg[0]/TChk170_8267 at time 625112 ps $setuphold (posedge C,posedge D,(0:0:0),(0:0:0),notifier,in_clk_enable_p,in_clk_enable_p,C_dly,D_dly) 
WARNING: "C:\Xilinx\Vivado\2019.1\data/verilog/src/unisims/FDCE.v" Line 170: Timing violation in scope /top_tb/dft1/dft32/LI_imag_in_reg[3]/TChk170_8267 at time 625189 ps $setuphold (posedge C,posedge D,(0:0:0),(0:0:0),notifier,in_clk_enable_p,in_clk_enable_p,C_dly,D_dly) 
WARNING: "C:\Xilinx\Vivado\2019.1\data/verilog/src/unisims/FDCE.v" Line 170: Timing violation in scope /top_tb/dft1/dft32/LI_imag_in_reg[9]/TChk170_8267 at time 625218 ps $setuphold (posedge C,posedge D,(0:0:0),(0:0:0),notifier,in_clk_enable_p,in_clk_enable_p,C_dly,D_dly) 
WARNING: "C:\Xilinx\Vivado\2019.1\data/verilog/src/unisims/FDCE.v" Line 168: Timing violation in scope /top_tb/dft1/dft32/LI_imag_in_reg[5]/TChk168_8265 at time 645099 ps $setuphold (posedge C,negedge D,(0:0:0),(0:0:0),notifier,in_clk_enable_p,in_clk_enable_p,C_dly,D_dly) 
WARNING: "C:\Xilinx\Vivado\2019.1\data/verilog/src/unisims/FDCE.v" Line 170: Timing violation in scope /top_tb/dft1/dft32/LI_real_in_reg[2]/TChk170_8267 at time 645109 ps $setuphold (posedge C,posedge D,(0:0:0),(0:0:0),notifier,in_clk_enable_p,in_clk_enable_p,C_dly,D_dly) 
WARNING: "C:\Xilinx\Vivado\2019.1\data/verilog/src/unisims/FDCE.v" Line 168: Timing violation in scope /top_tb/dft1/dft32/LI_real_in_reg[0]/TChk168_8265 at time 645154 ps $setuphold (posedge C,negedge D,(0:0:0),(0:0:0),notifier,in_clk_enable_p,in_clk_enable_p,C_dly,D_dly) 
WARNING: "C:\Xilinx\Vivado\2019.1\data/verilog/src/unisims/FDCE.v" Line 168: Timing violation in scope /top_tb/dft1/dft32/LI_real_in_reg[2]/TChk168_8265 at time 665109 ps $setuphold (posedge C,negedge D,(0:0:0),(0:0:0),notifier,in_clk_enable_p,in_clk_enable_p,C_dly,D_dly) 
WARNING: "C:\Xilinx\Vivado\2019.1\data/verilog/src/unisims/FDCE.v" Line 170: Timing violation in scope /top_tb/dft1/dft32/LI_real_in_reg[0]/TChk170_8267 at time 665154 ps $setuphold (posedge C,posedge D,(0:0:0),(0:0:0),notifier,in_clk_enable_p,in_clk_enable_p,C_dly,D_dly) 
WARNING: "C:\Xilinx\Vivado\2019.1\data/verilog/src/unisims/FDCE.v" Line 168: Timing violation in scope /top_tb/dft1/dft32/LI_imag_in_reg[9]/TChk168_8265 at time 665163 ps $setuphold (posedge C,negedge D,(0:0:0),(0:0:0),notifier,in_clk_enable_p,in_clk_enable_p,C_dly,D_dly) 
WARNING: "C:\Xilinx\Vivado\2019.1\data/verilog/src/unisims/FDCE.v" Line 168: Timing violation in scope /top_tb/dft1/dft32/LI_imag_in_reg[8]/TChk168_8265 at time 665229 ps $setuphold (posedge C,negedge D,(0:0:0),(0:0:0),notifier,in_clk_enable_p,in_clk_enable_p,C_dly,D_dly) 
WARNING: "C:\Xilinx\Vivado\2019.1\data/verilog/src/unisims/FDCE.v" Line 168: Timing violation in scope /top_tb/dft1/dft32/LI_real_in_reg[0]/TChk168_8265 at time 685112 ps $setuphold (posedge C,negedge D,(0:0:0),(0:0:0),notifier,in_clk_enable_p,in_clk_enable_p,C_dly,D_dly) 
WARNING: "C:\Xilinx\Vivado\2019.1\data/verilog/src/unisims/FDCE.v" Line 168: Timing violation in scope /top_tb/dft1/dft32/LI_imag_in_reg[3]/TChk168_8265 at time 685189 ps $setuphold (posedge C,negedge D,(0:0:0),(0:0:0),notifier,in_clk_enable_p,in_clk_enable_p,C_dly,D_dly) 
WARNING: "C:\Xilinx\Vivado\2019.1\data/verilog/src/unisims/FDCE.v" Line 170: Timing violation in scope /top_tb/dft1/dft32/LI_real_in_reg[4]/TChk170_8267 at time 685261 ps $setuphold (posedge C,posedge D,(0:0:0),(0:0:0),notifier,in_clk_enable_p,in_clk_enable_p,C_dly,D_dly) 
WARNING: "C:\Xilinx\Vivado\2019.1\data/verilog/src/unisims/FDCE.v" Line 170: Timing violation in scope /top_tb/dft1/dft32/LI_imag_in_reg[10]/TChk170_8267 at time 705107 ps $setuphold (posedge C,posedge D,(0:0:0),(0:0:0),notifier,in_clk_enable_p,in_clk_enable_p,C_dly,D_dly) 
WARNING: "C:\Xilinx\Vivado\2019.1\data/verilog/src/unisims/FDCE.v" Line 170: Timing violation in scope /top_tb/dft1/dft32/LI_imag_in_reg[7]/TChk170_8267 at time 705110 ps $setuphold (posedge C,posedge D,(0:0:0),(0:0:0),notifier,in_clk_enable_p,in_clk_enable_p,C_dly,D_dly) 
WARNING: "C:\Xilinx\Vivado\2019.1\data/verilog/src/unisims/FDCE.v" Line 170: Timing violation in scope /top_tb/dft1/dft32/LI_imag_in_reg[5]/TChk170_8267 at time 705158 ps $setuphold (posedge C,posedge D,(0:0:0),(0:0:0),notifier,in_clk_enable_p,in_clk_enable_p,C_dly,D_dly) 
WARNING: "C:\Xilinx\Vivado\2019.1\data/verilog/src/unisims/FDCE.v" Line 170: Timing violation in scope /top_tb/dft1/dft32/LI_imag_in_reg[3]/TChk170_8267 at time 705193 ps $setuphold (posedge C,posedge D,(0:0:0),(0:0:0),notifier,in_clk_enable_p,in_clk_enable_p,C_dly,D_dly) 
WARNING: "C:\Xilinx\Vivado\2019.1\data/verilog/src/unisims/FDCE.v" Line 170: Timing violation in scope /top_tb/dft1/dft32/LI_imag_in_reg[9]/TChk170_8267 at time 705222 ps $setuphold (posedge C,posedge D,(0:0:0),(0:0:0),notifier,in_clk_enable_p,in_clk_enable_p,C_dly,D_dly) 
WARNING: "C:\Xilinx\Vivado\2019.1\data/verilog/src/unisims/FDCE.v" Line 168: Timing violation in scope /top_tb/dft1/dft32/LI_real_in_reg[4]/TChk168_8265 at time 705261 ps $setuphold (posedge C,negedge D,(0:0:0),(0:0:0),notifier,in_clk_enable_p,in_clk_enable_p,C_dly,D_dly) 
WARNING: "C:\Xilinx\Vivado\2019.1\data/verilog/src/unisims/FDCE.v" Line 168: Timing violation in scope /top_tb/dft1/dft32/LI_imag_in_reg[5]/TChk168_8265 at time 725099 ps $setuphold (posedge C,negedge D,(0:0:0),(0:0:0),notifier,in_clk_enable_p,in_clk_enable_p,C_dly,D_dly) 
WARNING: "C:\Xilinx\Vivado\2019.1\data/verilog/src/unisims/FDCE.v" Line 168: Timing violation in scope /top_tb/dft1/dft32/LI_real_in_reg[2]/TChk168_8265 at time 725105 ps $setuphold (posedge C,negedge D,(0:0:0),(0:0:0),notifier,in_clk_enable_p,in_clk_enable_p,C_dly,D_dly) 
WARNING: "C:\Xilinx\Vivado\2019.1\data/verilog/src/unisims/FDCE.v" Line 170: Timing violation in scope /top_tb/dft1/dft32/LI_imag_in_reg[5]/TChk170_8267 at time 745099 ps $setuphold (posedge C,posedge D,(0:0:0),(0:0:0),notifier,in_clk_enable_p,in_clk_enable_p,C_dly,D_dly) 
WARNING: "C:\Xilinx\Vivado\2019.1\data/verilog/src/unisims/FDCE.v" Line 168: Timing violation in scope /top_tb/dft1/dft32/LI_imag_in_reg[10]/TChk168_8265 at time 765097 ps $setuphold (posedge C,negedge D,(0:0:0),(0:0:0),notifier,in_clk_enable_p,in_clk_enable_p,C_dly,D_dly) 
WARNING: "C:\Xilinx\Vivado\2019.1\data/verilog/src/unisims/FDCE.v" Line 168: Timing violation in scope /top_tb/dft1/dft32/LI_imag_in_reg[7]/TChk168_8265 at time 765100 ps $setuphold (posedge C,negedge D,(0:0:0),(0:0:0),notifier,in_clk_enable_p,in_clk_enable_p,C_dly,D_dly) 
WARNING: "C:\Xilinx\Vivado\2019.1\data/verilog/src/unisims/FDCE.v" Line 168: Timing violation in scope /top_tb/dft1/dft32/LI_imag_in_reg[5]/TChk168_8265 at time 765148 ps $setuphold (posedge C,negedge D,(0:0:0),(0:0:0),notifier,in_clk_enable_p,in_clk_enable_p,C_dly,D_dly) 
WARNING: "C:\Xilinx\Vivado\2019.1\data/verilog/src/unisims/FDCE.v" Line 168: Timing violation in scope /top_tb/dft1/dft32/LI_imag_in_reg[3]/TChk168_8265 at time 765183 ps $setuphold (posedge C,negedge D,(0:0:0),(0:0:0),notifier,in_clk_enable_p,in_clk_enable_p,C_dly,D_dly) 
WARNING: "C:\Xilinx\Vivado\2019.1\data/verilog/src/unisims/FDCE.v" Line 168: Timing violation in scope /top_tb/dft1/dft32/LI_imag_in_reg[9]/TChk168_8265 at time 765212 ps $setuphold (posedge C,negedge D,(0:0:0),(0:0:0),notifier,in_clk_enable_p,in_clk_enable_p,C_dly,D_dly) 
WARNING: "C:\Xilinx\Vivado\2019.1\data/verilog/src/unisims/FDCE.v" Line 168: Timing violation in scope /top_tb/dft1/dft32/LI_real_in_reg[4]/TChk168_8265 at time 765261 ps $setuphold (posedge C,negedge D,(0:0:0),(0:0:0),notifier,in_clk_enable_p,in_clk_enable_p,C_dly,D_dly) 
WARNING: "C:\Xilinx\Vivado\2019.1\data/verilog/src/unisims/FDCE.v" Line 170: Timing violation in scope /top_tb/dft1/dft32/LI_imag_in_reg[3]/TChk170_8267 at time 785134 ps $setuphold (posedge C,posedge D,(0:0:0),(0:0:0),notifier,in_clk_enable_p,in_clk_enable_p,C_dly,D_dly) 
WARNING: "C:\Xilinx\Vivado\2019.1\data/verilog/src/unisims/FDCE.v" Line 170: Timing violation in scope /top_tb/dft1/dft32/LI_imag_in_reg[9]/TChk170_8267 at time 785163 ps $setuphold (posedge C,posedge D,(0:0:0),(0:0:0),notifier,in_clk_enable_p,in_clk_enable_p,C_dly,D_dly) 
WARNING: "C:\Xilinx\Vivado\2019.1\data/verilog/src/unisims/FDCE.v" Line 170: Timing violation in scope /top_tb/dft1/dft32/LI_imag_in_reg[8]/TChk170_8267 at time 785229 ps $setuphold (posedge C,posedge D,(0:0:0),(0:0:0),notifier,in_clk_enable_p,in_clk_enable_p,C_dly,D_dly) 
WARNING: "C:\Xilinx\Vivado\2019.1\data/verilog/src/unisims/FDCE.v" Line 170: Timing violation in scope /top_tb/dft1/dft32/LI_real_in_reg[0]/TChk170_8267 at time 805112 ps $setuphold (posedge C,posedge D,(0:0:0),(0:0:0),notifier,in_clk_enable_p,in_clk_enable_p,C_dly,D_dly) 
WARNING: "C:\Xilinx\Vivado\2019.1\data/verilog/src/unisims/FDCE.v" Line 170: Timing violation in scope /top_tb/dft1/dft32/LI_imag_in_reg[5]/TChk170_8267 at time 805148 ps $setuphold (posedge C,posedge D,(0:0:0),(0:0:0),notifier,in_clk_enable_p,in_clk_enable_p,C_dly,D_dly) 
WARNING: "C:\Xilinx\Vivado\2019.1\data/verilog/src/unisims/FDCE.v" Line 168: Timing violation in scope /top_tb/dft1/dft32/LI_imag_in_reg[3]/TChk168_8265 at time 805183 ps $setuphold (posedge C,negedge D,(0:0:0),(0:0:0),notifier,in_clk_enable_p,in_clk_enable_p,C_dly,D_dly) 
WARNING: "C:\Xilinx\Vivado\2019.1\data/verilog/src/unisims/FDCE.v" Line 170: Timing violation in scope /top_tb/dft1/dft32/LI_real_in_reg[4]/TChk170_8267 at time 805261 ps $setuphold (posedge C,posedge D,(0:0:0),(0:0:0),notifier,in_clk_enable_p,in_clk_enable_p,C_dly,D_dly) 
WARNING: "C:\Xilinx\Vivado\2019.1\data/verilog/src/unisims/FDCE.v" Line 168: Timing violation in scope /top_tb/dft1/dft32/LI_imag_in_reg[5]/TChk168_8265 at time 845099 ps $setuphold (posedge C,negedge D,(0:0:0),(0:0:0),notifier,in_clk_enable_p,in_clk_enable_p,C_dly,D_dly) 
WARNING: "C:\Xilinx\Vivado\2019.1\data/verilog/src/unisims/FDCE.v" Line 168: Timing violation in scope /top_tb/dft1/dft32/LI_real_in_reg[2]/TChk168_8265 at time 845109 ps $setuphold (posedge C,negedge D,(0:0:0),(0:0:0),notifier,in_clk_enable_p,in_clk_enable_p,C_dly,D_dly) 
WARNING: "C:\Xilinx\Vivado\2019.1\data/verilog/src/unisims/FDCE.v" Line 168: Timing violation in scope /top_tb/dft1/dft32/LI_imag_in_reg[9]/TChk168_8265 at time 845163 ps $setuphold (posedge C,negedge D,(0:0:0),(0:0:0),notifier,in_clk_enable_p,in_clk_enable_p,C_dly,D_dly) 
WARNING: "C:\Xilinx\Vivado\2019.1\data/verilog/src/unisims/FDCE.v" Line 168: Timing violation in scope /top_tb/dft1/dft32/LI_imag_in_reg[8]/TChk168_8265 at time 845229 ps $setuphold (posedge C,negedge D,(0:0:0),(0:0:0),notifier,in_clk_enable_p,in_clk_enable_p,C_dly,D_dly) 
WARNING: "C:\Xilinx\Vivado\2019.1\data/verilog/src/unisims/FDCE.v" Line 170: Timing violation in scope /top_tb/dft1/dft32/LI_imag_in_reg[5]/TChk170_8267 at time 865099 ps $setuphold (posedge C,posedge D,(0:0:0),(0:0:0),notifier,in_clk_enable_p,in_clk_enable_p,C_dly,D_dly) 
WARNING: "C:\Xilinx\Vivado\2019.1\data/verilog/src/unisims/FDCE.v" Line 168: Timing violation in scope /top_tb/dft1/dft32/LI_real_in_reg[0]/TChk168_8265 at time 865112 ps $setuphold (posedge C,negedge D,(0:0:0),(0:0:0),notifier,in_clk_enable_p,in_clk_enable_p,C_dly,D_dly) 
WARNING: "C:\Xilinx\Vivado\2019.1\data/verilog/src/unisims/FDCE.v" Line 170: Timing violation in scope /top_tb/dft1/dft32/LI_imag_in_reg[9]/TChk170_8267 at time 865163 ps $setuphold (posedge C,posedge D,(0:0:0),(0:0:0),notifier,in_clk_enable_p,in_clk_enable_p,C_dly,D_dly) 
WARNING: "C:\Xilinx\Vivado\2019.1\data/verilog/src/unisims/FDCE.v" Line 170: Timing violation in scope /top_tb/dft1/dft32/LI_imag_in_reg[8]/TChk170_8267 at time 865229 ps $setuphold (posedge C,posedge D,(0:0:0),(0:0:0),notifier,in_clk_enable_p,in_clk_enable_p,C_dly,D_dly) 
WARNING: "C:\Xilinx\Vivado\2019.1\data/verilog/src/unisims/FDCE.v" Line 170: Timing violation in scope /top_tb/dft1/dft32/LI_real_in_reg[4]/TChk170_8267 at time 865261 ps $setuphold (posedge C,posedge D,(0:0:0),(0:0:0),notifier,in_clk_enable_p,in_clk_enable_p,C_dly,D_dly) 
WARNING: "C:\Xilinx\Vivado\2019.1\data/verilog/src/unisims/FDCE.v" Line 168: Timing violation in scope /top_tb/dft1/dft32/LI_real_in_reg[2]/TChk168_8265 at time 885109 ps $setuphold (posedge C,negedge D,(0:0:0),(0:0:0),notifier,in_clk_enable_p,in_clk_enable_p,C_dly,D_dly) 
WARNING: "C:\Xilinx\Vivado\2019.1\data/verilog/src/unisims/FDCE.v" Line 170: Timing violation in scope /top_tb/dft1/dft32/LI_real_in_reg[0]/TChk170_8267 at time 905112 ps $setuphold (posedge C,posedge D,(0:0:0),(0:0:0),notifier,in_clk_enable_p,in_clk_enable_p,C_dly,D_dly) 
WARNING: "C:\Xilinx\Vivado\2019.1\data/verilog/src/unisims/FDCE.v" Line 170: Timing violation in scope /top_tb/dft1/dft32/LI_imag_in_reg[7]/TChk170_8267 at time 905130 ps $setuphold (posedge C,posedge D,(0:0:0),(0:0:0),notifier,in_clk_enable_p,in_clk_enable_p,C_dly,D_dly) 
WARNING: "C:\Xilinx\Vivado\2019.1\data/verilog/src/unisims/FDCE.v" Line 168: Timing violation in scope /top_tb/dft1/dft32/LI_imag_in_reg[10]/TChk168_8265 at time 925097 ps $setuphold (posedge C,negedge D,(0:0:0),(0:0:0),notifier,in_clk_enable_p,in_clk_enable_p,C_dly,D_dly) 
WARNING: "C:\Xilinx\Vivado\2019.1\data/verilog/src/unisims/FDCE.v" Line 168: Timing violation in scope /top_tb/dft1/dft32/LI_imag_in_reg[7]/TChk168_8265 at time 925100 ps $setuphold (posedge C,negedge D,(0:0:0),(0:0:0),notifier,in_clk_enable_p,in_clk_enable_p,C_dly,D_dly) 
WARNING: "C:\Xilinx\Vivado\2019.1\data/verilog/src/unisims/FDCE.v" Line 168: Timing violation in scope /top_tb/dft1/dft32/LI_real_in_reg[2]/TChk168_8265 at time 925109 ps $setuphold (posedge C,negedge D,(0:0:0),(0:0:0),notifier,in_clk_enable_p,in_clk_enable_p,C_dly,D_dly) 
WARNING: "C:\Xilinx\Vivado\2019.1\data/verilog/src/unisims/FDCE.v" Line 168: Timing violation in scope /top_tb/dft1/dft32/LI_real_in_reg[0]/TChk168_8265 at time 925154 ps $setuphold (posedge C,negedge D,(0:0:0),(0:0:0),notifier,in_clk_enable_p,in_clk_enable_p,C_dly,D_dly) 
WARNING: "C:\Xilinx\Vivado\2019.1\data/verilog/src/unisims/FDCE.v" Line 168: Timing violation in scope /top_tb/dft1/dft32/LI_imag_in_reg[9]/TChk168_8265 at time 925212 ps $setuphold (posedge C,negedge D,(0:0:0),(0:0:0),notifier,in_clk_enable_p,in_clk_enable_p,C_dly,D_dly) 
WARNING: "C:\Xilinx\Vivado\2019.1\data/verilog/src/unisims/FDCE.v" Line 168: Timing violation in scope /top_tb/dft1/dft32/LI_imag_in_reg[5]/TChk168_8265 at time 945154 ps $setuphold (posedge C,negedge D,(0:0:0),(0:0:0),notifier,in_clk_enable_p,in_clk_enable_p,C_dly,D_dly) 
WARNING: "C:\Xilinx\Vivado\2019.1\data/verilog/src/unisims/FDCE.v" Line 170: Timing violation in scope /top_tb/dft1/dft32/LI_imag_in_reg[3]/TChk170_8267 at time 945189 ps $setuphold (posedge C,posedge D,(0:0:0),(0:0:0),notifier,in_clk_enable_p,in_clk_enable_p,C_dly,D_dly) 
WARNING: "C:\Xilinx\Vivado\2019.1\data/verilog/src/unisims/FDCE.v" Line 170: Timing violation in scope /top_tb/dft1/dft32/LI_real_in_reg[0]/TChk170_8267 at time 965112 ps $setuphold (posedge C,posedge D,(0:0:0),(0:0:0),notifier,in_clk_enable_p,in_clk_enable_p,C_dly,D_dly) 
WARNING: "C:\Xilinx\Vivado\2019.1\data/verilog/src/unisims/FDCE.v" Line 168: Timing violation in scope /top_tb/dft1/dft32/LI_imag_in_reg[3]/TChk168_8265 at time 965134 ps $setuphold (posedge C,negedge D,(0:0:0),(0:0:0),notifier,in_clk_enable_p,in_clk_enable_p,C_dly,D_dly) 
WARNING: "C:\Xilinx\Vivado\2019.1\data/verilog/src/unisims/FDCE.v" Line 170: Timing violation in scope /top_tb/dft1/dft32/LI_real_in_reg[4]/TChk170_8267 at time 965261 ps $setuphold (posedge C,posedge D,(0:0:0),(0:0:0),notifier,in_clk_enable_p,in_clk_enable_p,C_dly,D_dly) 
WARNING: "C:\Xilinx\Vivado\2019.1\data/verilog/src/unisims/FDCE.v" Line 170: Timing violation in scope /top_tb/dft1/dft32/LI_imag_in_reg[10]/TChk170_8267 at time 985127 ps $setuphold (posedge C,posedge D,(0:0:0),(0:0:0),notifier,in_clk_enable_p,in_clk_enable_p,C_dly,D_dly) 
WARNING: "C:\Xilinx\Vivado\2019.1\data/verilog/src/unisims/FDCE.v" Line 170: Timing violation in scope /top_tb/dft1/dft32/LI_imag_in_reg[9]/TChk170_8267 at time 985242 ps $setuphold (posedge C,posedge D,(0:0:0),(0:0:0),notifier,in_clk_enable_p,in_clk_enable_p,C_dly,D_dly) 
xsim: Time (s): cpu = 00:00:08 ; elapsed = 00:00:08 . Memory (MB): peak = 2157.465 ; gain = 68.562
INFO: [USF-XSim-96] XSim completed. Design snapshot 'top_tb_time_impl' loaded.
INFO: [USF-XSim-97] XSim simulation ran for 1000ns
launch_simulation: Time (s): cpu = 00:01:21 ; elapsed = 00:01:30 . Memory (MB): peak = 2157.465 ; gain = 1062.453
reset_run synth_1
WARNING: [Vivado 12-1017] Problems encountered:
1. Failed to delete one or more files in run directory D:/1111/DCCDL/VIVADO/lab6/part2/lab/lab.runs/synth_1

launch_runs impl_1 -jobs 4
[Wed Dec 14 20:24:55 2022] Launched synth_1...
Run output will be captured here: D:/1111/DCCDL/VIVADO/lab6/part2/lab/lab.runs/synth_1/runme.log
[Wed Dec 14 20:24:55 2022] Launched impl_1...
Run output will be captured here: D:/1111/DCCDL/VIVADO/lab6/part2/lab/lab.runs/impl_1/runme.log
close_sim
INFO: [Simtcl 6-16] Simulation closed
close_sim: Time (s): cpu = 00:00:06 ; elapsed = 00:00:08 . Memory (MB): peak = 2201.402 ; gain = 43.938
close_design
launch_simulation -mode post-implementation -type timing
INFO: [Vivado 12-5682] Launching post-implementation timing simulation in 'D:/1111/DCCDL/VIVADO/lab6/part2/lab/lab.sim/sim_1/impl/timing/xsim'
INFO: [SIM-utils-51] Simulation object is 'sim_1'
INFO: [Netlist 29-17] Analyzing 218 Unisim elements for replacement
INFO: [Netlist 29-28] Unisim Transformation completed in 0 CPU seconds
INFO: [Project 1-479] Netlist was created with Vivado 2019.1
INFO: [Project 1-570] Preparing netlist for logic optimization
Reading XDEF placement.
Reading placer database...
Reading XDEF routing.
Read XDEF File: Time (s): cpu = 00:00:00 ; elapsed = 00:00:00.408 . Memory (MB): peak = 2201.402 ; gain = 0.000
Restored from archive | CPU: 0.000000 secs | Memory: 0.000000 MB |
Finished XDEF File Restore: Time (s): cpu = 00:00:00 ; elapsed = 00:00:00.408 . Memory (MB): peak = 2201.402 ; gain = 0.000
Netlist sorting complete. Time (s): cpu = 00:00:00 ; elapsed = 00:00:00.001 . Memory (MB): peak = 2201.402 ; gain = 0.000
INFO: [Project 1-111] Unisim Transformation Summary:
No Unisim elements were transformed.

INFO: [SIM-utils-31] Writing simulation netlist file for design 'impl_1'...
INFO: [SIM-utils-32] write_verilog -mode timesim -nolib -sdf_anno true -force -file "D:/1111/DCCDL/VIVADO/lab6/part2/lab/lab.sim/sim_1/impl/timing/xsim/top_tb_time_impl.v"
INFO: [SIM-utils-34] Writing SDF file...
INFO: [SIM-utils-35] write_sdf -mode timesim -process_corner slow -force -file "D:/1111/DCCDL/VIVADO/lab6/part2/lab/lab.sim/sim_1/impl/timing/xsim/top_tb_time_impl.sdf"
write_sdf: Time (s): cpu = 00:00:15 ; elapsed = 00:00:15 . Memory (MB): peak = 2201.402 ; gain = 0.000
INFO: [SIM-utils-36] Netlist generated:D:/1111/DCCDL/VIVADO/lab6/part2/lab/lab.sim/sim_1/impl/timing/xsim/top_tb_time_impl.v
INFO: [SIM-utils-37] SDF generated:D:/1111/DCCDL/VIVADO/lab6/part2/lab/lab.sim/sim_1/impl/timing/xsim/top_tb_time_impl.sdf
INFO: [SIM-utils-54] Inspecting design source files for 'top_tb' in fileset 'sim_1'...
INFO: [USF-XSim-2] XSim::Compile design
INFO: [USF-XSim-61] Executing 'COMPILE and ANALYZE' step in 'D:/1111/DCCDL/VIVADO/lab6/part2/lab/lab.sim/sim_1/impl/timing/xsim'
"xvlog --incr --relax -prj top_tb_vlog.prj"
INFO: [VRFC 10-2263] Analyzing Verilog file "D:/1111/DCCDL/VIVADO/lab6/part2/lab/lab.sim/sim_1/impl/timing/xsim/top_tb_time_impl.v" into library xil_defaultlib
INFO: [VRFC 10-311] analyzing module butterfly_16
INFO: [VRFC 10-311] analyzing module butterfly_32
INFO: [VRFC 10-311] analyzing module butterfly_4
INFO: [VRFC 10-311] analyzing module butterfly_8
INFO: [VRFC 10-311] analyzing module fft32_top
INFO: [VRFC 10-311] analyzing module mult_16
INFO: [VRFC 10-311] analyzing module mult_32
INFO: [VRFC 10-311] analyzing module mult_4
INFO: [VRFC 10-311] analyzing module mult_8
INFO: [VRFC 10-311] analyzing module stage_16
INFO: [VRFC 10-311] analyzing module stage_32
INFO: [VRFC 10-311] analyzing module stage_4
INFO: [VRFC 10-311] analyzing module stage_8
INFO: [VRFC 10-311] analyzing module glbl
INFO: [VRFC 10-2263] Analyzing Verilog file "D:/1111/DCCDL/VIVADO/lab6/part2/lab/lab.srcs/sim_1/new/top_tb.v" into library xil_defaultlib
INFO: [VRFC 10-311] analyzing module top_tb
INFO: [USF-XSim-69] 'compile' step finished in '2' seconds
INFO: [USF-XSim-3] XSim::Elaborate design
INFO: [USF-XSim-61] Executing 'ELABORATE' step in 'D:/1111/DCCDL/VIVADO/lab6/part2/lab/lab.sim/sim_1/impl/timing/xsim'
"xelab -wto b4dc410c802c46f9b83daae10550e7cc --incr --debug typical --relax --mt 2 --maxdelay -L xil_defaultlib -L simprims_ver -L secureip --snapshot top_tb_time_impl -transport_int_delays -pulse_r 0 -pulse_int_r 0 -pulse_e 0 -pulse_int_e 0 xil_defaultlib.top_tb xil_defaultlib.glbl -log elaborate.log"
Vivado Simulator 2019.1
Copyright 1986-1999, 2001-2019 Xilinx, Inc. All Rights Reserved.
Running: C:/Xilinx/Vivado/2019.1/bin/unwrapped/win64.o/xelab.exe -wto b4dc410c802c46f9b83daae10550e7cc --incr --debug typical --relax --mt 2 --maxdelay -L xil_defaultlib -L simprims_ver -L secureip --snapshot top_tb_time_impl -transport_int_delays -pulse_r 0 -pulse_int_r 0 -pulse_e 0 -pulse_int_e 0 xil_defaultlib.top_tb xil_defaultlib.glbl -log elaborate.log 
Using 2 slave threads.
Starting static elaboration
WARNING: [VRFC 10-3091] actual bit length 15 differs from formal bit length 14 for port 'LO_real' [D:/1111/DCCDL/VIVADO/lab6/part2/lab/lab.srcs/sim_1/new/top_tb.v:24]
Completed static elaboration
Starting simulation data flow analysis
Completed simulation data flow analysis
INFO: [XSIM 43-3451] SDF backannotation process started with SDF file "top_tb_time_impl.sdf", for root module "top_tb/dft1".
INFO: [XSIM 43-3452] SDF backannotation was successful for SDF file "top_tb_time_impl.sdf", for root module "top_tb/dft1".
Time Resolution for simulation is 1ps
Compiling module simprims_ver.IBUF
Compiling module simprims_ver.OBUF
Compiling module simprims_ver.FDCE_default
Compiling module simprims_ver.BUFG
Compiling module simprims_ver.x_lut2_mux4
Compiling module simprims_ver.LUT2
Compiling module simprims_ver.CARRY4
Compiling module simprims_ver.LUT5
Compiling module simprims_ver.x_lut1_mux2
Compiling module simprims_ver.LUT1
Compiling module xil_defaultlib.butterfly_16
Compiling module simprims_ver.x_lut3_mux8
Compiling module simprims_ver.LUT3
Compiling module simprims_ver.LUT4
Compiling module simprims_ver.FDPE_default
Compiling module simprims_ver.FDRE_default
Compiling module simprims_ver.SRL16E_default
Compiling module simprims_ver.LUT6
Compiling module simprims_ver.DSP48E1(ACASCREG=0,ALUMODEREG=0,...
Compiling module simprims_ver.MUXF7
Compiling module xil_defaultlib.mult_16
Compiling module xil_defaultlib.stage_16
Compiling module xil_defaultlib.butterfly_32
Compiling module xil_defaultlib.mult_32
Compiling module xil_defaultlib.stage_32
Compiling module xil_defaultlib.butterfly_4
Compiling module xil_defaultlib.mult_4
Compiling module xil_defaultlib.stage_4
Compiling module xil_defaultlib.butterfly_8
Compiling module simprims_ver.DSP48E1(ACASCREG=0,ALUMODEREG=0,...
Compiling module xil_defaultlib.mult_8
Compiling module xil_defaultlib.stage_8
Compiling module xil_defaultlib.fft32_top
Compiling module xil_defaultlib.top_tb
Compiling module xil_defaultlib.glbl
Built simulation snapshot top_tb_time_impl
run_program: Time (s): cpu = 00:00:01 ; elapsed = 00:00:27 . Memory (MB): peak = 2201.402 ; gain = 0.000
INFO: [USF-XSim-69] 'elaborate' step finished in '27' seconds
INFO: [USF-XSim-4] XSim::Simulate design
INFO: [USF-XSim-61] Executing 'SIMULATE' step in 'D:/1111/DCCDL/VIVADO/lab6/part2/lab/lab.sim/sim_1/impl/timing/xsim'
INFO: [USF-XSim-98] *** Running xsim
   with args "top_tb_time_impl -key {Post-Implementation:sim_1:Timing:top_tb} -tclbatch {top_tb.tcl} -view {D:/1111/DCCDL/VIVADO/lab6/part2/lab/lab.srcs/sim_1/imports/fft_32points/top_tb_behav.wcfg} -log {simulate.log}"
INFO: [USF-XSim-8] Loading simulator feature
Vivado Simulator 2019.1
Time resolution is 1 ps
open_wave_config D:/1111/DCCDL/VIVADO/lab6/part2/lab/lab.srcs/sim_1/imports/fft_32points/top_tb_behav.wcfg
source top_tb.tcl
# set curr_wave [current_wave_config]
# if { [string length $curr_wave] == 0 } {
#   if { [llength [get_objects]] > 0} {
#     add_wave /
#     set_property needs_save false [current_wave_config]
#   } else {
#      send_msg_id Add_Wave-1 WARNING "No top level signals found. Simulator will start without a wave window. If you want to open a wave window go to 'File->New Waveform Configuration' or type 'create_wave_config' in the TCL console."
#   }
# }
# run 1000ns
xsim: Time (s): cpu = 00:00:05 ; elapsed = 00:00:06 . Memory (MB): peak = 2201.402 ; gain = 0.000
INFO: [USF-XSim-96] XSim completed. Design snapshot 'top_tb_time_impl' loaded.
INFO: [USF-XSim-97] XSim simulation ran for 1000ns
launch_simulation: Time (s): cpu = 00:00:30 ; elapsed = 00:00:55 . Memory (MB): peak = 2201.402 ; gain = 0.000
close_sim
INFO: [Simtcl 6-16] Simulation closed
launch_simulation
INFO: [Vivado 12-5682] Launching behavioral simulation in 'D:/1111/DCCDL/VIVADO/lab6/part2/lab/lab.sim/sim_1/behav/xsim'
INFO: [SIM-utils-51] Simulation object is 'sim_1'
INFO: [SIM-utils-54] Inspecting design source files for 'top_tb' in fileset 'sim_1'...
INFO: [USF-XSim-97] Finding global include files...
INFO: [USF-XSim-98] Fetching design files from 'sim_1'...
INFO: [USF-XSim-2] XSim::Compile design
INFO: [USF-XSim-61] Executing 'COMPILE and ANALYZE' step in 'D:/1111/DCCDL/VIVADO/lab6/part2/lab/lab.sim/sim_1/behav/xsim'
"xvlog --incr --relax -prj top_tb_vlog.prj"
INFO: [VRFC 10-2263] Analyzing Verilog file "D:/1111/DCCDL/VIVADO/lab6/part2/lab/lab.srcs/sources_1/imports/part2/butterfly4.v" into library xil_defaultlib
INFO: [VRFC 10-311] analyzing module butterfly_4
INFO: [VRFC 10-2263] Analyzing Verilog file "D:/1111/DCCDL/VIVADO/lab6/part2/lab/lab.srcs/sources_1/new/butterfly_16.v" into library xil_defaultlib
INFO: [VRFC 10-311] analyzing module butterfly_16
INFO: [VRFC 10-2263] Analyzing Verilog file "D:/1111/DCCDL/VIVADO/lab6/part2/lab/lab.srcs/sources_1/new/butterfly_32.v" into library xil_defaultlib
INFO: [VRFC 10-311] analyzing module butterfly_32
INFO: [VRFC 10-2263] Analyzing Verilog file "D:/1111/DCCDL/VIVADO/lab6/part2/lab/lab.srcs/sources_1/imports/part2/butterfly_8.v" into library xil_defaultlib
INFO: [VRFC 10-311] analyzing module butterfly_8
INFO: [VRFC 10-2263] Analyzing Verilog file "D:/1111/DCCDL/VIVADO/lab6/part2/lab/lab.srcs/sources_1/new/commutator_16.v" into library xil_defaultlib
INFO: [VRFC 10-311] analyzing module commutator_16
INFO: [VRFC 10-2263] Analyzing Verilog file "D:/1111/DCCDL/VIVADO/lab6/part2/lab/lab.srcs/sources_1/new/commutator_32.v" into library xil_defaultlib
INFO: [VRFC 10-311] analyzing module commutator_32
INFO: [VRFC 10-2263] Analyzing Verilog file "D:/1111/DCCDL/VIVADO/lab6/part2/lab/lab.srcs/sources_1/imports/part2/commutator_4.v" into library xil_defaultlib
INFO: [VRFC 10-311] analyzing module commutator_4
INFO: [VRFC 10-2263] Analyzing Verilog file "D:/1111/DCCDL/VIVADO/lab6/part2/lab/lab.srcs/sources_1/imports/part2/commutator_8.v" into library xil_defaultlib
INFO: [VRFC 10-311] analyzing module commutator_8
INFO: [VRFC 10-2263] Analyzing Verilog file "D:/1111/DCCDL/VIVADO/lab6/part2/lab/lab.srcs/sources_1/new/fft32_top.v" into library xil_defaultlib
INFO: [VRFC 10-311] analyzing module fft32_top
INFO: [VRFC 10-2263] Analyzing Verilog file "D:/1111/DCCDL/VIVADO/lab6/part2/lab/lab.srcs/sources_1/imports/part2/mult4.v" into library xil_defaultlib
INFO: [VRFC 10-311] analyzing module mult_4
INFO: [VRFC 10-2263] Analyzing Verilog file "D:/1111/DCCDL/VIVADO/lab6/part2/lab/lab.srcs/sources_1/new/mult_16.v" into library xil_defaultlib
INFO: [VRFC 10-311] analyzing module mult_16
INFO: [VRFC 10-2263] Analyzing Verilog file "D:/1111/DCCDL/VIVADO/lab6/part2/lab/lab.srcs/sources_1/new/mult_32.v" into library xil_defaultlib
INFO: [VRFC 10-311] analyzing module mult_32
INFO: [VRFC 10-2263] Analyzing Verilog file "D:/1111/DCCDL/VIVADO/lab6/part2/lab/lab.srcs/sources_1/imports/part2/mult_8.v" into library xil_defaultlib
INFO: [VRFC 10-311] analyzing module mult_8
INFO: [VRFC 10-2263] Analyzing Verilog file "D:/1111/DCCDL/VIVADO/lab6/part2/lab/lab.srcs/sources_1/new/stage_16.v" into library xil_defaultlib
INFO: [VRFC 10-311] analyzing module stage_16
INFO: [VRFC 10-2263] Analyzing Verilog file "D:/1111/DCCDL/VIVADO/lab6/part2/lab/lab.srcs/sources_1/new/stage_32.v" into library xil_defaultlib
INFO: [VRFC 10-311] analyzing module stage_32
INFO: [VRFC 10-2263] Analyzing Verilog file "D:/1111/DCCDL/VIVADO/lab6/part2/lab/lab.srcs/sources_1/imports/part2/stage_4.v" into library xil_defaultlib
INFO: [VRFC 10-311] analyzing module stage_4
INFO: [VRFC 10-2263] Analyzing Verilog file "D:/1111/DCCDL/VIVADO/lab6/part2/lab/lab.srcs/sources_1/imports/part2/stage_8.v" into library xil_defaultlib
INFO: [VRFC 10-311] analyzing module stage_8
INFO: [VRFC 10-2263] Analyzing Verilog file "D:/1111/DCCDL/VIVADO/lab6/part2/lab/lab.srcs/sim_1/new/top_tb.v" into library xil_defaultlib
INFO: [VRFC 10-311] analyzing module top_tb
INFO: [USF-XSim-69] 'compile' step finished in '1' seconds
INFO: [USF-XSim-3] XSim::Elaborate design
INFO: [USF-XSim-61] Executing 'ELABORATE' step in 'D:/1111/DCCDL/VIVADO/lab6/part2/lab/lab.sim/sim_1/behav/xsim'
"xelab -wto b4dc410c802c46f9b83daae10550e7cc --incr --debug typical --relax --mt 2 -L xil_defaultlib -L unisims_ver -L unimacro_ver -L secureip --snapshot top_tb_behav xil_defaultlib.top_tb xil_defaultlib.glbl -log elaborate.log"
Vivado Simulator 2019.1
Copyright 1986-1999, 2001-2019 Xilinx, Inc. All Rights Reserved.
Running: C:/Xilinx/Vivado/2019.1/bin/unwrapped/win64.o/xelab.exe -wto b4dc410c802c46f9b83daae10550e7cc --incr --debug typical --relax --mt 2 -L xil_defaultlib -L unisims_ver -L unimacro_ver -L secureip --snapshot top_tb_behav xil_defaultlib.top_tb xil_defaultlib.glbl -log elaborate.log 
Using 2 slave threads.
Starting static elaboration
Completed static elaboration
Starting simulation data flow analysis
Completed simulation data flow analysis
Time Resolution for simulation is 1ps
Compiling module xil_defaultlib.commutator_32
Compiling module xil_defaultlib.butterfly_32
Compiling module xil_defaultlib.mult_32
Compiling module xil_defaultlib.stage_32
Compiling module xil_defaultlib.commutator_16
Compiling module xil_defaultlib.butterfly_16
Compiling module xil_defaultlib.mult_16
Compiling module xil_defaultlib.stage_16
Compiling module xil_defaultlib.commutator_8
Compiling module xil_defaultlib.butterfly_8
Compiling module xil_defaultlib.mult_8
Compiling module xil_defaultlib.stage_8
Compiling module xil_defaultlib.commutator_4
Compiling module xil_defaultlib.butterfly_4
Compiling module xil_defaultlib.mult_4
Compiling module xil_defaultlib.stage_4
Compiling module xil_defaultlib.fft32_top
Compiling module xil_defaultlib.top_tb
Compiling module xil_defaultlib.glbl
Built simulation snapshot top_tb_behav
INFO: [USF-XSim-69] 'elaborate' step finished in '3' seconds
INFO: [USF-XSim-4] XSim::Simulate design
INFO: [USF-XSim-61] Executing 'SIMULATE' step in 'D:/1111/DCCDL/VIVADO/lab6/part2/lab/lab.sim/sim_1/behav/xsim'
INFO: [USF-XSim-98] *** Running xsim
   with args "top_tb_behav -key {Behavioral:sim_1:Functional:top_tb} -tclbatch {top_tb.tcl} -view {D:/1111/DCCDL/VIVADO/lab6/part2/lab/lab.srcs/sim_1/imports/fft_32points/top_tb_behav.wcfg} -log {simulate.log}"
INFO: [USF-XSim-8] Loading simulator feature
Vivado Simulator 2019.1
Time resolution is 1 ps
open_wave_config D:/1111/DCCDL/VIVADO/lab6/part2/lab/lab.srcs/sim_1/imports/fft_32points/top_tb_behav.wcfg
source top_tb.tcl
# set curr_wave [current_wave_config]
# if { [string length $curr_wave] == 0 } {
#   if { [llength [get_objects]] > 0} {
#     add_wave /
#     set_property needs_save false [current_wave_config]
#   } else {
#      send_msg_id Add_Wave-1 WARNING "No top level signals found. Simulator will start without a wave window. If you want to open a wave window go to 'File->New Waveform Configuration' or type 'create_wave_config' in the TCL console."
#   }
# }
# run 1000ns
INFO: [USF-XSim-96] XSim completed. Design snapshot 'top_tb_behav' loaded.
INFO: [USF-XSim-97] XSim simulation ran for 1000ns
launch_simulation: Time (s): cpu = 00:00:05 ; elapsed = 00:00:08 . Memory (MB): peak = 2345.867 ; gain = 100.793
relaunch_sim
INFO: [Vivado 12-5682] Launching behavioral simulation in 'D:/1111/DCCDL/VIVADO/lab6/part2/lab/lab.sim/sim_1/behav/xsim'
INFO: [SIM-utils-51] Simulation object is 'sim_1'
INFO: [SIM-utils-54] Inspecting design source files for 'top_tb' in fileset 'sim_1'...
INFO: [USF-XSim-97] Finding global include files...
INFO: [USF-XSim-98] Fetching design files from 'sim_1'...
INFO: [USF-XSim-2] XSim::Compile design
INFO: [USF-XSim-61] Executing 'COMPILE and ANALYZE' step in 'D:/1111/DCCDL/VIVADO/lab6/part2/lab/lab.sim/sim_1/behav/xsim'
"xvlog --incr --relax -prj top_tb_vlog.prj"
INFO: [VRFC 10-2263] Analyzing Verilog file "D:/1111/DCCDL/VIVADO/lab6/part2/lab/lab.srcs/sources_1/imports/part2/butterfly4.v" into library xil_defaultlib
INFO: [VRFC 10-311] analyzing module butterfly_4
INFO: [VRFC 10-2263] Analyzing Verilog file "D:/1111/DCCDL/VIVADO/lab6/part2/lab/lab.srcs/sources_1/new/butterfly_16.v" into library xil_defaultlib
INFO: [VRFC 10-311] analyzing module butterfly_16
INFO: [VRFC 10-2263] Analyzing Verilog file "D:/1111/DCCDL/VIVADO/lab6/part2/lab/lab.srcs/sources_1/new/butterfly_32.v" into library xil_defaultlib
INFO: [VRFC 10-311] analyzing module butterfly_32
INFO: [VRFC 10-2263] Analyzing Verilog file "D:/1111/DCCDL/VIVADO/lab6/part2/lab/lab.srcs/sources_1/imports/part2/butterfly_8.v" into library xil_defaultlib
INFO: [VRFC 10-311] analyzing module butterfly_8
INFO: [VRFC 10-2263] Analyzing Verilog file "D:/1111/DCCDL/VIVADO/lab6/part2/lab/lab.srcs/sources_1/new/commutator_16.v" into library xil_defaultlib
INFO: [VRFC 10-311] analyzing module commutator_16
INFO: [VRFC 10-2263] Analyzing Verilog file "D:/1111/DCCDL/VIVADO/lab6/part2/lab/lab.srcs/sources_1/new/commutator_32.v" into library xil_defaultlib
INFO: [VRFC 10-311] analyzing module commutator_32
INFO: [VRFC 10-2263] Analyzing Verilog file "D:/1111/DCCDL/VIVADO/lab6/part2/lab/lab.srcs/sources_1/imports/part2/commutator_4.v" into library xil_defaultlib
INFO: [VRFC 10-311] analyzing module commutator_4
INFO: [VRFC 10-2263] Analyzing Verilog file "D:/1111/DCCDL/VIVADO/lab6/part2/lab/lab.srcs/sources_1/imports/part2/commutator_8.v" into library xil_defaultlib
INFO: [VRFC 10-311] analyzing module commutator_8
INFO: [VRFC 10-2263] Analyzing Verilog file "D:/1111/DCCDL/VIVADO/lab6/part2/lab/lab.srcs/sources_1/new/fft32_top.v" into library xil_defaultlib
INFO: [VRFC 10-311] analyzing module fft32_top
INFO: [VRFC 10-2263] Analyzing Verilog file "D:/1111/DCCDL/VIVADO/lab6/part2/lab/lab.srcs/sources_1/imports/part2/mult4.v" into library xil_defaultlib
INFO: [VRFC 10-311] analyzing module mult_4
INFO: [VRFC 10-2263] Analyzing Verilog file "D:/1111/DCCDL/VIVADO/lab6/part2/lab/lab.srcs/sources_1/new/mult_16.v" into library xil_defaultlib
INFO: [VRFC 10-311] analyzing module mult_16
INFO: [VRFC 10-2263] Analyzing Verilog file "D:/1111/DCCDL/VIVADO/lab6/part2/lab/lab.srcs/sources_1/new/mult_32.v" into library xil_defaultlib
INFO: [VRFC 10-311] analyzing module mult_32
INFO: [VRFC 10-2263] Analyzing Verilog file "D:/1111/DCCDL/VIVADO/lab6/part2/lab/lab.srcs/sources_1/imports/part2/mult_8.v" into library xil_defaultlib
INFO: [VRFC 10-311] analyzing module mult_8
INFO: [VRFC 10-2263] Analyzing Verilog file "D:/1111/DCCDL/VIVADO/lab6/part2/lab/lab.srcs/sources_1/new/stage_16.v" into library xil_defaultlib
INFO: [VRFC 10-311] analyzing module stage_16
INFO: [VRFC 10-2263] Analyzing Verilog file "D:/1111/DCCDL/VIVADO/lab6/part2/lab/lab.srcs/sources_1/new/stage_32.v" into library xil_defaultlib
INFO: [VRFC 10-311] analyzing module stage_32
INFO: [VRFC 10-2263] Analyzing Verilog file "D:/1111/DCCDL/VIVADO/lab6/part2/lab/lab.srcs/sources_1/imports/part2/stage_4.v" into library xil_defaultlib
INFO: [VRFC 10-311] analyzing module stage_4
INFO: [VRFC 10-2263] Analyzing Verilog file "D:/1111/DCCDL/VIVADO/lab6/part2/lab/lab.srcs/sources_1/imports/part2/stage_8.v" into library xil_defaultlib
INFO: [VRFC 10-311] analyzing module stage_8
INFO: [VRFC 10-2263] Analyzing Verilog file "D:/1111/DCCDL/VIVADO/lab6/part2/lab/lab.srcs/sim_1/new/top_tb.v" into library xil_defaultlib
INFO: [VRFC 10-311] analyzing module top_tb
INFO: [USF-XSim-69] 'compile' step finished in '2' seconds
INFO: [Vivado 12-5682] Launching behavioral simulation in 'D:/1111/DCCDL/VIVADO/lab6/part2/lab/lab.sim/sim_1/behav/xsim'
INFO: [USF-XSim-3] XSim::Elaborate design
INFO: [USF-XSim-61] Executing 'ELABORATE' step in 'D:/1111/DCCDL/VIVADO/lab6/part2/lab/lab.sim/sim_1/behav/xsim'
"xelab -wto b4dc410c802c46f9b83daae10550e7cc --incr --debug typical --relax --mt 2 -L xil_defaultlib -L unisims_ver -L unimacro_ver -L secureip --snapshot top_tb_behav xil_defaultlib.top_tb xil_defaultlib.glbl -log elaborate.log"
Vivado Simulator 2019.1
Copyright 1986-1999, 2001-2019 Xilinx, Inc. All Rights Reserved.
Running: C:/Xilinx/Vivado/2019.1/bin/unwrapped/win64.o/xelab.exe -wto b4dc410c802c46f9b83daae10550e7cc --incr --debug typical --relax --mt 2 -L xil_defaultlib -L unisims_ver -L unimacro_ver -L secureip --snapshot top_tb_behav xil_defaultlib.top_tb xil_defaultlib.glbl -log elaborate.log 
Using 2 slave threads.
Starting static elaboration
Completed static elaboration
Starting simulation data flow analysis
Completed simulation data flow analysis
Time Resolution for simulation is 1ps
Compiling module xil_defaultlib.commutator_32
Compiling module xil_defaultlib.butterfly_32
Compiling module xil_defaultlib.mult_32
Compiling module xil_defaultlib.stage_32
Compiling module xil_defaultlib.commutator_16
Compiling module xil_defaultlib.butterfly_16
Compiling module xil_defaultlib.mult_16
Compiling module xil_defaultlib.stage_16
Compiling module xil_defaultlib.commutator_8
Compiling module xil_defaultlib.butterfly_8
Compiling module xil_defaultlib.mult_8
Compiling module xil_defaultlib.stage_8
Compiling module xil_defaultlib.commutator_4
Compiling module xil_defaultlib.butterfly_4
Compiling module xil_defaultlib.mult_4
Compiling module xil_defaultlib.stage_4
Compiling module xil_defaultlib.fft32_top
Compiling module xil_defaultlib.top_tb
Compiling module xil_defaultlib.glbl
Built simulation snapshot top_tb_behav
INFO: [USF-XSim-69] 'elaborate' step finished in '2' seconds
Vivado Simulator 2019.1
Time resolution is 1 ps
relaunch_sim: Time (s): cpu = 00:00:01 ; elapsed = 00:00:09 . Memory (MB): peak = 2345.867 ; gain = 0.000
reset_run synth_1
WARNING: [Vivado 12-1017] Problems encountered:
1. Failed to delete one or more files in run directory D:/1111/DCCDL/VIVADO/lab6/part2/lab/lab.runs/synth_1

launch_runs impl_1 -jobs 4
[Wed Dec 14 20:32:27 2022] Launched synth_1...
Run output will be captured here: D:/1111/DCCDL/VIVADO/lab6/part2/lab/lab.runs/synth_1/runme.log
[Wed Dec 14 20:32:27 2022] Launched impl_1...
Run output will be captured here: D:/1111/DCCDL/VIVADO/lab6/part2/lab/lab.runs/impl_1/runme.log
relaunch_sim
boost::filesystem::remove: {LksA]t@{C: "D:/1111/DCCDL/VIVADO/lab6/part2/lab/lab.sim/sim_1/behav/xsim/simulate.log"
INFO: [Common 17-17] undo 'relaunch_sim'
INFO: [Common 17-17] undo 'relaunch_sim'
ERROR: [Common 17-69] Command failed: boost::filesystem::remove: {LksA]t@{C: "D:/1111/DCCDL/VIVADO/lab6/part2/lab/lab.sim/sim_1/behav/xsim/simulate.log"
close_design
launch_simulation -mode post-implementation -type timing
INFO: [Vivado 12-5682] Launching post-implementation timing simulation in 'D:/1111/DCCDL/VIVADO/lab6/part2/lab/lab.sim/sim_1/impl/timing/xsim'
INFO: [SIM-utils-51] Simulation object is 'sim_1'
INFO: [Netlist 29-17] Analyzing 217 Unisim elements for replacement
INFO: [Netlist 29-28] Unisim Transformation completed in 0 CPU seconds
INFO: [Project 1-479] Netlist was created with Vivado 2019.1
INFO: [Project 1-570] Preparing netlist for logic optimization
Reading XDEF placement.
Reading placer database...
Reading XDEF routing.
Read XDEF File: Time (s): cpu = 00:00:00 ; elapsed = 00:00:00.411 . Memory (MB): peak = 2345.867 ; gain = 0.000
Restored from archive | CPU: 0.000000 secs | Memory: 0.000000 MB |
Finished XDEF File Restore: Time (s): cpu = 00:00:00 ; elapsed = 00:00:00.412 . Memory (MB): peak = 2345.867 ; gain = 0.000
Netlist sorting complete. Time (s): cpu = 00:00:00 ; elapsed = 00:00:00.001 . Memory (MB): peak = 2345.867 ; gain = 0.000
INFO: [Project 1-111] Unisim Transformation Summary:
No Unisim elements were transformed.

INFO: [SIM-utils-31] Writing simulation netlist file for design 'impl_1'...
INFO: [SIM-utils-32] write_verilog -mode timesim -nolib -sdf_anno true -force -file "D:/1111/DCCDL/VIVADO/lab6/part2/lab/lab.sim/sim_1/impl/timing/xsim/top_tb_time_impl.v"
INFO: [SIM-utils-34] Writing SDF file...
INFO: [SIM-utils-35] write_sdf -mode timesim -process_corner slow -force -file "D:/1111/DCCDL/VIVADO/lab6/part2/lab/lab.sim/sim_1/impl/timing/xsim/top_tb_time_impl.sdf"
write_sdf: Time (s): cpu = 00:00:18 ; elapsed = 00:00:17 . Memory (MB): peak = 2345.867 ; gain = 0.000
INFO: [SIM-utils-36] Netlist generated:D:/1111/DCCDL/VIVADO/lab6/part2/lab/lab.sim/sim_1/impl/timing/xsim/top_tb_time_impl.v
INFO: [SIM-utils-37] SDF generated:D:/1111/DCCDL/VIVADO/lab6/part2/lab/lab.sim/sim_1/impl/timing/xsim/top_tb_time_impl.sdf
INFO: [SIM-utils-54] Inspecting design source files for 'top_tb' in fileset 'sim_1'...
INFO: [USF-XSim-2] XSim::Compile design
INFO: [USF-XSim-61] Executing 'COMPILE and ANALYZE' step in 'D:/1111/DCCDL/VIVADO/lab6/part2/lab/lab.sim/sim_1/impl/timing/xsim'
"xvlog --incr --relax -prj top_tb_vlog.prj"
INFO: [VRFC 10-2263] Analyzing Verilog file "D:/1111/DCCDL/VIVADO/lab6/part2/lab/lab.sim/sim_1/impl/timing/xsim/top_tb_time_impl.v" into library xil_defaultlib
INFO: [VRFC 10-311] analyzing module butterfly_16
INFO: [VRFC 10-311] analyzing module butterfly_32
INFO: [VRFC 10-311] analyzing module butterfly_4
INFO: [VRFC 10-311] analyzing module butterfly_8
INFO: [VRFC 10-311] analyzing module fft32_top
INFO: [VRFC 10-311] analyzing module mult_16
INFO: [VRFC 10-311] analyzing module mult_32
INFO: [VRFC 10-311] analyzing module mult_4
INFO: [VRFC 10-311] analyzing module mult_8
INFO: [VRFC 10-311] analyzing module stage_16
INFO: [VRFC 10-311] analyzing module stage_32
INFO: [VRFC 10-311] analyzing module stage_4
INFO: [VRFC 10-311] analyzing module stage_8
INFO: [VRFC 10-311] analyzing module glbl
INFO: [VRFC 10-2263] Analyzing Verilog file "D:/1111/DCCDL/VIVADO/lab6/part2/lab/lab.srcs/sim_1/new/top_tb.v" into library xil_defaultlib
INFO: [VRFC 10-311] analyzing module top_tb
INFO: [USF-XSim-69] 'compile' step finished in '1' seconds
INFO: [USF-XSim-3] XSim::Elaborate design
INFO: [USF-XSim-61] Executing 'ELABORATE' step in 'D:/1111/DCCDL/VIVADO/lab6/part2/lab/lab.sim/sim_1/impl/timing/xsim'
"xelab -wto b4dc410c802c46f9b83daae10550e7cc --incr --debug typical --relax --mt 2 --maxdelay -L xil_defaultlib -L simprims_ver -L secureip --snapshot top_tb_time_impl -transport_int_delays -pulse_r 0 -pulse_int_r 0 -pulse_e 0 -pulse_int_e 0 xil_defaultlib.top_tb xil_defaultlib.glbl -log elaborate.log"
Vivado Simulator 2019.1
Copyright 1986-1999, 2001-2019 Xilinx, Inc. All Rights Reserved.
Running: C:/Xilinx/Vivado/2019.1/bin/unwrapped/win64.o/xelab.exe -wto b4dc410c802c46f9b83daae10550e7cc --incr --debug typical --relax --mt 2 --maxdelay -L xil_defaultlib -L simprims_ver -L secureip --snapshot top_tb_time_impl -transport_int_delays -pulse_r 0 -pulse_int_r 0 -pulse_e 0 -pulse_int_e 0 xil_defaultlib.top_tb xil_defaultlib.glbl -log elaborate.log 
Using 2 slave threads.
Starting static elaboration
Completed static elaboration
Starting simulation data flow analysis
Completed simulation data flow analysis
INFO: [XSIM 43-3451] SDF backannotation process started with SDF file "top_tb_time_impl.sdf", for root module "top_tb/dft1".
INFO: [XSIM 43-3452] SDF backannotation was successful for SDF file "top_tb_time_impl.sdf", for root module "top_tb/dft1".
Time Resolution for simulation is 1ps
Compiling module simprims_ver.IBUF
Compiling module simprims_ver.OBUF
Compiling module simprims_ver.FDCE_default
Compiling module simprims_ver.BUFG
Compiling module simprims_ver.x_lut2_mux4
Compiling module simprims_ver.LUT2
Compiling module simprims_ver.CARRY4
Compiling module simprims_ver.LUT5
Compiling module simprims_ver.x_lut1_mux2
Compiling module simprims_ver.LUT1
Compiling module xil_defaultlib.butterfly_16
Compiling module simprims_ver.x_lut3_mux8
Compiling module simprims_ver.LUT3
Compiling module simprims_ver.LUT4
Compiling module simprims_ver.FDPE_default
Compiling module simprims_ver.FDRE_default
Compiling module simprims_ver.SRL16E_default
Compiling module simprims_ver.LUT6
Compiling module simprims_ver.DSP48E1(ACASCREG=0,ALUMODEREG=0,...
Compiling module simprims_ver.MUXF7
Compiling module xil_defaultlib.mult_16
Compiling module xil_defaultlib.stage_16
Compiling module xil_defaultlib.butterfly_32
Compiling module xil_defaultlib.mult_32
Compiling module xil_defaultlib.stage_32
Compiling module xil_defaultlib.butterfly_4
Compiling module xil_defaultlib.mult_4
Compiling module xil_defaultlib.stage_4
Compiling module xil_defaultlib.butterfly_8
Compiling module simprims_ver.DSP48E1(ACASCREG=0,ALUMODEREG=0,...
Compiling module xil_defaultlib.mult_8
Compiling module xil_defaultlib.stage_8
Compiling module xil_defaultlib.fft32_top
Compiling module xil_defaultlib.top_tb
Compiling module xil_defaultlib.glbl
Built simulation snapshot top_tb_time_impl
run_program: Time (s): cpu = 00:00:02 ; elapsed = 00:00:28 . Memory (MB): peak = 2345.867 ; gain = 0.000
INFO: [USF-XSim-69] 'elaborate' step finished in '29' seconds
INFO: [USF-XSim-4] XSim::Simulate design
INFO: [USF-XSim-61] Executing 'SIMULATE' step in 'D:/1111/DCCDL/VIVADO/lab6/part2/lab/lab.sim/sim_1/impl/timing/xsim'
INFO: [USF-XSim-98] *** Running xsim
   with args "top_tb_time_impl -key {Post-Implementation:sim_1:Timing:top_tb} -tclbatch {top_tb.tcl} -view {D:/1111/DCCDL/VIVADO/lab6/part2/lab/lab.srcs/sim_1/imports/fft_32points/top_tb_behav.wcfg} -log {simulate.log}"
INFO: [USF-XSim-8] Loading simulator feature
Vivado Simulator 2019.1
Time resolution is 1 ps
open_wave_config D:/1111/DCCDL/VIVADO/lab6/part2/lab/lab.srcs/sim_1/imports/fft_32points/top_tb_behav.wcfg
source top_tb.tcl
# set curr_wave [current_wave_config]
# if { [string length $curr_wave] == 0 } {
#   if { [llength [get_objects]] > 0} {
#     add_wave /
#     set_property needs_save false [current_wave_config]
#   } else {
#      send_msg_id Add_Wave-1 WARNING "No top level signals found. Simulator will start without a wave window. If you want to open a wave window go to 'File->New Waveform Configuration' or type 'create_wave_config' in the TCL console."
#   }
# }
# run 1000ns
xsim: Time (s): cpu = 00:00:07 ; elapsed = 00:00:09 . Memory (MB): peak = 2345.867 ; gain = 0.000
INFO: [USF-XSim-96] XSim completed. Design snapshot 'top_tb_time_impl' loaded.
INFO: [USF-XSim-97] XSim simulation ran for 1000ns
launch_simulation: Time (s): cpu = 00:00:35 ; elapsed = 00:01:00 . Memory (MB): peak = 2345.867 ; gain = 0.000
run all
