
*** Running vivado
    with args -log stage_1.vds -m64 -product Vivado -mode batch -messageDb vivado.pb -notrace -source stage_1.tcl


****** Vivado v2019.1 (64-bit)
  **** SW Build 2552052 on Fri May 24 14:49:42 MDT 2019
  **** IP Build 2548770 on Fri May 24 18:01:18 MDT 2019
    ** Copyright 1986-2019 Xilinx, Inc. All Rights Reserved.

source stage_1.tcl -notrace
Command: synth_design -top stage_1 -part xc7a200tfbg676-1
Starting synth_design
Attempting to get a license for feature 'Synthesis' and/or device 'xc7a200t'
INFO: [Common 17-349] Got license for feature 'Synthesis' and/or device 'xc7a200t'
INFO: Launching helper process for spawning children vivado processes
INFO: Helper process launched with PID 14456 
---------------------------------------------------------------------------------
Starting Synthesize : Time (s): cpu = 00:00:04 ; elapsed = 00:00:04 . Memory (MB): peak = 563.996 ; gain = 184.504
---------------------------------------------------------------------------------
INFO: [Synth 8-6157] synthesizing module 'stage_1' [D:/1111/DCCDL/final project/vivado/at_lab/at_lab.srcs/sources_1/new/stage_1.v:2]
	Parameter input_length bound to: 13 - type: integer 
	Parameter output_length bound to: 15 - type: integer 
INFO: [Synth 8-6157] synthesizing module 'butterfly_radix4' [D:/1111/DCCDL/final project/vivado/at_lab/at_lab.srcs/sources_1/new/butterfly_radix4.v:2]
	Parameter output_length bound to: 15 - type: integer 
INFO: [Synth 8-6155] done synthesizing module 'butterfly_radix4' (1#1) [D:/1111/DCCDL/final project/vivado/at_lab/at_lab.srcs/sources_1/new/butterfly_radix4.v:2]
INFO: [Synth 8-6157] synthesizing module 'ROM_64' [D:/1111/DCCDL/final project/vivado/at_lab/at_lab.srcs/sources_1/new/ROM_64.v:3]
INFO: [Synth 8-6155] done synthesizing module 'ROM_64' (2#1) [D:/1111/DCCDL/final project/vivado/at_lab/at_lab.srcs/sources_1/new/ROM_64.v:3]
INFO: [Synth 8-6157] synthesizing module 'Complex_multiplier_64pt' [D:/1111/DCCDL/final project/vivado/at_lab/at_lab.srcs/sources_1/new/Complex_multiplier_64pt.v:3]
	Parameter WL bound to: 14 - type: integer 
INFO: [Synth 8-6157] synthesizing module 'multiplier_15bits' [D:/1111/DCCDL/final project/vivado/at_lab/at_lab.srcs/sources_1/new/multiplier_15bits.v:3]
INFO: [Synth 8-6155] done synthesizing module 'multiplier_15bits' (3#1) [D:/1111/DCCDL/final project/vivado/at_lab/at_lab.srcs/sources_1/new/multiplier_15bits.v:3]
INFO: [Synth 8-6155] done synthesizing module 'Complex_multiplier_64pt' (4#1) [D:/1111/DCCDL/final project/vivado/at_lab/at_lab.srcs/sources_1/new/Complex_multiplier_64pt.v:3]
WARNING: [Synth 8-6014] Unused sequential element cnt4_reg was removed.  [D:/1111/DCCDL/final project/vivado/at_lab/at_lab.srcs/sources_1/new/stage_1.v:102]
WARNING: [Synth 8-6014] Unused sequential element cnt3_reg was removed.  [D:/1111/DCCDL/final project/vivado/at_lab/at_lab.srcs/sources_1/new/stage_1.v:103]
INFO: [Synth 8-6155] done synthesizing module 'stage_1' (5#1) [D:/1111/DCCDL/final project/vivado/at_lab/at_lab.srcs/sources_1/new/stage_1.v:2]
---------------------------------------------------------------------------------
Finished Synthesize : Time (s): cpu = 00:00:05 ; elapsed = 00:00:05 . Memory (MB): peak = 627.160 ; gain = 247.668
---------------------------------------------------------------------------------
---------------------------------------------------------------------------------
Finished Constraint Validation : Time (s): cpu = 00:00:05 ; elapsed = 00:00:05 . Memory (MB): peak = 627.160 ; gain = 247.668
---------------------------------------------------------------------------------
---------------------------------------------------------------------------------
Start Loading Part and Timing Information
---------------------------------------------------------------------------------
Loading part: xc7a200tfbg676-1
---------------------------------------------------------------------------------
Finished Loading Part and Timing Information : Time (s): cpu = 00:00:05 ; elapsed = 00:00:05 . Memory (MB): peak = 627.160 ; gain = 247.668
---------------------------------------------------------------------------------
INFO: [Device 21-403] Loading part xc7a200tfbg676-1
---------------------------------------------------------------------------------
Finished RTL Optimization Phase 2 : Time (s): cpu = 00:00:06 ; elapsed = 00:00:06 . Memory (MB): peak = 627.160 ; gain = 247.668
---------------------------------------------------------------------------------

Report RTL Partitions: 
+-+--------------+------------+----------+
| |RTL Partition |Replication |Instances |
+-+--------------+------------+----------+
+-+--------------+------------+----------+
No constraint files found.
---------------------------------------------------------------------------------
Start RTL Component Statistics 
---------------------------------------------------------------------------------
Detailed RTL Component Info : 
+---Adders : 
	   2 Input     15 Bit       Adders := 3     
	   3 Input     15 Bit       Adders := 5     
	   5 Input     15 Bit       Adders := 2     
	   4 Input     15 Bit       Adders := 4     
	   2 Input      7 Bit       Adders := 1     
+---XORs : 
	   2 Input      1 Bit         XORs := 1     
+---Registers : 
	               15 Bit    Registers := 98    
	                7 Bit    Registers := 2     
+---Muxes : 
	   2 Input     15 Bit        Muxes := 8     
	   4 Input     15 Bit        Muxes := 2     
	   2 Input      1 Bit        Muxes := 2     
---------------------------------------------------------------------------------
Finished RTL Component Statistics 
---------------------------------------------------------------------------------
---------------------------------------------------------------------------------
Start RTL Hierarchical Component Statistics 
---------------------------------------------------------------------------------
Hierarchical RTL Component report 
Module stage_1 
Detailed RTL Component Info : 
+---Adders : 
	   2 Input      7 Bit       Adders := 1     
+---XORs : 
	   2 Input      1 Bit         XORs := 1     
+---Registers : 
	               15 Bit    Registers := 98    
	                7 Bit    Registers := 2     
+---Muxes : 
	   2 Input     15 Bit        Muxes := 8     
	   4 Input     15 Bit        Muxes := 2     
	   2 Input      1 Bit        Muxes := 2     
Module butterfly_radix4 
Detailed RTL Component Info : 
+---Adders : 
	   2 Input     15 Bit       Adders := 2     
	   3 Input     15 Bit       Adders := 4     
	   5 Input     15 Bit       Adders := 2     
	   4 Input     15 Bit       Adders := 4     
Module Complex_multiplier_64pt 
Detailed RTL Component Info : 
+---Adders : 
	   3 Input     15 Bit       Adders := 1     
	   2 Input     15 Bit       Adders := 1     
---------------------------------------------------------------------------------
Finished RTL Hierarchical Component Statistics
---------------------------------------------------------------------------------
---------------------------------------------------------------------------------
Start Part Resource Summary
---------------------------------------------------------------------------------
Part Resources:
DSPs: 740 (col length:100)
BRAMs: 730 (col length: RAMB18 100 RAMB36 50)
---------------------------------------------------------------------------------
Finished Part Resource Summary
---------------------------------------------------------------------------------
No constraint files found.
---------------------------------------------------------------------------------
Start Cross Boundary and Area Optimization
---------------------------------------------------------------------------------
Warning: Parallel synthesis criteria is not met 
DSP Report: Generating DSP M1/M2/Z0, operation Mode is: A*B.
DSP Report: operator M1/M2/Z0 is absorbed into DSP M1/M2/Z0.
DSP Report: Generating DSP M1/M1/Z0, operation Mode is: A*B.
DSP Report: operator M1/M1/Z0 is absorbed into DSP M1/M1/Z0.
DSP Report: Generating DSP M1/M4/Z0, operation Mode is: A*B.
DSP Report: operator M1/M4/Z0 is absorbed into DSP M1/M4/Z0.
DSP Report: Generating DSP M1/M3/Z0, operation Mode is: A*B.
DSP Report: operator M1/M3/Z0 is absorbed into DSP M1/M3/Z0.
---------------------------------------------------------------------------------
Finished Cross Boundary and Area Optimization : Time (s): cpu = 00:00:13 ; elapsed = 00:00:13 . Memory (MB): peak = 863.691 ; gain = 484.199
---------------------------------------------------------------------------------
---------------------------------------------------------------------------------
Start ROM, RAM, DSP and Shift Register Reporting
---------------------------------------------------------------------------------

ROM:
+------------+-------------+---------------+----------------+
|Module Name | RTL Object  | Depth x Width | Implemented As | 
+------------+-------------+---------------+----------------+
|ROM_64      | TF_real     | 64x12         | LUT            | 
|ROM_64      | TF_imag     | 64x11         | LUT            | 
|stage_1     | rom/TF_imag | 64x11         | LUT            | 
|stage_1     | rom/TF_real | 64x12         | LUT            | 
+------------+-------------+---------------+----------------+


DSP: Preliminary Mapping  Report (see note below)
+------------------+-------------+--------+--------+--------+--------+--------+------+------+------+------+-------+------+------+
|Module Name       | DSP Mapping | A Size | B Size | C Size | D Size | P Size | AREG | BREG | CREG | DREG | ADREG | MREG | PREG | 
+------------------+-------------+--------+--------+--------+--------+--------+------+------+------+------+-------+------+------+
|multiplier_15bits | A*B         | 15     | 11     | -      | -      | 26     | 0    | 0    | -    | -    | -     | 0    | 0    | 
|multiplier_15bits | A*B         | 15     | 12     | -      | -      | 27     | 0    | 0    | -    | -    | -     | 0    | 0    | 
|multiplier_15bits | A*B         | 15     | 12     | -      | -      | 27     | 0    | 0    | -    | -    | -     | 0    | 0    | 
|multiplier_15bits | A*B         | 15     | 11     | -      | -      | 26     | 0    | 0    | -    | -    | -     | 0    | 0    | 
+------------------+-------------+--------+--------+--------+--------+--------+------+------+------+------+-------+------+------+

Note: The table above is a preliminary report that shows the DSPs inferred at the current stage of the synthesis flow. Some DSP may be reimplemented as non DSP primitives later in the synthesis flow. Multiple instantiated DSPs are reported only once.
---------------------------------------------------------------------------------
Finished ROM, RAM, DSP and Shift Register Reporting
---------------------------------------------------------------------------------
INFO: [Synth 8-5844] Detected registers with asynchronous reset at DSP/BRAM block boundary. Consider using synchronous reset for optimal packing [D:/1111/DCCDL/final project/vivado/at_lab/at_lab.srcs/sources_1/new/stage_1.v:47]
INFO: [Synth 8-5844] Detected registers with asynchronous reset at DSP/BRAM block boundary. Consider using synchronous reset for optimal packing [D:/1111/DCCDL/final project/vivado/at_lab/at_lab.srcs/sources_1/new/stage_1.v:47]
INFO: [Synth 8-5844] Detected registers with asynchronous reset at DSP/BRAM block boundary. Consider using synchronous reset for optimal packing [D:/1111/DCCDL/final project/vivado/at_lab/at_lab.srcs/sources_1/new/stage_1.v:47]
INFO: [Synth 8-5844] Detected registers with asynchronous reset at DSP/BRAM block boundary. Consider using synchronous reset for optimal packing [D:/1111/DCCDL/final project/vivado/at_lab/at_lab.srcs/sources_1/new/stage_1.v:47]

Report RTL Partitions: 
+-+--------------+------------+----------+
| |RTL Partition |Replication |Instances |
+-+--------------+------------+----------+
+-+--------------+------------+----------+
No constraint files found.
---------------------------------------------------------------------------------
Start Timing Optimization
---------------------------------------------------------------------------------
---------------------------------------------------------------------------------
Finished Timing Optimization : Time (s): cpu = 00:00:14 ; elapsed = 00:00:13 . Memory (MB): peak = 864.121 ; gain = 484.629
---------------------------------------------------------------------------------

Report RTL Partitions: 
+-+--------------+------------+----------+
| |RTL Partition |Replication |Instances |
+-+--------------+------------+----------+
+-+--------------+------------+----------+
---------------------------------------------------------------------------------
Start Technology Mapping
---------------------------------------------------------------------------------
INFO: [Synth 8-5844] Detected registers with asynchronous reset at DSP/BRAM block boundary. Consider using synchronous reset for optimal packing [D:/1111/DCCDL/final project/vivado/at_lab/at_lab.srcs/sources_1/new/stage_1.v:47]
INFO: [Synth 8-5844] Detected registers with asynchronous reset at DSP/BRAM block boundary. Consider using synchronous reset for optimal packing [D:/1111/DCCDL/final project/vivado/at_lab/at_lab.srcs/sources_1/new/stage_1.v:47]
INFO: [Synth 8-5844] Detected registers with asynchronous reset at DSP/BRAM block boundary. Consider using synchronous reset for optimal packing [D:/1111/DCCDL/final project/vivado/at_lab/at_lab.srcs/sources_1/new/stage_1.v:47]
INFO: [Synth 8-5844] Detected registers with asynchronous reset at DSP/BRAM block boundary. Consider using synchronous reset for optimal packing [D:/1111/DCCDL/final project/vivado/at_lab/at_lab.srcs/sources_1/new/stage_1.v:47]
---------------------------------------------------------------------------------
Finished Technology Mapping : Time (s): cpu = 00:00:14 ; elapsed = 00:00:14 . Memory (MB): peak = 864.293 ; gain = 484.801
---------------------------------------------------------------------------------

Report RTL Partitions: 
+-+--------------+------------+----------+
| |RTL Partition |Replication |Instances |
+-+--------------+------------+----------+
+-+--------------+------------+----------+
---------------------------------------------------------------------------------
Start IO Insertion
---------------------------------------------------------------------------------
---------------------------------------------------------------------------------
Start Flattening Before IO Insertion
---------------------------------------------------------------------------------
---------------------------------------------------------------------------------
Finished Flattening Before IO Insertion
---------------------------------------------------------------------------------
---------------------------------------------------------------------------------
Start Final Netlist Cleanup
---------------------------------------------------------------------------------
---------------------------------------------------------------------------------
Finished Final Netlist Cleanup
---------------------------------------------------------------------------------
---------------------------------------------------------------------------------
Finished IO Insertion : Time (s): cpu = 00:00:16 ; elapsed = 00:00:16 . Memory (MB): peak = 864.293 ; gain = 484.801
---------------------------------------------------------------------------------

Report Check Netlist: 
+------+------------------+-------+---------+-------+------------------+
|      |Item              |Errors |Warnings |Status |Description       |
+------+------------------+-------+---------+-------+------------------+
|1     |multi_driven_nets |      0|        0|Passed |Multi driven nets |
+------+------------------+-------+---------+-------+------------------+
---------------------------------------------------------------------------------
Start Renaming Generated Instances
---------------------------------------------------------------------------------
---------------------------------------------------------------------------------
Finished Renaming Generated Instances : Time (s): cpu = 00:00:16 ; elapsed = 00:00:16 . Memory (MB): peak = 864.293 ; gain = 484.801
---------------------------------------------------------------------------------

Report RTL Partitions: 
+-+--------------+------------+----------+
| |RTL Partition |Replication |Instances |
+-+--------------+------------+----------+
+-+--------------+------------+----------+
---------------------------------------------------------------------------------
Start Rebuilding User Hierarchy
---------------------------------------------------------------------------------
---------------------------------------------------------------------------------
Finished Rebuilding User Hierarchy : Time (s): cpu = 00:00:16 ; elapsed = 00:00:16 . Memory (MB): peak = 864.293 ; gain = 484.801
---------------------------------------------------------------------------------
---------------------------------------------------------------------------------
Start Renaming Generated Ports
---------------------------------------------------------------------------------
---------------------------------------------------------------------------------
Finished Renaming Generated Ports : Time (s): cpu = 00:00:16 ; elapsed = 00:00:16 . Memory (MB): peak = 864.293 ; gain = 484.801
---------------------------------------------------------------------------------
---------------------------------------------------------------------------------
Start Handling Custom Attributes
---------------------------------------------------------------------------------
---------------------------------------------------------------------------------
Finished Handling Custom Attributes : Time (s): cpu = 00:00:16 ; elapsed = 00:00:16 . Memory (MB): peak = 864.293 ; gain = 484.801
---------------------------------------------------------------------------------
---------------------------------------------------------------------------------
Start Renaming Generated Nets
---------------------------------------------------------------------------------
---------------------------------------------------------------------------------
Finished Renaming Generated Nets : Time (s): cpu = 00:00:16 ; elapsed = 00:00:16 . Memory (MB): peak = 864.293 ; gain = 484.801
---------------------------------------------------------------------------------
---------------------------------------------------------------------------------
Start ROM, RAM, DSP and Shift Register Reporting
---------------------------------------------------------------------------------

Static Shift Register Report:
+------------+-----------------------+--------+-------+--------------+--------------------+-------------------+--------+---------+
|Module Name | RTL Name              | Length | Width | Reset Signal | Pull out first Reg | Pull out last Reg | SRL16E | SRLC32E | 
+------------+-----------------------+--------+-------+--------------+--------------------+-------------------+--------+---------+
|stage_1     | real_reg1_reg[15][14] | 16     | 15    | YES          | NO                 | YES               | 15     | 0       | 
|stage_1     | imag_reg1_reg[15][14] | 16     | 15    | YES          | NO                 | YES               | 15     | 0       | 
|stage_1     | real_reg3_reg[15][14] | 16     | 15    | YES          | NO                 | YES               | 15     | 0       | 
|stage_1     | imag_reg3_reg[15][14] | 16     | 15    | YES          | NO                 | YES               | 15     | 0       | 
|stage_1     | real_reg2_reg[15][14] | 16     | 15    | YES          | NO                 | YES               | 15     | 0       | 
|stage_1     | imag_reg2_reg[15][14] | 16     | 15    | YES          | NO                 | YES               | 15     | 0       | 
+------------+-----------------------+--------+-------+--------------+--------------------+-------------------+--------+---------+

---------------------------------------------------------------------------------
Finished ROM, RAM, DSP and Shift Register Reporting
---------------------------------------------------------------------------------
---------------------------------------------------------------------------------
Start Writing Synthesis Report
---------------------------------------------------------------------------------

Report BlackBoxes: 
+-+--------------+----------+
| |BlackBox name |Instances |
+-+--------------+----------+
+-+--------------+----------+

Report Cell Usage: 
+------+--------+------+
|      |Cell    |Count |
+------+--------+------+
|1     |BUFG    |     1|
|2     |CARRY4  |    56|
|3     |DSP48E1 |     4|
|4     |LUT1    |     1|
|5     |LUT2    |   268|
|6     |LUT3    |    99|
|7     |LUT4    |   197|
|8     |LUT5    |    63|
|9     |LUT6    |   132|
|10    |SRL16E  |    90|
|11    |FDCE    |   177|
|12    |FDRE    |    90|
|13    |IBUF    |    28|
|14    |OBUF    |   270|
+------+--------+------+

Report Instance Areas: 
+------+---------+------------------------+------+
|      |Instance |Module                  |Cells |
+------+---------+------------------------+------+
|1     |top      |                        |  1476|
|2     |  B1     |butterfly_radix4        |   596|
|3     |  M1     |Complex_multiplier_64pt |    65|
|4     |    M1   |multiplier_15bits       |    39|
|5     |    M2   |multiplier_15bits_0     |     1|
|6     |    M3   |multiplier_15bits_1     |    12|
|7     |    M4   |multiplier_15bits_2     |    13|
+------+---------+------------------------+------+
---------------------------------------------------------------------------------
Finished Writing Synthesis Report : Time (s): cpu = 00:00:16 ; elapsed = 00:00:16 . Memory (MB): peak = 864.293 ; gain = 484.801
---------------------------------------------------------------------------------
Synthesis finished with 0 errors, 0 critical warnings and 2 warnings.
Synthesis Optimization Runtime : Time (s): cpu = 00:00:16 ; elapsed = 00:00:16 . Memory (MB): peak = 864.293 ; gain = 484.801
Synthesis Optimization Complete : Time (s): cpu = 00:00:16 ; elapsed = 00:00:16 . Memory (MB): peak = 864.293 ; gain = 484.801
INFO: [Project 1-571] Translating synthesized netlist
INFO: [Netlist 29-17] Analyzing 60 Unisim elements for replacement
INFO: [Netlist 29-28] Unisim Transformation completed in 1 CPU seconds
INFO: [Project 1-570] Preparing netlist for logic optimization
INFO: [Opt 31-138] Pushed 0 inverter(s) to 0 load pin(s).
Netlist sorting complete. Time (s): cpu = 00:00:00 ; elapsed = 00:00:00 . Memory (MB): peak = 951.844 ; gain = 0.000
INFO: [Project 1-111] Unisim Transformation Summary:
No Unisim elements were transformed.

INFO: [Common 17-83] Releasing license: Synthesis
27 Infos, 2 Warnings, 0 Critical Warnings and 0 Errors encountered.
synth_design completed successfully
synth_design: Time (s): cpu = 00:00:21 ; elapsed = 00:00:23 . Memory (MB): peak = 951.844 ; gain = 596.230
Netlist sorting complete. Time (s): cpu = 00:00:00 ; elapsed = 00:00:00 . Memory (MB): peak = 951.844 ; gain = 0.000
WARNING: [Constraints 18-5210] No constraints selected for write.
Resolution: This message can indicate that there are no constraints for the design, or it can indicate that the used_in flags are set such that the constraints are ignored. This later case is used when running synth_design to not write synthesis constraints to the resulting checkpoint. Instead, project constraints are read when the synthesized design is opened.
INFO: [Common 17-1381] The checkpoint 'D:/1111/DCCDL/final project/vivado/at_lab/at_lab.runs/synth_1/stage_1.dcp' has been generated.
INFO: [runtcl-4] Executing : report_utilization -file stage_1_utilization_synth.rpt -pb stage_1_utilization_synth.pb
INFO: [Common 17-206] Exiting Vivado at Tue Jan  3 22:17:56 2023...
