Copyright 1986-2019 Xilinx, Inc. All Rights Reserved.
--------------------------------------------------------------------------------------
| Tool Version : Vivado v.2019.1 (win64) Build 2552052 Fri May 24 14:49:42 MDT 2019
| Date         : Tue Dec 13 18:23:24 2022
| Host         : DESKTOP-J7D9945 running 64-bit major release  (build 9200)
| Command      : report_control_sets -verbose -file fft32_top_control_sets_placed.rpt
| Design       : fft32_top
| Device       : xc7a200t
--------------------------------------------------------------------------------------

Control Set Information

Table of Contents
-----------------
1. Summary
2. Histogram
3. Flip-Flop Distribution
4. Detailed Control Set Information

1. Summary
----------

+----------------------------------------------------------+-------+
|                          Status                          | Count |
+----------------------------------------------------------+-------+
| Total control sets                                       |     4 |
|    Minimum number of control sets                        |     4 |
|    Addition due to synthesis replication                 |     0 |
|    Addition due to physical synthesis replication        |     0 |
| Unused register locations in slices containing registers |     5 |
+----------------------------------------------------------+-------+
* Control sets can be merged at opt_design using control_set_merge or merge_equivalent_drivers
** Run report_qor_suggestions for automated merging and remapping suggestions


2. Histogram
------------

+--------------------+-------+
|       Fanout       | Count |
+--------------------+-------+
| Total control sets |     4 |
| >= 0 to < 4        |     0 |
| >= 4 to < 6        |     0 |
| >= 6 to < 8        |     0 |
| >= 8 to < 10       |     0 |
| >= 10 to < 12      |     0 |
| >= 12 to < 14      |     0 |
| >= 14 to < 16      |     0 |
| >= 16              |     4 |
+--------------------+-------+
* Control sets can be remapped at either synth_design or opt_design


3. Flip-Flop Distribution
-------------------------

+--------------+-----------------------+------------------------+-----------------+--------------+
| Clock Enable | Synchronous Set/Reset | Asynchronous Set/Reset | Total Registers | Total Slices |
+--------------+-----------------------+------------------------+-----------------+--------------+
| No           | No                    | No                     |              70 |           18 |
| No           | No                    | Yes                    |             191 |           62 |
| No           | Yes                   | No                     |               0 |            0 |
| Yes          | No                    | No                     |              48 |           16 |
| Yes          | No                    | Yes                    |               0 |            0 |
| Yes          | Yes                   | No                     |              22 |            9 |
+--------------+-----------------------+------------------------+-----------------+--------------+


4. Detailed Control Set Information
-----------------------------------

+----------------+---------------+--------------------------------+------------------+----------------+
|  Clock Signal  | Enable Signal |        Set/Reset Signal        | Slice Load Count | Bel Load Count |
+----------------+---------------+--------------------------------+------------------+----------------+
|  clk_IBUF_BUFG | dft16/rst     | dft32/dff_real[15][10]_i_1_n_0 |                9 |             22 |
|  clk_IBUF_BUFG | dft16/rst     |                                |               16 |             48 |
|  clk_IBUF_BUFG |               |                                |               18 |            140 |
|  clk_IBUF_BUFG |               | rst_IBUF                       |               62 |            191 |
+----------------+---------------+--------------------------------+------------------+----------------+


