
*** Running vivado
    with args -log stage1.vds -m64 -product Vivado -mode batch -messageDb vivado.pb -notrace -source stage1.tcl


****** Vivado v2019.1 (64-bit)
  **** SW Build 2552052 on Fri May 24 14:49:42 MDT 2019
  **** IP Build 2548770 on Fri May 24 18:01:18 MDT 2019
    ** Copyright 1986-2019 Xilinx, Inc. All Rights Reserved.

source stage1.tcl -notrace
Command: synth_design -top stage1 -part xc7a200tfbg676-1
Starting synth_design
Attempting to get a license for feature 'Synthesis' and/or device 'xc7a200t'
INFO: [Common 17-349] Got license for feature 'Synthesis' and/or device 'xc7a200t'
INFO: Launching helper process for spawning children vivado processes
INFO: Helper process launched with PID 15168 
---------------------------------------------------------------------------------
Starting Synthesize : Time (s): cpu = 00:00:04 ; elapsed = 00:00:04 . Memory (MB): peak = 564.238 ; gain = 186.309
---------------------------------------------------------------------------------
INFO: [Synth 8-6157] synthesizing module 'stage1' [D:/1111/DCCDL/final project/vivado/SDF_64points_FFT/SDF_64points_FFT.srcs/sources_1/new/stage1.v:2]
	Parameter input_length bound to: 13 - type: integer 
	Parameter output_length bound to: 15 - type: integer 
INFO: [Synth 8-6157] synthesizing module 'B_r4' [D:/1111/DCCDL/final project/vivado/SDF_64points_FFT/SDF_64points_FFT.srcs/sources_1/new/B_r4.v:2]
	Parameter input_length bound to: 13 - type: integer 
	Parameter output_length bound to: 15 - type: integer 
INFO: [Synth 8-6155] done synthesizing module 'B_r4' (1#1) [D:/1111/DCCDL/final project/vivado/SDF_64points_FFT/SDF_64points_FFT.srcs/sources_1/new/B_r4.v:2]
INFO: [Synth 8-6157] synthesizing module 'ROM_64' [D:/1111/DCCDL/final project/vivado/SDF_64points_FFT/SDF_64points_FFT.srcs/sources_1/new/ROM_64.v:3]
INFO: [Synth 8-6155] done synthesizing module 'ROM_64' (2#1) [D:/1111/DCCDL/final project/vivado/SDF_64points_FFT/SDF_64points_FFT.srcs/sources_1/new/ROM_64.v:3]
INFO: [Synth 8-6157] synthesizing module 'Complex_multiplier_64pt' [D:/1111/DCCDL/final project/vivado/SDF_64points_FFT/SDF_64points_FFT.srcs/sources_1/new/Complex_multiplier_64pt.v:3]
	Parameter WL bound to: 14 - type: integer 
INFO: [Synth 8-6157] synthesizing module 'multiplier_15bits' [D:/1111/DCCDL/final project/vivado/SDF_64points_FFT/SDF_64points_FFT.srcs/sources_1/new/multiplier_15bits.v:3]
INFO: [Synth 8-6155] done synthesizing module 'multiplier_15bits' (3#1) [D:/1111/DCCDL/final project/vivado/SDF_64points_FFT/SDF_64points_FFT.srcs/sources_1/new/multiplier_15bits.v:3]
INFO: [Synth 8-6155] done synthesizing module 'Complex_multiplier_64pt' (4#1) [D:/1111/DCCDL/final project/vivado/SDF_64points_FFT/SDF_64points_FFT.srcs/sources_1/new/Complex_multiplier_64pt.v:3]
INFO: [Synth 8-6155] done synthesizing module 'stage1' (5#1) [D:/1111/DCCDL/final project/vivado/SDF_64points_FFT/SDF_64points_FFT.srcs/sources_1/new/stage1.v:2]
---------------------------------------------------------------------------------
Finished Synthesize : Time (s): cpu = 00:00:05 ; elapsed = 00:00:06 . Memory (MB): peak = 627.535 ; gain = 249.605
---------------------------------------------------------------------------------
---------------------------------------------------------------------------------
Finished Constraint Validation : Time (s): cpu = 00:00:06 ; elapsed = 00:00:07 . Memory (MB): peak = 627.535 ; gain = 249.605
---------------------------------------------------------------------------------
---------------------------------------------------------------------------------
Start Loading Part and Timing Information
---------------------------------------------------------------------------------
Loading part: xc7a200tfbg676-1
---------------------------------------------------------------------------------
INFO: [Device 21-403] Loading part xc7a200tfbg676-1
Finished Loading Part and Timing Information : Time (s): cpu = 00:00:06 ; elapsed = 00:00:07 . Memory (MB): peak = 627.535 ; gain = 249.605
---------------------------------------------------------------------------------
---------------------------------------------------------------------------------
Finished RTL Optimization Phase 2 : Time (s): cpu = 00:00:07 ; elapsed = 00:00:07 . Memory (MB): peak = 628.391 ; gain = 250.461
---------------------------------------------------------------------------------

Report RTL Partitions: 
+-+--------------+------------+----------+
| |RTL Partition |Replication |Instances |
+-+--------------+------------+----------+
+-+--------------+------------+----------+
No constraint files found.
---------------------------------------------------------------------------------
Start RTL Component Statistics 
---------------------------------------------------------------------------------
Detailed RTL Component Info : 
+---Adders : 
	   2 Input     15 Bit       Adders := 5     
	   3 Input     15 Bit       Adders := 5     
	   2 Input     14 Bit       Adders := 4     
	   3 Input     14 Bit       Adders := 4     
	   2 Input      7 Bit       Adders := 1     
+---Registers : 
	               13 Bit    Registers := 104   
	                7 Bit    Registers := 1     
+---Muxes : 
	   4 Input     13 Bit        Muxes := 14    
	   2 Input     13 Bit        Muxes := 4     
	   4 Input      1 Bit        Muxes := 49    
	   2 Input      1 Bit        Muxes := 16    
---------------------------------------------------------------------------------
Finished RTL Component Statistics 
---------------------------------------------------------------------------------
---------------------------------------------------------------------------------
Start RTL Hierarchical Component Statistics 
---------------------------------------------------------------------------------
Hierarchical RTL Component report 
Module stage1 
Detailed RTL Component Info : 
+---Adders : 
	   2 Input      7 Bit       Adders := 1     
+---Registers : 
	               13 Bit    Registers := 104   
	                7 Bit    Registers := 1     
+---Muxes : 
	   4 Input     13 Bit        Muxes := 14    
	   2 Input     13 Bit        Muxes := 4     
	   4 Input      1 Bit        Muxes := 49    
	   2 Input      1 Bit        Muxes := 16    
Module B_r4 
Detailed RTL Component Info : 
+---Adders : 
	   2 Input     15 Bit       Adders := 4     
	   3 Input     15 Bit       Adders := 4     
	   2 Input     14 Bit       Adders := 4     
	   3 Input     14 Bit       Adders := 4     
Module Complex_multiplier_64pt 
Detailed RTL Component Info : 
+---Adders : 
	   3 Input     15 Bit       Adders := 1     
	   2 Input     15 Bit       Adders := 1     
---------------------------------------------------------------------------------
Finished RTL Hierarchical Component Statistics
---------------------------------------------------------------------------------
---------------------------------------------------------------------------------
Start Part Resource Summary
---------------------------------------------------------------------------------
Part Resources:
DSPs: 740 (col length:100)
BRAMs: 730 (col length: RAMB18 100 RAMB36 50)
---------------------------------------------------------------------------------
Finished Part Resource Summary
---------------------------------------------------------------------------------
No constraint files found.
---------------------------------------------------------------------------------
Start Cross Boundary and Area Optimization
---------------------------------------------------------------------------------
Warning: Parallel synthesis criteria is not met 
DSP Report: Generating DSP M2/Z0, operation Mode is: A*B.
DSP Report: operator M2/Z0 is absorbed into DSP M2/Z0.
DSP Report: Generating DSP M1/Z0, operation Mode is: A*B.
DSP Report: operator M1/Z0 is absorbed into DSP M1/Z0.
DSP Report: Generating DSP M4/Z0, operation Mode is: A*B.
DSP Report: operator M4/Z0 is absorbed into DSP M4/Z0.
DSP Report: Generating DSP M3/Z0, operation Mode is: A*B.
DSP Report: operator M3/Z0 is absorbed into DSP M3/Z0.
---------------------------------------------------------------------------------
Finished Cross Boundary and Area Optimization : Time (s): cpu = 00:00:15 ; elapsed = 00:00:15 . Memory (MB): peak = 889.809 ; gain = 511.879
---------------------------------------------------------------------------------
---------------------------------------------------------------------------------
Start ROM, RAM, DSP and Shift Register Reporting
---------------------------------------------------------------------------------

ROM:
+------------+-------------+---------------+----------------+
|Module Name | RTL Object  | Depth x Width | Implemented As | 
+------------+-------------+---------------+----------------+
|ROM_64      | TF_real     | 64x12         | LUT            | 
|ROM_64      | TF_imag     | 64x11         | LUT            | 
|stage1      | rom/TF_real | 64x12         | LUT            | 
|stage1      | rom/TF_imag | 64x11         | LUT            | 
+------------+-------------+---------------+----------------+


DSP: Preliminary Mapping  Report (see note below)
+------------------+-------------+--------+--------+--------+--------+--------+------+------+------+------+-------+------+------+
|Module Name       | DSP Mapping | A Size | B Size | C Size | D Size | P Size | AREG | BREG | CREG | DREG | ADREG | MREG | PREG | 
+------------------+-------------+--------+--------+--------+--------+--------+------+------+------+------+-------+------+------+
|multiplier_15bits | A*B         | 15     | 12     | -      | -      | 27     | 0    | 0    | -    | -    | -     | 0    | 0    | 
|multiplier_15bits | A*B         | 15     | 12     | -      | -      | 27     | 0    | 0    | -    | -    | -     | 0    | 0    | 
|multiplier_15bits | A*B         | 15     | 12     | -      | -      | 27     | 0    | 0    | -    | -    | -     | 0    | 0    | 
|multiplier_15bits | A*B         | 15     | 12     | -      | -      | 27     | 0    | 0    | -    | -    | -     | 0    | 0    | 
+------------------+-------------+--------+--------+--------+--------+--------+------+------+------+------+-------+------+------+

Note: The table above is a preliminary report that shows the DSPs inferred at the current stage of the synthesis flow. Some DSP may be reimplemented as non DSP primitives later in the synthesis flow. Multiple instantiated DSPs are reported only once.
---------------------------------------------------------------------------------
Finished ROM, RAM, DSP and Shift Register Reporting
---------------------------------------------------------------------------------

Report RTL Partitions: 
+-+--------------+------------+----------+
| |RTL Partition |Replication |Instances |
+-+--------------+------------+----------+
+-+--------------+------------+----------+
No constraint files found.
---------------------------------------------------------------------------------
Start Timing Optimization
---------------------------------------------------------------------------------
---------------------------------------------------------------------------------
Finished Timing Optimization : Time (s): cpu = 00:00:15 ; elapsed = 00:00:16 . Memory (MB): peak = 890.688 ; gain = 512.758
---------------------------------------------------------------------------------

Report RTL Partitions: 
+-+--------------+------------+----------+
| |RTL Partition |Replication |Instances |
+-+--------------+------------+----------+
+-+--------------+------------+----------+
---------------------------------------------------------------------------------
Start Technology Mapping
---------------------------------------------------------------------------------
---------------------------------------------------------------------------------
Finished Technology Mapping : Time (s): cpu = 00:00:16 ; elapsed = 00:00:16 . Memory (MB): peak = 890.836 ; gain = 512.906
---------------------------------------------------------------------------------

Report RTL Partitions: 
+-+--------------+------------+----------+
| |RTL Partition |Replication |Instances |
+-+--------------+------------+----------+
+-+--------------+------------+----------+
---------------------------------------------------------------------------------
Start IO Insertion
---------------------------------------------------------------------------------
---------------------------------------------------------------------------------
Start Flattening Before IO Insertion
---------------------------------------------------------------------------------
---------------------------------------------------------------------------------
Finished Flattening Before IO Insertion
---------------------------------------------------------------------------------
---------------------------------------------------------------------------------
Start Final Netlist Cleanup
---------------------------------------------------------------------------------
---------------------------------------------------------------------------------
Finished Final Netlist Cleanup
---------------------------------------------------------------------------------
---------------------------------------------------------------------------------
Finished IO Insertion : Time (s): cpu = 00:00:18 ; elapsed = 00:00:19 . Memory (MB): peak = 890.836 ; gain = 512.906
---------------------------------------------------------------------------------

Report Check Netlist: 
+------+------------------+-------+---------+-------+------------------+
|      |Item              |Errors |Warnings |Status |Description       |
+------+------------------+-------+---------+-------+------------------+
|1     |multi_driven_nets |      0|        0|Passed |Multi driven nets |
+------+------------------+-------+---------+-------+------------------+
---------------------------------------------------------------------------------
Start Renaming Generated Instances
---------------------------------------------------------------------------------
---------------------------------------------------------------------------------
Finished Renaming Generated Instances : Time (s): cpu = 00:00:18 ; elapsed = 00:00:19 . Memory (MB): peak = 890.836 ; gain = 512.906
---------------------------------------------------------------------------------

Report RTL Partitions: 
+-+--------------+------------+----------+
| |RTL Partition |Replication |Instances |
+-+--------------+------------+----------+
+-+--------------+------------+----------+
---------------------------------------------------------------------------------
Start Rebuilding User Hierarchy
---------------------------------------------------------------------------------
---------------------------------------------------------------------------------
Finished Rebuilding User Hierarchy : Time (s): cpu = 00:00:18 ; elapsed = 00:00:19 . Memory (MB): peak = 890.836 ; gain = 512.906
---------------------------------------------------------------------------------
---------------------------------------------------------------------------------
Start Renaming Generated Ports
---------------------------------------------------------------------------------
---------------------------------------------------------------------------------
Finished Renaming Generated Ports : Time (s): cpu = 00:00:18 ; elapsed = 00:00:19 . Memory (MB): peak = 890.836 ; gain = 512.906
---------------------------------------------------------------------------------
---------------------------------------------------------------------------------
Start Handling Custom Attributes
---------------------------------------------------------------------------------
---------------------------------------------------------------------------------
Finished Handling Custom Attributes : Time (s): cpu = 00:00:18 ; elapsed = 00:00:19 . Memory (MB): peak = 890.836 ; gain = 512.906
---------------------------------------------------------------------------------
---------------------------------------------------------------------------------
Start Renaming Generated Nets
---------------------------------------------------------------------------------
---------------------------------------------------------------------------------
Finished Renaming Generated Nets : Time (s): cpu = 00:00:18 ; elapsed = 00:00:19 . Memory (MB): peak = 890.836 ; gain = 512.906
---------------------------------------------------------------------------------
---------------------------------------------------------------------------------
Start Writing Synthesis Report
---------------------------------------------------------------------------------

Report BlackBoxes: 
+-+--------------+----------+
| |BlackBox name |Instances |
+-+--------------+----------+
+-+--------------+----------+

Report Cell Usage: 
+------+--------+------+
|      |Cell    |Count |
+------+--------+------+
|1     |BUFG    |     1|
|2     |CARRY4  |    72|
|3     |DSP48E1 |     4|
|4     |LUT1    |     7|
|5     |LUT2    |   244|
|6     |LUT3    |   173|
|7     |LUT4    |    31|
|8     |LUT5    |    59|
|9     |LUT6    |   344|
|10    |MUXF7   |   156|
|11    |MUXF8   |    78|
|12    |FDCE    |  1352|
|13    |FDPE    |    15|
|14    |IBUF    |    28|
|15    |OBUF    |    30|
+------+--------+------+

Report Instance Areas: 
+------+---------+------------------------+------+
|      |Instance |Module                  |Cells |
+------+---------+------------------------+------+
|1     |top      |                        |  2594|
|2     |  B1     |B_r4                    |   324|
|3     |  M1     |Complex_multiplier_64pt |    93|
|4     |    M1   |multiplier_15bits       |    39|
|5     |    M2   |multiplier_15bits_0     |     1|
|6     |    M3   |multiplier_15bits_1     |    26|
|7     |    M4   |multiplier_15bits_2     |    27|
+------+---------+------------------------+------+
---------------------------------------------------------------------------------
Finished Writing Synthesis Report : Time (s): cpu = 00:00:18 ; elapsed = 00:00:19 . Memory (MB): peak = 890.836 ; gain = 512.906
---------------------------------------------------------------------------------
Synthesis finished with 0 errors, 0 critical warnings and 0 warnings.
Synthesis Optimization Runtime : Time (s): cpu = 00:00:18 ; elapsed = 00:00:19 . Memory (MB): peak = 890.836 ; gain = 512.906
Synthesis Optimization Complete : Time (s): cpu = 00:00:18 ; elapsed = 00:00:19 . Memory (MB): peak = 890.836 ; gain = 512.906
INFO: [Project 1-571] Translating synthesized netlist
INFO: [Netlist 29-17] Analyzing 310 Unisim elements for replacement
INFO: [Netlist 29-28] Unisim Transformation completed in 0 CPU seconds
WARNING: [Netlist 29-101] Netlist 'stage1' is not ideal for floorplanning, since the cellview 'stage1' contains a large number of primitives.  Please consider enabling hierarchy in synthesis if you want to do floorplanning.
INFO: [Project 1-570] Preparing netlist for logic optimization
INFO: [Opt 31-138] Pushed 0 inverter(s) to 0 load pin(s).
Netlist sorting complete. Time (s): cpu = 00:00:00 ; elapsed = 00:00:00 . Memory (MB): peak = 950.000 ; gain = 0.000
INFO: [Project 1-111] Unisim Transformation Summary:
No Unisim elements were transformed.

INFO: [Common 17-83] Releasing license: Synthesis
19 Infos, 1 Warnings, 0 Critical Warnings and 0 Errors encountered.
synth_design completed successfully
synth_design: Time (s): cpu = 00:00:25 ; elapsed = 00:00:27 . Memory (MB): peak = 950.000 ; gain = 595.914
Netlist sorting complete. Time (s): cpu = 00:00:00 ; elapsed = 00:00:00.002 . Memory (MB): peak = 950.000 ; gain = 0.000
WARNING: [Constraints 18-5210] No constraints selected for write.
Resolution: This message can indicate that there are no constraints for the design, or it can indicate that the used_in flags are set such that the constraints are ignored. This later case is used when running synth_design to not write synthesis constraints to the resulting checkpoint. Instead, project constraints are read when the synthesized design is opened.
INFO: [Common 17-1381] The checkpoint 'D:/1111/DCCDL/final project/vivado/SDF_64points_FFT/SDF_64points_FFT.runs/synth_1/stage1.dcp' has been generated.
INFO: [runtcl-4] Executing : report_utilization -file stage1_utilization_synth.rpt -pb stage1_utilization_synth.pb
INFO: [Common 17-206] Exiting Vivado at Fri Dec 30 19:53:50 2022...
