#-----------------------------------------------------------
# Vivado v2019.1 (64-bit)
# SW Build 2552052 on Fri May 24 14:49:42 MDT 2019
# IP Build 2548770 on Fri May 24 18:01:18 MDT 2019
# Start of session at: Mon Jan  2 12:34:29 2023
# Process ID: 22716
# Current directory: D:/1111/DCCDL/final project/vivado/at_home
# Command line: vivado.exe -gui_launcher_event rodinguilauncherevent25252 D:\1111\DCCDL\final project\vivado\at_home\at_home.xpr
# Log file: D:/1111/DCCDL/final project/vivado/at_home/vivado.log
# Journal file: D:/1111/DCCDL/final project/vivado/at_home\vivado.jou
#-----------------------------------------------------------
start_gui
exit
INFO: [Common 17-206] Exiting Vivado at Mon Jan  2 14:34:29 2023...
O: [Project 1-313] Project file moved from 'E:/1111/DCCDL/final project/vivado/at_home' since last save.
ERROR: [Project 1-208] No val for DA Elab Attr
Scanning sources...
Finished scanning sources
CRITICAL WARNING: [Project 1-532] XML ERROR: Project Option SimulatorInstallDirModelSim has no valid value
CRITICAL WARNING: [Project 1-532] XML ERROR: Project Option SimulatorInstallDirQuesta has no valid value
CRITICAL WARNING: [Project 1-532] XML ERROR: Project Option SimulatorInstallDirIES has no valid value
CRITICAL WARNING: [Project 1-532] XML ERROR: Project Option SimulatorInstallDirXcelium has no valid value
CRITICAL WARNING: [Project 1-532] XML ERROR: Project Option SimulatorInstallDirVCS has no valid value
CRITICAL WARNING: [Project 1-532] XML ERROR: Project Option SimulatorInstallDirRiviera has no valid value
CRITICAL WARNING: [Project 1-532] XML ERROR: Project Option SimulatorInstallDirActiveHdl has no valid value
CRITICAL WARNING: [Project 1-532] XML ERROR: Project Option SimulatorGccInstallDirModelSim has no valid value
CRITICAL WARNING: [Project 1-532] XML ERROR: Project Option SimulatorGccInstallDirQuesta has no valid value
CRITICAL WARNING: [Project 1-532] XML ERROR: Project Option SimulatorGccInstallDirIES has no valid value
CRITICAL WARNING: [Project 1-532] XML ERROR: Project Option SimulatorGccInstallDirXcelium has no valid value
CRITICAL WARNING: [Project 1-532] XML ERROR: Project Option SimulatorGccInstallDirVCS has no valid value
CRITICAL WARNING: [Project 1-532] XML ERROR: Project Option SimulatorGccInstallDirRiviera has no valid value
CRITICAL WARNING: [Project 1-532] XML ERROR: Project Option SimulatorGccInstallDirActiveHdl has no valid value
CRITICAL WARNING: [Project 1-505] Unrecognized Option Name DcpsUptoDate
WARNING: [Project 1-231] Project 'at_home.xpr' was created with a future version and may or may not perform reliably with this version of Vivado. It has been opened in read-only mode for the protection of unrecognized data. Use 'File | Save Project As...' if you wish to alter a copy of the project.
INFO: [IP_Flow 19-234] Refreshing IP repositories
INFO: [IP_Flow 19-1704] No user IP repositories specified
INFO: [IP_Flow 19-2313] Loaded Vivado IP repository 'C:/Xilinx/Vivado/2019.1/data/ip'.
open_project: Time (s): cpu = 00:00:13 ; elapsed = 00:00:06 . Memory (MB): peak = 889.422 ; gain = 0.000
ERROR: [Common 17-39] 'open_project' failed due to earlier errors.
update_compile_order -fileset sources_1
save_project_as at_lab {D:/1111/DCCDL/final project/vivado/at_lab} -force
save_project_as: Time (s): cpu = 00:00:17 ; elapsed = 00:00:06 . Memory (MB): peak = 889.422 ; gain = 0.000
import_files
INFO: [filemgmt 20-334] All file(s) are already imported in fileset: 'sim_1'
INFO: [filemgmt 20-348] Importing the appropriate files for fileset: 'sim_1'
INFO: [filemgmt 20-334] All file(s) are already imported in fileset: 'sources_1'
INFO: [filemgmt 20-348] Importing the appropriate files for fileset: 'sources_1'
launch_simulation
INFO: [Vivado 12-5682] Launching behavioral simulation in 'D:/1111/DCCDL/final project/vivado/at_lab/at_lab.sim/sim_1/behav/xsim'
INFO: [SIM-utils-51] Simulation object is 'sim_1'
INFO: [SIM-utils-54] Inspecting design source files for 'stage1_tb' in fileset 'sim_1'...
INFO: [USF-XSim-97] Finding global include files...
INFO: [USF-XSim-98] Fetching design files from 'sim_1'...
INFO: [USF-XSim-2] XSim::Compile design
INFO: [USF-XSim-61] Executing 'COMPILE and ANALYZE' step in 'D:/1111/DCCDL/final project/vivado/at_lab/at_lab.sim/sim_1/behav/xsim'
"xvlog --incr --relax -prj stage1_tb_vlog.prj"
INFO: [VRFC 10-2263] Analyzing Verilog file "D:/1111/DCCDL/final project/vivado/at_lab/at_lab.srcs/sources_1/new/B_r4.v" into library xil_defaultlib
INFO: [VRFC 10-311] analyzing module B_r4
INFO: [VRFC 10-2263] Analyzing Verilog file "D:/1111/DCCDL/final project/vivado/at_lab/at_lab.srcs/sources_1/new/Complex_multiplier_64pt.v" into library xil_defaultlib
INFO: [VRFC 10-311] analyzing module Complex_multiplier_64pt
INFO: [VRFC 10-2263] Analyzing Verilog file "D:/1111/DCCDL/final project/vivado/at_lab/at_lab.srcs/sources_1/new/ROM_64.v" into library xil_defaultlib
INFO: [VRFC 10-311] analyzing module ROM_64
INFO: [VRFC 10-2263] Analyzing Verilog file "D:/1111/DCCDL/final project/vivado/at_lab/at_lab.srcs/sources_1/new/multiplier_15bits.v" into library xil_defaultlib
INFO: [VRFC 10-311] analyzing module multiplier_15bits
INFO: [VRFC 10-2263] Analyzing Verilog file "D:/1111/DCCDL/final project/vivado/at_lab/at_lab.srcs/sources_1/new/stage1.v" into library xil_defaultlib
INFO: [VRFC 10-311] analyzing module stage1
INFO: [VRFC 10-2263] Analyzing Verilog file "D:/1111/DCCDL/final project/vivado/at_lab/at_lab.srcs/sim_1/new/stage1_tb.v" into library xil_defaultlib
INFO: [VRFC 10-311] analyzing module stage1_tb
INFO: [VRFC 10-2263] Analyzing Verilog file "D:/1111/DCCDL/final project/vivado/at_lab/at_lab.sim/sim_1/behav/xsim/glbl.v" into library xil_defaultlib
INFO: [VRFC 10-311] analyzing module glbl
INFO: [USF-XSim-69] 'compile' step finished in '2' seconds
INFO: [USF-XSim-3] XSim::Elaborate design
INFO: [USF-XSim-61] Executing 'ELABORATE' step in 'D:/1111/DCCDL/final project/vivado/at_lab/at_lab.sim/sim_1/behav/xsim'
"xelab -wto c3686c0809ac4e8db67655cd317696fb --incr --debug typical --relax --mt 2 -L xil_defaultlib -L unisims_ver -L unimacro_ver -L secureip --snapshot stage1_tb_behav xil_defaultlib.stage1_tb xil_defaultlib.glbl -log elaborate.log"
Vivado Simulator 2019.1
Copyright 1986-1999, 2001-2019 Xilinx, Inc. All Rights Reserved.
Running: C:/Xilinx/Vivado/2019.1/bin/unwrapped/win64.o/xelab.exe -wto c3686c0809ac4e8db67655cd317696fb --incr --debug typical --relax --mt 2 -L xil_defaultlib -L unisims_ver -L unimacro_ver -L secureip --snapshot stage1_tb_behav xil_defaultlib.stage1_tb xil_defaultlib.glbl -log elaborate.log 
Using 2 slave threads.
Starting static elaboration
Completed static elaboration
Starting simulation data flow analysis
Completed simulation data flow analysis
Time Resolution for simulation is 1ps
Compiling module xil_defaultlib.B_r4
Compiling module xil_defaultlib.ROM_64
Compiling module xil_defaultlib.multiplier_15bits
Compiling module xil_defaultlib.Complex_multiplier_64pt
Compiling module xil_defaultlib.stage1
Compiling module xil_defaultlib.stage1_tb
Compiling module xil_defaultlib.glbl
Built simulation snapshot stage1_tb_behav

****** Webtalk v2019.1 (64-bit)
  **** SW Build 2552052 on Fri May 24 14:49:42 MDT 2019
  **** IP Build 2548770 on Fri May 24 18:01:18 MDT 2019
    ** Copyright 1986-2019 Xilinx, Inc. All Rights Reserved.

source D:/1111/DCCDL/final -notrace
couldn't read file "D:/1111/DCCDL/final": permission denied
INFO: [Common 17-206] Exiting Webtalk at Mon Jan  2 12:36:18 2023...
INFO: [USF-XSim-69] 'elaborate' step finished in '4' seconds
INFO: [USF-XSim-4] XSim::Simulate design
INFO: [USF-XSim-61] Executing 'SIMULATE' step in 'D:/1111/DCCDL/final project/vivado/at_lab/at_lab.sim/sim_1/behav/xsim'
INFO: [USF-XSim-98] *** Running xsim
   with args "stage1_tb_behav -key {Behavioral:sim_1:Functional:stage1_tb} -tclbatch {stage1_tb.tcl} -view {{D:/1111/DCCDL/final project/vivado/at_lab/at_lab.srcs/sim_1/imports/SDF_64points_FFT/butterfly_test_tb_time_synth.wcfg}} -log {simulate.log}"
INFO: [USF-XSim-8] Loading simulator feature
Vivado Simulator 2019.1
Time resolution is 1 ps
open_wave_config {D:/1111/DCCDL/final project/vivado/at_lab/at_lab.srcs/sim_1/imports/SDF_64points_FFT/butterfly_test_tb_time_synth.wcfg}
source stage1_tb.tcl
# set curr_wave [current_wave_config]
# if { [string length $curr_wave] == 0 } {
#   if { [llength [get_objects]] > 0} {
#     add_wave /
#     set_property needs_save false [current_wave_config]
#   } else {
#      send_msg_id Add_Wave-1 WARNING "No top level signals found. Simulator will start without a wave window. If you want to open a wave window go to 'File->New Waveform Configuration' or type 'create_wave_config' in the TCL console."
#   }
# }
# run 1000ns
INFO: [USF-XSim-96] XSim completed. Design snapshot 'stage1_tb_behav' loaded.
INFO: [USF-XSim-97] XSim simulation ran for 1000ns
launch_simulation: Time (s): cpu = 00:00:14 ; elapsed = 00:00:11 . Memory (MB): peak = 889.422 ; gain = 0.000
run 500 ns
run 500 ns
run 500 ns
run 500 ns
close_sim
INFO: [Simtcl 6-16] Simulation closed
set_property top stage_1 [current_fileset]
update_compile_order -fileset sources_1
reset_run synth_1
launch_runs synth_1 -jobs 4
[Mon Jan  2 14:26:56 2023] Launched synth_1...
Run output will be captured here: D:/1111/DCCDL/final project/vivado/at_lab/at_lab.runs/synth_1/runme.log
launch_simulation
INFO: [Vivado 12-5682] Launching behavioral simulation in 'D:/1111/DCCDL/final project/vivado/at_lab/at_lab.sim/sim_1/behav/xsim'
INFO: [SIM-utils-51] Simulation object is 'sim_1'
INFO: [SIM-utils-54] Inspecting design source files for 'stage1_tb' in fileset 'sim_1'...
INFO: [USF-XSim-97] Finding global include files...
INFO: [USF-XSim-98] Fetching design files from 'sim_1'...
INFO: [USF-XSim-2] XSim::Compile design
INFO: [USF-XSim-61] Executing 'COMPILE and ANALYZE' step in 'D:/1111/DCCDL/final project/vivado/at_lab/at_lab.sim/sim_1/behav/xsim'
"xvlog --incr --relax -prj stage1_tb_vlog.prj"
INFO: [USF-XSim-69] 'compile' step finished in '2' seconds
INFO: [USF-XSim-3] XSim::Elaborate design
INFO: [USF-XSim-61] Executing 'ELABORATE' step in 'D:/1111/DCCDL/final project/vivado/at_lab/at_lab.sim/sim_1/behav/xsim'
"xelab -wto c3686c0809ac4e8db67655cd317696fb --incr --debug typical --relax --mt 2 -L xil_defaultlib -L unisims_ver -L unimacro_ver -L secureip --snapshot stage1_tb_behav xil_defaultlib.stage1_tb xil_defaultlib.glbl -log elaborate.log"
Vivado Simulator 2019.1
Copyright 1986-1999, 2001-2019 Xilinx, Inc. All Rights Reserved.
Running: C:/Xilinx/Vivado/2019.1/bin/unwrapped/win64.o/xelab.exe -wto c3686c0809ac4e8db67655cd317696fb --incr --debug typical --relax --mt 2 -L xil_defaultlib -L unisims_ver -L unimacro_ver -L secureip --snapshot stage1_tb_behav xil_defaultlib.stage1_tb xil_defaultlib.glbl -log elaborate.log 
Using 2 slave threads.
Starting static elaboration
Completed static elaboration
INFO: [XSIM 43-4323] No Change in HDL. Linking previously generated obj files to create kernel
INFO: [USF-XSim-69] 'elaborate' step finished in '1' seconds
INFO: [USF-XSim-4] XSim::Simulate design
INFO: [USF-XSim-61] Executing 'SIMULATE' step in 'D:/1111/DCCDL/final project/vivado/at_lab/at_lab.sim/sim_1/behav/xsim'
INFO: [USF-XSim-98] *** Running xsim
   with args "stage1_tb_behav -key {Behavioral:sim_1:Functional:stage1_tb} -tclbatch {stage1_tb.tcl} -view {{D:/1111/DCCDL/final project/vivado/at_lab/at_lab.srcs/sim_1/imports/SDF_64points_FFT/butterfly_test_tb_time_synth.wcfg}} -log {simulate.log}"
INFO: [USF-XSim-8] Loading simulator feature
Vivado Simulator 2019.1
Time resolution is 1 ps
open_wave_config {D:/1111/DCCDL/final project/vivado/at_lab/at_lab.srcs/sim_1/imports/SDF_64points_FFT/butterfly_test_tb_time_synth.wcfg}
source stage1_tb.tcl
# set curr_wave [current_wave_config]
# if { [string length $curr_wave] == 0 } {
#   if { [llength [get_objects]] > 0} {
#     add_wave /
#     set_property needs_save false [current_wave_config]
#   } else {
#      send_msg_id Add_Wave-1 WARNING "No top level signals found. Simulator will start without a wave window. If you want to open a wave window go to 'File->New Waveform Configuration' or type 'create_wave_config' in the TCL console."
#   }
# }
# run 1000ns
INFO: [USF-XSim-96] XSim completed. Design snapshot 'stage1_tb_behav' loaded.
INFO: [USF-XSim-97] XSim simulation ran for 1000ns
launch_simulation: Time (s): cpu = 00:00:05 ; elapsed = 00:00:07 . Memory (MB): peak = 889.422 ; gain = 0.000
close_sim
INFO: [Simtcl 6-16] Simulation closed
launch_simulation
INFO: [Vivado 12-5682] Launching behavioral simulation in 'D:/1111/DCCDL/final project/vivado/at_lab/at_lab.sim/sim_1/behav/xsim'
INFO: [SIM-utils-51] Simulation object is 'sim_1'
INFO: [SIM-utils-54] Inspecting design source files for 'stage1_tb' in fileset 'sim_1'...
INFO: [USF-XSim-97] Finding global include files...
INFO: [USF-XSim-98] Fetching design files from 'sim_1'...
INFO: [USF-XSim-2] XSim::Compile design
INFO: [USF-XSim-61] Executing 'COMPILE and ANALYZE' step in 'D:/1111/DCCDL/final project/vivado/at_lab/at_lab.sim/sim_1/behav/xsim'
"xvlog --incr --relax -prj stage1_tb_vlog.prj"
INFO: [VRFC 10-2263] Analyzing Verilog file "D:/1111/DCCDL/final project/vivado/at_lab/at_lab.srcs/sources_1/new/Complex_multiplier_64pt.v" into library xil_defaultlib
INFO: [VRFC 10-311] analyzing module Complex_multiplier_64pt
INFO: [VRFC 10-2263] Analyzing Verilog file "D:/1111/DCCDL/final project/vivado/at_lab/at_lab.srcs/sources_1/new/ROM_64.v" into library xil_defaultlib
INFO: [VRFC 10-311] analyzing module ROM_64
INFO: [VRFC 10-2263] Analyzing Verilog file "D:/1111/DCCDL/final project/vivado/at_lab/at_lab.srcs/sources_1/new/butterfly_radix4.v" into library xil_defaultlib
INFO: [VRFC 10-311] analyzing module butterfly_radix4
INFO: [VRFC 10-2263] Analyzing Verilog file "D:/1111/DCCDL/final project/vivado/at_lab/at_lab.srcs/sources_1/new/multiplier_15bits.v" into library xil_defaultlib
INFO: [VRFC 10-311] analyzing module multiplier_15bits
INFO: [VRFC 10-2263] Analyzing Verilog file "D:/1111/DCCDL/final project/vivado/at_lab/at_lab.srcs/sources_1/new/stage_1.v" into library xil_defaultlib
INFO: [VRFC 10-311] analyzing module stage_1
INFO: [VRFC 10-2458] undeclared symbol control_S1_1, assumed default net type wire [D:/1111/DCCDL/final project/vivado/at_lab/at_lab.srcs/sources_1/new/stage_1.v:49]
INFO: [VRFC 10-2263] Analyzing Verilog file "D:/1111/DCCDL/final project/vivado/at_lab/at_lab.srcs/sim_1/new/stage1_tb.v" into library xil_defaultlib
INFO: [VRFC 10-311] analyzing module stage1_tb
INFO: [USF-XSim-69] 'compile' step finished in '2' seconds
INFO: [USF-XSim-3] XSim::Elaborate design
INFO: [USF-XSim-61] Executing 'ELABORATE' step in 'D:/1111/DCCDL/final project/vivado/at_lab/at_lab.sim/sim_1/behav/xsim'
"xelab -wto c3686c0809ac4e8db67655cd317696fb --incr --debug typical --relax --mt 2 -L xil_defaultlib -L unisims_ver -L unimacro_ver -L secureip --snapshot stage1_tb_behav xil_defaultlib.stage1_tb xil_defaultlib.glbl -log elaborate.log"
Vivado Simulator 2019.1
Copyright 1986-1999, 2001-2019 Xilinx, Inc. All Rights Reserved.
Running: C:/Xilinx/Vivado/2019.1/bin/unwrapped/win64.o/xelab.exe -wto c3686c0809ac4e8db67655cd317696fb --incr --debug typical --relax --mt 2 -L xil_defaultlib -L unisims_ver -L unimacro_ver -L secureip --snapshot stage1_tb_behav xil_defaultlib.stage1_tb xil_defaultlib.glbl -log elaborate.log 
Using 2 slave threads.
Starting static elaboration
WARNING: [VRFC 10-3091] actual bit length 13 differs from formal bit length 15 for port 'in_real_1' [D:/1111/DCCDL/final project/vivado/at_lab/at_lab.srcs/sources_1/new/stage_1.v:38]
WARNING: [VRFC 10-3091] actual bit length 13 differs from formal bit length 15 for port 'in_imag_1' [D:/1111/DCCDL/final project/vivado/at_lab/at_lab.srcs/sources_1/new/stage_1.v:40]
Completed static elaboration
Starting simulation data flow analysis
Completed simulation data flow analysis
Time Resolution for simulation is 1ps
Compiling module xil_defaultlib.butterfly_radix4
Compiling module xil_defaultlib.ROM_64
Compiling module xil_defaultlib.multiplier_15bits
Compiling module xil_defaultlib.Complex_multiplier_64pt
Compiling module xil_defaultlib.stage_1
Compiling module xil_defaultlib.stage1_tb
Compiling module xil_defaultlib.glbl
Built simulation snapshot stage1_tb_behav
INFO: [USF-XSim-69] 'elaborate' step finished in '2' seconds
INFO: [USF-XSim-4] XSim::Simulate design
INFO: [USF-XSim-61] Executing 'SIMULATE' step in 'D:/1111/DCCDL/final project/vivado/at_lab/at_lab.sim/sim_1/behav/xsim'
INFO: [USF-XSim-98] *** Running xsim
   with args "stage1_tb_behav -key {Behavioral:sim_1:Functional:stage1_tb} -tclbatch {stage1_tb.tcl} -view {{D:/1111/DCCDL/final project/vivado/at_lab/at_lab.srcs/sim_1/imports/SDF_64points_FFT/butterfly_test_tb_time_synth.wcfg}} -log {simulate.log}"
INFO: [USF-XSim-8] Loading simulator feature
Vivado Simulator 2019.1
Time resolution is 1 ps
open_wave_config {D:/1111/DCCDL/final project/vivado/at_lab/at_lab.srcs/sim_1/imports/SDF_64points_FFT/butterfly_test_tb_time_synth.wcfg}
source stage1_tb.tcl
# set curr_wave [current_wave_config]
# if { [string length $curr_wave] == 0 } {
#   if { [llength [get_objects]] > 0} {
#     add_wave /
#     set_property needs_save false [current_wave_config]
#   } else {
#      send_msg_id Add_Wave-1 WARNING "No top level signals found. Simulator will start without a wave window. If you want to open a wave window go to 'File->New Waveform Configuration' or type 'create_wave_config' in the TCL console."
#   }
# }
# run 1000ns
INFO: [USF-XSim-96] XSim completed. Design snapshot 'stage1_tb_behav' loaded.
INFO: [USF-XSim-97] XSim simulation ran for 1000ns
launch_simulation: Time (s): cpu = 00:00:05 ; elapsed = 00:00:07 . Memory (MB): peak = 889.422 ; gain = 0.000
run 500 ns
run 500 ns
relaunch_sim
INFO: [Vivado 12-5682] Launching behavioral simulation in 'D:/1111/DCCDL/final project/vivado/at_lab/at_lab.sim/sim_1/behav/xsim'
INFO: [SIM-utils-51] Simulation object is 'sim_1'
INFO: [SIM-utils-54] Inspecting design source files for 'stage1_tb' in fileset 'sim_1'...
INFO: [USF-XSim-97] Finding global include files...
INFO: [USF-XSim-98] Fetching design files from 'sim_1'...
INFO: [USF-XSim-2] XSim::Compile design
INFO: [USF-XSim-61] Executing 'COMPILE and ANALYZE' step in 'D:/1111/DCCDL/final project/vivado/at_lab/at_lab.sim/sim_1/behav/xsim'
"xvlog --incr --relax -prj stage1_tb_vlog.prj"
INFO: [USF-XSim-69] 'compile' step finished in '1' seconds
INFO: [Vivado 12-5682] Launching behavioral simulation in 'D:/1111/DCCDL/final project/vivado/at_lab/at_lab.sim/sim_1/behav/xsim'
INFO: [USF-XSim-3] XSim::Elaborate design
INFO: [USF-XSim-61] Executing 'ELABORATE' step in 'D:/1111/DCCDL/final project/vivado/at_lab/at_lab.sim/sim_1/behav/xsim'
"xelab -wto c3686c0809ac4e8db67655cd317696fb --incr --debug typical --relax --mt 2 -L xil_defaultlib -L unisims_ver -L unimacro_ver -L secureip --snapshot stage1_tb_behav xil_defaultlib.stage1_tb xil_defaultlib.glbl -log elaborate.log"
Vivado Simulator 2019.1
Copyright 1986-1999, 2001-2019 Xilinx, Inc. All Rights Reserved.
Running: C:/Xilinx/Vivado/2019.1/bin/unwrapped/win64.o/xelab.exe -wto c3686c0809ac4e8db67655cd317696fb --incr --debug typical --relax --mt 2 -L xil_defaultlib -L unisims_ver -L unimacro_ver -L secureip --snapshot stage1_tb_behav xil_defaultlib.stage1_tb xil_defaultlib.glbl -log elaborate.log 
Using 2 slave threads.
Starting static elaboration
WARNING: [VRFC 10-3091] actual bit length 13 differs from formal bit length 15 for port 'in_real_1' [D:/1111/DCCDL/final project/vivado/at_lab/at_lab.srcs/sources_1/new/stage_1.v:38]
WARNING: [VRFC 10-3091] actual bit length 13 differs from formal bit length 15 for port 'in_imag_1' [D:/1111/DCCDL/final project/vivado/at_lab/at_lab.srcs/sources_1/new/stage_1.v:40]
Completed static elaboration
INFO: [XSIM 43-4323] No Change in HDL. Linking previously generated obj files to create kernel
INFO: [USF-XSim-69] 'elaborate' step finished in '2' seconds
Vivado Simulator 2019.1
Time resolution is 1 ps
relaunch_sim: Time (s): cpu = 00:00:03 ; elapsed = 00:00:07 . Memory (MB): peak = 1007.375 ; gain = 22.488
relaunch_sim
INFO: [Vivado 12-5682] Launching behavioral simulation in 'D:/1111/DCCDL/final project/vivado/at_lab/at_lab.sim/sim_1/behav/xsim'
INFO: [SIM-utils-51] Simulation object is 'sim_1'
INFO: [SIM-utils-54] Inspecting design source files for 'stage1_tb' in fileset 'sim_1'...
INFO: [USF-XSim-97] Finding global include files...
INFO: [USF-XSim-98] Fetching design files from 'sim_1'...
INFO: [USF-XSim-2] XSim::Compile design
INFO: [USF-XSim-61] Executing 'COMPILE and ANALYZE' step in 'D:/1111/DCCDL/final project/vivado/at_lab/at_lab.sim/sim_1/behav/xsim'
"xvlog --incr --relax -prj stage1_tb_vlog.prj"
INFO: [VRFC 10-2263] Analyzing Verilog file "D:/1111/DCCDL/final project/vivado/at_lab/at_lab.srcs/sources_1/new/Complex_multiplier_64pt.v" into library xil_defaultlib
INFO: [VRFC 10-311] analyzing module Complex_multiplier_64pt
INFO: [VRFC 10-2263] Analyzing Verilog file "D:/1111/DCCDL/final project/vivado/at_lab/at_lab.srcs/sources_1/new/ROM_64.v" into library xil_defaultlib
INFO: [VRFC 10-311] analyzing module ROM_64
INFO: [VRFC 10-2263] Analyzing Verilog file "D:/1111/DCCDL/final project/vivado/at_lab/at_lab.srcs/sources_1/new/butterfly_radix4.v" into library xil_defaultlib
INFO: [VRFC 10-311] analyzing module butterfly_radix4
INFO: [VRFC 10-2263] Analyzing Verilog file "D:/1111/DCCDL/final project/vivado/at_lab/at_lab.srcs/sources_1/new/multiplier_15bits.v" into library xil_defaultlib
INFO: [VRFC 10-311] analyzing module multiplier_15bits
INFO: [VRFC 10-2263] Analyzing Verilog file "D:/1111/DCCDL/final project/vivado/at_lab/at_lab.srcs/sources_1/new/stage_1.v" into library xil_defaultlib
INFO: [VRFC 10-311] analyzing module stage_1
INFO: [VRFC 10-2458] undeclared symbol control_S1_1, assumed default net type wire [D:/1111/DCCDL/final project/vivado/at_lab/at_lab.srcs/sources_1/new/stage_1.v:49]
INFO: [VRFC 10-2263] Analyzing Verilog file "D:/1111/DCCDL/final project/vivado/at_lab/at_lab.srcs/sim_1/new/stage1_tb.v" into library xil_defaultlib
INFO: [VRFC 10-311] analyzing module stage1_tb
INFO: [USF-XSim-69] 'compile' step finished in '2' seconds
INFO: [Vivado 12-5682] Launching behavioral simulation in 'D:/1111/DCCDL/final project/vivado/at_lab/at_lab.sim/sim_1/behav/xsim'
INFO: [USF-XSim-3] XSim::Elaborate design
INFO: [USF-XSim-61] Executing 'ELABORATE' step in 'D:/1111/DCCDL/final project/vivado/at_lab/at_lab.sim/sim_1/behav/xsim'
"xelab -wto c3686c0809ac4e8db67655cd317696fb --incr --debug typical --relax --mt 2 -L xil_defaultlib -L unisims_ver -L unimacro_ver -L secureip --snapshot stage1_tb_behav xil_defaultlib.stage1_tb xil_defaultlib.glbl -log elaborate.log"
Vivado Simulator 2019.1
Copyright 1986-1999, 2001-2019 Xilinx, Inc. All Rights Reserved.
Running: C:/Xilinx/Vivado/2019.1/bin/unwrapped/win64.o/xelab.exe -wto c3686c0809ac4e8db67655cd317696fb --incr --debug typical --relax --mt 2 -L xil_defaultlib -L unisims_ver -L unimacro_ver -L secureip --snapshot stage1_tb_behav xil_defaultlib.stage1_tb xil_defaultlib.glbl -log elaborate.log 
Using 2 slave threads.
Starting static elaboration
WARNING: [VRFC 10-3091] actual bit length 13 differs from formal bit length 15 for port 'in_real_1' [D:/1111/DCCDL/final project/vivado/at_lab/at_lab.srcs/sources_1/new/stage_1.v:38]
WARNING: [VRFC 10-3091] actual bit length 13 differs from formal bit length 15 for port 'in_imag_1' [D:/1111/DCCDL/final project/vivado/at_lab/at_lab.srcs/sources_1/new/stage_1.v:40]
Completed static elaboration
Starting simulation data flow analysis
Completed simulation data flow analysis
Time Resolution for simulation is 1ps
Compiling module xil_defaultlib.butterfly_radix4
Compiling module xil_defaultlib.ROM_64
Compiling module xil_defaultlib.multiplier_15bits
Compiling module xil_defaultlib.Complex_multiplier_64pt
Compiling module xil_defaultlib.stage_1
Compiling module xil_defaultlib.stage1_tb
Compiling module xil_defaultlib.glbl
Built simulation snapshot stage1_tb_behav
INFO: [USF-XSim-69] 'elaborate' step finished in '2' seconds
Vivado Simulator 2019.1
Time resolution is 1 ps
relaunch_sim: Time (s): cpu = 00:00:03 ; elapsed = 00:00:08 . Memory (MB): peak = 1024.676 ; gain = 0.832
save_wave_config {D:/1111/DCCDL/final project/vivado/at_lab/at_lab.srcs/sim_1/imports/SDF_64points_FFT/butterfly_test_tb_time_synth.wcfg}
close_sim
INFO: [Simtcl 6-16] Simulation closed
launch_simulation
INFO: [Vivado 12-5682] Launching behavioral simulation in 'D:/1111/DCCDL/final project/vivado/at_lab/at_lab.sim/sim_1/behav/xsim'
INFO: [SIM-utils-51] Simulation object is 'sim_1'
INFO: [SIM-utils-54] Inspecting design source files for 'stage1_tb' in fileset 'sim_1'...
INFO: [USF-XSim-97] Finding global include files...
INFO: [USF-XSim-98] Fetching design files from 'sim_1'...
INFO: [USF-XSim-2] XSim::Compile design
INFO: [USF-XSim-61] Executing 'COMPILE and ANALYZE' step in 'D:/1111/DCCDL/final project/vivado/at_lab/at_lab.sim/sim_1/behav/xsim'
"xvlog --incr --relax -prj stage1_tb_vlog.prj"
INFO: [VRFC 10-2263] Analyzing Verilog file "D:/1111/DCCDL/final project/vivado/at_lab/at_lab.srcs/sources_1/new/Complex_multiplier_64pt.v" into library xil_defaultlib
INFO: [VRFC 10-311] analyzing module Complex_multiplier_64pt
INFO: [VRFC 10-2263] Analyzing Verilog file "D:/1111/DCCDL/final project/vivado/at_lab/at_lab.srcs/sources_1/new/ROM_64.v" into library xil_defaultlib
INFO: [VRFC 10-311] analyzing module ROM_64
INFO: [VRFC 10-2263] Analyzing Verilog file "D:/1111/DCCDL/final project/vivado/at_lab/at_lab.srcs/sources_1/new/butterfly_radix4.v" into library xil_defaultlib
INFO: [VRFC 10-311] analyzing module butterfly_radix4
INFO: [VRFC 10-2263] Analyzing Verilog file "D:/1111/DCCDL/final project/vivado/at_lab/at_lab.srcs/sources_1/new/multiplier_15bits.v" into library xil_defaultlib
INFO: [VRFC 10-311] analyzing module multiplier_15bits
INFO: [VRFC 10-2263] Analyzing Verilog file "D:/1111/DCCDL/final project/vivado/at_lab/at_lab.srcs/sources_1/new/stage_1.v" into library xil_defaultlib
INFO: [VRFC 10-311] analyzing module stage_1
INFO: [VRFC 10-2458] undeclared symbol control_S1_1, assumed default net type wire [D:/1111/DCCDL/final project/vivado/at_lab/at_lab.srcs/sources_1/new/stage_1.v:49]
INFO: [VRFC 10-2263] Analyzing Verilog file "D:/1111/DCCDL/final project/vivado/at_lab/at_lab.srcs/sim_1/new/stage1_tb.v" into library xil_defaultlib
INFO: [VRFC 10-311] analyzing module stage1_tb
INFO: [USF-XSim-69] 'compile' step finished in '2' seconds
INFO: [USF-XSim-3] XSim::Elaborate design
INFO: [USF-XSim-61] Executing 'ELABORATE' step in 'D:/1111/DCCDL/final project/vivado/at_lab/at_lab.sim/sim_1/behav/xsim'
"xelab -wto c3686c0809ac4e8db67655cd317696fb --incr --debug typical --relax --mt 2 -L xil_defaultlib -L unisims_ver -L unimacro_ver -L secureip --snapshot stage1_tb_behav xil_defaultlib.stage1_tb xil_defaultlib.glbl -log elaborate.log"
Vivado Simulator 2019.1
Copyright 1986-1999, 2001-2019 Xilinx, Inc. All Rights Reserved.
Running: C:/Xilinx/Vivado/2019.1/bin/unwrapped/win64.o/xelab.exe -wto c3686c0809ac4e8db67655cd317696fb --incr --debug typical --relax --mt 2 -L xil_defaultlib -L unisims_ver -L unimacro_ver -L secureip --snapshot stage1_tb_behav xil_defaultlib.stage1_tb xil_defaultlib.glbl -log elaborate.log 
Using 2 slave threads.
Starting static elaboration
WARNING: [VRFC 10-3091] actual bit length 13 differs from formal bit length 15 for port 'in_real_1' [D:/1111/DCCDL/final project/vivado/at_lab/at_lab.srcs/sources_1/new/stage_1.v:38]
WARNING: [VRFC 10-3091] actual bit length 13 differs from formal bit length 15 for port 'in_imag_1' [D:/1111/DCCDL/final project/vivado/at_lab/at_lab.srcs/sources_1/new/stage_1.v:40]
Completed static elaboration
Starting simulation data flow analysis
Completed simulation data flow analysis
Time Resolution for simulation is 1ps
Compiling module xil_defaultlib.butterfly_radix4
Compiling module xil_defaultlib.ROM_64
Compiling module xil_defaultlib.multiplier_15bits
Compiling module xil_defaultlib.Complex_multiplier_64pt
Compiling module xil_defaultlib.stage_1
Compiling module xil_defaultlib.stage1_tb
Compiling module xil_defaultlib.glbl
Built simulation snapshot stage1_tb_behav
INFO: [USF-XSim-69] 'elaborate' step finished in '2' seconds
INFO: [USF-XSim-4] XSim::Simulate design
INFO: [USF-XSim-61] Executing 'SIMULATE' step in 'D:/1111/DCCDL/final project/vivado/at_lab/at_lab.sim/sim_1/behav/xsim'
INFO: [USF-XSim-98] *** Running xsim
   with args "stage1_tb_behav -key {Behavioral:sim_1:Functional:stage1_tb} -tclbatch {stage1_tb.tcl} -view {{D:/1111/DCCDL/final project/vivado/at_lab/at_lab.srcs/sim_1/imports/SDF_64points_FFT/butterfly_test_tb_time_synth.wcfg}} -log {simulate.log}"
INFO: [USF-XSim-8] Loading simulator feature
Vivado Simulator 2019.1
Time resolution is 1 ps
open_wave_config {D:/1111/DCCDL/final project/vivado/at_lab/at_lab.srcs/sim_1/imports/SDF_64points_FFT/butterfly_test_tb_time_synth.wcfg}
source stage1_tb.tcl
# set curr_wave [current_wave_config]
# if { [string length $curr_wave] == 0 } {
#   if { [llength [get_objects]] > 0} {
#     add_wave /
#     set_property needs_save false [current_wave_config]
#   } else {
#      send_msg_id Add_Wave-1 WARNING "No top level signals found. Simulator will start without a wave window. If you want to open a wave window go to 'File->New Waveform Configuration' or type 'create_wave_config' in the TCL console."
#   }
# }
# run 1000ns
INFO: [USF-XSim-96] XSim completed. Design snapshot 'stage1_tb_behav' loaded.
INFO: [USF-XSim-97] XSim simulation ran for 1000ns
launch_simulation: Time (s): cpu = 00:00:04 ; elapsed = 00:00:08 . Memory (MB): peak = 1044.836 ; gain = 0.000
run 500 ns
run 500 ns
relaunch_sim
INFO: [Vivado 12-5682] Launching behavioral simulation in 'D:/1111/DCCDL/final project/vivado/at_lab/at_lab.sim/sim_1/behav/xsim'
INFO: [SIM-utils-51] Simulation object is 'sim_1'
INFO: [SIM-utils-54] Inspecting design source files for 'stage1_tb' in fileset 'sim_1'...
INFO: [USF-XSim-97] Finding global include files...
INFO: [USF-XSim-98] Fetching design files from 'sim_1'...
INFO: [USF-XSim-2] XSim::Compile design
INFO: [USF-XSim-61] Executing 'COMPILE and ANALYZE' step in 'D:/1111/DCCDL/final project/vivado/at_lab/at_lab.sim/sim_1/behav/xsim'
"xvlog --incr --relax -prj stage1_tb_vlog.prj"
INFO: [VRFC 10-2263] Analyzing Verilog file "D:/1111/DCCDL/final project/vivado/at_lab/at_lab.srcs/sources_1/new/Complex_multiplier_64pt.v" into library xil_defaultlib
INFO: [VRFC 10-311] analyzing module Complex_multiplier_64pt
INFO: [VRFC 10-2263] Analyzing Verilog file "D:/1111/DCCDL/final project/vivado/at_lab/at_lab.srcs/sources_1/new/ROM_64.v" into library xil_defaultlib
INFO: [VRFC 10-311] analyzing module ROM_64
INFO: [VRFC 10-2263] Analyzing Verilog file "D:/1111/DCCDL/final project/vivado/at_lab/at_lab.srcs/sources_1/new/butterfly_radix4.v" into library xil_defaultlib
INFO: [VRFC 10-311] analyzing module butterfly_radix4
INFO: [VRFC 10-2263] Analyzing Verilog file "D:/1111/DCCDL/final project/vivado/at_lab/at_lab.srcs/sources_1/new/multiplier_15bits.v" into library xil_defaultlib
INFO: [VRFC 10-311] analyzing module multiplier_15bits
INFO: [VRFC 10-2263] Analyzing Verilog file "D:/1111/DCCDL/final project/vivado/at_lab/at_lab.srcs/sources_1/new/stage_1.v" into library xil_defaultlib
INFO: [VRFC 10-311] analyzing module stage_1
INFO: [VRFC 10-2458] undeclared symbol control_S1_1, assumed default net type wire [D:/1111/DCCDL/final project/vivado/at_lab/at_lab.srcs/sources_1/new/stage_1.v:49]
INFO: [VRFC 10-2263] Analyzing Verilog file "D:/1111/DCCDL/final project/vivado/at_lab/at_lab.srcs/sim_1/new/stage1_tb.v" into library xil_defaultlib
INFO: [VRFC 10-311] analyzing module stage1_tb
INFO: [USF-XSim-69] 'compile' step finished in '2' seconds
INFO: [Vivado 12-5682] Launching behavioral simulation in 'D:/1111/DCCDL/final project/vivado/at_lab/at_lab.sim/sim_1/behav/xsim'
INFO: [USF-XSim-3] XSim::Elaborate design
INFO: [USF-XSim-61] Executing 'ELABORATE' step in 'D:/1111/DCCDL/final project/vivado/at_lab/at_lab.sim/sim_1/behav/xsim'
"xelab -wto c3686c0809ac4e8db67655cd317696fb --incr --debug typical --relax --mt 2 -L xil_defaultlib -L unisims_ver -L unimacro_ver -L secureip --snapshot stage1_tb_behav xil_defaultlib.stage1_tb xil_defaultlib.glbl -log elaborate.log"
Vivado Simulator 2019.1
Copyright 1986-1999, 2001-2019 Xilinx, Inc. All Rights Reserved.
Running: C:/Xilinx/Vivado/2019.1/bin/unwrapped/win64.o/xelab.exe -wto c3686c0809ac4e8db67655cd317696fb --incr --debug typical --relax --mt 2 -L xil_defaultlib -L unisims_ver -L unimacro_ver -L secureip --snapshot stage1_tb_behav xil_defaultlib.stage1_tb xil_defaultlib.glbl -log elaborate.log 
Using 2 slave threads.
Starting static elaboration
WARNING: [VRFC 10-3091] actual bit length 13 differs from formal bit length 15 for port 'in_real_1' [D:/1111/DCCDL/final project/vivado/at_lab/at_lab.srcs/sources_1/new/stage_1.v:38]
WARNING: [VRFC 10-3091] actual bit length 13 differs from formal bit length 15 for port 'in_imag_1' [D:/1111/DCCDL/final project/vivado/at_lab/at_lab.srcs/sources_1/new/stage_1.v:40]
Completed static elaboration
Starting simulation data flow analysis
Completed simulation data flow analysis
Time Resolution for simulation is 1ps
Compiling module xil_defaultlib.butterfly_radix4
Compiling module xil_defaultlib.ROM_64
Compiling module xil_defaultlib.multiplier_15bits
Compiling module xil_defaultlib.Complex_multiplier_64pt
Compiling module xil_defaultlib.stage_1
Compiling module xil_defaultlib.stage1_tb
Compiling module xil_defaultlib.glbl
Built simulation snapshot stage1_tb_behav
INFO: [USF-XSim-69] 'elaborate' step finished in '2' seconds
Vivado Simulator 2019.1
Time resolution is 1 ps
relaunch_sim: Time (s): cpu = 00:00:03 ; elapsed = 00:00:07 . Memory (MB): peak = 1044.836 ; gain = 0.000
run 500 ns
run 500 ns
relaunch_sim
INFO: [Vivado 12-5682] Launching behavioral simulation in 'D:/1111/DCCDL/final project/vivado/at_lab/at_lab.sim/sim_1/behav/xsim'
INFO: [SIM-utils-51] Simulation object is 'sim_1'
INFO: [SIM-utils-54] Inspecting design source files for 'stage1_tb' in fileset 'sim_1'...
INFO: [USF-XSim-97] Finding global include files...
INFO: [USF-XSim-98] Fetching design files from 'sim_1'...
INFO: [USF-XSim-2] XSim::Compile design
INFO: [USF-XSim-61] Executing 'COMPILE and ANALYZE' step in 'D:/1111/DCCDL/final project/vivado/at_lab/at_lab.sim/sim_1/behav/xsim'
"xvlog --incr --relax -prj stage1_tb_vlog.prj"
INFO: [VRFC 10-2263] Analyzing Verilog file "D:/1111/DCCDL/final project/vivado/at_lab/at_lab.srcs/sources_1/new/Complex_multiplier_64pt.v" into library xil_defaultlib
INFO: [VRFC 10-311] analyzing module Complex_multiplier_64pt
INFO: [VRFC 10-2263] Analyzing Verilog file "D:/1111/DCCDL/final project/vivado/at_lab/at_lab.srcs/sources_1/new/ROM_64.v" into library xil_defaultlib
INFO: [VRFC 10-311] analyzing module ROM_64
INFO: [VRFC 10-2263] Analyzing Verilog file "D:/1111/DCCDL/final project/vivado/at_lab/at_lab.srcs/sources_1/new/butterfly_radix4.v" into library xil_defaultlib
INFO: [VRFC 10-311] analyzing module butterfly_radix4
INFO: [VRFC 10-2263] Analyzing Verilog file "D:/1111/DCCDL/final project/vivado/at_lab/at_lab.srcs/sources_1/new/multiplier_15bits.v" into library xil_defaultlib
INFO: [VRFC 10-311] analyzing module multiplier_15bits
INFO: [VRFC 10-2263] Analyzing Verilog file "D:/1111/DCCDL/final project/vivado/at_lab/at_lab.srcs/sources_1/new/stage_1.v" into library xil_defaultlib
INFO: [VRFC 10-311] analyzing module stage_1
INFO: [VRFC 10-2458] undeclared symbol control_S1_1, assumed default net type wire [D:/1111/DCCDL/final project/vivado/at_lab/at_lab.srcs/sources_1/new/stage_1.v:49]
INFO: [VRFC 10-2263] Analyzing Verilog file "D:/1111/DCCDL/final project/vivado/at_lab/at_lab.srcs/sim_1/new/stage1_tb.v" into library xil_defaultlib
INFO: [VRFC 10-311] analyzing module stage1_tb
INFO: [USF-XSim-69] 'compile' step finished in '1' seconds
INFO: [Vivado 12-5682] Launching behavioral simulation in 'D:/1111/DCCDL/final project/vivado/at_lab/at_lab.sim/sim_1/behav/xsim'
INFO: [USF-XSim-3] XSim::Elaborate design
INFO: [USF-XSim-61] Executing 'ELABORATE' step in 'D:/1111/DCCDL/final project/vivado/at_lab/at_lab.sim/sim_1/behav/xsim'
"xelab -wto c3686c0809ac4e8db67655cd317696fb --incr --debug typical --relax --mt 2 -L xil_defaultlib -L unisims_ver -L unimacro_ver -L secureip --snapshot stage1_tb_behav xil_defaultlib.stage1_tb xil_defaultlib.glbl -log elaborate.log"
Vivado Simulator 2019.1
Copyright 1986-1999, 2001-2019 Xilinx, Inc. All Rights Reserved.
Running: C:/Xilinx/Vivado/2019.1/bin/unwrapped/win64.o/xelab.exe -wto c3686c0809ac4e8db67655cd317696fb --incr --debug typical --relax --mt 2 -L xil_defaultlib -L unisims_ver -L unimacro_ver -L secureip --snapshot stage1_tb_behav xil_defaultlib.stage1_tb xil_defaultlib.glbl -log elaborate.log 
Using 2 slave threads.
Starting static elaboration
WARNING: [VRFC 10-3091] actual bit length 13 differs from formal bit length 15 for port 'in_real_1' [D:/1111/DCCDL/final project/vivado/at_lab/at_lab.srcs/sources_1/new/stage_1.v:38]
WARNING: [VRFC 10-3091] actual bit length 13 differs from formal bit length 15 for port 'in_imag_1' [D:/1111/DCCDL/final project/vivado/at_lab/at_lab.srcs/sources_1/new/stage_1.v:40]
Completed static elaboration
Starting simulation data flow analysis
Completed simulation data flow analysis
Time Resolution for simulation is 1ps
Compiling module xil_defaultlib.butterfly_radix4
Compiling module xil_defaultlib.ROM_64
Compiling module xil_defaultlib.multiplier_15bits
Compiling module xil_defaultlib.Complex_multiplier_64pt
Compiling module xil_defaultlib.stage_1
Compiling module xil_defaultlib.stage1_tb
Compiling module xil_defaultlib.glbl
Built simulation snapshot stage1_tb_behav
INFO: [USF-XSim-69] 'elaborate' step finished in '3' seconds
Vivado Simulator 2019.1
Time resolution is 1 ps
relaunch_sim: Time (s): cpu = 00:00:02 ; elapsed = 00:00:07 . Memory (MB): peak = 1044.836 ; gain = 0.000
relaunch_sim
INFO: [Vivado 12-5682] Launching behavioral simulation in 'D:/1111/DCCDL/final project/vivado/at_lab/at_lab.sim/sim_1/behav/xsim'
INFO: [SIM-utils-51] Simulation object is 'sim_1'
INFO: [SIM-utils-54] Inspecting design source files for 'stage1_tb' in fileset 'sim_1'...
INFO: [USF-XSim-97] Finding global include files...
INFO: [USF-XSim-98] Fetching design files from 'sim_1'...
INFO: [USF-XSim-2] XSim::Compile design
INFO: [USF-XSim-61] Executing 'COMPILE and ANALYZE' step in 'D:/1111/DCCDL/final project/vivado/at_lab/at_lab.sim/sim_1/behav/xsim'
"xvlog --incr --relax -prj stage1_tb_vlog.prj"
INFO: [VRFC 10-2263] Analyzing Verilog file "D:/1111/DCCDL/final project/vivado/at_lab/at_lab.srcs/sources_1/new/Complex_multiplier_64pt.v" into library xil_defaultlib
INFO: [VRFC 10-311] analyzing module Complex_multiplier_64pt
INFO: [VRFC 10-2263] Analyzing Verilog file "D:/1111/DCCDL/final project/vivado/at_lab/at_lab.srcs/sources_1/new/ROM_64.v" into library xil_defaultlib
INFO: [VRFC 10-311] analyzing module ROM_64
INFO: [VRFC 10-2263] Analyzing Verilog file "D:/1111/DCCDL/final project/vivado/at_lab/at_lab.srcs/sources_1/new/butterfly_radix4.v" into library xil_defaultlib
INFO: [VRFC 10-311] analyzing module butterfly_radix4
INFO: [VRFC 10-2263] Analyzing Verilog file "D:/1111/DCCDL/final project/vivado/at_lab/at_lab.srcs/sources_1/new/multiplier_15bits.v" into library xil_defaultlib
INFO: [VRFC 10-311] analyzing module multiplier_15bits
INFO: [VRFC 10-2263] Analyzing Verilog file "D:/1111/DCCDL/final project/vivado/at_lab/at_lab.srcs/sources_1/new/stage_1.v" into library xil_defaultlib
INFO: [VRFC 10-311] analyzing module stage_1
INFO: [VRFC 10-2458] undeclared symbol control_S1_1, assumed default net type wire [D:/1111/DCCDL/final project/vivado/at_lab/at_lab.srcs/sources_1/new/stage_1.v:49]
INFO: [VRFC 10-2263] Analyzing Verilog file "D:/1111/DCCDL/final project/vivado/at_lab/at_lab.srcs/sim_1/new/stage1_tb.v" into library xil_defaultlib
INFO: [VRFC 10-311] analyzing module stage1_tb
INFO: [USF-XSim-69] 'compile' step finished in '2' seconds
INFO: [Vivado 12-5682] Launching behavioral simulation in 'D:/1111/DCCDL/final project/vivado/at_lab/at_lab.sim/sim_1/behav/xsim'
INFO: [USF-XSim-3] XSim::Elaborate design
INFO: [USF-XSim-61] Executing 'ELABORATE' step in 'D:/1111/DCCDL/final project/vivado/at_lab/at_lab.sim/sim_1/behav/xsim'
"xelab -wto c3686c0809ac4e8db67655cd317696fb --incr --debug typical --relax --mt 2 -L xil_defaultlib -L unisims_ver -L unimacro_ver -L secureip --snapshot stage1_tb_behav xil_defaultlib.stage1_tb xil_defaultlib.glbl -log elaborate.log"
Vivado Simulator 2019.1
Copyright 1986-1999, 2001-2019 Xilinx, Inc. All Rights Reserved.
Running: C:/Xilinx/Vivado/2019.1/bin/unwrapped/win64.o/xelab.exe -wto c3686c0809ac4e8db67655cd317696fb --incr --debug typical --relax --mt 2 -L xil_defaultlib -L unisims_ver -L unimacro_ver -L secureip --snapshot stage1_tb_behav xil_defaultlib.stage1_tb xil_defaultlib.glbl -log elaborate.log 
Using 2 slave threads.
Starting static elaboration
WARNING: [VRFC 10-3091] actual bit length 13 differs from formal bit length 15 for port 'in_real_1' [D:/1111/DCCDL/final project/vivado/at_lab/at_lab.srcs/sources_1/new/stage_1.v:38]
WARNING: [VRFC 10-3091] actual bit length 13 differs from formal bit length 15 for port 'in_imag_1' [D:/1111/DCCDL/final project/vivado/at_lab/at_lab.srcs/sources_1/new/stage_1.v:40]
Completed static elaboration
Starting simulation data flow analysis
Completed simulation data flow analysis
Time Resolution for simulation is 1ps
Compiling module xil_defaultlib.butterfly_radix4
Compiling module xil_defaultlib.ROM_64
Compiling module xil_defaultlib.multiplier_15bits
Compiling module xil_defaultlib.Complex_multiplier_64pt
Compiling module xil_defaultlib.stage_1
Compiling module xil_defaultlib.stage1_tb
Compiling module xil_defaultlib.glbl
Built simulation snapshot stage1_tb_behav
INFO: [USF-XSim-69] 'elaborate' step finished in '2' seconds
Vivado Simulator 2019.1
Time resolution is 1 ps
relaunch_sim: Time (s): cpu = 00:00:03 ; elapsed = 00:00:09 . Memory (MB): peak = 1044.836 ; gain = 0.000
run 500 ns
relaunch_sim
INFO: [Vivado 12-5682] Launching behavioral simulation in 'D:/1111/DCCDL/final project/vivado/at_lab/at_lab.sim/sim_1/behav/xsim'
INFO: [SIM-utils-51] Simulation object is 'sim_1'
INFO: [SIM-utils-54] Inspecting design source files for 'stage1_tb' in fileset 'sim_1'...
INFO: [USF-XSim-97] Finding global include files...
INFO: [USF-XSim-98] Fetching design files from 'sim_1'...
INFO: [USF-XSim-2] XSim::Compile design
INFO: [USF-XSim-61] Executing 'COMPILE and ANALYZE' step in 'D:/1111/DCCDL/final project/vivado/at_lab/at_lab.sim/sim_1/behav/xsim'
"xvlog --incr --relax -prj stage1_tb_vlog.prj"
INFO: [USF-XSim-69] 'compile' step finished in '1' seconds
INFO: [Vivado 12-5682] Launching behavioral simulation in 'D:/1111/DCCDL/final project/vivado/at_lab/at_lab.sim/sim_1/behav/xsim'
INFO: [USF-XSim-3] XSim::Elaborate design
INFO: [USF-XSim-61] Executing 'ELABORATE' step in 'D:/1111/DCCDL/final project/vivado/at_lab/at_lab.sim/sim_1/behav/xsim'
"xelab -wto c3686c0809ac4e8db67655cd317696fb --incr --debug typical --relax --mt 2 -L xil_defaultlib -L unisims_ver -L unimacro_ver -L secureip --snapshot stage1_tb_behav xil_defaultlib.stage1_tb xil_defaultlib.glbl -log elaborate.log"
Vivado Simulator 2019.1
Copyright 1986-1999, 2001-2019 Xilinx, Inc. All Rights Reserved.
Running: C:/Xilinx/Vivado/2019.1/bin/unwrapped/win64.o/xelab.exe -wto c3686c0809ac4e8db67655cd317696fb --incr --debug typical --relax --mt 2 -L xil_defaultlib -L unisims_ver -L unimacro_ver -L secureip --snapshot stage1_tb_behav xil_defaultlib.stage1_tb xil_defaultlib.glbl -log elaborate.log 
Using 2 slave threads.
Starting static elaboration
WARNING: [VRFC 10-3091] actual bit length 13 differs from formal bit length 15 for port 'in_real_1' [D:/1111/DCCDL/final project/vivado/at_lab/at_lab.srcs/sources_1/new/stage_1.v:38]
WARNING: [VRFC 10-3091] actual bit length 13 differs from formal bit length 15 for port 'in_imag_1' [D:/1111/DCCDL/final project/vivado/at_lab/at_lab.srcs/sources_1/new/stage_1.v:40]
Completed static elaboration
INFO: [XSIM 43-4323] No Change in HDL. Linking previously generated obj files to create kernel
INFO: [USF-XSim-69] 'elaborate' step finished in '2' seconds
Vivado Simulator 2019.1
Time resolution is 1 ps
relaunch_sim: Time (s): cpu = 00:00:03 ; elapsed = 00:00:07 . Memory (MB): peak = 1051.039 ; gain = 0.000
relaunch_sim
INFO: [Vivado 12-5682] Launching behavioral simulation in 'D:/1111/DCCDL/final project/vivado/at_lab/at_lab.sim/sim_1/behav/xsim'
INFO: [SIM-utils-51] Simulation object is 'sim_1'
INFO: [SIM-utils-54] Inspecting design source files for 'stage1_tb' in fileset 'sim_1'...
INFO: [USF-XSim-97] Finding global include files...
INFO: [USF-XSim-98] Fetching design files from 'sim_1'...
INFO: [USF-XSim-2] XSim::Compile design
INFO: [USF-XSim-61] Executing 'COMPILE and ANALYZE' step in 'D:/1111/DCCDL/final project/vivado/at_lab/at_lab.sim/sim_1/behav/xsim'
"xvlog --incr --relax -prj stage1_tb_vlog.prj"
INFO: [VRFC 10-2263] Analyzing Verilog file "D:/1111/DCCDL/final project/vivado/at_lab/at_lab.srcs/sources_1/new/Complex_multiplier_64pt.v" into library xil_defaultlib
INFO: [VRFC 10-311] analyzing module Complex_multiplier_64pt
INFO: [VRFC 10-2263] Analyzing Verilog file "D:/1111/DCCDL/final project/vivado/at_lab/at_lab.srcs/sources_1/new/ROM_64.v" into library xil_defaultlib
INFO: [VRFC 10-311] analyzing module ROM_64
INFO: [VRFC 10-2263] Analyzing Verilog file "D:/1111/DCCDL/final project/vivado/at_lab/at_lab.srcs/sources_1/new/butterfly_radix4.v" into library xil_defaultlib
INFO: [VRFC 10-311] analyzing module butterfly_radix4
INFO: [VRFC 10-2263] Analyzing Verilog file "D:/1111/DCCDL/final project/vivado/at_lab/at_lab.srcs/sources_1/new/multiplier_15bits.v" into library xil_defaultlib
INFO: [VRFC 10-311] analyzing module multiplier_15bits
INFO: [VRFC 10-2263] Analyzing Verilog file "D:/1111/DCCDL/final project/vivado/at_lab/at_lab.srcs/sources_1/new/stage_1.v" into library xil_defaultlib
INFO: [VRFC 10-311] analyzing module stage_1
INFO: [VRFC 10-2458] undeclared symbol control_S1_1, assumed default net type wire [D:/1111/DCCDL/final project/vivado/at_lab/at_lab.srcs/sources_1/new/stage_1.v:49]
INFO: [VRFC 10-2263] Analyzing Verilog file "D:/1111/DCCDL/final project/vivado/at_lab/at_lab.srcs/sim_1/new/stage1_tb.v" into library xil_defaultlib
INFO: [VRFC 10-311] analyzing module stage1_tb
INFO: [USF-XSim-69] 'compile' step finished in '2' seconds
INFO: [Vivado 12-5682] Launching behavioral simulation in 'D:/1111/DCCDL/final project/vivado/at_lab/at_lab.sim/sim_1/behav/xsim'
INFO: [USF-XSim-3] XSim::Elaborate design
INFO: [USF-XSim-61] Executing 'ELABORATE' step in 'D:/1111/DCCDL/final project/vivado/at_lab/at_lab.sim/sim_1/behav/xsim'
"xelab -wto c3686c0809ac4e8db67655cd317696fb --incr --debug typical --relax --mt 2 -L xil_defaultlib -L unisims_ver -L unimacro_ver -L secureip --snapshot stage1_tb_behav xil_defaultlib.stage1_tb xil_defaultlib.glbl -log elaborate.log"
Vivado Simulator 2019.1
Copyright 1986-1999, 2001-2019 Xilinx, Inc. All Rights Reserved.
Running: C:/Xilinx/Vivado/2019.1/bin/unwrapped/win64.o/xelab.exe -wto c3686c0809ac4e8db67655cd317696fb --incr --debug typical --relax --mt 2 -L xil_defaultlib -L unisims_ver -L unimacro_ver -L secureip --snapshot stage1_tb_behav xil_defaultlib.stage1_tb xil_defaultlib.glbl -log elaborate.log 
Using 2 slave threads.
Starting static elaboration
Completed static elaboration
Starting simulation data flow analysis
Completed simulation data flow analysis
Time Resolution for simulation is 1ps
Compiling module xil_defaultlib.butterfly_radix4
Compiling module xil_defaultlib.ROM_64
Compiling module xil_defaultlib.multiplier_15bits
Compiling module xil_defaultlib.Complex_multiplier_64pt
Compiling module xil_defaultlib.stage_1
Compiling module xil_defaultlib.stage1_tb
Compiling module xil_defaultlib.glbl
Built simulation snapshot stage1_tb_behav
INFO: [USF-XSim-69] 'elaborate' step finished in '2' seconds
Vivado Simulator 2019.1
Time resolution is 1 ps
relaunch_sim: Time (s): cpu = 00:00:03 ; elapsed = 00:00:08 . Memory (MB): peak = 1051.039 ; gain = 0.000
run 500 ns
relaunch_sim
INFO: [Vivado 12-5682] Launching behavioral simulation in 'D:/1111/DCCDL/final project/vivado/at_lab/at_lab.sim/sim_1/behav/xsim'
INFO: [SIM-utils-51] Simulation object is 'sim_1'
INFO: [SIM-utils-54] Inspecting design source files for 'stage1_tb' in fileset 'sim_1'...
INFO: [USF-XSim-97] Finding global include files...
INFO: [USF-XSim-98] Fetching design files from 'sim_1'...
INFO: [USF-XSim-2] XSim::Compile design
INFO: [USF-XSim-61] Executing 'COMPILE and ANALYZE' step in 'D:/1111/DCCDL/final project/vivado/at_lab/at_lab.sim/sim_1/behav/xsim'
"xvlog --incr --relax -prj stage1_tb_vlog.prj"
INFO: [VRFC 10-2263] Analyzing Verilog file "D:/1111/DCCDL/final project/vivado/at_lab/at_lab.srcs/sources_1/new/Complex_multiplier_64pt.v" into library xil_defaultlib
INFO: [VRFC 10-311] analyzing module Complex_multiplier_64pt
INFO: [VRFC 10-2263] Analyzing Verilog file "D:/1111/DCCDL/final project/vivado/at_lab/at_lab.srcs/sources_1/new/ROM_64.v" into library xil_defaultlib
INFO: [VRFC 10-311] analyzing module ROM_64
INFO: [VRFC 10-2263] Analyzing Verilog file "D:/1111/DCCDL/final project/vivado/at_lab/at_lab.srcs/sources_1/new/butterfly_radix4.v" into library xil_defaultlib
INFO: [VRFC 10-311] analyzing module butterfly_radix4
INFO: [VRFC 10-2263] Analyzing Verilog file "D:/1111/DCCDL/final project/vivado/at_lab/at_lab.srcs/sources_1/new/multiplier_15bits.v" into library xil_defaultlib
INFO: [VRFC 10-311] analyzing module multiplier_15bits
INFO: [VRFC 10-2263] Analyzing Verilog file "D:/1111/DCCDL/final project/vivado/at_lab/at_lab.srcs/sources_1/new/stage_1.v" into library xil_defaultlib
INFO: [VRFC 10-311] analyzing module stage_1
INFO: [VRFC 10-2458] undeclared symbol control_S1_1, assumed default net type wire [D:/1111/DCCDL/final project/vivado/at_lab/at_lab.srcs/sources_1/new/stage_1.v:49]
INFO: [VRFC 10-2263] Analyzing Verilog file "D:/1111/DCCDL/final project/vivado/at_lab/at_lab.srcs/sim_1/new/stage1_tb.v" into library xil_defaultlib
INFO: [VRFC 10-311] analyzing module stage1_tb
INFO: [USF-XSim-69] 'compile' step finished in '1' seconds
INFO: [Vivado 12-5682] Launching behavioral simulation in 'D:/1111/DCCDL/final project/vivado/at_lab/at_lab.sim/sim_1/behav/xsim'
INFO: [USF-XSim-3] XSim::Elaborate design
INFO: [USF-XSim-61] Executing 'ELABORATE' step in 'D:/1111/DCCDL/final project/vivado/at_lab/at_lab.sim/sim_1/behav/xsim'
"xelab -wto c3686c0809ac4e8db67655cd317696fb --incr --debug typical --relax --mt 2 -L xil_defaultlib -L unisims_ver -L unimacro_ver -L secureip --snapshot stage1_tb_behav xil_defaultlib.stage1_tb xil_defaultlib.glbl -log elaborate.log"
Vivado Simulator 2019.1
Copyright 1986-1999, 2001-2019 Xilinx, Inc. All Rights Reserved.
Running: C:/Xilinx/Vivado/2019.1/bin/unwrapped/win64.o/xelab.exe -wto c3686c0809ac4e8db67655cd317696fb --incr --debug typical --relax --mt 2 -L xil_defaultlib -L unisims_ver -L unimacro_ver -L secureip --snapshot stage1_tb_behav xil_defaultlib.stage1_tb xil_defaultlib.glbl -log elaborate.log 
Using 2 slave threads.
Starting static elaboration
Completed static elaboration
Starting simulation data flow analysis
Completed simulation data flow analysis
Time Resolution for simulation is 1ps
Compiling module xil_defaultlib.butterfly_radix4
Compiling module xil_defaultlib.ROM_64
Compiling module xil_defaultlib.multiplier_15bits
Compiling module xil_defaultlib.Complex_multiplier_64pt
Compiling module xil_defaultlib.stage_1
Compiling module xil_defaultlib.stage1_tb
Compiling module xil_defaultlib.glbl
Built simulation snapshot stage1_tb_behav
INFO: [USF-XSim-69] 'elaborate' step finished in '2' seconds
Vivado Simulator 2019.1
Time resolution is 1 ps
relaunch_sim: Time (s): cpu = 00:00:03 ; elapsed = 00:00:07 . Memory (MB): peak = 1051.039 ; gain = 0.000
run 500 ns
relaunch_sim
INFO: [Vivado 12-5682] Launching behavioral simulation in 'D:/1111/DCCDL/final project/vivado/at_lab/at_lab.sim/sim_1/behav/xsim'
INFO: [SIM-utils-51] Simulation object is 'sim_1'
INFO: [SIM-utils-54] Inspecting design source files for 'stage1_tb' in fileset 'sim_1'...
INFO: [USF-XSim-97] Finding global include files...
INFO: [USF-XSim-98] Fetching design files from 'sim_1'...
INFO: [USF-XSim-2] XSim::Compile design
INFO: [USF-XSim-61] Executing 'COMPILE and ANALYZE' step in 'D:/1111/DCCDL/final project/vivado/at_lab/at_lab.sim/sim_1/behav/xsim'
"xvlog --incr --relax -prj stage1_tb_vlog.prj"
INFO: [VRFC 10-2263] Analyzing Verilog file "D:/1111/DCCDL/final project/vivado/at_lab/at_lab.srcs/sources_1/new/Complex_multiplier_64pt.v" into library xil_defaultlib
INFO: [VRFC 10-311] analyzing module Complex_multiplier_64pt
INFO: [VRFC 10-2263] Analyzing Verilog file "D:/1111/DCCDL/final project/vivado/at_lab/at_lab.srcs/sources_1/new/ROM_64.v" into library xil_defaultlib
INFO: [VRFC 10-311] analyzing module ROM_64
INFO: [VRFC 10-2263] Analyzing Verilog file "D:/1111/DCCDL/final project/vivado/at_lab/at_lab.srcs/sources_1/new/butterfly_radix4.v" into library xil_defaultlib
INFO: [VRFC 10-311] analyzing module butterfly_radix4
INFO: [VRFC 10-2263] Analyzing Verilog file "D:/1111/DCCDL/final project/vivado/at_lab/at_lab.srcs/sources_1/new/multiplier_15bits.v" into library xil_defaultlib
INFO: [VRFC 10-311] analyzing module multiplier_15bits
INFO: [VRFC 10-2263] Analyzing Verilog file "D:/1111/DCCDL/final project/vivado/at_lab/at_lab.srcs/sources_1/new/stage_1.v" into library xil_defaultlib
INFO: [VRFC 10-311] analyzing module stage_1
INFO: [VRFC 10-2458] undeclared symbol control_S1_1, assumed default net type wire [D:/1111/DCCDL/final project/vivado/at_lab/at_lab.srcs/sources_1/new/stage_1.v:49]
INFO: [VRFC 10-2263] Analyzing Verilog file "D:/1111/DCCDL/final project/vivado/at_lab/at_lab.srcs/sim_1/new/stage1_tb.v" into library xil_defaultlib
INFO: [VRFC 10-311] analyzing module stage1_tb
INFO: [USF-XSim-69] 'compile' step finished in '1' seconds
INFO: [Vivado 12-5682] Launching behavioral simulation in 'D:/1111/DCCDL/final project/vivado/at_lab/at_lab.sim/sim_1/behav/xsim'
INFO: [USF-XSim-3] XSim::Elaborate design
INFO: [USF-XSim-61] Executing 'ELABORATE' step in 'D:/1111/DCCDL/final project/vivado/at_lab/at_lab.sim/sim_1/behav/xsim'
"xelab -wto c3686c0809ac4e8db67655cd317696fb --incr --debug typical --relax --mt 2 -L xil_defaultlib -L unisims_ver -L unimacro_ver -L secureip --snapshot stage1_tb_behav xil_defaultlib.stage1_tb xil_defaultlib.glbl -log elaborate.log"
Vivado Simulator 2019.1
Copyright 1986-1999, 2001-2019 Xilinx, Inc. All Rights Reserved.
Running: C:/Xilinx/Vivado/2019.1/bin/unwrapped/win64.o/xelab.exe -wto c3686c0809ac4e8db67655cd317696fb --incr --debug typical --relax --mt 2 -L xil_defaultlib -L unisims_ver -L unimacro_ver -L secureip --snapshot stage1_tb_behav xil_defaultlib.stage1_tb xil_defaultlib.glbl -log elaborate.log 
Using 2 slave threads.
Starting static elaboration
Completed static elaboration
Starting simulation data flow analysis
Completed simulation data flow analysis
Time Resolution for simulation is 1ps
Compiling module xil_defaultlib.butterfly_radix4
Compiling module xil_defaultlib.ROM_64
Compiling module xil_defaultlib.multiplier_15bits
Compiling module xil_defaultlib.Complex_multiplier_64pt
Compiling module xil_defaultlib.stage_1
Compiling module xil_defaultlib.stage1_tb
Compiling module xil_defaultlib.glbl
Built simulation snapshot stage1_tb_behav
INFO: [USF-XSim-69] 'elaborate' step finished in '2' seconds
Vivado Simulator 2019.1
Time resolution is 1 ps
relaunch_sim: Time (s): cpu = 00:00:02 ; elapsed = 00:00:07 . Memory (MB): peak = 1051.039 ; gain = 0.000
run 500 ns
relaunch_sim
INFO: [Vivado 12-5682] Launching behavioral simulation in 'D:/1111/DCCDL/final project/vivado/at_lab/at_lab.sim/sim_1/behav/xsim'
INFO: [SIM-utils-51] Simulation object is 'sim_1'
INFO: [SIM-utils-54] Inspecting design source files for 'stage1_tb' in fileset 'sim_1'...
INFO: [USF-XSim-97] Finding global include files...
INFO: [USF-XSim-98] Fetching design files from 'sim_1'...
INFO: [USF-XSim-2] XSim::Compile design
INFO: [USF-XSim-61] Executing 'COMPILE and ANALYZE' step in 'D:/1111/DCCDL/final project/vivado/at_lab/at_lab.sim/sim_1/behav/xsim'
"xvlog --incr --relax -prj stage1_tb_vlog.prj"
INFO: [VRFC 10-2263] Analyzing Verilog file "D:/1111/DCCDL/final project/vivado/at_lab/at_lab.srcs/sources_1/new/Complex_multiplier_64pt.v" into library xil_defaultlib
INFO: [VRFC 10-311] analyzing module Complex_multiplier_64pt
INFO: [VRFC 10-2263] Analyzing Verilog file "D:/1111/DCCDL/final project/vivado/at_lab/at_lab.srcs/sources_1/new/ROM_64.v" into library xil_defaultlib
INFO: [VRFC 10-311] analyzing module ROM_64
INFO: [VRFC 10-2263] Analyzing Verilog file "D:/1111/DCCDL/final project/vivado/at_lab/at_lab.srcs/sources_1/new/butterfly_radix4.v" into library xil_defaultlib
INFO: [VRFC 10-311] analyzing module butterfly_radix4
INFO: [VRFC 10-2263] Analyzing Verilog file "D:/1111/DCCDL/final project/vivado/at_lab/at_lab.srcs/sources_1/new/multiplier_15bits.v" into library xil_defaultlib
INFO: [VRFC 10-311] analyzing module multiplier_15bits
INFO: [VRFC 10-2263] Analyzing Verilog file "D:/1111/DCCDL/final project/vivado/at_lab/at_lab.srcs/sources_1/new/stage_1.v" into library xil_defaultlib
INFO: [VRFC 10-311] analyzing module stage_1
INFO: [VRFC 10-2458] undeclared symbol control_S1_1, assumed default net type wire [D:/1111/DCCDL/final project/vivado/at_lab/at_lab.srcs/sources_1/new/stage_1.v:49]
INFO: [VRFC 10-2263] Analyzing Verilog file "D:/1111/DCCDL/final project/vivado/at_lab/at_lab.srcs/sim_1/new/stage1_tb.v" into library xil_defaultlib
INFO: [VRFC 10-311] analyzing module stage1_tb
INFO: [USF-XSim-69] 'compile' step finished in '1' seconds
INFO: [Vivado 12-5682] Launching behavioral simulation in 'D:/1111/DCCDL/final project/vivado/at_lab/at_lab.sim/sim_1/behav/xsim'
INFO: [USF-XSim-3] XSim::Elaborate design
INFO: [USF-XSim-61] Executing 'ELABORATE' step in 'D:/1111/DCCDL/final project/vivado/at_lab/at_lab.sim/sim_1/behav/xsim'
"xelab -wto c3686c0809ac4e8db67655cd317696fb --incr --debug typical --relax --mt 2 -L xil_defaultlib -L unisims_ver -L unimacro_ver -L secureip --snapshot stage1_tb_behav xil_defaultlib.stage1_tb xil_defaultlib.glbl -log elaborate.log"
Vivado Simulator 2019.1
Copyright 1986-1999, 2001-2019 Xilinx, Inc. All Rights Reserved.
Running: C:/Xilinx/Vivado/2019.1/bin/unwrapped/win64.o/xelab.exe -wto c3686c0809ac4e8db67655cd317696fb --incr --debug typical --relax --mt 2 -L xil_defaultlib -L unisims_ver -L unimacro_ver -L secureip --snapshot stage1_tb_behav xil_defaultlib.stage1_tb xil_defaultlib.glbl -log elaborate.log 
Using 2 slave threads.
Starting static elaboration
Completed static elaboration
Starting simulation data flow analysis
Completed simulation data flow analysis
Time Resolution for simulation is 1ps
Compiling module xil_defaultlib.butterfly_radix4
Compiling module xil_defaultlib.ROM_64
Compiling module xil_defaultlib.multiplier_15bits
Compiling module xil_defaultlib.Complex_multiplier_64pt
Compiling module xil_defaultlib.stage_1
Compiling module xil_defaultlib.stage1_tb
Compiling module xil_defaultlib.glbl
Built simulation snapshot stage1_tb_behav
INFO: [USF-XSim-69] 'elaborate' step finished in '2' seconds
Vivado Simulator 2019.1
Time resolution is 1 ps
relaunch_sim: Time (s): cpu = 00:00:03 ; elapsed = 00:00:07 . Memory (MB): peak = 1294.543 ; gain = 0.000
relaunch_sim
INFO: [Vivado 12-5682] Launching behavioral simulation in 'D:/1111/DCCDL/final project/vivado/at_lab/at_lab.sim/sim_1/behav/xsim'
INFO: [SIM-utils-51] Simulation object is 'sim_1'
INFO: [SIM-utils-54] Inspecting design source files for 'stage1_tb' in fileset 'sim_1'...
INFO: [USF-XSim-97] Finding global include files...
INFO: [USF-XSim-98] Fetching design files from 'sim_1'...
INFO: [USF-XSim-2] XSim::Compile design
INFO: [USF-XSim-61] Executing 'COMPILE and ANALYZE' step in 'D:/1111/DCCDL/final project/vivado/at_lab/at_lab.sim/sim_1/behav/xsim'
"xvlog --incr --relax -prj stage1_tb_vlog.prj"
INFO: [VRFC 10-2263] Analyzing Verilog file "D:/1111/DCCDL/final project/vivado/at_lab/at_lab.srcs/sources_1/new/Complex_multiplier_64pt.v" into library xil_defaultlib
INFO: [VRFC 10-311] analyzing module Complex_multiplier_64pt
INFO: [VRFC 10-2263] Analyzing Verilog file "D:/1111/DCCDL/final project/vivado/at_lab/at_lab.srcs/sources_1/new/ROM_64.v" into library xil_defaultlib
INFO: [VRFC 10-311] analyzing module ROM_64
INFO: [VRFC 10-2263] Analyzing Verilog file "D:/1111/DCCDL/final project/vivado/at_lab/at_lab.srcs/sources_1/new/butterfly_radix4.v" into library xil_defaultlib
INFO: [VRFC 10-311] analyzing module butterfly_radix4
INFO: [VRFC 10-2263] Analyzing Verilog file "D:/1111/DCCDL/final project/vivado/at_lab/at_lab.srcs/sources_1/new/multiplier_15bits.v" into library xil_defaultlib
INFO: [VRFC 10-311] analyzing module multiplier_15bits
INFO: [VRFC 10-2263] Analyzing Verilog file "D:/1111/DCCDL/final project/vivado/at_lab/at_lab.srcs/sources_1/new/stage_1.v" into library xil_defaultlib
INFO: [VRFC 10-311] analyzing module stage_1
INFO: [VRFC 10-2458] undeclared symbol control_S1_1, assumed default net type wire [D:/1111/DCCDL/final project/vivado/at_lab/at_lab.srcs/sources_1/new/stage_1.v:49]
INFO: [VRFC 10-2263] Analyzing Verilog file "D:/1111/DCCDL/final project/vivado/at_lab/at_lab.srcs/sim_1/new/stage1_tb.v" into library xil_defaultlib
INFO: [VRFC 10-311] analyzing module stage1_tb
INFO: [USF-XSim-69] 'compile' step finished in '2' seconds
INFO: [Vivado 12-5682] Launching behavioral simulation in 'D:/1111/DCCDL/final project/vivado/at_lab/at_lab.sim/sim_1/behav/xsim'
INFO: [USF-XSim-3] XSim::Elaborate design
INFO: [USF-XSim-61] Executing 'ELABORATE' step in 'D:/1111/DCCDL/final project/vivado/at_lab/at_lab.sim/sim_1/behav/xsim'
"xelab -wto c3686c0809ac4e8db67655cd317696fb --incr --debug typical --relax --mt 2 -L xil_defaultlib -L unisims_ver -L unimacro_ver -L secureip --snapshot stage1_tb_behav xil_defaultlib.stage1_tb xil_defaultlib.glbl -log elaborate.log"
Vivado Simulator 2019.1
Copyright 1986-1999, 2001-2019 Xilinx, Inc. All Rights Reserved.
Running: C:/Xilinx/Vivado/2019.1/bin/unwrapped/win64.o/xelab.exe -wto c3686c0809ac4e8db67655cd317696fb --incr --debug typical --relax --mt 2 -L xil_defaultlib -L unisims_ver -L unimacro_ver -L secureip --snapshot stage1_tb_behav xil_defaultlib.stage1_tb xil_defaultlib.glbl -log elaborate.log 
Using 2 slave threads.
Starting static elaboration
Completed static elaboration
Starting simulation data flow analysis
Completed simulation data flow analysis
Time Resolution for simulation is 1ps
Compiling module xil_defaultlib.butterfly_radix4
Compiling module xil_defaultlib.ROM_64
Compiling module xil_defaultlib.multiplier_15bits
Compiling module xil_defaultlib.Complex_multiplier_64pt
Compiling module xil_defaultlib.stage_1
Compiling module xil_defaultlib.stage1_tb
Compiling module xil_defaultlib.glbl
Built simulation snapshot stage1_tb_behav
INFO: [USF-XSim-69] 'elaborate' step finished in '2' seconds
Vivado Simulator 2019.1
Time resolution is 1 ps
relaunch_sim: Time (s): cpu = 00:00:03 ; elapsed = 00:00:09 . Memory (MB): peak = 1324.766 ; gain = 0.000
run 500 ns
relaunch_sim
INFO: [Vivado 12-5682] Launching behavioral simulation in 'D:/1111/DCCDL/final project/vivado/at_lab/at_lab.sim/sim_1/behav/xsim'
INFO: [SIM-utils-51] Simulation object is 'sim_1'
INFO: [SIM-utils-54] Inspecting design source files for 'stage1_tb' in fileset 'sim_1'...
INFO: [USF-XSim-97] Finding global include files...
INFO: [USF-XSim-98] Fetching design files from 'sim_1'...
INFO: [USF-XSim-2] XSim::Compile design
INFO: [USF-XSim-61] Executing 'COMPILE and ANALYZE' step in 'D:/1111/DCCDL/final project/vivado/at_lab/at_lab.sim/sim_1/behav/xsim'
"xvlog --incr --relax -prj stage1_tb_vlog.prj"
INFO: [VRFC 10-2263] Analyzing Verilog file "D:/1111/DCCDL/final project/vivado/at_lab/at_lab.srcs/sources_1/new/Complex_multiplier_64pt.v" into library xil_defaultlib
INFO: [VRFC 10-311] analyzing module Complex_multiplier_64pt
INFO: [VRFC 10-2263] Analyzing Verilog file "D:/1111/DCCDL/final project/vivado/at_lab/at_lab.srcs/sources_1/new/ROM_64.v" into library xil_defaultlib
INFO: [VRFC 10-311] analyzing module ROM_64
INFO: [VRFC 10-2263] Analyzing Verilog file "D:/1111/DCCDL/final project/vivado/at_lab/at_lab.srcs/sources_1/new/butterfly_radix4.v" into library xil_defaultlib
INFO: [VRFC 10-311] analyzing module butterfly_radix4
INFO: [VRFC 10-2263] Analyzing Verilog file "D:/1111/DCCDL/final project/vivado/at_lab/at_lab.srcs/sources_1/new/multiplier_15bits.v" into library xil_defaultlib
INFO: [VRFC 10-311] analyzing module multiplier_15bits
INFO: [VRFC 10-2263] Analyzing Verilog file "D:/1111/DCCDL/final project/vivado/at_lab/at_lab.srcs/sources_1/new/stage_1.v" into library xil_defaultlib
INFO: [VRFC 10-311] analyzing module stage_1
INFO: [VRFC 10-2458] undeclared symbol control_S1_1, assumed default net type wire [D:/1111/DCCDL/final project/vivado/at_lab/at_lab.srcs/sources_1/new/stage_1.v:49]
INFO: [VRFC 10-2263] Analyzing Verilog file "D:/1111/DCCDL/final project/vivado/at_lab/at_lab.srcs/sim_1/new/stage1_tb.v" into library xil_defaultlib
INFO: [VRFC 10-311] analyzing module stage1_tb
INFO: [USF-XSim-69] 'compile' step finished in '2' seconds
INFO: [Vivado 12-5682] Launching behavioral simulation in 'D:/1111/DCCDL/final project/vivado/at_lab/at_lab.sim/sim_1/behav/xsim'
INFO: [USF-XSim-3] XSim::Elaborate design
INFO: [USF-XSim-61] Executing 'ELABORATE' step in 'D:/1111/DCCDL/final project/vivado/at_lab/at_lab.sim/sim_1/behav/xsim'
"xelab -wto c3686c0809ac4e8db67655cd317696fb --incr --debug typical --relax --mt 2 -L xil_defaultlib -L unisims_ver -L unimacro_ver -L secureip --snapshot stage1_tb_behav xil_defaultlib.stage1_tb xil_defaultlib.glbl -log elaborate.log"
Vivado Simulator 2019.1
Copyright 1986-1999, 2001-2019 Xilinx, Inc. All Rights Reserved.
Running: C:/Xilinx/Vivado/2019.1/bin/unwrapped/win64.o/xelab.exe -wto c3686c0809ac4e8db67655cd317696fb --incr --debug typical --relax --mt 2 -L xil_defaultlib -L unisims_ver -L unimacro_ver -L secureip --snapshot stage1_tb_behav xil_defaultlib.stage1_tb xil_defaultlib.glbl -log elaborate.log 
Using 2 slave threads.
Starting static elaboration
Completed static elaboration
Starting simulation data flow analysis
Completed simulation data flow analysis
Time Resolution for simulation is 1ps
Compiling module xil_defaultlib.butterfly_radix4
Compiling module xil_defaultlib.ROM_64
Compiling module xil_defaultlib.multiplier_15bits
Compiling module xil_defaultlib.Complex_multiplier_64pt
Compiling module xil_defaultlib.stage_1
Compiling module xil_defaultlib.stage1_tb
Compiling module xil_defaultlib.glbl
Built simulation snapshot stage1_tb_behav
INFO: [USF-XSim-69] 'elaborate' step finished in '2' seconds
Vivado Simulator 2019.1
Time resolution is 1 ps
relaunch_sim: Time (s): cpu = 00:00:02 ; elapsed = 00:00:07 . Memory (MB): peak = 1324.766 ; gain = 0.000
run 500 ns
relaunch_sim
INFO: [Vivado 12-5682] Launching behavioral simulation in 'D:/1111/DCCDL/final project/vivado/at_lab/at_lab.sim/sim_1/behav/xsim'
INFO: [SIM-utils-51] Simulation object is 'sim_1'
INFO: [SIM-utils-54] Inspecting design source files for 'stage1_tb' in fileset 'sim_1'...
INFO: [USF-XSim-97] Finding global include files...
INFO: [USF-XSim-98] Fetching design files from 'sim_1'...
INFO: [USF-XSim-2] XSim::Compile design
INFO: [USF-XSim-61] Executing 'COMPILE and ANALYZE' step in 'D:/1111/DCCDL/final project/vivado/at_lab/at_lab.sim/sim_1/behav/xsim'
"xvlog --incr --relax -prj stage1_tb_vlog.prj"
INFO: [VRFC 10-2263] Analyzing Verilog file "D:/1111/DCCDL/final project/vivado/at_lab/at_lab.srcs/sources_1/new/Complex_multiplier_64pt.v" into library xil_defaultlib
INFO: [VRFC 10-311] analyzing module Complex_multiplier_64pt
INFO: [VRFC 10-2263] Analyzing Verilog file "D:/1111/DCCDL/final project/vivado/at_lab/at_lab.srcs/sources_1/new/ROM_64.v" into library xil_defaultlib
INFO: [VRFC 10-311] analyzing module ROM_64
INFO: [VRFC 10-2263] Analyzing Verilog file "D:/1111/DCCDL/final project/vivado/at_lab/at_lab.srcs/sources_1/new/butterfly_radix4.v" into library xil_defaultlib
INFO: [VRFC 10-311] analyzing module butterfly_radix4
INFO: [VRFC 10-2263] Analyzing Verilog file "D:/1111/DCCDL/final project/vivado/at_lab/at_lab.srcs/sources_1/new/multiplier_15bits.v" into library xil_defaultlib
INFO: [VRFC 10-311] analyzing module multiplier_15bits
INFO: [VRFC 10-2263] Analyzing Verilog file "D:/1111/DCCDL/final project/vivado/at_lab/at_lab.srcs/sources_1/new/stage_1.v" into library xil_defaultlib
INFO: [VRFC 10-311] analyzing module stage_1
INFO: [VRFC 10-2458] undeclared symbol control_S1_1, assumed default net type wire [D:/1111/DCCDL/final project/vivado/at_lab/at_lab.srcs/sources_1/new/stage_1.v:49]
INFO: [VRFC 10-2263] Analyzing Verilog file "D:/1111/DCCDL/final project/vivado/at_lab/at_lab.srcs/sim_1/new/stage1_tb.v" into library xil_defaultlib
INFO: [VRFC 10-311] analyzing module stage1_tb
INFO: [USF-XSim-69] 'compile' step finished in '1' seconds
INFO: [Vivado 12-5682] Launching behavioral simulation in 'D:/1111/DCCDL/final project/vivado/at_lab/at_lab.sim/sim_1/behav/xsim'
INFO: [USF-XSim-3] XSim::Elaborate design
INFO: [USF-XSim-61] Executing 'ELABORATE' step in 'D:/1111/DCCDL/final project/vivado/at_lab/at_lab.sim/sim_1/behav/xsim'
"xelab -wto c3686c0809ac4e8db67655cd317696fb --incr --debug typical --relax --mt 2 -L xil_defaultlib -L unisims_ver -L unimacro_ver -L secureip --snapshot stage1_tb_behav xil_defaultlib.stage1_tb xil_defaultlib.glbl -log elaborate.log"
Vivado Simulator 2019.1
Copyright 1986-1999, 2001-2019 Xilinx, Inc. All Rights Reserved.
Running: C:/Xilinx/Vivado/2019.1/bin/unwrapped/win64.o/xelab.exe -wto c3686c0809ac4e8db67655cd317696fb --incr --debug typical --relax --mt 2 -L xil_defaultlib -L unisims_ver -L unimacro_ver -L secureip --snapshot stage1_tb_behav xil_defaultlib.stage1_tb xil_defaultlib.glbl -log elaborate.log 
Using 2 slave threads.
Starting static elaboration
Completed static elaboration
Starting simulation data flow analysis
Completed simulation data flow analysis
Time Resolution for simulation is 1ps
Compiling module xil_defaultlib.butterfly_radix4
Compiling module xil_defaultlib.ROM_64
Compiling module xil_defaultlib.multiplier_15bits
Compiling module xil_defaultlib.Complex_multiplier_64pt
Compiling module xil_defaultlib.stage_1
Compiling module xil_defaultlib.stage1_tb
Compiling module xil_defaultlib.glbl
Built simulation snapshot stage1_tb_behav
INFO: [USF-XSim-69] 'elaborate' step finished in '2' seconds
Vivado Simulator 2019.1
Time resolution is 1 ps
relaunch_sim: Time (s): cpu = 00:00:03 ; elapsed = 00:00:07 . Memory (MB): peak = 1324.766 ; gain = 0.000
run 500 ns
relaunch_sim
