
*** Running vivado
    with args -log transposed_form_fir_top.vds -m64 -product Vivado -mode batch -messageDb vivado.pb -notrace -source transposed_form_fir_top.tcl


****** Vivado v2019.1 (64-bit)
  **** SW Build 2552052 on Fri May 24 14:49:42 MDT 2019
  **** IP Build 2548770 on Fri May 24 18:01:18 MDT 2019
    ** Copyright 1986-2019 Xilinx, Inc. All Rights Reserved.

source transposed_form_fir_top.tcl -notrace
Command: synth_design -top transposed_form_fir_top -part xc7a200tfbv676-1
Starting synth_design
Attempting to get a license for feature 'Synthesis' and/or device 'xc7a200t'
INFO: [Common 17-349] Got license for feature 'Synthesis' and/or device 'xc7a200t'
INFO: Launching helper process for spawning children vivado processes
INFO: Helper process launched with PID 14932 
---------------------------------------------------------------------------------
Starting Synthesize : Time (s): cpu = 00:00:03 ; elapsed = 00:00:04 . Memory (MB): peak = 563.676 ; gain = 185.164
---------------------------------------------------------------------------------
INFO: [Synth 8-6157] synthesizing module 'transposed_form_fir_top' [D:/1111/DCCDL/VIVADO/Lab3/transfer_form_fir/transfer_form_fir.srcs/sources_1/new/transposed_form_fir_top.v:3]
INFO: [Synth 8-6157] synthesizing module 's2_15_mult' [D:/1111/DCCDL/VIVADO/Lab3/transfer_form_fir/transfer_form_fir.srcs/sources_1/new/s2_15_mult.v:3]
INFO: [Synth 8-6155] done synthesizing module 's2_15_mult' (1#1) [D:/1111/DCCDL/VIVADO/Lab3/transfer_form_fir/transfer_form_fir.srcs/sources_1/new/s2_15_mult.v:3]
INFO: [Synth 8-6157] synthesizing module 's11_16_add' [D:/1111/DCCDL/VIVADO/Lab3/transfer_form_fir/transfer_form_fir.srcs/sources_1/new/s11_16_add.v:3]
INFO: [Synth 8-6155] done synthesizing module 's11_16_add' (2#1) [D:/1111/DCCDL/VIVADO/Lab3/transfer_form_fir/transfer_form_fir.srcs/sources_1/new/s11_16_add.v:3]
WARNING: [Synth 8-324] index 32 out of range [D:/1111/DCCDL/VIVADO/Lab3/transfer_form_fir/transfer_form_fir.srcs/sources_1/new/transposed_form_fir_top.v:137]
INFO: [Synth 8-4471] merging register 'memory_h_reg[17][0:17]' into 'memory_h_reg[15][0:17]' [D:/1111/DCCDL/VIVADO/Lab3/transfer_form_fir/transfer_form_fir.srcs/sources_1/new/transposed_form_fir_top.v:20]
INFO: [Synth 8-4471] merging register 'memory_h_reg[18][0:17]' into 'memory_h_reg[14][0:17]' [D:/1111/DCCDL/VIVADO/Lab3/transfer_form_fir/transfer_form_fir.srcs/sources_1/new/transposed_form_fir_top.v:20]
INFO: [Synth 8-4471] merging register 'memory_h_reg[19][0:17]' into 'memory_h_reg[13][0:17]' [D:/1111/DCCDL/VIVADO/Lab3/transfer_form_fir/transfer_form_fir.srcs/sources_1/new/transposed_form_fir_top.v:20]
INFO: [Synth 8-4471] merging register 'memory_h_reg[20][0:17]' into 'memory_h_reg[12][0:17]' [D:/1111/DCCDL/VIVADO/Lab3/transfer_form_fir/transfer_form_fir.srcs/sources_1/new/transposed_form_fir_top.v:20]
INFO: [Synth 8-4471] merging register 'memory_h_reg[21][0:17]' into 'memory_h_reg[11][0:17]' [D:/1111/DCCDL/VIVADO/Lab3/transfer_form_fir/transfer_form_fir.srcs/sources_1/new/transposed_form_fir_top.v:20]
INFO: [Synth 8-4471] merging register 'memory_h_reg[22][0:17]' into 'memory_h_reg[10][0:17]' [D:/1111/DCCDL/VIVADO/Lab3/transfer_form_fir/transfer_form_fir.srcs/sources_1/new/transposed_form_fir_top.v:20]
INFO: [Synth 8-4471] merging register 'memory_h_reg[23][0:17]' into 'memory_h_reg[9][0:17]' [D:/1111/DCCDL/VIVADO/Lab3/transfer_form_fir/transfer_form_fir.srcs/sources_1/new/transposed_form_fir_top.v:20]
INFO: [Synth 8-4471] merging register 'memory_h_reg[24][0:17]' into 'memory_h_reg[8][0:17]' [D:/1111/DCCDL/VIVADO/Lab3/transfer_form_fir/transfer_form_fir.srcs/sources_1/new/transposed_form_fir_top.v:20]
INFO: [Synth 8-4471] merging register 'memory_h_reg[25][0:17]' into 'memory_h_reg[7][0:17]' [D:/1111/DCCDL/VIVADO/Lab3/transfer_form_fir/transfer_form_fir.srcs/sources_1/new/transposed_form_fir_top.v:20]
INFO: [Synth 8-4471] merging register 'memory_h_reg[26][0:17]' into 'memory_h_reg[6][0:17]' [D:/1111/DCCDL/VIVADO/Lab3/transfer_form_fir/transfer_form_fir.srcs/sources_1/new/transposed_form_fir_top.v:20]
INFO: [Synth 8-4471] merging register 'memory_h_reg[27][0:17]' into 'memory_h_reg[5][0:17]' [D:/1111/DCCDL/VIVADO/Lab3/transfer_form_fir/transfer_form_fir.srcs/sources_1/new/transposed_form_fir_top.v:20]
INFO: [Synth 8-4471] merging register 'memory_h_reg[28][0:17]' into 'memory_h_reg[4][0:17]' [D:/1111/DCCDL/VIVADO/Lab3/transfer_form_fir/transfer_form_fir.srcs/sources_1/new/transposed_form_fir_top.v:20]
INFO: [Synth 8-4471] merging register 'memory_h_reg[29][0:17]' into 'memory_h_reg[3][0:17]' [D:/1111/DCCDL/VIVADO/Lab3/transfer_form_fir/transfer_form_fir.srcs/sources_1/new/transposed_form_fir_top.v:20]
INFO: [Synth 8-4471] merging register 'memory_h_reg[30][0:17]' into 'memory_h_reg[2][0:17]' [D:/1111/DCCDL/VIVADO/Lab3/transfer_form_fir/transfer_form_fir.srcs/sources_1/new/transposed_form_fir_top.v:20]
INFO: [Synth 8-4471] merging register 'memory_h_reg[31][0:17]' into 'memory_h_reg[1][0:17]' [D:/1111/DCCDL/VIVADO/Lab3/transfer_form_fir/transfer_form_fir.srcs/sources_1/new/transposed_form_fir_top.v:20]
INFO: [Synth 8-4471] merging register 'memory_h_reg[32][0:17]' into 'memory_h_reg[0][0:17]' [D:/1111/DCCDL/VIVADO/Lab3/transfer_form_fir/transfer_form_fir.srcs/sources_1/new/transposed_form_fir_top.v:20]
WARNING: [Synth 8-6014] Unused sequential element memory_h_reg[17] was removed.  [D:/1111/DCCDL/VIVADO/Lab3/transfer_form_fir/transfer_form_fir.srcs/sources_1/new/transposed_form_fir_top.v:20]
WARNING: [Synth 8-6014] Unused sequential element memory_h_reg[18] was removed.  [D:/1111/DCCDL/VIVADO/Lab3/transfer_form_fir/transfer_form_fir.srcs/sources_1/new/transposed_form_fir_top.v:20]
WARNING: [Synth 8-6014] Unused sequential element memory_h_reg[19] was removed.  [D:/1111/DCCDL/VIVADO/Lab3/transfer_form_fir/transfer_form_fir.srcs/sources_1/new/transposed_form_fir_top.v:20]
WARNING: [Synth 8-6014] Unused sequential element memory_h_reg[20] was removed.  [D:/1111/DCCDL/VIVADO/Lab3/transfer_form_fir/transfer_form_fir.srcs/sources_1/new/transposed_form_fir_top.v:20]
WARNING: [Synth 8-6014] Unused sequential element memory_h_reg[21] was removed.  [D:/1111/DCCDL/VIVADO/Lab3/transfer_form_fir/transfer_form_fir.srcs/sources_1/new/transposed_form_fir_top.v:20]
WARNING: [Synth 8-6014] Unused sequential element memory_h_reg[22] was removed.  [D:/1111/DCCDL/VIVADO/Lab3/transfer_form_fir/transfer_form_fir.srcs/sources_1/new/transposed_form_fir_top.v:20]
WARNING: [Synth 8-6014] Unused sequential element memory_h_reg[23] was removed.  [D:/1111/DCCDL/VIVADO/Lab3/transfer_form_fir/transfer_form_fir.srcs/sources_1/new/transposed_form_fir_top.v:20]
WARNING: [Synth 8-6014] Unused sequential element memory_h_reg[24] was removed.  [D:/1111/DCCDL/VIVADO/Lab3/transfer_form_fir/transfer_form_fir.srcs/sources_1/new/transposed_form_fir_top.v:20]
WARNING: [Synth 8-6014] Unused sequential element memory_h_reg[25] was removed.  [D:/1111/DCCDL/VIVADO/Lab3/transfer_form_fir/transfer_form_fir.srcs/sources_1/new/transposed_form_fir_top.v:20]
WARNING: [Synth 8-6014] Unused sequential element memory_h_reg[26] was removed.  [D:/1111/DCCDL/VIVADO/Lab3/transfer_form_fir/transfer_form_fir.srcs/sources_1/new/transposed_form_fir_top.v:20]
WARNING: [Synth 8-6014] Unused sequential element memory_h_reg[27] was removed.  [D:/1111/DCCDL/VIVADO/Lab3/transfer_form_fir/transfer_form_fir.srcs/sources_1/new/transposed_form_fir_top.v:20]
WARNING: [Synth 8-6014] Unused sequential element memory_h_reg[28] was removed.  [D:/1111/DCCDL/VIVADO/Lab3/transfer_form_fir/transfer_form_fir.srcs/sources_1/new/transposed_form_fir_top.v:20]
WARNING: [Synth 8-6014] Unused sequential element memory_h_reg[29] was removed.  [D:/1111/DCCDL/VIVADO/Lab3/transfer_form_fir/transfer_form_fir.srcs/sources_1/new/transposed_form_fir_top.v:20]
WARNING: [Synth 8-6014] Unused sequential element memory_h_reg[30] was removed.  [D:/1111/DCCDL/VIVADO/Lab3/transfer_form_fir/transfer_form_fir.srcs/sources_1/new/transposed_form_fir_top.v:20]
WARNING: [Synth 8-6014] Unused sequential element memory_h_reg[31] was removed.  [D:/1111/DCCDL/VIVADO/Lab3/transfer_form_fir/transfer_form_fir.srcs/sources_1/new/transposed_form_fir_top.v:20]
WARNING: [Synth 8-6014] Unused sequential element memory_h_reg[32] was removed.  [D:/1111/DCCDL/VIVADO/Lab3/transfer_form_fir/transfer_form_fir.srcs/sources_1/new/transposed_form_fir_top.v:20]
INFO: [Synth 8-6155] done synthesizing module 'transposed_form_fir_top' (3#1) [D:/1111/DCCDL/VIVADO/Lab3/transfer_form_fir/transfer_form_fir.srcs/sources_1/new/transposed_form_fir_top.v:3]
---------------------------------------------------------------------------------
Finished Synthesize : Time (s): cpu = 00:00:04 ; elapsed = 00:00:05 . Memory (MB): peak = 626.508 ; gain = 247.996
---------------------------------------------------------------------------------
---------------------------------------------------------------------------------
Finished Constraint Validation : Time (s): cpu = 00:00:04 ; elapsed = 00:00:05 . Memory (MB): peak = 626.508 ; gain = 247.996
---------------------------------------------------------------------------------
---------------------------------------------------------------------------------
Start Loading Part and Timing Information
---------------------------------------------------------------------------------
Loading part: xc7a200tfbv676-1
---------------------------------------------------------------------------------
Finished Loading Part and Timing Information : Time (s): cpu = 00:00:04 ; elapsed = 00:00:05 . Memory (MB): peak = 626.508 ; gain = 247.996
---------------------------------------------------------------------------------
INFO: [Device 21-403] Loading part xc7a200tfbv676-1
---------------------------------------------------------------------------------
Finished RTL Optimization Phase 2 : Time (s): cpu = 00:00:05 ; elapsed = 00:00:05 . Memory (MB): peak = 626.508 ; gain = 247.996
---------------------------------------------------------------------------------
INFO: [Synth 8-223] decloning instance 'multer2' (s2_15_mult) to 'multer32'
INFO: [Synth 8-223] decloning instance 'multer3' (s2_15_mult) to 'multer31'
INFO: [Synth 8-223] decloning instance 'multer4' (s2_15_mult) to 'multer30'
INFO: [Synth 8-223] decloning instance 'multer5' (s2_15_mult) to 'multer29'
INFO: [Synth 8-223] decloning instance 'multer6' (s2_15_mult) to 'multer28'
INFO: [Synth 8-223] decloning instance 'multer7' (s2_15_mult) to 'multer27'
INFO: [Synth 8-223] decloning instance 'multer8' (s2_15_mult) to 'multer26'
INFO: [Synth 8-223] decloning instance 'multer9' (s2_15_mult) to 'multer25'
INFO: [Synth 8-223] decloning instance 'multer10' (s2_15_mult) to 'multer24'
INFO: [Synth 8-223] decloning instance 'multer11' (s2_15_mult) to 'multer23'
INFO: [Synth 8-223] decloning instance 'multer12' (s2_15_mult) to 'multer22'
INFO: [Synth 8-223] decloning instance 'multer13' (s2_15_mult) to 'multer21'
INFO: [Synth 8-223] decloning instance 'multer14' (s2_15_mult) to 'multer20'
INFO: [Synth 8-223] decloning instance 'multer15' (s2_15_mult) to 'multer19'
INFO: [Synth 8-223] decloning instance 'multer16' (s2_15_mult) to 'multer18'

Report RTL Partitions: 
+-+--------------+------------+----------+
| |RTL Partition |Replication |Instances |
+-+--------------+------------+----------+
+-+--------------+------------+----------+
No constraint files found.
---------------------------------------------------------------------------------
Start RTL Component Statistics 
---------------------------------------------------------------------------------
Detailed RTL Component Info : 
+---Adders : 
	   2 Input     28 Bit       Adders := 32    
+---Registers : 
	               28 Bit    Registers := 32    
	               18 Bit    Registers := 17    
---------------------------------------------------------------------------------
Finished RTL Component Statistics 
---------------------------------------------------------------------------------
---------------------------------------------------------------------------------
Start RTL Hierarchical Component Statistics 
---------------------------------------------------------------------------------
Hierarchical RTL Component report 
Module transposed_form_fir_top 
Detailed RTL Component Info : 
+---Registers : 
	               28 Bit    Registers := 32    
	               18 Bit    Registers := 17    
Module s11_16_add 
Detailed RTL Component Info : 
+---Adders : 
	   2 Input     28 Bit       Adders := 1     
---------------------------------------------------------------------------------
Finished RTL Hierarchical Component Statistics
---------------------------------------------------------------------------------
---------------------------------------------------------------------------------
Start Part Resource Summary
---------------------------------------------------------------------------------
Part Resources:
DSPs: 740 (col length:100)
BRAMs: 730 (col length: RAMB18 100 RAMB36 50)
---------------------------------------------------------------------------------
Finished Part Resource Summary
---------------------------------------------------------------------------------
No constraint files found.
---------------------------------------------------------------------------------
Start Cross Boundary and Area Optimization
---------------------------------------------------------------------------------
Warning: Parallel synthesis criteria is not met 
DSP Report: Generating DSP multer2/mult_result, operation Mode is: A*(B:0x4dc)'.
DSP Report: register memory_h_reg[1] is absorbed into DSP multer2/mult_result.
DSP Report: operator multer2/mult_result is absorbed into DSP multer2/mult_result.
DSP Report: Generating DSP multer3/mult_result, operation Mode is: A*(B:0x1fa)'.
DSP Report: register memory_h_reg[2] is absorbed into DSP multer3/mult_result.
DSP Report: operator multer3/mult_result is absorbed into DSP multer3/mult_result.
DSP Report: Generating DSP multer4/mult_result, operation Mode is: A*(B:0x3fce1)'.
DSP Report: register memory_h_reg[3] is absorbed into DSP multer4/mult_result.
DSP Report: operator multer4/mult_result is absorbed into DSP multer4/mult_result.
DSP Report: Generating DSP multer5/mult_result, operation Mode is: A*(B:0x3f665)'.
DSP Report: register memory_h_reg[4] is absorbed into DSP multer5/mult_result.
DSP Report: operator multer5/mult_result is absorbed into DSP multer5/mult_result.
DSP Report: Generating DSP multer6/mult_result, operation Mode is: A*(B:0x3f011)'.
DSP Report: register memory_h_reg[5] is absorbed into DSP multer6/mult_result.
DSP Report: operator multer6/mult_result is absorbed into DSP multer6/mult_result.
DSP Report: Generating DSP multer7/mult_result, operation Mode is: A*(B:0x3ebec)'.
DSP Report: register memory_h_reg[6] is absorbed into DSP multer7/mult_result.
DSP Report: operator multer7/mult_result is absorbed into DSP multer7/mult_result.
DSP Report: Generating DSP multer8/mult_result, operation Mode is: A*(B:0x3ec1c)'.
DSP Report: register memory_h_reg[7] is absorbed into DSP multer8/mult_result.
DSP Report: operator multer8/mult_result is absorbed into DSP multer8/mult_result.
DSP Report: Generating DSP multer9/mult_result, operation Mode is: A*(B:0x3f26b)'.
DSP Report: register memory_h_reg[8] is absorbed into DSP multer9/mult_result.
DSP Report: operator multer9/mult_result is absorbed into DSP multer9/mult_result.
DSP Report: Generating DSP multer10/mult_result, operation Mode is: A*(B:0x3ffce)'.
DSP Report: register memory_h_reg[9] is absorbed into DSP multer10/mult_result.
DSP Report: operator multer10/mult_result is absorbed into DSP multer10/mult_result.
DSP Report: Generating DSP multer11/mult_result, operation Mode is: A*(B:0x1413)'.
DSP Report: register memory_h_reg[10] is absorbed into DSP multer11/mult_result.
DSP Report: operator multer11/mult_result is absorbed into DSP multer11/mult_result.
DSP Report: Generating DSP multer12/mult_result, operation Mode is: A*(B:0x2db8)'.
DSP Report: register memory_h_reg[11] is absorbed into DSP multer12/mult_result.
DSP Report: operator multer12/mult_result is absorbed into DSP multer12/mult_result.
DSP Report: Generating DSP multer13/mult_result, operation Mode is: A*(B:0x4a10)'.
DSP Report: register memory_h_reg[12] is absorbed into DSP multer13/mult_result.
DSP Report: operator multer13/mult_result is absorbed into DSP multer13/mult_result.
DSP Report: Generating DSP multer14/mult_result, operation Mode is: A*(B:0x65a2)'.
DSP Report: register memory_h_reg[13] is absorbed into DSP multer14/mult_result.
DSP Report: operator multer14/mult_result is absorbed into DSP multer14/mult_result.
DSP Report: Generating DSP multer15/mult_result, operation Mode is: A*(B:0x7cbc)'.
DSP Report: register memory_h_reg[14] is absorbed into DSP multer15/mult_result.
DSP Report: operator multer15/mult_result is absorbed into DSP multer15/mult_result.
DSP Report: Generating DSP multer16/mult_result, operation Mode is: A*(B:0x8c19)'.
DSP Report: register memory_h_reg[15] is absorbed into DSP multer16/mult_result.
DSP Report: operator multer16/mult_result is absorbed into DSP multer16/mult_result.
DSP Report: Generating DSP multer17/mult_result, operation Mode is: A*(B:0x917c)'.
DSP Report: register memory_h_reg[16] is absorbed into DSP multer17/mult_result.
DSP Report: operator multer17/mult_result is absorbed into DSP multer17/mult_result.
DSP Report: Generating DSP multer1/mult_result, operation Mode is: A*(B:0x56e)'.
DSP Report: register memory_h_reg[0] is absorbed into DSP multer1/mult_result.
DSP Report: operator multer1/mult_result is absorbed into DSP multer1/mult_result.
INFO: [Synth 8-3886] merging instance 'memory_h_reg[0][17]' (FD) to 'memory_h_reg[0][13]'
INFO: [Synth 8-3886] merging instance 'memory_h_reg[0][16]' (FD) to 'memory_h_reg[0][15]'
INFO: [Synth 8-3886] merging instance 'memory_h_reg[0][15]' (FD) to 'memory_h_reg[0][14]'
INFO: [Synth 8-3886] merging instance 'memory_h_reg[0][14]' (FD) to 'memory_h_reg[0][12]'
INFO: [Synth 8-3886] merging instance 'memory_h_reg[0][13]' (FD) to 'memory_h_reg[0][10]'
INFO: [Synth 8-3886] merging instance 'memory_h_reg[0][12]' (FD) to 'memory_h_reg[0][11]'
INFO: [Synth 8-3886] merging instance 'memory_h_reg[0][11]' (FD) to 'memory_h_reg[0][9]'
INFO: [Synth 8-3886] merging instance 'memory_h_reg[0][10]' (FD) to 'memory_h_reg[0][8]'
INFO: [Synth 8-3886] merging instance 'memory_h_reg[0][9]' (FD) to 'memory_h_reg[0][7]'
INFO: [Synth 8-3886] merging instance 'memory_h_reg[0][8]' (FD) to 'memory_h_reg[0][6]'
INFO: [Synth 8-3333] propagating constant 1 across sequential element (\memory_h_reg[0][7] )
INFO: [Synth 8-3886] merging instance 'memory_h_reg[0][6]' (FD) to 'memory_h_reg[0][5]'
INFO: [Synth 8-3886] merging instance 'memory_h_reg[0][5]' (FD) to 'memory_h_reg[0][4]'
INFO: [Synth 8-3886] merging instance 'memory_h_reg[0][4]' (FD) to 'memory_h_reg[0][3]'
INFO: [Synth 8-3886] merging instance 'memory_h_reg[0][3]' (FD) to 'memory_h_reg[0][2]'
INFO: [Synth 8-3886] merging instance 'memory_h_reg[0][2]' (FD) to 'memory_h_reg[0][1]'
INFO: [Synth 8-3886] merging instance 'memory_h_reg[0][1]' (FD) to 'memory_h_reg[0][0]'
INFO: [Synth 8-3333] propagating constant 0 across sequential element (\memory_h_reg[0][0] )
---------------------------------------------------------------------------------
Finished Cross Boundary and Area Optimization : Time (s): cpu = 00:00:15 ; elapsed = 00:00:16 . Memory (MB): peak = 809.812 ; gain = 431.301
---------------------------------------------------------------------------------
---------------------------------------------------------------------------------
Start ROM, RAM, DSP and Shift Register Reporting
---------------------------------------------------------------------------------

DSP: Preliminary Mapping  Report (see note below)
+------------------------+----------------+--------+--------+--------+--------+--------+------+------+------+------+-------+------+------+
|Module Name             | DSP Mapping    | A Size | B Size | C Size | D Size | P Size | AREG | BREG | CREG | DREG | ADREG | MREG | PREG | 
+------------------------+----------------+--------+--------+--------+--------+--------+------+------+------+------+-------+------+------+
|transposed_form_fir_top | A*(B:0x4dc)'   | 18     | 18     | -      | -      | 36     | 0    | 1    | -    | -    | -     | 0    | 0    | 
|transposed_form_fir_top | A*(B:0x1fa)'   | 18     | 18     | -      | -      | 36     | 0    | 1    | -    | -    | -     | 0    | 0    | 
|transposed_form_fir_top | A*(B:0x3fce1)' | 18     | 18     | -      | -      | 36     | 0    | 1    | -    | -    | -     | 0    | 0    | 
|transposed_form_fir_top | A*(B:0x3f665)' | 18     | 18     | -      | -      | 36     | 0    | 1    | -    | -    | -     | 0    | 0    | 
|transposed_form_fir_top | A*(B:0x3f011)' | 18     | 18     | -      | -      | 36     | 0    | 1    | -    | -    | -     | 0    | 0    | 
|transposed_form_fir_top | A*(B:0x3ebec)' | 18     | 18     | -      | -      | 36     | 0    | 1    | -    | -    | -     | 0    | 0    | 
|transposed_form_fir_top | A*(B:0x3ec1c)' | 18     | 18     | -      | -      | 36     | 0    | 1    | -    | -    | -     | 0    | 0    | 
|transposed_form_fir_top | A*(B:0x3f26b)' | 18     | 18     | -      | -      | 36     | 0    | 1    | -    | -    | -     | 0    | 0    | 
|transposed_form_fir_top | A*(B:0x3ffce)' | 18     | 18     | -      | -      | 36     | 0    | 1    | -    | -    | -     | 0    | 0    | 
|transposed_form_fir_top | A*(B:0x1413)'  | 18     | 18     | -      | -      | 36     | 0    | 1    | -    | -    | -     | 0    | 0    | 
|transposed_form_fir_top | A*(B:0x2db8)'  | 18     | 18     | -      | -      | 36     | 0    | 1    | -    | -    | -     | 0    | 0    | 
|transposed_form_fir_top | A*(B:0x4a10)'  | 18     | 18     | -      | -      | 36     | 0    | 1    | -    | -    | -     | 0    | 0    | 
|transposed_form_fir_top | A*(B:0x65a2)'  | 18     | 18     | -      | -      | 36     | 0    | 1    | -    | -    | -     | 0    | 0    | 
|transposed_form_fir_top | A*(B:0x7cbc)'  | 18     | 18     | -      | -      | 36     | 0    | 1    | -    | -    | -     | 0    | 0    | 
|transposed_form_fir_top | A*(B:0x8c19)'  | 18     | 18     | -      | -      | 36     | 0    | 1    | -    | -    | -     | 0    | 0    | 
|transposed_form_fir_top | A*(B:0x917c)'  | 18     | 18     | -      | -      | 36     | 0    | 1    | -    | -    | -     | 0    | 0    | 
|transposed_form_fir_top | A*(B:0x56e)'   | 18     | 18     | -      | -      | 36     | 0    | 1    | -    | -    | -     | 0    | 0    | 
+------------------------+----------------+--------+--------+--------+--------+--------+------+------+------+------+-------+------+------+

Note: The table above is a preliminary report that shows the DSPs inferred at the current stage of the synthesis flow. Some DSP may be reimplemented as non DSP primitives later in the synthesis flow. Multiple instantiated DSPs are reported only once.
---------------------------------------------------------------------------------
Finished ROM, RAM, DSP and Shift Register Reporting
---------------------------------------------------------------------------------

Report RTL Partitions: 
+-+--------------+------------+----------+
| |RTL Partition |Replication |Instances |
+-+--------------+------------+----------+
+-+--------------+------------+----------+
No constraint files found.
---------------------------------------------------------------------------------
Start Timing Optimization
---------------------------------------------------------------------------------
---------------------------------------------------------------------------------
Finished Timing Optimization : Time (s): cpu = 00:00:16 ; elapsed = 00:00:16 . Memory (MB): peak = 823.391 ; gain = 444.879
---------------------------------------------------------------------------------

Report RTL Partitions: 
+-+--------------+------------+----------+
| |RTL Partition |Replication |Instances |
+-+--------------+------------+----------+
+-+--------------+------------+----------+
---------------------------------------------------------------------------------
Start Technology Mapping
---------------------------------------------------------------------------------
---------------------------------------------------------------------------------
Finished Technology Mapping : Time (s): cpu = 00:00:16 ; elapsed = 00:00:17 . Memory (MB): peak = 823.391 ; gain = 444.879
---------------------------------------------------------------------------------

Report RTL Partitions: 
+-+--------------+------------+----------+
| |RTL Partition |Replication |Instances |
+-+--------------+------------+----------+
+-+--------------+------------+----------+
---------------------------------------------------------------------------------
Start IO Insertion
---------------------------------------------------------------------------------
---------------------------------------------------------------------------------
Start Flattening Before IO Insertion
---------------------------------------------------------------------------------
---------------------------------------------------------------------------------
Finished Flattening Before IO Insertion
---------------------------------------------------------------------------------
---------------------------------------------------------------------------------
Start Final Netlist Cleanup
---------------------------------------------------------------------------------
---------------------------------------------------------------------------------
Finished Final Netlist Cleanup
---------------------------------------------------------------------------------
---------------------------------------------------------------------------------
Finished IO Insertion : Time (s): cpu = 00:00:18 ; elapsed = 00:00:19 . Memory (MB): peak = 823.391 ; gain = 444.879
---------------------------------------------------------------------------------
CRITICAL WARNING: [Synth 8-6859] multi-driven net on pin memory_dff[31][6] with 1st driver pin 'multer33/mult_result/P[35]' [D:/1111/DCCDL/VIVADO/Lab3/transfer_form_fir/transfer_form_fir.srcs/sources_1/new/s2_15_mult.v:10]
CRITICAL WARNING: [Synth 8-6859] multi-driven net on pin memory_dff[31][6] with 2nd driver pin 'memory_dff_reg[31][6]/Q' [D:/1111/DCCDL/VIVADO/Lab3/transfer_form_fir/transfer_form_fir.srcs/sources_1/new/transposed_form_fir_top.v:91]
CRITICAL WARNING: [Synth 8-6859] multi-driven net on pin memory_dff[31][6] with 3rd driver pin 'memory_dff_reg[31][5]/Q' [D:/1111/DCCDL/VIVADO/Lab3/transfer_form_fir/transfer_form_fir.srcs/sources_1/new/transposed_form_fir_top.v:91]
CRITICAL WARNING: [Synth 8-6859] multi-driven net on pin memory_dff[31][6] with 4th driver pin 'memory_dff_reg[31][4]/Q' [D:/1111/DCCDL/VIVADO/Lab3/transfer_form_fir/transfer_form_fir.srcs/sources_1/new/transposed_form_fir_top.v:91]
CRITICAL WARNING: [Synth 8-6859] multi-driven net on pin memory_dff[31][6] with 5th driver pin 'memory_dff_reg[31][3]/Q' [D:/1111/DCCDL/VIVADO/Lab3/transfer_form_fir/transfer_form_fir.srcs/sources_1/new/transposed_form_fir_top.v:91]
CRITICAL WARNING: [Synth 8-6859] multi-driven net on pin memory_dff[31][6] with 6th driver pin 'memory_dff_reg[31][2]/Q' [D:/1111/DCCDL/VIVADO/Lab3/transfer_form_fir/transfer_form_fir.srcs/sources_1/new/transposed_form_fir_top.v:91]
CRITICAL WARNING: [Synth 8-6859] multi-driven net on pin memory_dff[31][6] with 7th driver pin 'memory_dff_reg[31][1]/Q' [D:/1111/DCCDL/VIVADO/Lab3/transfer_form_fir/transfer_form_fir.srcs/sources_1/new/transposed_form_fir_top.v:91]
CRITICAL WARNING: [Synth 8-6859] multi-driven net on pin memory_dff[31][6] with 8th driver pin 'memory_dff_reg[31][0]/Q' [D:/1111/DCCDL/VIVADO/Lab3/transfer_form_fir/transfer_form_fir.srcs/sources_1/new/transposed_form_fir_top.v:91]
CRITICAL WARNING: [Synth 8-6859] multi-driven net on pin memory_dff[31][7] with 1st driver pin 'multer33/mult_result/P[34]' [D:/1111/DCCDL/VIVADO/Lab3/transfer_form_fir/transfer_form_fir.srcs/sources_1/new/s2_15_mult.v:10]
CRITICAL WARNING: [Synth 8-6859] multi-driven net on pin memory_dff[31][7] with 2nd driver pin 'memory_dff_reg[31][7]/Q' [D:/1111/DCCDL/VIVADO/Lab3/transfer_form_fir/transfer_form_fir.srcs/sources_1/new/transposed_form_fir_top.v:91]
CRITICAL WARNING: [Synth 8-6859] multi-driven net on pin memory_dff[31][8] with 1st driver pin 'multer33/mult_result/P[33]' [D:/1111/DCCDL/VIVADO/Lab3/transfer_form_fir/transfer_form_fir.srcs/sources_1/new/s2_15_mult.v:10]
CRITICAL WARNING: [Synth 8-6859] multi-driven net on pin memory_dff[31][8] with 2nd driver pin 'memory_dff_reg[31][8]/Q' [D:/1111/DCCDL/VIVADO/Lab3/transfer_form_fir/transfer_form_fir.srcs/sources_1/new/transposed_form_fir_top.v:91]
CRITICAL WARNING: [Synth 8-6859] multi-driven net on pin memory_dff[31][9] with 1st driver pin 'multer33/mult_result/P[32]' [D:/1111/DCCDL/VIVADO/Lab3/transfer_form_fir/transfer_form_fir.srcs/sources_1/new/s2_15_mult.v:10]
CRITICAL WARNING: [Synth 8-6859] multi-driven net on pin memory_dff[31][9] with 2nd driver pin 'memory_dff_reg[31][9]/Q' [D:/1111/DCCDL/VIVADO/Lab3/transfer_form_fir/transfer_form_fir.srcs/sources_1/new/transposed_form_fir_top.v:91]
CRITICAL WARNING: [Synth 8-6859] multi-driven net on pin memory_dff[31][10] with 1st driver pin 'multer33/mult_result/P[31]' [D:/1111/DCCDL/VIVADO/Lab3/transfer_form_fir/transfer_form_fir.srcs/sources_1/new/s2_15_mult.v:10]
CRITICAL WARNING: [Synth 8-6859] multi-driven net on pin memory_dff[31][10] with 2nd driver pin 'memory_dff_reg[31][10]/Q' [D:/1111/DCCDL/VIVADO/Lab3/transfer_form_fir/transfer_form_fir.srcs/sources_1/new/transposed_form_fir_top.v:91]
CRITICAL WARNING: [Synth 8-6859] multi-driven net on pin memory_dff[31][11] with 1st driver pin 'multer33/mult_result/P[30]' [D:/1111/DCCDL/VIVADO/Lab3/transfer_form_fir/transfer_form_fir.srcs/sources_1/new/s2_15_mult.v:10]
CRITICAL WARNING: [Synth 8-6859] multi-driven net on pin memory_dff[31][11] with 2nd driver pin 'memory_dff_reg[31][11]/Q' [D:/1111/DCCDL/VIVADO/Lab3/transfer_form_fir/transfer_form_fir.srcs/sources_1/new/transposed_form_fir_top.v:91]
CRITICAL WARNING: [Synth 8-6859] multi-driven net on pin memory_dff[31][12] with 1st driver pin 'multer33/mult_result/P[29]' [D:/1111/DCCDL/VIVADO/Lab3/transfer_form_fir/transfer_form_fir.srcs/sources_1/new/s2_15_mult.v:10]
CRITICAL WARNING: [Synth 8-6859] multi-driven net on pin memory_dff[31][12] with 2nd driver pin 'memory_dff_reg[31][12]/Q' [D:/1111/DCCDL/VIVADO/Lab3/transfer_form_fir/transfer_form_fir.srcs/sources_1/new/transposed_form_fir_top.v:91]
CRITICAL WARNING: [Synth 8-6859] multi-driven net on pin memory_dff[31][13] with 1st driver pin 'multer33/mult_result/P[28]' [D:/1111/DCCDL/VIVADO/Lab3/transfer_form_fir/transfer_form_fir.srcs/sources_1/new/s2_15_mult.v:10]
CRITICAL WARNING: [Synth 8-6859] multi-driven net on pin memory_dff[31][13] with 2nd driver pin 'memory_dff_reg[31][13]/Q' [D:/1111/DCCDL/VIVADO/Lab3/transfer_form_fir/transfer_form_fir.srcs/sources_1/new/transposed_form_fir_top.v:91]
CRITICAL WARNING: [Synth 8-6859] multi-driven net on pin memory_dff[31][14] with 1st driver pin 'multer33/mult_result/P[27]' [D:/1111/DCCDL/VIVADO/Lab3/transfer_form_fir/transfer_form_fir.srcs/sources_1/new/s2_15_mult.v:10]
CRITICAL WARNING: [Synth 8-6859] multi-driven net on pin memory_dff[31][14] with 2nd driver pin 'memory_dff_reg[31][14]/Q' [D:/1111/DCCDL/VIVADO/Lab3/transfer_form_fir/transfer_form_fir.srcs/sources_1/new/transposed_form_fir_top.v:91]
CRITICAL WARNING: [Synth 8-6859] multi-driven net on pin memory_dff[31][15] with 1st driver pin 'multer33/mult_result/P[26]' [D:/1111/DCCDL/VIVADO/Lab3/transfer_form_fir/transfer_form_fir.srcs/sources_1/new/s2_15_mult.v:10]
CRITICAL WARNING: [Synth 8-6859] multi-driven net on pin memory_dff[31][15] with 2nd driver pin 'memory_dff_reg[31][15]/Q' [D:/1111/DCCDL/VIVADO/Lab3/transfer_form_fir/transfer_form_fir.srcs/sources_1/new/transposed_form_fir_top.v:91]
CRITICAL WARNING: [Synth 8-6859] multi-driven net on pin memory_dff[31][16] with 1st driver pin 'multer33/mult_result/P[25]' [D:/1111/DCCDL/VIVADO/Lab3/transfer_form_fir/transfer_form_fir.srcs/sources_1/new/s2_15_mult.v:10]
CRITICAL WARNING: [Synth 8-6859] multi-driven net on pin memory_dff[31][16] with 2nd driver pin 'memory_dff_reg[31][16]/Q' [D:/1111/DCCDL/VIVADO/Lab3/transfer_form_fir/transfer_form_fir.srcs/sources_1/new/transposed_form_fir_top.v:91]
CRITICAL WARNING: [Synth 8-6859] multi-driven net on pin memory_dff[31][17] with 1st driver pin 'multer33/mult_result/P[24]' [D:/1111/DCCDL/VIVADO/Lab3/transfer_form_fir/transfer_form_fir.srcs/sources_1/new/s2_15_mult.v:10]
CRITICAL WARNING: [Synth 8-6859] multi-driven net on pin memory_dff[31][17] with 2nd driver pin 'memory_dff_reg[31][17]/Q' [D:/1111/DCCDL/VIVADO/Lab3/transfer_form_fir/transfer_form_fir.srcs/sources_1/new/transposed_form_fir_top.v:91]
CRITICAL WARNING: [Synth 8-6859] multi-driven net on pin memory_dff[31][18] with 1st driver pin 'multer33/mult_result/P[23]' [D:/1111/DCCDL/VIVADO/Lab3/transfer_form_fir/transfer_form_fir.srcs/sources_1/new/s2_15_mult.v:10]
CRITICAL WARNING: [Synth 8-6859] multi-driven net on pin memory_dff[31][18] with 2nd driver pin 'memory_dff_reg[31][18]/Q' [D:/1111/DCCDL/VIVADO/Lab3/transfer_form_fir/transfer_form_fir.srcs/sources_1/new/transposed_form_fir_top.v:91]
CRITICAL WARNING: [Synth 8-6859] multi-driven net on pin memory_dff[31][19] with 1st driver pin 'multer33/mult_result/P[22]' [D:/1111/DCCDL/VIVADO/Lab3/transfer_form_fir/transfer_form_fir.srcs/sources_1/new/s2_15_mult.v:10]
CRITICAL WARNING: [Synth 8-6859] multi-driven net on pin memory_dff[31][19] with 2nd driver pin 'memory_dff_reg[31][19]/Q' [D:/1111/DCCDL/VIVADO/Lab3/transfer_form_fir/transfer_form_fir.srcs/sources_1/new/transposed_form_fir_top.v:91]
CRITICAL WARNING: [Synth 8-6859] multi-driven net on pin memory_dff[31][20] with 1st driver pin 'multer33/mult_result/P[21]' [D:/1111/DCCDL/VIVADO/Lab3/transfer_form_fir/transfer_form_fir.srcs/sources_1/new/s2_15_mult.v:10]
CRITICAL WARNING: [Synth 8-6859] multi-driven net on pin memory_dff[31][20] with 2nd driver pin 'memory_dff_reg[31][20]/Q' [D:/1111/DCCDL/VIVADO/Lab3/transfer_form_fir/transfer_form_fir.srcs/sources_1/new/transposed_form_fir_top.v:91]
CRITICAL WARNING: [Synth 8-6859] multi-driven net on pin memory_dff[31][21] with 1st driver pin 'multer33/mult_result/P[20]' [D:/1111/DCCDL/VIVADO/Lab3/transfer_form_fir/transfer_form_fir.srcs/sources_1/new/s2_15_mult.v:10]
CRITICAL WARNING: [Synth 8-6859] multi-driven net on pin memory_dff[31][21] with 2nd driver pin 'memory_dff_reg[31][21]/Q' [D:/1111/DCCDL/VIVADO/Lab3/transfer_form_fir/transfer_form_fir.srcs/sources_1/new/transposed_form_fir_top.v:91]
CRITICAL WARNING: [Synth 8-6859] multi-driven net on pin memory_dff[31][22] with 1st driver pin 'multer33/mult_result/P[19]' [D:/1111/DCCDL/VIVADO/Lab3/transfer_form_fir/transfer_form_fir.srcs/sources_1/new/s2_15_mult.v:10]
CRITICAL WARNING: [Synth 8-6859] multi-driven net on pin memory_dff[31][22] with 2nd driver pin 'memory_dff_reg[31][22]/Q' [D:/1111/DCCDL/VIVADO/Lab3/transfer_form_fir/transfer_form_fir.srcs/sources_1/new/transposed_form_fir_top.v:91]
CRITICAL WARNING: [Synth 8-6859] multi-driven net on pin memory_dff[31][23] with 1st driver pin 'multer33/mult_result/P[18]' [D:/1111/DCCDL/VIVADO/Lab3/transfer_form_fir/transfer_form_fir.srcs/sources_1/new/s2_15_mult.v:10]
CRITICAL WARNING: [Synth 8-6859] multi-driven net on pin memory_dff[31][23] with 2nd driver pin 'memory_dff_reg[31][23]/Q' [D:/1111/DCCDL/VIVADO/Lab3/transfer_form_fir/transfer_form_fir.srcs/sources_1/new/transposed_form_fir_top.v:91]
CRITICAL WARNING: [Synth 8-6859] multi-driven net on pin memory_dff[31][24] with 1st driver pin 'multer33/mult_result/P[17]' [D:/1111/DCCDL/VIVADO/Lab3/transfer_form_fir/transfer_form_fir.srcs/sources_1/new/s2_15_mult.v:10]
CRITICAL WARNING: [Synth 8-6859] multi-driven net on pin memory_dff[31][24] with 2nd driver pin 'memory_dff_reg[31][24]/Q' [D:/1111/DCCDL/VIVADO/Lab3/transfer_form_fir/transfer_form_fir.srcs/sources_1/new/transposed_form_fir_top.v:91]
CRITICAL WARNING: [Synth 8-6859] multi-driven net on pin memory_dff[31][25] with 1st driver pin 'multer33/mult_result/P[16]' [D:/1111/DCCDL/VIVADO/Lab3/transfer_form_fir/transfer_form_fir.srcs/sources_1/new/s2_15_mult.v:10]
CRITICAL WARNING: [Synth 8-6859] multi-driven net on pin memory_dff[31][25] with 2nd driver pin 'memory_dff_reg[31][25]/Q' [D:/1111/DCCDL/VIVADO/Lab3/transfer_form_fir/transfer_form_fir.srcs/sources_1/new/transposed_form_fir_top.v:91]
CRITICAL WARNING: [Synth 8-6859] multi-driven net on pin memory_dff[31][26] with 1st driver pin 'multer33/mult_result/P[15]' [D:/1111/DCCDL/VIVADO/Lab3/transfer_form_fir/transfer_form_fir.srcs/sources_1/new/s2_15_mult.v:10]
CRITICAL WARNING: [Synth 8-6859] multi-driven net on pin memory_dff[31][26] with 2nd driver pin 'memory_dff_reg[31][26]/Q' [D:/1111/DCCDL/VIVADO/Lab3/transfer_form_fir/transfer_form_fir.srcs/sources_1/new/transposed_form_fir_top.v:91]
CRITICAL WARNING: [Synth 8-6859] multi-driven net on pin memory_dff[31][27] with 1st driver pin 'multer33/mult_result/P[14]' [D:/1111/DCCDL/VIVADO/Lab3/transfer_form_fir/transfer_form_fir.srcs/sources_1/new/s2_15_mult.v:10]
CRITICAL WARNING: [Synth 8-6859] multi-driven net on pin memory_dff[31][27] with 2nd driver pin 'memory_dff_reg[31][27]/Q' [D:/1111/DCCDL/VIVADO/Lab3/transfer_form_fir/transfer_form_fir.srcs/sources_1/new/transposed_form_fir_top.v:91]
CRITICAL WARNING: [Synth 8-6859] multi-driven net on pin memory_dff[0][0] with 1st driver pin 'adder2/s11_16_output0_carry__5/O[3]' [D:/1111/DCCDL/VIVADO/Lab3/transfer_form_fir/transfer_form_fir.srcs/sources_1/new/s11_16_add.v:9]
CRITICAL WARNING: [Synth 8-6859] multi-driven net on pin memory_dff[0][0] with 2nd driver pin 'memory_dff_reg[0][0]/Q' [D:/1111/DCCDL/VIVADO/Lab3/transfer_form_fir/transfer_form_fir.srcs/sources_1/new/transposed_form_fir_top.v:91]
CRITICAL WARNING: [Synth 8-6859] multi-driven net on pin memory_dff[0][1] with 1st driver pin 'adder2/s11_16_output0_carry__5/O[2]' [D:/1111/DCCDL/VIVADO/Lab3/transfer_form_fir/transfer_form_fir.srcs/sources_1/new/s11_16_add.v:9]
CRITICAL WARNING: [Synth 8-6859] multi-driven net on pin memory_dff[0][1] with 2nd driver pin 'memory_dff_reg[0][1]/Q' [D:/1111/DCCDL/VIVADO/Lab3/transfer_form_fir/transfer_form_fir.srcs/sources_1/new/transposed_form_fir_top.v:91]
CRITICAL WARNING: [Synth 8-6859] multi-driven net on pin memory_dff[0][2] with 1st driver pin 'adder2/s11_16_output0_carry__5/O[1]' [D:/1111/DCCDL/VIVADO/Lab3/transfer_form_fir/transfer_form_fir.srcs/sources_1/new/s11_16_add.v:9]
CRITICAL WARNING: [Synth 8-6859] multi-driven net on pin memory_dff[0][2] with 2nd driver pin 'memory_dff_reg[0][2]/Q' [D:/1111/DCCDL/VIVADO/Lab3/transfer_form_fir/transfer_form_fir.srcs/sources_1/new/transposed_form_fir_top.v:91]
CRITICAL WARNING: [Synth 8-6859] multi-driven net on pin memory_dff[0][3] with 1st driver pin 'adder2/s11_16_output0_carry__5/O[0]' [D:/1111/DCCDL/VIVADO/Lab3/transfer_form_fir/transfer_form_fir.srcs/sources_1/new/s11_16_add.v:9]
CRITICAL WARNING: [Synth 8-6859] multi-driven net on pin memory_dff[0][3] with 2nd driver pin 'memory_dff_reg[0][3]/Q' [D:/1111/DCCDL/VIVADO/Lab3/transfer_form_fir/transfer_form_fir.srcs/sources_1/new/transposed_form_fir_top.v:91]
CRITICAL WARNING: [Synth 8-6859] multi-driven net on pin memory_dff[0][4] with 1st driver pin 'adder2/s11_16_output0_carry__4/O[3]' [D:/1111/DCCDL/VIVADO/Lab3/transfer_form_fir/transfer_form_fir.srcs/sources_1/new/s11_16_add.v:9]
CRITICAL WARNING: [Synth 8-6859] multi-driven net on pin memory_dff[0][4] with 2nd driver pin 'memory_dff_reg[0][4]/Q' [D:/1111/DCCDL/VIVADO/Lab3/transfer_form_fir/transfer_form_fir.srcs/sources_1/new/transposed_form_fir_top.v:91]
CRITICAL WARNING: [Synth 8-6859] multi-driven net on pin memory_dff[0][5] with 1st driver pin 'adder2/s11_16_output0_carry__4/O[2]' [D:/1111/DCCDL/VIVADO/Lab3/transfer_form_fir/transfer_form_fir.srcs/sources_1/new/s11_16_add.v:9]
CRITICAL WARNING: [Synth 8-6859] multi-driven net on pin memory_dff[0][5] with 2nd driver pin 'memory_dff_reg[0][5]/Q' [D:/1111/DCCDL/VIVADO/Lab3/transfer_form_fir/transfer_form_fir.srcs/sources_1/new/transposed_form_fir_top.v:91]
CRITICAL WARNING: [Synth 8-6859] multi-driven net on pin memory_dff[0][6] with 1st driver pin 'adder2/s11_16_output0_carry__4/O[1]' [D:/1111/DCCDL/VIVADO/Lab3/transfer_form_fir/transfer_form_fir.srcs/sources_1/new/s11_16_add.v:9]
CRITICAL WARNING: [Synth 8-6859] multi-driven net on pin memory_dff[0][6] with 2nd driver pin 'memory_dff_reg[0][6]/Q' [D:/1111/DCCDL/VIVADO/Lab3/transfer_form_fir/transfer_form_fir.srcs/sources_1/new/transposed_form_fir_top.v:91]
CRITICAL WARNING: [Synth 8-6859] multi-driven net on pin memory_dff[0][7] with 1st driver pin 'adder2/s11_16_output0_carry__4/O[0]' [D:/1111/DCCDL/VIVADO/Lab3/transfer_form_fir/transfer_form_fir.srcs/sources_1/new/s11_16_add.v:9]
CRITICAL WARNING: [Synth 8-6859] multi-driven net on pin memory_dff[0][7] with 2nd driver pin 'memory_dff_reg[0][7]/Q' [D:/1111/DCCDL/VIVADO/Lab3/transfer_form_fir/transfer_form_fir.srcs/sources_1/new/transposed_form_fir_top.v:91]
CRITICAL WARNING: [Synth 8-6859] multi-driven net on pin memory_dff[0][8] with 1st driver pin 'adder2/s11_16_output0_carry__3/O[3]' [D:/1111/DCCDL/VIVADO/Lab3/transfer_form_fir/transfer_form_fir.srcs/sources_1/new/s11_16_add.v:9]
CRITICAL WARNING: [Synth 8-6859] multi-driven net on pin memory_dff[0][8] with 2nd driver pin 'memory_dff_reg[0][8]/Q' [D:/1111/DCCDL/VIVADO/Lab3/transfer_form_fir/transfer_form_fir.srcs/sources_1/new/transposed_form_fir_top.v:91]
CRITICAL WARNING: [Synth 8-6859] multi-driven net on pin memory_dff[0][9] with 1st driver pin 'adder2/s11_16_output0_carry__3/O[2]' [D:/1111/DCCDL/VIVADO/Lab3/transfer_form_fir/transfer_form_fir.srcs/sources_1/new/s11_16_add.v:9]
CRITICAL WARNING: [Synth 8-6859] multi-driven net on pin memory_dff[0][9] with 2nd driver pin 'memory_dff_reg[0][9]/Q' [D:/1111/DCCDL/VIVADO/Lab3/transfer_form_fir/transfer_form_fir.srcs/sources_1/new/transposed_form_fir_top.v:91]
CRITICAL WARNING: [Synth 8-6859] multi-driven net on pin memory_dff[0][10] with 1st driver pin 'adder2/s11_16_output0_carry__3/O[1]' [D:/1111/DCCDL/VIVADO/Lab3/transfer_form_fir/transfer_form_fir.srcs/sources_1/new/s11_16_add.v:9]
CRITICAL WARNING: [Synth 8-6859] multi-driven net on pin memory_dff[0][10] with 2nd driver pin 'memory_dff_reg[0][10]/Q' [D:/1111/DCCDL/VIVADO/Lab3/transfer_form_fir/transfer_form_fir.srcs/sources_1/new/transposed_form_fir_top.v:91]
CRITICAL WARNING: [Synth 8-6859] multi-driven net on pin memory_dff[0][11] with 1st driver pin 'adder2/s11_16_output0_carry__3/O[0]' [D:/1111/DCCDL/VIVADO/Lab3/transfer_form_fir/transfer_form_fir.srcs/sources_1/new/s11_16_add.v:9]
CRITICAL WARNING: [Synth 8-6859] multi-driven net on pin memory_dff[0][11] with 2nd driver pin 'memory_dff_reg[0][11]/Q' [D:/1111/DCCDL/VIVADO/Lab3/transfer_form_fir/transfer_form_fir.srcs/sources_1/new/transposed_form_fir_top.v:91]
CRITICAL WARNING: [Synth 8-6859] multi-driven net on pin memory_dff[0][12] with 1st driver pin 'adder2/s11_16_output0_carry__2/O[3]' [D:/1111/DCCDL/VIVADO/Lab3/transfer_form_fir/transfer_form_fir.srcs/sources_1/new/s11_16_add.v:9]
CRITICAL WARNING: [Synth 8-6859] multi-driven net on pin memory_dff[0][12] with 2nd driver pin 'memory_dff_reg[0][12]/Q' [D:/1111/DCCDL/VIVADO/Lab3/transfer_form_fir/transfer_form_fir.srcs/sources_1/new/transposed_form_fir_top.v:91]
CRITICAL WARNING: [Synth 8-6859] multi-driven net on pin memory_dff[0][13] with 1st driver pin 'adder2/s11_16_output0_carry__2/O[2]' [D:/1111/DCCDL/VIVADO/Lab3/transfer_form_fir/transfer_form_fir.srcs/sources_1/new/s11_16_add.v:9]
CRITICAL WARNING: [Synth 8-6859] multi-driven net on pin memory_dff[0][13] with 2nd driver pin 'memory_dff_reg[0][13]/Q' [D:/1111/DCCDL/VIVADO/Lab3/transfer_form_fir/transfer_form_fir.srcs/sources_1/new/transposed_form_fir_top.v:91]
CRITICAL WARNING: [Synth 8-6859] multi-driven net on pin memory_dff[0][14] with 1st driver pin 'adder2/s11_16_output0_carry__2/O[1]' [D:/1111/DCCDL/VIVADO/Lab3/transfer_form_fir/transfer_form_fir.srcs/sources_1/new/s11_16_add.v:9]
CRITICAL WARNING: [Synth 8-6859] multi-driven net on pin memory_dff[0][14] with 2nd driver pin 'memory_dff_reg[0][14]/Q' [D:/1111/DCCDL/VIVADO/Lab3/transfer_form_fir/transfer_form_fir.srcs/sources_1/new/transposed_form_fir_top.v:91]
CRITICAL WARNING: [Synth 8-6859] multi-driven net on pin memory_dff[0][15] with 1st driver pin 'adder2/s11_16_output0_carry__2/O[0]' [D:/1111/DCCDL/VIVADO/Lab3/transfer_form_fir/transfer_form_fir.srcs/sources_1/new/s11_16_add.v:9]
CRITICAL WARNING: [Synth 8-6859] multi-driven net on pin memory_dff[0][15] with 2nd driver pin 'memory_dff_reg[0][15]/Q' [D:/1111/DCCDL/VIVADO/Lab3/transfer_form_fir/transfer_form_fir.srcs/sources_1/new/transposed_form_fir_top.v:91]
CRITICAL WARNING: [Synth 8-6859] multi-driven net on pin memory_dff[0][16] with 1st driver pin 'adder2/s11_16_output0_carry__1/O[3]' [D:/1111/DCCDL/VIVADO/Lab3/transfer_form_fir/transfer_form_fir.srcs/sources_1/new/s11_16_add.v:9]
CRITICAL WARNING: [Synth 8-6859] multi-driven net on pin memory_dff[0][16] with 2nd driver pin 'memory_dff_reg[0][16]/Q' [D:/1111/DCCDL/VIVADO/Lab3/transfer_form_fir/transfer_form_fir.srcs/sources_1/new/transposed_form_fir_top.v:91]
CRITICAL WARNING: [Synth 8-6859] multi-driven net on pin memory_dff[0][17] with 1st driver pin 'adder2/s11_16_output0_carry__1/O[2]' [D:/1111/DCCDL/VIVADO/Lab3/transfer_form_fir/transfer_form_fir.srcs/sources_1/new/s11_16_add.v:9]
CRITICAL WARNING: [Synth 8-6859] multi-driven net on pin memory_dff[0][17] with 2nd driver pin 'memory_dff_reg[0][17]/Q' [D:/1111/DCCDL/VIVADO/Lab3/transfer_form_fir/transfer_form_fir.srcs/sources_1/new/transposed_form_fir_top.v:91]
CRITICAL WARNING: [Synth 8-6859] multi-driven net on pin memory_dff[0][18] with 1st driver pin 'adder2/s11_16_output0_carry__1/O[1]' [D:/1111/DCCDL/VIVADO/Lab3/transfer_form_fir/transfer_form_fir.srcs/sources_1/new/s11_16_add.v:9]
CRITICAL WARNING: [Synth 8-6859] multi-driven net on pin memory_dff[0][18] with 2nd driver pin 'memory_dff_reg[0][18]/Q' [D:/1111/DCCDL/VIVADO/Lab3/transfer_form_fir/transfer_form_fir.srcs/sources_1/new/transposed_form_fir_top.v:91]
CRITICAL WARNING: [Synth 8-6859] multi-driven net on pin memory_dff[0][19] with 1st driver pin 'adder2/s11_16_output0_carry__1/O[0]' [D:/1111/DCCDL/VIVADO/Lab3/transfer_form_fir/transfer_form_fir.srcs/sources_1/new/s11_16_add.v:9]
CRITICAL WARNING: [Synth 8-6859] multi-driven net on pin memory_dff[0][19] with 2nd driver pin 'memory_dff_reg[0][19]/Q' [D:/1111/DCCDL/VIVADO/Lab3/transfer_form_fir/transfer_form_fir.srcs/sources_1/new/transposed_form_fir_top.v:91]
CRITICAL WARNING: [Synth 8-6859] multi-driven net on pin memory_dff[0][20] with 1st driver pin 'adder2/s11_16_output0_carry__0/O[3]' [D:/1111/DCCDL/VIVADO/Lab3/transfer_form_fir/transfer_form_fir.srcs/sources_1/new/s11_16_add.v:9]
CRITICAL WARNING: [Synth 8-6859] multi-driven net on pin memory_dff[0][20] with 2nd driver pin 'memory_dff_reg[0][20]/Q' [D:/1111/DCCDL/VIVADO/Lab3/transfer_form_fir/transfer_form_fir.srcs/sources_1/new/transposed_form_fir_top.v:91]
CRITICAL WARNING: [Synth 8-6859] multi-driven net on pin memory_dff[0][21] with 1st driver pin 'adder2/s11_16_output0_carry__0/O[2]' [D:/1111/DCCDL/VIVADO/Lab3/transfer_form_fir/transfer_form_fir.srcs/sources_1/new/s11_16_add.v:9]
CRITICAL WARNING: [Synth 8-6859] multi-driven net on pin memory_dff[0][21] with 2nd driver pin 'memory_dff_reg[0][21]/Q' [D:/1111/DCCDL/VIVADO/Lab3/transfer_form_fir/transfer_form_fir.srcs/sources_1/new/transposed_form_fir_top.v:91]
CRITICAL WARNING: [Synth 8-6859] multi-driven net on pin memory_dff[0][22] with 1st driver pin 'adder2/s11_16_output0_carry__0/O[1]' [D:/1111/DCCDL/VIVADO/Lab3/transfer_form_fir/transfer_form_fir.srcs/sources_1/new/s11_16_add.v:9]
CRITICAL WARNING: [Synth 8-6859] multi-driven net on pin memory_dff[0][22] with 2nd driver pin 'memory_dff_reg[0][22]/Q' [D:/1111/DCCDL/VIVADO/Lab3/transfer_form_fir/transfer_form_fir.srcs/sources_1/new/transposed_form_fir_top.v:91]
CRITICAL WARNING: [Synth 8-6859] multi-driven net on pin memory_dff[0][23] with 1st driver pin 'adder2/s11_16_output0_carry__0/O[0]' [D:/1111/DCCDL/VIVADO/Lab3/transfer_form_fir/transfer_form_fir.srcs/sources_1/new/s11_16_add.v:9]
CRITICAL WARNING: [Synth 8-6859] multi-driven net on pin memory_dff[0][23] with 2nd driver pin 'memory_dff_reg[0][23]/Q' [D:/1111/DCCDL/VIVADO/Lab3/transfer_form_fir/transfer_form_fir.srcs/sources_1/new/transposed_form_fir_top.v:91]
CRITICAL WARNING: [Synth 8-6859] multi-driven net on pin memory_dff[0][24] with 1st driver pin 'adder2/s11_16_output0_carry/O[3]' [D:/1111/DCCDL/VIVADO/Lab3/transfer_form_fir/transfer_form_fir.srcs/sources_1/new/s11_16_add.v:9]
CRITICAL WARNING: [Synth 8-6859] multi-driven net on pin memory_dff[0][24] with 2nd driver pin 'memory_dff_reg[0][24]/Q' [D:/1111/DCCDL/VIVADO/Lab3/transfer_form_fir/transfer_form_fir.srcs/sources_1/new/transposed_form_fir_top.v:91]
INFO: [Common 17-14] Message 'Synth 8-6859' appears 100 times and further instances of the messages will be disabled. Use the Tcl command set_msg_config to change the current settings.

Report Check Netlist: 
+------+------------------+-------+---------+-------+------------------+
|      |Item              |Errors |Warnings |Status |Description       |
+------+------------------+-------+---------+-------+------------------+
|1     |multi_driven_nets |      0|      890|Failed |Multi driven nets |
+------+------------------+-------+---------+-------+------------------+
---------------------------------------------------------------------------------
Start Renaming Generated Instances
---------------------------------------------------------------------------------
---------------------------------------------------------------------------------
Finished Renaming Generated Instances : Time (s): cpu = 00:00:18 ; elapsed = 00:00:19 . Memory (MB): peak = 823.391 ; gain = 444.879
---------------------------------------------------------------------------------

Report RTL Partitions: 
+-+--------------+------------+----------+
| |RTL Partition |Replication |Instances |
+-+--------------+------------+----------+
+-+--------------+------------+----------+
---------------------------------------------------------------------------------
Start Rebuilding User Hierarchy
---------------------------------------------------------------------------------
---------------------------------------------------------------------------------
Finished Rebuilding User Hierarchy : Time (s): cpu = 00:00:18 ; elapsed = 00:00:19 . Memory (MB): peak = 823.391 ; gain = 444.879
---------------------------------------------------------------------------------
---------------------------------------------------------------------------------
Start Renaming Generated Ports
---------------------------------------------------------------------------------
---------------------------------------------------------------------------------
Finished Renaming Generated Ports : Time (s): cpu = 00:00:18 ; elapsed = 00:00:19 . Memory (MB): peak = 823.391 ; gain = 444.879
---------------------------------------------------------------------------------
---------------------------------------------------------------------------------
Start Handling Custom Attributes
---------------------------------------------------------------------------------
---------------------------------------------------------------------------------
Finished Handling Custom Attributes : Time (s): cpu = 00:00:18 ; elapsed = 00:00:19 . Memory (MB): peak = 823.391 ; gain = 444.879
---------------------------------------------------------------------------------
---------------------------------------------------------------------------------
Start Renaming Generated Nets
---------------------------------------------------------------------------------
---------------------------------------------------------------------------------
Finished Renaming Generated Nets : Time (s): cpu = 00:00:18 ; elapsed = 00:00:19 . Memory (MB): peak = 823.391 ; gain = 444.879
---------------------------------------------------------------------------------
---------------------------------------------------------------------------------
Start Writing Synthesis Report
---------------------------------------------------------------------------------

Report BlackBoxes: 
+-+--------------+----------+
| |BlackBox name |Instances |
+-+--------------+----------+
+-+--------------+----------+

Report Cell Usage: 
+------+--------+------+
|      |Cell    |Count |
+------+--------+------+
|1     |BUFG    |     1|
|2     |CARRY4  |   224|
|3     |DSP48E1 |    18|
|4     |LUT1    |     1|
|5     |LUT2    |   896|
|6     |FDRE    |   896|
|7     |IBUF    |    20|
|8     |OBUF    |    28|
+------+--------+------+

Report Instance Areas: 
+------+-----------+--------------+------+
|      |Instance   |Module        |Cells |
+------+-----------+--------------+------+
|1     |top        |              |  2084|
|2     |  adder1   |s11_16_add    |    14|
|3     |  adder10  |s11_16_add_0  |     7|
|4     |  adder11  |s11_16_add_1  |     7|
|5     |  adder12  |s11_16_add_2  |     7|
|6     |  adder13  |s11_16_add_3  |     7|
|7     |  adder14  |s11_16_add_4  |     7|
|8     |  adder15  |s11_16_add_5  |     7|
|9     |  adder16  |s11_16_add_6  |     7|
|10    |  adder17  |s11_16_add_7  |     7|
|11    |  adder18  |s11_16_add_8  |     7|
|12    |  adder19  |s11_16_add_9  |     7|
|13    |  adder2   |s11_16_add_10 |     7|
|14    |  adder20  |s11_16_add_11 |     7|
|15    |  adder21  |s11_16_add_12 |     7|
|16    |  adder22  |s11_16_add_13 |     7|
|17    |  adder23  |s11_16_add_14 |     7|
|18    |  adder24  |s11_16_add_15 |     7|
|19    |  adder25  |s11_16_add_16 |     7|
|20    |  adder26  |s11_16_add_17 |     7|
|21    |  adder27  |s11_16_add_18 |     7|
|22    |  adder28  |s11_16_add_19 |     7|
|23    |  adder29  |s11_16_add_20 |     7|
|24    |  adder3   |s11_16_add_21 |     7|
|25    |  adder30  |s11_16_add_22 |     7|
|26    |  adder31  |s11_16_add_23 |     7|
|27    |  adder32  |s11_16_add_24 |    28|
|28    |  adder4   |s11_16_add_25 |     7|
|29    |  adder5   |s11_16_add_26 |     7|
|30    |  adder6   |s11_16_add_27 |     7|
|31    |  adder7   |s11_16_add_28 |     7|
|32    |  adder8   |s11_16_add_29 |     7|
|33    |  adder9   |s11_16_add_30 |     7|
|34    |  multer1  |s2_15_mult    |    23|
|35    |  multer10 |s2_15_mult_31 |    57|
|36    |  multer11 |s2_15_mult_32 |    57|
|37    |  multer12 |s2_15_mult_33 |    57|
|38    |  multer13 |s2_15_mult_34 |    57|
|39    |  multer14 |s2_15_mult_35 |    57|
|40    |  multer15 |s2_15_mult_36 |    57|
|41    |  multer16 |s2_15_mult_37 |    57|
|42    |  multer17 |s2_15_mult_38 |    29|
|43    |  multer2  |s2_15_mult_39 |    36|
|44    |  multer3  |s2_15_mult_40 |    57|
|45    |  multer33 |s2_15_mult_41 |     1|
|46    |  multer4  |s2_15_mult_42 |    57|
|47    |  multer5  |s2_15_mult_43 |    57|
|48    |  multer6  |s2_15_mult_44 |    57|
|49    |  multer7  |s2_15_mult_45 |    57|
|50    |  multer8  |s2_15_mult_46 |    57|
|51    |  multer9  |s2_15_mult_47 |    57|
+------+-----------+--------------+------+
---------------------------------------------------------------------------------
Finished Writing Synthesis Report : Time (s): cpu = 00:00:18 ; elapsed = 00:00:19 . Memory (MB): peak = 823.391 ; gain = 444.879
---------------------------------------------------------------------------------
Synthesis finished with 0 errors, 1786 critical warnings and 17 warnings.
Synthesis Optimization Runtime : Time (s): cpu = 00:00:18 ; elapsed = 00:00:19 . Memory (MB): peak = 823.391 ; gain = 444.879
Synthesis Optimization Complete : Time (s): cpu = 00:00:18 ; elapsed = 00:00:19 . Memory (MB): peak = 823.391 ; gain = 444.879
INFO: [Project 1-571] Translating synthesized netlist
INFO: [Netlist 29-17] Analyzing 242 Unisim elements for replacement
INFO: [Netlist 29-28] Unisim Transformation completed in 0 CPU seconds
INFO: [Project 1-570] Preparing netlist for logic optimization
INFO: [Opt 31-138] Pushed 0 inverter(s) to 0 load pin(s).
Netlist sorting complete. Time (s): cpu = 00:00:00 ; elapsed = 00:00:00.001 . Memory (MB): peak = 949.664 ; gain = 0.000
INFO: [Project 1-111] Unisim Transformation Summary:
No Unisim elements were transformed.

INFO: [Common 17-83] Releasing license: Synthesis
65 Infos, 17 Warnings, 100 Critical Warnings and 0 Errors encountered.
synth_design completed successfully
synth_design: Time (s): cpu = 00:00:24 ; elapsed = 00:00:34 . Memory (MB): peak = 949.664 ; gain = 595.988
Netlist sorting complete. Time (s): cpu = 00:00:00 ; elapsed = 00:00:00.001 . Memory (MB): peak = 949.664 ; gain = 0.000
WARNING: [Constraints 18-5210] No constraints selected for write.
Resolution: This message can indicate that there are no constraints for the design, or it can indicate that the used_in flags are set such that the constraints are ignored. This later case is used when running synth_design to not write synthesis constraints to the resulting checkpoint. Instead, project constraints are read when the synthesized design is opened.
INFO: [Common 17-1381] The checkpoint 'D:/1111/DCCDL/VIVADO/Lab3/transfer_form_fir/transfer_form_fir.runs/synth_1/transposed_form_fir_top.dcp' has been generated.
INFO: [runtcl-4] Executing : report_utilization -file transposed_form_fir_top_utilization_synth.rpt -pb transposed_form_fir_top_utilization_synth.pb
INFO: [Common 17-206] Exiting Vivado at Tue Oct 25 23:22:43 2022...
