INFO: [VRFC 10-2263] Analyzing Verilog file "D:/1111/DCCDL/VIVADO/Lab3/direct_form_fir/direct_form_fir.sim/sim_1/synth/timing/xsim/derict_fir_tb_time_synth.v" into library xil_defaultlib
INFO: [VRFC 10-311] analyzing module direct_form_fir_top
INFO: [VRFC 10-311] analyzing module s11_18_add
INFO: [VRFC 10-311] analyzing module s2_17_mult
INFO: [VRFC 10-311] analyzing module s2_17_mult_0
INFO: [VRFC 10-311] analyzing module s2_17_mult_1
INFO: [VRFC 10-311] analyzing module s2_17_mult_10
INFO: [VRFC 10-311] analyzing module s2_17_mult_11
INFO: [VRFC 10-311] analyzing module s2_17_mult_12
INFO: [VRFC 10-311] analyzing module s2_17_mult_13
INFO: [VRFC 10-311] analyzing module s2_17_mult_14
INFO: [VRFC 10-311] analyzing module s2_17_mult_15
INFO: [VRFC 10-311] analyzing module s2_17_mult_16
INFO: [VRFC 10-311] analyzing module s2_17_mult_17
INFO: [VRFC 10-311] analyzing module s2_17_mult_18
INFO: [VRFC 10-311] analyzing module s2_17_mult_19
INFO: [VRFC 10-311] analyzing module s2_17_mult_2
INFO: [VRFC 10-311] analyzing module s2_17_mult_20
INFO: [VRFC 10-311] analyzing module s2_17_mult_21
INFO: [VRFC 10-311] analyzing module s2_17_mult_22
INFO: [VRFC 10-311] analyzing module s2_17_mult_23
INFO: [VRFC 10-311] analyzing module s2_17_mult_24
INFO: [VRFC 10-311] analyzing module s2_17_mult_25
INFO: [VRFC 10-311] analyzing module s2_17_mult_26
INFO: [VRFC 10-311] analyzing module s2_17_mult_27
INFO: [VRFC 10-311] analyzing module s2_17_mult_28
INFO: [VRFC 10-311] analyzing module s2_17_mult_29
INFO: [VRFC 10-311] analyzing module s2_17_mult_3
INFO: [VRFC 10-311] analyzing module s2_17_mult_30
INFO: [VRFC 10-311] analyzing module s2_17_mult_31
INFO: [VRFC 10-311] analyzing module s2_17_mult_4
INFO: [VRFC 10-311] analyzing module s2_17_mult_5
INFO: [VRFC 10-311] analyzing module s2_17_mult_6
INFO: [VRFC 10-311] analyzing module s2_17_mult_7
INFO: [VRFC 10-311] analyzing module s2_17_mult_8
INFO: [VRFC 10-311] analyzing module s2_17_mult_9
INFO: [VRFC 10-311] analyzing module glbl
INFO: [VRFC 10-2263] Analyzing Verilog file "D:/1111/DCCDL/VIVADO/Lab3/direct_form_fir/direct_form_fir.srcs/sim_1/new/derict_fir_tb.v" into library xil_defaultlib
INFO: [VRFC 10-311] analyzing module derict_fir_tb
