Vivado Simulator 2019.1
Copyright 1986-1999, 2001-2019 Xilinx, Inc. All Rights Reserved.
Running: C:/Xilinx/Vivado/2019.1/bin/unwrapped/win64.o/xelab.exe -wto c3686c0809ac4e8db67655cd317696fb --incr --debug typical --relax --mt 2 --maxdelay -L xil_defaultlib -L simprims_ver -L secureip --snapshot stage1_tb_time_synth -transport_int_delays -pulse_r 0 -pulse_int_r 0 -pulse_e 0 -pulse_int_e 0 xil_defaultlib.stage1_tb xil_defaultlib.glbl -log elaborate.log 
Using 2 slave threads.
Starting static elaboration
Completed static elaboration
Starting simulation data flow analysis
Completed simulation data flow analysis
INFO: [XSIM 43-3451] SDF backannotation process started with SDF file "stage1_tb_time_synth.sdf", for root module "stage1_tb/dft".
INFO: [XSIM 43-3452] SDF backannotation was successful for SDF file "stage1_tb_time_synth.sdf", for root module "stage1_tb/dft".
Time Resolution for simulation is 1ps
Compiling module simprims_ver.OBUF
Compiling module simprims_ver.BUFG
Compiling module simprims_ver.IBUF
Compiling module simprims_ver.SRL16E_default
Compiling module simprims_ver.FDRE_default
Compiling module simprims_ver.FDCE_default
Compiling module simprims_ver.x_lut2_mux4
Compiling module simprims_ver.LUT2
Compiling module simprims_ver.LUT4
Compiling module simprims_ver.x_lut3_mux8
Compiling module simprims_ver.LUT3
Compiling module simprims_ver.CARRY4
Compiling module simprims_ver.LUT5
Compiling module simprims_ver.LUT6
Compiling module xil_defaultlib.butterfly_radix4
Compiling module simprims_ver.DSP48E1(ACASCREG=0,ALUMODEREG=0,...
Compiling module xil_defaultlib.multiplier_15bits
Compiling module xil_defaultlib.multiplier_15bits_3
Compiling module xil_defaultlib.multiplier_15bits_4
Compiling module xil_defaultlib.multiplier_15bits_5
Compiling module xil_defaultlib.Complex_multiplier_64pt
Compiling module simprims_ver.x_lut1_mux2
Compiling module simprims_ver.LUT1
Compiling module xil_defaultlib.stage_1
Compiling module xil_defaultlib.butterfly_radix4_2
Compiling module xil_defaultlib.multiplier_17bits
Compiling module xil_defaultlib.multiplier_17bits_0
Compiling module xil_defaultlib.multiplier_17bits_1
Compiling module xil_defaultlib.multiplier_17bits_2
Compiling module xil_defaultlib.Complex_multiplier_16pt
Compiling module xil_defaultlib.ROM_16
Compiling module xil_defaultlib.stage_2
Compiling module xil_defaultlib.fft_two_stage_top
Compiling module xil_defaultlib.stage1_tb
Compiling module xil_defaultlib.glbl
Built simulation snapshot stage1_tb_time_synth
